Fold 0
{'activation': 'ReLU',
 'atom_messages': False,
 'batch_size': 50,
 'bias': False,
 'checkpoint_dir': None,
 'checkpoint_path': None,
 'checkpoint_paths': None,
 'config_path': None,
 'crossval_index_dir': None,
 'crossval_index_file': None,
 'cuda': False,
 'data_path': 'data/GenesysHform.csv',
 'dataset_type': 'regression',
 'depth': 6,
 'dropout': 0.1,
 'ensemble_size': 1,
 'epochs': 100,
 'features_generator': None,
 'features_only': False,
 'features_path': None,
 'features_scaling': True,
 'ffn_hidden_size': 1000,
 'ffn_num_layers': 2,
 'final_lr': 0.0001,
 'folds_file': None,
 'gpu': None,
 'hidden_size': 1000,
 'init_lr': 0.0001,
 'log_frequency': 10,
 'max_data_size': None,
 'max_lr': 0.001,
 'metric': 'rmse',
 'minimize_score': True,
 'multiclass_num_classes': 3,
 'no_cache': False,
 'num_folds': 1,
 'num_lrs': 1,
 'quiet': False,
 'save_dir': 'examples/GenesysHform/fold_0',
 'save_smiles_splits': True,
 'seed': 0,
 'separate_test_features_path': None,
 'separate_test_path': None,
 'separate_val_features_path': None,
 'separate_val_path': None,
 'show_individual_scores': False,
 'split_sizes': [0.8, 0.1, 0.1],
 'split_type': 'random',
 'test': False,
 'test_fold_index': None,
 'undirected': False,
 'use_compound_names': False,
 'use_input_features': None,
 'val_fold_index': None,
 'warmup_epochs': 2.0}
Loading data
Number of tasks = 1
Splitting data with seed 0
Total size = 823 | train size = 658 | val size = 82 | test size = 83
Fitting scaler
Building model 0
MoleculeModel(
  (encoder): MPN(
    (encoder): MPNEncoder(
      (dropout_layer): Dropout(p=0.1, inplace=False)
      (act_func): ReLU()
      (W_i): Linear(in_features=147, out_features=1000, bias=False)
      (W_h): Linear(in_features=1000, out_features=1000, bias=False)
      (W_o): Linear(in_features=1133, out_features=1000, bias=True)
    )
  )
  (ffn): Sequential(
    (0): Dropout(p=0.1, inplace=False)
    (1): Linear(in_features=1000, out_features=1000, bias=True)
    (2): ReLU()
    (3): Dropout(p=0.1, inplace=False)
    (4): Linear(in_features=1000, out_features=1, bias=True)
  )
)
Number of parameters = 3,283,001
Epoch 0
Loss = 1.4580e-02, PNorm = 57.6577, GNorm = 2.7228, lr_0 = 4.4615e-04
Fold 0
{'activation': 'ReLU',
 'atom_messages': False,
 'batch_size': 50,
 'bias': False,
 'checkpoint_dir': None,
 'checkpoint_path': None,
 'checkpoint_paths': None,
 'config_path': None,
 'crossval_index_dir': None,
 'crossval_index_file': None,
 'cuda': False,
 'data_path': 'data/GenesysHform.csv',
 'dataset_type': 'regression',
 'depth': 6,
 'dropout': 0.1,
 'ensemble_size': 1,
 'epochs': 100,
 'features_generator': None,
 'features_only': False,
 'features_path': None,
 'features_scaling': True,
 'ffn_hidden_size': 1000,
 'ffn_num_layers': 2,
 'final_lr': 0.0001,
 'folds_file': None,
 'gpu': None,
 'hidden_size': 1000,
 'init_lr': 0.0001,
 'log_frequency': 10,
 'max_data_size': None,
 'max_lr': 0.001,
 'metric': 'rmse',
 'minimize_score': True,
 'multiclass_num_classes': 3,
 'no_cache': False,
 'num_folds': 1,
 'num_lrs': 1,
 'quiet': False,
 'save_dir': 'examples/GenesysHform/fold_0',
 'save_smiles_splits': True,
 'seed': 0,
 'separate_test_features_path': None,
 'separate_test_path': None,
 'separate_val_features_path': None,
 'separate_val_path': None,
 'show_individual_scores': False,
 'split_sizes': [0.8, 0.1, 0.1],
 'split_type': 'random',
 'test': False,
 'test_fold_index': None,
 'undirected': False,
 'use_compound_names': False,
 'use_input_features': None,
 'val_fold_index': None,
 'warmup_epochs': 2.0}
Loading data
Number of tasks = 1
Splitting data with seed 0
Total size = 823 | train size = 658 | val size = 82 | test size = 83
Fitting scaler
Building model 0
MoleculeModel(
  (encoder): MPN(
    (encoder): MPNEncoder(
      (dropout_layer): Dropout(p=0.1, inplace=False)
      (act_func): ReLU()
      (W_i): Linear(in_features=147, out_features=1000, bias=False)
      (W_h): Linear(in_features=1000, out_features=1000, bias=False)
      (W_o): Linear(in_features=1133, out_features=1000, bias=True)
    )
  )
  (ffn): Sequential(
    (0): Dropout(p=0.1, inplace=False)
    (1): Linear(in_features=1000, out_features=1000, bias=True)
    (2): ReLU()
    (3): Dropout(p=0.1, inplace=False)
    (4): Linear(in_features=1000, out_features=1, bias=True)
  )
)
Number of parameters = 3,283,001
Epoch 0
Loss = 1.5073e-02, PNorm = 57.6300, GNorm = 2.2003, lr_0 = 4.4615e-04
Validation rmse = 50.266877
Epoch 1
Loss = 1.7009e-02, PNorm = 57.6933, GNorm = 3.6702, lr_0 = 7.9231e-04
Validation rmse = 37.744289
Epoch 2
Loss = 7.9740e-03, PNorm = 57.8096, GNorm = 0.8045, lr_0 = 9.9280e-04
Validation rmse = 22.755155
Epoch 3
Loss = 1.9355e-03, PNorm = 57.9211, GNorm = 0.8075, lr_0 = 9.7501e-04
Loss = 3.1552e-03, PNorm = 57.9822, GNorm = 1.1248, lr_0 = 9.5755e-04
Validation rmse = 18.505774
Epoch 4
Loss = 2.5275e-03, PNorm = 58.0310, GNorm = 1.1177, lr_0 = 9.4040e-04
Validation rmse = 15.760988
Epoch 5
Loss = 1.6661e-03, PNorm = 58.0717, GNorm = 2.3348, lr_0 = 9.2356e-04
Validation rmse = 14.079653
Epoch 6
Loss = 1.2920e-03, PNorm = 58.1005, GNorm = 0.7504, lr_0 = 9.0701e-04
Loss = 1.5905e-03, PNorm = 58.1330, GNorm = 1.7023, lr_0 = 8.9077e-04
Validation rmse = 13.996409
Epoch 7
Loss = 1.2172e-03, PNorm = 58.1668, GNorm = 0.8782, lr_0 = 8.7481e-04
Validation rmse = 11.867928
Epoch 8
Loss = 1.0598e-03, PNorm = 58.1923, GNorm = 0.4101, lr_0 = 8.5914e-04
Validation rmse = 12.347582
Epoch 9
Loss = 9.1741e-04, PNorm = 58.2210, GNorm = 0.6025, lr_0 = 8.4376e-04
Loss = 9.5546e-04, PNorm = 58.2480, GNorm = 0.9530, lr_0 = 8.2864e-04
Validation rmse = 9.385339
Epoch 10
Loss = 7.9955e-04, PNorm = 58.2747, GNorm = 1.1068, lr_0 = 8.1380e-04
Validation rmse = 10.943541
Epoch 11
Loss = 6.5929e-04, PNorm = 58.2939, GNorm = 1.5258, lr_0 = 7.9922e-04
Validation rmse = 9.193337
Epoch 12
Loss = 6.4896e-04, PNorm = 58.3116, GNorm = 1.6080, lr_0 = 7.8491e-04
Validation rmse = 8.173534
Epoch 13
Loss = 6.4738e-04, PNorm = 58.3341, GNorm = 1.4779, lr_0 = 7.7085e-04
Loss = 4.1508e-04, PNorm = 58.3501, GNorm = 0.2586, lr_0 = 7.5704e-04
Validation rmse = 7.672256
Epoch 14
Loss = 3.8958e-04, PNorm = 58.3655, GNorm = 0.3656, lr_0 = 7.4348e-04
Validation rmse = 7.020996
Epoch 15
Loss = 4.8879e-04, PNorm = 58.3808, GNorm = 1.7368, lr_0 = 7.3017e-04
Validation rmse = 8.412045
Epoch 16
Loss = 6.0253e-04, PNorm = 58.3930, GNorm = 0.7453, lr_0 = 7.1709e-04
Loss = 5.2439e-04, PNorm = 58.4050, GNorm = 1.0444, lr_0 = 7.0424e-04
Validation rmse = 6.431561
Epoch 17
Loss = 4.8418e-04, PNorm = 58.4205, GNorm = 1.1322, lr_0 = 6.9163e-04
Validation rmse = 9.575958
Epoch 18
Loss = 4.7726e-04, PNorm = 58.4329, GNorm = 1.0885, lr_0 = 6.7924e-04
Validation rmse = 7.058462
Epoch 19
Loss = 2.3246e-04, PNorm = 58.4462, GNorm = 0.5884, lr_0 = 6.6708e-04
Loss = 3.6748e-04, PNorm = 58.4587, GNorm = 0.4215, lr_0 = 6.5513e-04
Validation rmse = 7.666461
Epoch 20
Loss = 3.0232e-04, PNorm = 58.4700, GNorm = 1.0561, lr_0 = 6.4339e-04
Validation rmse = 5.505870
Epoch 21
Loss = 3.0492e-04, PNorm = 58.4799, GNorm = 0.2606, lr_0 = 6.3187e-04
Validation rmse = 6.537043
Epoch 22
Loss = 3.7248e-04, PNorm = 58.4880, GNorm = 0.6030, lr_0 = 6.2055e-04
Validation rmse = 5.409136
Epoch 23
Loss = 2.3580e-04, PNorm = 58.4954, GNorm = 0.5093, lr_0 = 6.0944e-04
Loss = 3.0118e-04, PNorm = 58.5033, GNorm = 0.7602, lr_0 = 5.9852e-04
Validation rmse = 5.179394
Epoch 24
Loss = 3.4085e-04, PNorm = 58.5164, GNorm = 0.6636, lr_0 = 5.8780e-04
Validation rmse = 6.383492
Epoch 25
Loss = 3.4206e-04, PNorm = 58.5274, GNorm = 1.1732, lr_0 = 5.7727e-04
Validation rmse = 6.042842
Epoch 26
Loss = 2.7315e-04, PNorm = 58.5393, GNorm = 0.4699, lr_0 = 5.6693e-04
Loss = 2.4697e-04, PNorm = 58.5482, GNorm = 0.4127, lr_0 = 5.5678e-04
Validation rmse = 5.862233
Epoch 27
Loss = 2.6014e-04, PNorm = 58.5575, GNorm = 0.6998, lr_0 = 5.4681e-04
Validation rmse = 7.073497
Epoch 28
Loss = 2.7881e-04, PNorm = 58.5665, GNorm = 1.0405, lr_0 = 5.3701e-04
Validation rmse = 5.180495
Epoch 29
Loss = 2.9430e-04, PNorm = 58.5729, GNorm = 0.9531, lr_0 = 5.2739e-04
Loss = 2.9071e-04, PNorm = 58.5825, GNorm = 0.8316, lr_0 = 5.1795e-04
Validation rmse = 6.351513
Epoch 30
Loss = 2.0733e-04, PNorm = 58.5930, GNorm = 0.2148, lr_0 = 5.0867e-04
Validation rmse = 4.619810
Epoch 31
Loss = 1.7405e-04, PNorm = 58.6005, GNorm = 0.3276, lr_0 = 4.9956e-04
Validation rmse = 4.484451
Epoch 32
Loss = 1.9441e-04, PNorm = 58.6054, GNorm = 0.5008, lr_0 = 4.9061e-04
Validation rmse = 4.862133
Epoch 33
Loss = 1.5781e-04, PNorm = 58.6118, GNorm = 0.1851, lr_0 = 4.8182e-04
Loss = 1.5099e-04, PNorm = 58.6196, GNorm = 0.5302, lr_0 = 4.7319e-04
Validation rmse = 4.656650
Epoch 34
Loss = 1.6114e-04, PNorm = 58.6252, GNorm = 0.4632, lr_0 = 4.6472e-04
Validation rmse = 5.165852
Epoch 35
Loss = 2.0975e-04, PNorm = 58.6311, GNorm = 0.2908, lr_0 = 4.5639e-04
Validation rmse = 4.417988
Epoch 36
Loss = 1.8406e-04, PNorm = 58.6356, GNorm = 0.5198, lr_0 = 4.4822e-04
Loss = 1.6707e-04, PNorm = 58.6403, GNorm = 0.1431, lr_0 = 4.4019e-04
Validation rmse = 4.960242
Epoch 37
Loss = 1.7764e-04, PNorm = 58.6429, GNorm = 0.2909, lr_0 = 4.3231e-04
Validation rmse = 4.406681
Epoch 38
Loss = 1.2550e-04, PNorm = 58.6482, GNorm = 0.4017, lr_0 = 4.2456e-04
Validation rmse = 5.351537
Epoch 39
Loss = 1.8621e-04, PNorm = 58.6545, GNorm = 0.6210, lr_0 = 4.1696e-04
Loss = 1.7353e-04, PNorm = 58.6643, GNorm = 0.5383, lr_0 = 4.0949e-04
Validation rmse = 6.008238
Epoch 40
Loss = 2.3906e-04, PNorm = 58.6686, GNorm = 0.2827, lr_0 = 4.0216e-04
Validation rmse = 5.566376
Epoch 41
Loss = 1.5811e-04, PNorm = 58.6742, GNorm = 0.6449, lr_0 = 3.9495e-04
Validation rmse = 4.896874
Epoch 42
Loss = 1.4515e-04, PNorm = 58.6800, GNorm = 0.3627, lr_0 = 3.8788e-04
Validation rmse = 4.428480
Epoch 43
Loss = 1.3947e-04, PNorm = 58.6854, GNorm = 0.3378, lr_0 = 3.8093e-04
Loss = 1.5321e-04, PNorm = 58.6904, GNorm = 0.4239, lr_0 = 3.7411e-04
Validation rmse = 4.574435
Epoch 44
Loss = 1.6726e-04, PNorm = 58.6935, GNorm = 0.9154, lr_0 = 3.6741e-04
Validation rmse = 5.520730
Epoch 45
Loss = 1.8681e-04, PNorm = 58.6957, GNorm = 1.1243, lr_0 = 3.6083e-04
Validation rmse = 4.323737
Epoch 46
Loss = 1.5204e-04, PNorm = 58.6986, GNorm = 0.3536, lr_0 = 3.5436e-04
Loss = 1.3987e-04, PNorm = 58.7041, GNorm = 0.2986, lr_0 = 3.4802e-04
Validation rmse = 4.365953
Epoch 47
Loss = 1.4411e-04, PNorm = 58.7087, GNorm = 0.4216, lr_0 = 3.4178e-04
Validation rmse = 4.770567
Epoch 48
Loss = 1.1314e-04, PNorm = 58.7120, GNorm = 0.1837, lr_0 = 3.3566e-04
Validation rmse = 4.162131
Epoch 49
Loss = 1.3855e-04, PNorm = 58.7168, GNorm = 0.2194, lr_0 = 3.2965e-04
Loss = 1.2847e-04, PNorm = 58.7233, GNorm = 0.3809, lr_0 = 3.2375e-04
Validation rmse = 4.168878
Epoch 50
Loss = 1.2569e-04, PNorm = 58.7264, GNorm = 0.1362, lr_0 = 3.1795e-04
Validation rmse = 4.836770
Epoch 51
Loss = 1.1847e-04, PNorm = 58.7281, GNorm = 0.3598, lr_0 = 3.1225e-04
Validation rmse = 3.943766
Epoch 52
Loss = 1.1057e-04, PNorm = 58.7312, GNorm = 0.1450, lr_0 = 3.0666e-04
Validation rmse = 4.877392
Epoch 53
Loss = 1.9189e-04, PNorm = 58.7367, GNorm = 0.6315, lr_0 = 3.0117e-04
Loss = 1.2109e-04, PNorm = 58.7419, GNorm = 0.5036, lr_0 = 2.9577e-04
Validation rmse = 4.082114
Epoch 54
Loss = 9.4133e-05, PNorm = 58.7447, GNorm = 0.1639, lr_0 = 2.9047e-04
Validation rmse = 4.590758
Epoch 55
Loss = 1.1384e-04, PNorm = 58.7472, GNorm = 0.3252, lr_0 = 2.8527e-04
Validation rmse = 4.610988
Epoch 56
Loss = 1.3660e-04, PNorm = 58.7492, GNorm = 0.4939, lr_0 = 2.8016e-04
Loss = 1.3117e-04, PNorm = 58.7501, GNorm = 0.2947, lr_0 = 2.7514e-04
Validation rmse = 4.373986
Epoch 57
Loss = 1.1891e-04, PNorm = 58.7545, GNorm = 0.3925, lr_0 = 2.7022e-04
Validation rmse = 4.251993
Epoch 58
Loss = 1.2019e-04, PNorm = 58.7558, GNorm = 0.5420, lr_0 = 2.6538e-04
Validation rmse = 4.242717
Epoch 59
Loss = 1.1043e-04, PNorm = 58.7564, GNorm = 0.2369, lr_0 = 2.6062e-04
Loss = 1.2912e-04, PNorm = 58.7603, GNorm = 0.3616, lr_0 = 2.5595e-04
Validation rmse = 4.008753
Epoch 60
Loss = 1.2761e-04, PNorm = 58.7625, GNorm = 0.2440, lr_0 = 2.5137e-04
Validation rmse = 4.132153
Epoch 61
Loss = 1.2572e-04, PNorm = 58.7646, GNorm = 0.2146, lr_0 = 2.4687e-04
Validation rmse = 4.177243
Epoch 62
Loss = 1.1137e-04, PNorm = 58.7680, GNorm = 0.1583, lr_0 = 2.4245e-04
Validation rmse = 4.364805
Epoch 63
Loss = 1.4268e-04, PNorm = 58.7695, GNorm = 0.2549, lr_0 = 2.3810e-04
Loss = 1.3885e-04, PNorm = 58.7727, GNorm = 0.1795, lr_0 = 2.3384e-04
Validation rmse = 3.912361
Epoch 64
Loss = 1.0964e-04, PNorm = 58.7742, GNorm = 0.1529, lr_0 = 2.2965e-04
Validation rmse = 4.408564
Epoch 65
Loss = 9.9719e-05, PNorm = 58.7776, GNorm = 0.4591, lr_0 = 2.2554e-04
Validation rmse = 4.181898
Epoch 66
Loss = 7.8975e-05, PNorm = 58.7808, GNorm = 0.1971, lr_0 = 2.2150e-04
Loss = 9.8520e-05, PNorm = 58.7830, GNorm = 0.1018, lr_0 = 2.1753e-04
Validation rmse = 3.933215
Epoch 67
Loss = 1.1042e-04, PNorm = 58.7854, GNorm = 0.1608, lr_0 = 2.1363e-04
Validation rmse = 4.184119
Epoch 68
Loss = 1.0637e-04, PNorm = 58.7882, GNorm = 0.3651, lr_0 = 2.0981e-04
Validation rmse = 3.865422
Epoch 69
Loss = 1.2000e-04, PNorm = 58.7895, GNorm = 0.2655, lr_0 = 2.0605e-04
Loss = 1.0502e-04, PNorm = 58.7901, GNorm = 0.2998, lr_0 = 2.0236e-04
Validation rmse = 4.232489
Epoch 70
Loss = 1.2210e-04, PNorm = 58.7911, GNorm = 0.1387, lr_0 = 1.9873e-04
Validation rmse = 3.899676
Epoch 71
Loss = 1.0615e-04, PNorm = 58.7925, GNorm = 0.2117, lr_0 = 1.9517e-04
Validation rmse = 4.097823
Epoch 72
Loss = 8.7360e-05, PNorm = 58.7946, GNorm = 0.1225, lr_0 = 1.9168e-04
Validation rmse = 3.633433
Epoch 73
Loss = 1.1931e-04, PNorm = 58.7968, GNorm = 0.3393, lr_0 = 1.8825e-04
Loss = 1.0511e-04, PNorm = 58.7988, GNorm = 0.2240, lr_0 = 1.8487e-04
Validation rmse = 4.217546
Epoch 74
Loss = 1.1168e-04, PNorm = 58.8009, GNorm = 0.1540, lr_0 = 1.8156e-04
Validation rmse = 3.866974
Epoch 75
Loss = 7.3827e-05, PNorm = 58.8022, GNorm = 0.2411, lr_0 = 1.7831e-04
Validation rmse = 3.988830
Epoch 76
Loss = 7.5435e-05, PNorm = 58.8038, GNorm = 0.1328, lr_0 = 1.7512e-04
Loss = 1.0282e-04, PNorm = 58.8034, GNorm = 0.1948, lr_0 = 1.7198e-04
Validation rmse = 3.681289
Epoch 77
Loss = 8.9945e-05, PNorm = 58.8046, GNorm = 0.1522, lr_0 = 1.6890e-04
Validation rmse = 3.898969
Epoch 78
Loss = 1.1635e-04, PNorm = 58.8074, GNorm = 0.3062, lr_0 = 1.6587e-04
Validation rmse = 3.970406
Epoch 79
Loss = 1.6404e-04, PNorm = 58.8081, GNorm = 0.4523, lr_0 = 1.6290e-04
Loss = 1.1641e-04, PNorm = 58.8098, GNorm = 0.4182, lr_0 = 1.5999e-04
Validation rmse = 4.496834
Epoch 80
Loss = 1.2007e-04, PNorm = 58.8114, GNorm = 0.2368, lr_0 = 1.5712e-04
Validation rmse = 3.962302
Epoch 81
Loss = 9.0963e-05, PNorm = 58.8130, GNorm = 0.1117, lr_0 = 1.5431e-04
Validation rmse = 3.846766
Epoch 82
Loss = 9.5695e-05, PNorm = 58.8138, GNorm = 0.1804, lr_0 = 1.5154e-04
Validation rmse = 3.737874
Epoch 83
Loss = 8.8681e-05, PNorm = 58.8148, GNorm = 0.1323, lr_0 = 1.4883e-04
Loss = 1.0223e-04, PNorm = 58.8168, GNorm = 0.2868, lr_0 = 1.4616e-04
Validation rmse = 4.428298
Epoch 84
Loss = 9.0515e-05, PNorm = 58.8177, GNorm = 0.1879, lr_0 = 1.4354e-04
Validation rmse = 3.856116
Epoch 85
Loss = 8.8485e-05, PNorm = 58.8201, GNorm = 0.2203, lr_0 = 1.4097e-04
Validation rmse = 3.737600
Epoch 86
Loss = 8.6770e-05, PNorm = 58.8212, GNorm = 0.1502, lr_0 = 1.3845e-04
Loss = 8.5549e-05, PNorm = 58.8222, GNorm = 0.1699, lr_0 = 1.3597e-04
Validation rmse = 3.669010
Epoch 87
Loss = 7.8364e-05, PNorm = 58.8237, GNorm = 0.1499, lr_0 = 1.3353e-04
Validation rmse = 3.755334
Epoch 88
Loss = 1.0817e-04, PNorm = 58.8243, GNorm = 0.5613, lr_0 = 1.3114e-04
Validation rmse = 3.661139
Epoch 89
Loss = 9.5094e-05, PNorm = 58.8258, GNorm = 0.3275, lr_0 = 1.2879e-04
Loss = 8.6751e-05, PNorm = 58.8279, GNorm = 0.2769, lr_0 = 1.2649e-04
Validation rmse = 4.008337
Epoch 90
Loss = 9.9935e-05, PNorm = 58.8292, GNorm = 0.3099, lr_0 = 1.2422e-04
Validation rmse = 3.810268
Epoch 91
Loss = 9.2708e-05, PNorm = 58.8305, GNorm = 0.1554, lr_0 = 1.2200e-04
Validation rmse = 3.719264
Epoch 92
Loss = 8.7468e-05, PNorm = 58.8310, GNorm = 0.2551, lr_0 = 1.1981e-04
Validation rmse = 4.185763
Epoch 93
Loss = 9.0554e-05, PNorm = 58.8316, GNorm = 0.3557, lr_0 = 1.1766e-04
Loss = 8.5436e-05, PNorm = 58.8323, GNorm = 0.3206, lr_0 = 1.1556e-04
Validation rmse = 3.934177
Epoch 94
Loss = 6.9776e-05, PNorm = 58.8329, GNorm = 0.2042, lr_0 = 1.1349e-04
Validation rmse = 4.026002
Epoch 95
Loss = 7.7757e-05, PNorm = 58.8341, GNorm = 0.2678, lr_0 = 1.1145e-04
Validation rmse = 3.691245
Epoch 96
Loss = 6.4142e-05, PNorm = 58.8348, GNorm = 0.1404, lr_0 = 1.0946e-04
Loss = 8.8573e-05, PNorm = 58.8358, GNorm = 0.2692, lr_0 = 1.0750e-04
Validation rmse = 3.681321
Epoch 97
Loss = 7.8706e-05, PNorm = 58.8364, GNorm = 0.2075, lr_0 = 1.0557e-04
Validation rmse = 3.773628
Epoch 98
Loss = 1.0377e-04, PNorm = 58.8371, GNorm = 0.1630, lr_0 = 1.0368e-04
Validation rmse = 3.870790
Epoch 99
Loss = 9.9563e-05, PNorm = 58.8372, GNorm = 0.3339, lr_0 = 1.0182e-04
Loss = 8.0584e-05, PNorm = 58.8368, GNorm = 0.1396, lr_0 = 1.0000e-04
Validation rmse = 3.852109
Model 0 best validation rmse = 3.633433 on epoch 72
Loading pretrained parameter "encoder.encoder.cached_zero_vector".
Loading pretrained parameter "encoder.encoder.W_i.weight".
Loading pretrained parameter "encoder.encoder.W_h.weight".
Loading pretrained parameter "encoder.encoder.W_o.weight".
Loading pretrained parameter "encoder.encoder.W_o.bias".
Loading pretrained parameter "ffn.1.weight".
Loading pretrained parameter "ffn.1.bias".
Loading pretrained parameter "ffn.4.weight".
Loading pretrained parameter "ffn.4.bias".
Model 0 test rmse = 5.525752
Ensemble test rmse = 5.525752
1-fold cross validation
Seed 0 ==> test rmse = 5.525752
Overall test rmse = 5.525752 +/- 0.000000
Fold 0
{'activation': 'ReLU',
 'atom_messages': False,
 'batch_size': 50,
 'bias': False,
 'checkpoint_dir': None,
 'checkpoint_path': None,
 'checkpoint_paths': None,
 'config_path': None,
 'crossval_index_dir': None,
 'crossval_index_file': None,
 'cuda': False,
 'data_path': 'data/GenesysHform.csv',
 'dataset_type': 'regression',
 'depth': 6,
 'dropout': 0.1,
 'ensemble_size': 1,
 'epochs': 100,
 'features_generator': None,
 'features_only': False,
 'features_path': None,
 'features_scaling': True,
 'ffn_hidden_size': 1000,
 'ffn_num_layers': 2,
 'final_lr': 0.0001,
 'folds_file': None,
 'gpu': None,
 'hidden_size': 1000,
 'init_lr': 0.0001,
 'log_frequency': 10,
 'max_data_size': None,
 'max_lr': 0.001,
 'metric': 'rmse',
 'minimize_score': True,
 'multiclass_num_classes': 3,
 'no_cache': False,
 'num_folds': 1,
 'num_lrs': 1,
 'quiet': False,
 'save_dir': 'examples/GenesysHform/fold_0',
 'save_smiles_splits': True,
 'seed': 0,
 'separate_test_features_path': None,
 'separate_test_path': None,
 'separate_val_features_path': None,
 'separate_val_path': None,
 'show_individual_scores': False,
 'split_sizes': [0.8, 0.1, 0.1],
 'split_type': 'random',
 'test': False,
 'test_fold_index': None,
 'undirected': False,
 'use_compound_names': False,
 'use_input_features': None,
 'val_fold_index': None,
 'warmup_epochs': 2.0}
Loading data
Number of tasks = 1
Splitting data with seed 0
Total size = 823 | train size = 658 | val size = 82 | test size = 83
Fitting scaler
Building model 0
MoleculeModel(
  (encoder): MPN(
    (encoder): MPNEncoder(
      (dropout_layer): Dropout(p=0.1, inplace=False)
      (act_func): ReLU()
      (W_i): Linear(in_features=70, out_features=1000, bias=False)
      (W_h): Linear(in_features=1000, out_features=1000, bias=False)
      (W_o): Linear(in_features=1056, out_features=1000, bias=True)
    )
  )
  (ffn): Sequential(
    (0): Dropout(p=0.1, inplace=False)
    (1): Linear(in_features=1000, out_features=1000, bias=True)
    (2): ReLU()
    (3): Dropout(p=0.1, inplace=False)
    (4): Linear(in_features=1000, out_features=1, bias=True)
  )
)
Number of parameters = 3,129,001
Epoch 0
Loss = 1.5106e-02, PNorm = 56.1965, GNorm = 3.7662, lr_0 = 4.4615e-04
Validation rmse = 68.447228
Epoch 1
Loss = 1.4596e-02, PNorm = 56.2599, GNorm = 7.8998, lr_0 = 7.9231e-04
Validation rmse = 23.863932
Epoch 2
Loss = 3.8998e-03, PNorm = 56.3791, GNorm = 2.2547, lr_0 = 9.9280e-04
Validation rmse = 16.963525
Epoch 3
Loss = 2.2451e-03, PNorm = 56.4664, GNorm = 1.6257, lr_0 = 9.7501e-04
Loss = 2.1366e-03, PNorm = 56.5310, GNorm = 1.5288, lr_0 = 9.5755e-04
Validation rmse = 12.257457
Epoch 4
Loss = 1.3731e-03, PNorm = 56.5781, GNorm = 0.7974, lr_0 = 9.4040e-04
Validation rmse = 10.198465
Epoch 5
Loss = 8.6485e-04, PNorm = 56.6117, GNorm = 1.5998, lr_0 = 9.2356e-04
Validation rmse = 12.805921
Epoch 6
Loss = 1.1760e-03, PNorm = 56.6369, GNorm = 1.4230, lr_0 = 9.0701e-04
Loss = 9.6132e-04, PNorm = 56.6633, GNorm = 1.9783, lr_0 = 8.9077e-04
Validation rmse = 8.553672
Epoch 7
Loss = 5.7317e-04, PNorm = 56.6897, GNorm = 0.9571, lr_0 = 8.7481e-04
Validation rmse = 10.319213
Epoch 8
Loss = 6.9237e-04, PNorm = 56.7104, GNorm = 0.5474, lr_0 = 8.5914e-04
Validation rmse = 9.546407
Epoch 9
Loss = 4.9661e-04, PNorm = 56.7309, GNorm = 0.3494, lr_0 = 8.4376e-04
Loss = 5.6572e-04, PNorm = 56.7502, GNorm = 0.8661, lr_0 = 8.2864e-04
Validation rmse = 7.182203
Epoch 10
Loss = 4.6373e-04, PNorm = 56.7662, GNorm = 0.5486, lr_0 = 8.1380e-04
Validation rmse = 6.755468
Epoch 11
Loss = 3.4337e-04, PNorm = 56.7809, GNorm = 0.3548, lr_0 = 7.9922e-04
Validation rmse = 6.626365
Epoch 12
Loss = 3.4935e-04, PNorm = 56.7965, GNorm = 0.8791, lr_0 = 7.8491e-04
Validation rmse = 6.329442
Epoch 13
Loss = 2.2692e-04, PNorm = 56.8109, GNorm = 0.4383, lr_0 = 7.7085e-04
Loss = 3.4097e-04, PNorm = 56.8221, GNorm = 0.5236, lr_0 = 7.5704e-04
Validation rmse = 6.247458
Epoch 14
Loss = 2.9822e-04, PNorm = 56.8368, GNorm = 0.2838, lr_0 = 7.4348e-04
Validation rmse = 7.103931
Epoch 15
Loss = 2.9753e-04, PNorm = 56.8495, GNorm = 0.5181, lr_0 = 7.3017e-04
Validation rmse = 6.597694
Epoch 16
Loss = 3.5804e-04, PNorm = 56.8624, GNorm = 0.4320, lr_0 = 7.1709e-04
Loss = 2.5911e-04, PNorm = 56.8751, GNorm = 0.4123, lr_0 = 7.0424e-04
Validation rmse = 6.262180
Epoch 17
Loss = 2.4864e-04, PNorm = 56.8881, GNorm = 0.3689, lr_0 = 6.9163e-04
Validation rmse = 6.021589
Epoch 18
Loss = 2.0401e-04, PNorm = 56.8982, GNorm = 0.2211, lr_0 = 6.7924e-04
Validation rmse = 5.824684
Epoch 19
Loss = 1.7148e-04, PNorm = 56.9065, GNorm = 0.3005, lr_0 = 6.6708e-04
Loss = 2.0670e-04, PNorm = 56.9140, GNorm = 0.3714, lr_0 = 6.5513e-04
Validation rmse = 5.380912
Epoch 20
Loss = 1.9862e-04, PNorm = 56.9252, GNorm = 0.3604, lr_0 = 6.4339e-04
Validation rmse = 4.991590
Epoch 21
Loss = 1.7793e-04, PNorm = 56.9373, GNorm = 0.2291, lr_0 = 6.3187e-04
Validation rmse = 5.179859
Epoch 22
Loss = 2.6365e-04, PNorm = 56.9442, GNorm = 1.3113, lr_0 = 6.2055e-04
Validation rmse = 5.274922
Epoch 23
Loss = 1.2391e-04, PNorm = 56.9533, GNorm = 0.3338, lr_0 = 6.0944e-04
Loss = 2.2503e-04, PNorm = 56.9598, GNorm = 0.9119, lr_0 = 5.9852e-04
Validation rmse = 6.864755
Epoch 24
Loss = 3.0996e-04, PNorm = 56.9677, GNorm = 0.8002, lr_0 = 5.8780e-04
Validation rmse = 5.731744
Epoch 25
Loss = 2.8753e-04, PNorm = 56.9750, GNorm = 0.9457, lr_0 = 5.7727e-04
Validation rmse = 5.329363
Epoch 26
Loss = 1.9421e-04, PNorm = 56.9822, GNorm = 0.3407, lr_0 = 5.6693e-04
Loss = 2.4455e-04, PNorm = 56.9892, GNorm = 0.4381, lr_0 = 5.5678e-04
Validation rmse = 6.885092
Epoch 27
Loss = 2.2476e-04, PNorm = 56.9994, GNorm = 0.5736, lr_0 = 5.4681e-04
Validation rmse = 4.532226
Epoch 28
Loss = 1.9325e-04, PNorm = 57.0123, GNorm = 0.8665, lr_0 = 5.3701e-04
Validation rmse = 4.928283
Epoch 29
Loss = 1.7970e-04, PNorm = 57.0174, GNorm = 0.6492, lr_0 = 5.2739e-04
Loss = 1.7905e-04, PNorm = 57.0219, GNorm = 0.5227, lr_0 = 5.1795e-04
Validation rmse = 4.547142
Epoch 30
Loss = 1.1153e-04, PNorm = 57.0282, GNorm = 0.1499, lr_0 = 5.0867e-04
Validation rmse = 4.372179
Epoch 31
Loss = 1.1572e-04, PNorm = 57.0339, GNorm = 0.2085, lr_0 = 4.9956e-04
Validation rmse = 4.173577
Epoch 32
Loss = 1.2923e-04, PNorm = 57.0423, GNorm = 0.1613, lr_0 = 4.9061e-04
Validation rmse = 4.542870
Epoch 33
Loss = 7.7043e-05, PNorm = 57.0475, GNorm = 0.1786, lr_0 = 4.8182e-04
Loss = 1.4164e-04, PNorm = 57.0517, GNorm = 0.2055, lr_0 = 4.7319e-04
Validation rmse = 4.729979
Epoch 34
Loss = 1.4035e-04, PNorm = 57.0568, GNorm = 0.2993, lr_0 = 4.6472e-04
Validation rmse = 4.584395
Epoch 35
Loss = 1.5854e-04, PNorm = 57.0624, GNorm = 0.4023, lr_0 = 4.5639e-04
Validation rmse = 4.394838
Epoch 36
Loss = 1.1748e-04, PNorm = 57.0710, GNorm = 0.1714, lr_0 = 4.4822e-04
Loss = 1.4488e-04, PNorm = 57.0776, GNorm = 0.3236, lr_0 = 4.4019e-04
Validation rmse = 5.173899
Epoch 37
Loss = 1.4900e-04, PNorm = 57.0808, GNorm = 0.4099, lr_0 = 4.3231e-04
Validation rmse = 4.142481
Epoch 38
Loss = 1.0124e-04, PNorm = 57.0859, GNorm = 0.2228, lr_0 = 4.2456e-04
Validation rmse = 4.444466
Epoch 39
Loss = 8.5153e-05, PNorm = 57.0918, GNorm = 0.1953, lr_0 = 4.1696e-04
Loss = 1.1905e-04, PNorm = 57.0970, GNorm = 0.1278, lr_0 = 4.0949e-04
Validation rmse = 4.216987
Epoch 40
Loss = 1.0977e-04, PNorm = 57.1015, GNorm = 0.1877, lr_0 = 4.0216e-04
Validation rmse = 3.931554
Epoch 41
Loss = 9.8584e-05, PNorm = 57.1057, GNorm = 0.5730, lr_0 = 3.9495e-04
Validation rmse = 4.607042
Epoch 42
Loss = 2.1138e-04, PNorm = 57.1068, GNorm = 0.5663, lr_0 = 3.8788e-04
Validation rmse = 4.701888
Epoch 43
Loss = 7.9345e-05, PNorm = 57.1108, GNorm = 0.1228, lr_0 = 3.8093e-04
Loss = 1.4141e-04, PNorm = 57.1158, GNorm = 0.2162, lr_0 = 3.7411e-04
Validation rmse = 4.578669
Epoch 44
Loss = 1.5015e-04, PNorm = 57.1214, GNorm = 0.2142, lr_0 = 3.6741e-04
Validation rmse = 4.122786
Epoch 45
Loss = 1.3585e-04, PNorm = 57.1265, GNorm = 0.6160, lr_0 = 3.6083e-04
Validation rmse = 4.011766
Epoch 46
Loss = 1.2481e-04, PNorm = 57.1312, GNorm = 0.7267, lr_0 = 3.5436e-04
Loss = 9.4978e-05, PNorm = 57.1341, GNorm = 0.1079, lr_0 = 3.4802e-04
Validation rmse = 4.369230
Epoch 47
Loss = 1.1189e-04, PNorm = 57.1369, GNorm = 0.3500, lr_0 = 3.4178e-04
Validation rmse = 4.017807
Epoch 48
Loss = 1.1706e-04, PNorm = 57.1403, GNorm = 0.4109, lr_0 = 3.3566e-04
Validation rmse = 5.165593
Epoch 49
Loss = 1.2972e-04, PNorm = 57.1457, GNorm = 0.2377, lr_0 = 3.2965e-04
Loss = 1.3486e-04, PNorm = 57.1514, GNorm = 0.5514, lr_0 = 3.2375e-04
Validation rmse = 4.512707
Epoch 50
Loss = 1.3666e-04, PNorm = 57.1550, GNorm = 0.7496, lr_0 = 3.1795e-04
Validation rmse = 5.227238
Epoch 51
Loss = 1.3283e-04, PNorm = 57.1574, GNorm = 0.3663, lr_0 = 3.1225e-04
Validation rmse = 3.787468
Epoch 52
Loss = 8.9189e-05, PNorm = 57.1622, GNorm = 0.2150, lr_0 = 3.0666e-04
Validation rmse = 4.376873
Epoch 53
Loss = 1.8378e-04, PNorm = 57.1670, GNorm = 0.4565, lr_0 = 3.0117e-04
Loss = 8.4376e-05, PNorm = 57.1717, GNorm = 0.3767, lr_0 = 2.9577e-04
Validation rmse = 4.323092
Epoch 54
Loss = 9.6224e-05, PNorm = 57.1736, GNorm = 0.1217, lr_0 = 2.9047e-04
Validation rmse = 3.853823
Epoch 55
Loss = 1.0793e-04, PNorm = 57.1770, GNorm = 0.2761, lr_0 = 2.8527e-04
Validation rmse = 3.981248
Epoch 56
Loss = 1.0072e-04, PNorm = 57.1790, GNorm = 0.2991, lr_0 = 2.8016e-04
Loss = 9.7069e-05, PNorm = 57.1805, GNorm = 0.1795, lr_0 = 2.7514e-04
Validation rmse = 3.641724
Epoch 57
Loss = 1.0448e-04, PNorm = 57.1829, GNorm = 0.1963, lr_0 = 2.7022e-04
Validation rmse = 3.820398
Epoch 58
Loss = 1.0482e-04, PNorm = 57.1836, GNorm = 0.5561, lr_0 = 2.6538e-04
Validation rmse = 4.419638
Epoch 59
Loss = 1.1931e-04, PNorm = 57.1830, GNorm = 0.2699, lr_0 = 2.6062e-04
Loss = 1.3233e-04, PNorm = 57.1839, GNorm = 0.1876, lr_0 = 2.5595e-04
Validation rmse = 3.945898
Epoch 60
Loss = 1.2396e-04, PNorm = 57.1883, GNorm = 0.3320, lr_0 = 2.5137e-04
Validation rmse = 4.634095
Epoch 61
Loss = 1.3648e-04, PNorm = 57.1920, GNorm = 0.1930, lr_0 = 2.4687e-04
Validation rmse = 3.580928
Epoch 62
Loss = 1.0678e-04, PNorm = 57.1940, GNorm = 0.1553, lr_0 = 2.4245e-04
Validation rmse = 3.964623
Epoch 63
Loss = 8.7071e-05, PNorm = 57.1971, GNorm = 0.4096, lr_0 = 2.3810e-04
Loss = 9.3847e-05, PNorm = 57.2004, GNorm = 0.2840, lr_0 = 2.3384e-04
Validation rmse = 4.345011
Epoch 64
Loss = 8.5634e-05, PNorm = 57.1999, GNorm = 0.0838, lr_0 = 2.2965e-04
Validation rmse = 3.803068
Epoch 65
Loss = 8.1946e-05, PNorm = 57.2032, GNorm = 0.1217, lr_0 = 2.2554e-04
Validation rmse = 3.784642
Epoch 66
Loss = 6.8514e-05, PNorm = 57.2058, GNorm = 0.1178, lr_0 = 2.2150e-04
Loss = 7.9895e-05, PNorm = 57.2073, GNorm = 0.0809, lr_0 = 2.1753e-04
Validation rmse = 3.722515
Epoch 67
Loss = 7.9671e-05, PNorm = 57.2088, GNorm = 0.0937, lr_0 = 2.1363e-04
Validation rmse = 3.490390
Epoch 68
Loss = 7.2975e-05, PNorm = 57.2110, GNorm = 0.1446, lr_0 = 2.0981e-04
Validation rmse = 3.676349
Epoch 69
Loss = 1.1117e-04, PNorm = 57.2128, GNorm = 0.1145, lr_0 = 2.0605e-04
Loss = 1.1271e-04, PNorm = 57.2128, GNorm = 0.5457, lr_0 = 2.0236e-04
Validation rmse = 4.211215
Epoch 70
Loss = 7.9791e-05, PNorm = 57.2139, GNorm = 0.1528, lr_0 = 1.9873e-04
Validation rmse = 3.657026
Epoch 71
Loss = 8.4906e-05, PNorm = 57.2156, GNorm = 0.1838, lr_0 = 1.9517e-04
Validation rmse = 3.339147
Epoch 72
Loss = 7.1843e-05, PNorm = 57.2183, GNorm = 0.1030, lr_0 = 1.9168e-04
Validation rmse = 3.605311
Epoch 73
Loss = 1.0790e-04, PNorm = 57.2194, GNorm = 0.2886, lr_0 = 1.8825e-04
Loss = 8.1731e-05, PNorm = 57.2219, GNorm = 0.2258, lr_0 = 1.8487e-04
Validation rmse = 3.715945
Epoch 74
Loss = 8.2527e-05, PNorm = 57.2240, GNorm = 0.2034, lr_0 = 1.8156e-04
Validation rmse = 3.634400
Epoch 75
Loss = 7.0781e-05, PNorm = 57.2252, GNorm = 0.1042, lr_0 = 1.7831e-04
Validation rmse = 3.627701
Epoch 76
Loss = 1.0630e-04, PNorm = 57.2262, GNorm = 0.3896, lr_0 = 1.7512e-04
Loss = 7.9862e-05, PNorm = 57.2269, GNorm = 0.1892, lr_0 = 1.7198e-04
Validation rmse = 4.002176
Epoch 77
Loss = 9.7667e-05, PNorm = 57.2280, GNorm = 0.2771, lr_0 = 1.6890e-04
Validation rmse = 3.412620
Epoch 78
Loss = 8.4317e-05, PNorm = 57.2313, GNorm = 0.1506, lr_0 = 1.6587e-04
Validation rmse = 4.003160
Epoch 79
Loss = 8.1564e-05, PNorm = 57.2341, GNorm = 0.1103, lr_0 = 1.6290e-04
Loss = 7.1603e-05, PNorm = 57.2353, GNorm = 0.1420, lr_0 = 1.5999e-04
Validation rmse = 4.033832
Epoch 80
Loss = 8.3570e-05, PNorm = 57.2370, GNorm = 0.2310, lr_0 = 1.5712e-04
Validation rmse = 3.976969
Epoch 81
Loss = 1.0227e-04, PNorm = 57.2378, GNorm = 0.1728, lr_0 = 1.5431e-04
Validation rmse = 3.478035
Epoch 82
Loss = 7.2947e-05, PNorm = 57.2392, GNorm = 0.2614, lr_0 = 1.5154e-04
Validation rmse = 3.514952
Epoch 83
Loss = 8.1026e-05, PNorm = 57.2404, GNorm = 0.1597, lr_0 = 1.4883e-04
Loss = 7.6868e-05, PNorm = 57.2411, GNorm = 0.4822, lr_0 = 1.4616e-04
Validation rmse = 3.959569
Epoch 84
Loss = 7.9461e-05, PNorm = 57.2418, GNorm = 0.5990, lr_0 = 1.4354e-04
Validation rmse = 3.793518
Epoch 85
Loss = 7.6358e-05, PNorm = 57.2438, GNorm = 0.1437, lr_0 = 1.4097e-04
Validation rmse = 3.321583
Epoch 86
Loss = 8.7549e-05, PNorm = 57.2442, GNorm = 0.1562, lr_0 = 1.3845e-04
Loss = 7.4378e-05, PNorm = 57.2451, GNorm = 0.1999, lr_0 = 1.3597e-04
Validation rmse = 3.904084
Epoch 87
Loss = 6.1749e-05, PNorm = 57.2451, GNorm = 0.0680, lr_0 = 1.3353e-04
Validation rmse = 3.707898
Epoch 88
Loss = 8.1918e-05, PNorm = 57.2457, GNorm = 0.1141, lr_0 = 1.3114e-04
Validation rmse = 3.484118
Epoch 89
Loss = 8.9829e-05, PNorm = 57.2459, GNorm = 0.1637, lr_0 = 1.2879e-04
Loss = 7.8027e-05, PNorm = 57.2469, GNorm = 0.1296, lr_0 = 1.2649e-04
Validation rmse = 3.485686
Epoch 90
Loss = 7.2176e-05, PNorm = 57.2480, GNorm = 0.1169, lr_0 = 1.2422e-04
Validation rmse = 3.288777
Epoch 91
Loss = 6.6015e-05, PNorm = 57.2491, GNorm = 0.1150, lr_0 = 1.2200e-04
Validation rmse = 3.416591
Epoch 92
Loss = 7.7887e-05, PNorm = 57.2502, GNorm = 0.1605, lr_0 = 1.1981e-04
Validation rmse = 3.420915
Epoch 93
Loss = 3.7021e-05, PNorm = 57.2509, GNorm = 0.1050, lr_0 = 1.1766e-04
Loss = 7.5021e-05, PNorm = 57.2519, GNorm = 0.1235, lr_0 = 1.1556e-04
Validation rmse = 3.435289
Epoch 94
Loss = 7.0654e-05, PNorm = 57.2526, GNorm = 0.1933, lr_0 = 1.1349e-04
Validation rmse = 3.539838
Epoch 95
Loss = 6.6271e-05, PNorm = 57.2527, GNorm = 0.0752, lr_0 = 1.1145e-04
Validation rmse = 3.309466
Epoch 96
Loss = 5.8106e-05, PNorm = 57.2540, GNorm = 0.1464, lr_0 = 1.0946e-04
Loss = 6.7569e-05, PNorm = 57.2540, GNorm = 0.1471, lr_0 = 1.0750e-04
Validation rmse = 3.415157
Epoch 97
Loss = 7.0716e-05, PNorm = 57.2543, GNorm = 0.2026, lr_0 = 1.0557e-04
Validation rmse = 3.518152
Epoch 98
Loss = 6.9474e-05, PNorm = 57.2550, GNorm = 0.1378, lr_0 = 1.0368e-04
Validation rmse = 3.390438
Epoch 99
Loss = 7.5339e-05, PNorm = 57.2557, GNorm = 0.2325, lr_0 = 1.0182e-04
Loss = 6.1412e-05, PNorm = 57.2559, GNorm = 0.1069, lr_0 = 1.0000e-04
Validation rmse = 3.415521
Model 0 best validation rmse = 3.288777 on epoch 90
Loading pretrained parameter "encoder.encoder.cached_zero_vector".
Loading pretrained parameter "encoder.encoder.W_i.weight".
Loading pretrained parameter "encoder.encoder.W_h.weight".
Loading pretrained parameter "encoder.encoder.W_o.weight".
Loading pretrained parameter "encoder.encoder.W_o.bias".
Loading pretrained parameter "ffn.1.weight".
Loading pretrained parameter "ffn.1.bias".
Loading pretrained parameter "ffn.4.weight".
Loading pretrained parameter "ffn.4.bias".
Model 0 test rmse = 4.652409
Ensemble test rmse = 4.652409
1-fold cross validation
Seed 0 ==> test rmse = 4.652409
Overall test rmse = 4.652409 +/- 0.000000
Fold 0
{'activation': 'ReLU',
 'atom_messages': False,
 'batch_size': 50,
 'bias': False,
 'checkpoint_dir': None,
 'checkpoint_path': None,
 'checkpoint_paths': None,
 'config_path': None,
 'crossval_index_dir': None,
 'crossval_index_file': None,
 'cuda': False,
 'data_path': 'data/GenesysHform.csv',
 'dataset_type': 'regression',
 'depth': 6,
 'dropout': 0.1,
 'ensemble_size': 1,
 'epochs': 100,
 'features_generator': None,
 'features_only': False,
 'features_path': None,
 'features_scaling': True,
 'ffn_hidden_size': 1000,
 'ffn_num_layers': 2,
 'final_lr': 0.0001,
 'folds_file': None,
 'gpu': None,
 'hidden_size': 1000,
 'init_lr': 0.0001,
 'log_frequency': 10,
 'max_data_size': None,
 'max_lr': 0.001,
 'metric': 'rmse',
 'minimize_score': True,
 'multiclass_num_classes': 3,
 'no_cache': False,
 'num_folds': 1,
 'num_lrs': 1,
 'quiet': False,
 'save_dir': 'examples/GenesysHform/fold_0',
 'save_smiles_splits': True,
 'seed': 0,
 'separate_test_features_path': None,
 'separate_test_path': None,
 'separate_val_features_path': None,
 'separate_val_path': None,
 'show_individual_scores': False,
 'split_sizes': [0.8, 0.1, 0.1],
 'split_type': 'random',
 'test': False,
 'test_fold_index': None,
 'undirected': False,
 'use_compound_names': False,
 'use_input_features': None,
 'val_fold_index': None,
 'warmup_epochs': 2.0}
Loading data
Number of tasks = 1
Splitting data with seed 0
Total size = 823 | train size = 658 | val size = 82 | test size = 83
Fitting scaler
Building model 0
MoleculeModel(
  (encoder): MPN(
    (encoder): MPNEncoder(
      (dropout_layer): Dropout(p=0.1, inplace=False)
      (act_func): ReLU()
      (W_i): Linear(in_features=80, out_features=1000, bias=False)
      (W_h): Linear(in_features=1000, out_features=1000, bias=False)
      (W_o): Linear(in_features=1066, out_features=1000, bias=True)
    )
  )
  (ffn): Sequential(
    (0): Dropout(p=0.1, inplace=False)
    (1): Linear(in_features=1000, out_features=1000, bias=True)
    (2): ReLU()
    (3): Dropout(p=0.1, inplace=False)
    (4): Linear(in_features=1000, out_features=1, bias=True)
  )
)
Number of parameters = 3,149,001
Epoch 0
Loss = 1.5088e-02, PNorm = 56.4540, GNorm = 2.7623, lr_0 = 4.4615e-04
Validation rmse = 23.916865
Epoch 1
Loss = 9.0359e-03, PNorm = 56.5225, GNorm = 1.2968, lr_0 = 7.9231e-04
Validation rmse = 17.964513
Epoch 2
Loss = 2.7351e-03, PNorm = 56.6319, GNorm = 1.1326, lr_0 = 9.9280e-04
Validation rmse = 15.093586
Epoch 3
Loss = 1.1455e-03, PNorm = 56.7203, GNorm = 1.6240, lr_0 = 9.7501e-04
Loss = 1.4864e-03, PNorm = 56.7804, GNorm = 0.6378, lr_0 = 9.5755e-04
Validation rmse = 11.257742
Epoch 4
Loss = 9.5139e-04, PNorm = 56.8210, GNorm = 1.0354, lr_0 = 9.4040e-04
Validation rmse = 10.949485
Epoch 5
Loss = 6.9490e-04, PNorm = 56.8522, GNorm = 1.3001, lr_0 = 9.2356e-04
Validation rmse = 10.880525
Epoch 6
Loss = 8.5075e-04, PNorm = 56.8810, GNorm = 0.4077, lr_0 = 9.0701e-04
Loss = 9.4158e-04, PNorm = 56.9069, GNorm = 0.5019, lr_0 = 8.9077e-04
Validation rmse = 7.165386
Epoch 7
Loss = 4.9086e-04, PNorm = 56.9336, GNorm = 1.5455, lr_0 = 8.7481e-04
Validation rmse = 7.239421
Epoch 8
Loss = 3.9882e-04, PNorm = 56.9530, GNorm = 0.3554, lr_0 = 8.5914e-04
Validation rmse = 8.145910
Epoch 9
Loss = 5.1115e-04, PNorm = 56.9708, GNorm = 1.7941, lr_0 = 8.4376e-04
Loss = 5.3677e-04, PNorm = 56.9869, GNorm = 0.5320, lr_0 = 8.2864e-04
Validation rmse = 8.693311
Epoch 10
Loss = 4.5860e-04, PNorm = 57.0049, GNorm = 1.2600, lr_0 = 8.1380e-04
Validation rmse = 6.029783
Epoch 11
Loss = 3.5133e-04, PNorm = 57.0184, GNorm = 0.6822, lr_0 = 7.9922e-04
Validation rmse = 7.607250
Epoch 12
Loss = 3.7399e-04, PNorm = 57.0327, GNorm = 0.6646, lr_0 = 7.8491e-04
Validation rmse = 6.298280
Epoch 13
Loss = 3.2714e-04, PNorm = 57.0475, GNorm = 0.8232, lr_0 = 7.7085e-04
Loss = 2.7607e-04, PNorm = 57.0597, GNorm = 0.6968, lr_0 = 7.5704e-04
Validation rmse = 6.048615
Epoch 14
Loss = 2.2971e-04, PNorm = 57.0726, GNorm = 0.1715, lr_0 = 7.4348e-04
Validation rmse = 7.954647
Epoch 15
Loss = 2.9820e-04, PNorm = 57.0822, GNorm = 0.2544, lr_0 = 7.3017e-04
Validation rmse = 5.895412
Epoch 16
Loss = 3.3805e-04, PNorm = 57.0939, GNorm = 0.5647, lr_0 = 7.1709e-04
Loss = 2.3753e-04, PNorm = 57.1056, GNorm = 0.7550, lr_0 = 7.0424e-04
Validation rmse = 5.032078
Epoch 17
Loss = 2.8665e-04, PNorm = 57.1178, GNorm = 0.6697, lr_0 = 6.9163e-04
Validation rmse = 5.122446
Epoch 18
Loss = 2.4624e-04, PNorm = 57.1273, GNorm = 0.4772, lr_0 = 6.7924e-04
Validation rmse = 5.505273
Epoch 19
Loss = 1.5220e-04, PNorm = 57.1376, GNorm = 0.3341, lr_0 = 6.6708e-04
Loss = 2.8456e-04, PNorm = 57.1463, GNorm = 1.1136, lr_0 = 6.5513e-04
Validation rmse = 5.887365
Epoch 20
Loss = 2.6173e-04, PNorm = 57.1563, GNorm = 0.6445, lr_0 = 6.4339e-04
Validation rmse = 5.388798
Epoch 21
Loss = 2.5745e-04, PNorm = 57.1649, GNorm = 0.7142, lr_0 = 6.3187e-04
Validation rmse = 4.951181
Epoch 22
Loss = 1.8703e-04, PNorm = 57.1715, GNorm = 0.5922, lr_0 = 6.2055e-04
Validation rmse = 4.660806
Epoch 23
Loss = 1.7744e-04, PNorm = 57.1823, GNorm = 0.5012, lr_0 = 6.0944e-04
Loss = 1.8790e-04, PNorm = 57.1930, GNorm = 0.4891, lr_0 = 5.9852e-04
Validation rmse = 7.392564
Epoch 24
Loss = 3.8952e-04, PNorm = 57.2002, GNorm = 0.8989, lr_0 = 5.8780e-04
Validation rmse = 6.381794
Epoch 25
Loss = 2.7649e-04, PNorm = 57.2054, GNorm = 0.8503, lr_0 = 5.7727e-04
Validation rmse = 4.912058
Epoch 26
Loss = 1.7513e-04, PNorm = 57.2140, GNorm = 0.8298, lr_0 = 5.6693e-04
Loss = 2.0597e-04, PNorm = 57.2234, GNorm = 0.3314, lr_0 = 5.5678e-04
Validation rmse = 5.809178
Epoch 27
Loss = 1.9142e-04, PNorm = 57.2331, GNorm = 0.2112, lr_0 = 5.4681e-04
Validation rmse = 5.510283
Epoch 28
Loss = 1.7672e-04, PNorm = 57.2404, GNorm = 0.2599, lr_0 = 5.3701e-04
Validation rmse = 4.653985
Epoch 29
Loss = 1.2227e-04, PNorm = 57.2454, GNorm = 0.4560, lr_0 = 5.2739e-04
Loss = 2.0502e-04, PNorm = 57.2494, GNorm = 0.3763, lr_0 = 5.1795e-04
Validation rmse = 4.662674
Epoch 30
Loss = 1.3579e-04, PNorm = 57.2555, GNorm = 0.4507, lr_0 = 5.0867e-04
Validation rmse = 4.514611
Epoch 31
Loss = 1.2593e-04, PNorm = 57.2617, GNorm = 0.2957, lr_0 = 4.9956e-04
Validation rmse = 4.431728
Epoch 32
Loss = 1.4074e-04, PNorm = 57.2659, GNorm = 0.3472, lr_0 = 4.9061e-04
Validation rmse = 4.893191
Epoch 33
Loss = 1.2710e-04, PNorm = 57.2714, GNorm = 0.3737, lr_0 = 4.8182e-04
Loss = 1.5888e-04, PNorm = 57.2759, GNorm = 0.2968, lr_0 = 4.7319e-04
Validation rmse = 4.387563
Epoch 34
Loss = 1.2663e-04, PNorm = 57.2828, GNorm = 0.3297, lr_0 = 4.6472e-04
Validation rmse = 4.131026
Epoch 35
Loss = 1.2042e-04, PNorm = 57.2884, GNorm = 0.2980, lr_0 = 4.5639e-04
Validation rmse = 4.143774
Epoch 36
Loss = 1.8617e-04, PNorm = 57.2933, GNorm = 0.5070, lr_0 = 4.4822e-04
Loss = 1.2055e-04, PNorm = 57.2976, GNorm = 0.1771, lr_0 = 4.4019e-04
Validation rmse = 4.482380
Epoch 37
Loss = 1.2463e-04, PNorm = 57.3009, GNorm = 0.1014, lr_0 = 4.3231e-04
Validation rmse = 4.336275
Epoch 38
Loss = 1.6873e-04, PNorm = 57.3050, GNorm = 0.6015, lr_0 = 4.2456e-04
Validation rmse = 4.598272
Epoch 39
Loss = 9.1789e-05, PNorm = 57.3100, GNorm = 0.3333, lr_0 = 4.1696e-04
Loss = 1.3015e-04, PNorm = 57.3154, GNorm = 0.1328, lr_0 = 4.0949e-04
Validation rmse = 4.159600
Epoch 40
Loss = 1.1867e-04, PNorm = 57.3211, GNorm = 0.1472, lr_0 = 4.0216e-04
Validation rmse = 4.323127
Epoch 41
Loss = 9.4511e-05, PNorm = 57.3256, GNorm = 0.1666, lr_0 = 3.9495e-04
Validation rmse = 3.996353
Epoch 42
Loss = 1.2344e-04, PNorm = 57.3281, GNorm = 0.1669, lr_0 = 3.8788e-04
Validation rmse = 4.235129
Epoch 43
Loss = 9.0115e-05, PNorm = 57.3314, GNorm = 0.1714, lr_0 = 3.8093e-04
Loss = 1.1437e-04, PNorm = 57.3330, GNorm = 0.2386, lr_0 = 3.7411e-04
Validation rmse = 4.430856
Epoch 44
Loss = 1.0773e-04, PNorm = 57.3362, GNorm = 0.3118, lr_0 = 3.6741e-04
Validation rmse = 4.169317
Epoch 45
Loss = 1.1511e-04, PNorm = 57.3401, GNorm = 0.1835, lr_0 = 3.6083e-04
Validation rmse = 4.411972
Epoch 46
Loss = 8.3214e-05, PNorm = 57.3465, GNorm = 0.2138, lr_0 = 3.5436e-04
Loss = 1.1916e-04, PNorm = 57.3518, GNorm = 0.2367, lr_0 = 3.4802e-04
Validation rmse = 3.934725
Epoch 47
Loss = 9.7060e-05, PNorm = 57.3546, GNorm = 0.1820, lr_0 = 3.4178e-04
Validation rmse = 4.208478
Epoch 48
Loss = 8.7280e-05, PNorm = 57.3559, GNorm = 0.1411, lr_0 = 3.3566e-04
Validation rmse = 3.937276
Epoch 49
Loss = 8.7263e-05, PNorm = 57.3583, GNorm = 0.0738, lr_0 = 3.2965e-04
Loss = 1.0614e-04, PNorm = 57.3616, GNorm = 0.2281, lr_0 = 3.2375e-04
Validation rmse = 3.891159
Epoch 50
Loss = 9.9286e-05, PNorm = 57.3645, GNorm = 0.1201, lr_0 = 3.1795e-04
Validation rmse = 4.076175
Epoch 51
Loss = 1.0340e-04, PNorm = 57.3668, GNorm = 0.4773, lr_0 = 3.1225e-04
Validation rmse = 4.157672
Epoch 52
Loss = 9.1765e-05, PNorm = 57.3685, GNorm = 0.1535, lr_0 = 3.0666e-04
Validation rmse = 4.307136
Epoch 53
Loss = 7.8569e-05, PNorm = 57.3695, GNorm = 0.1436, lr_0 = 3.0117e-04
Loss = 9.4567e-05, PNorm = 57.3712, GNorm = 0.4873, lr_0 = 2.9577e-04
Validation rmse = 4.793383
Epoch 54
Loss = 9.1679e-05, PNorm = 57.3750, GNorm = 0.2569, lr_0 = 2.9047e-04
Validation rmse = 4.276491
Epoch 55
Loss = 1.1576e-04, PNorm = 57.3768, GNorm = 0.4084, lr_0 = 2.8527e-04
Validation rmse = 3.921679
Epoch 56
Loss = 1.1009e-04, PNorm = 57.3793, GNorm = 0.1601, lr_0 = 2.8016e-04
Loss = 8.0897e-05, PNorm = 57.3822, GNorm = 0.2614, lr_0 = 2.7514e-04
Validation rmse = 3.831603
Epoch 57
Loss = 7.8421e-05, PNorm = 57.3871, GNorm = 0.2806, lr_0 = 2.7022e-04
Validation rmse = 4.009107
Epoch 58
Loss = 9.2218e-05, PNorm = 57.3915, GNorm = 0.2694, lr_0 = 2.6538e-04
Validation rmse = 5.092562
Epoch 59
Loss = 1.1584e-04, PNorm = 57.3941, GNorm = 0.3744, lr_0 = 2.6062e-04
Loss = 1.0271e-04, PNorm = 57.3958, GNorm = 0.2508, lr_0 = 2.5595e-04
Validation rmse = 3.975401
Epoch 60
Loss = 9.6172e-05, PNorm = 57.3985, GNorm = 0.1478, lr_0 = 2.5137e-04
Validation rmse = 4.124098
Epoch 61
Loss = 7.7473e-05, PNorm = 57.4003, GNorm = 0.1579, lr_0 = 2.4687e-04
Validation rmse = 4.164617
Epoch 62
Loss = 7.6079e-05, PNorm = 57.4026, GNorm = 0.1902, lr_0 = 2.4245e-04
Validation rmse = 3.799380
Epoch 63
Loss = 9.6885e-05, PNorm = 57.4029, GNorm = 0.1147, lr_0 = 2.3810e-04
Loss = 7.7394e-05, PNorm = 57.4042, GNorm = 0.1685, lr_0 = 2.3384e-04
Validation rmse = 3.758731
Epoch 64
Loss = 7.0647e-05, PNorm = 57.4041, GNorm = 0.1252, lr_0 = 2.2965e-04
Validation rmse = 3.752497
Epoch 65
Loss = 1.0631e-04, PNorm = 57.4033, GNorm = 0.2115, lr_0 = 2.2554e-04
Validation rmse = 3.978993
Epoch 66
Loss = 1.2883e-04, PNorm = 57.4051, GNorm = 0.3808, lr_0 = 2.2150e-04
Loss = 1.1088e-04, PNorm = 57.4067, GNorm = 0.4135, lr_0 = 2.1753e-04
Validation rmse = 3.822828
Epoch 67
Loss = 8.9864e-05, PNorm = 57.4084, GNorm = 0.1224, lr_0 = 2.1363e-04
Validation rmse = 4.127330
Epoch 68
Loss = 9.6944e-05, PNorm = 57.4112, GNorm = 0.3918, lr_0 = 2.0981e-04
Validation rmse = 3.906486
Epoch 69
Loss = 6.8327e-05, PNorm = 57.4139, GNorm = 0.1307, lr_0 = 2.0605e-04
Loss = 8.8122e-05, PNorm = 57.4145, GNorm = 0.2235, lr_0 = 2.0236e-04
Validation rmse = 4.696664
Epoch 70
Loss = 8.2321e-05, PNorm = 57.4168, GNorm = 0.2485, lr_0 = 1.9873e-04
Validation rmse = 4.299702
Epoch 71
Loss = 7.8349e-05, PNorm = 57.4179, GNorm = 0.4415, lr_0 = 1.9517e-04
Validation rmse = 3.777237
Epoch 72
Loss = 6.2052e-05, PNorm = 57.4187, GNorm = 0.1539, lr_0 = 1.9168e-04
Validation rmse = 3.780289
Epoch 73
Loss = 7.9761e-05, PNorm = 57.4204, GNorm = 0.1986, lr_0 = 1.8825e-04
Loss = 6.8782e-05, PNorm = 57.4217, GNorm = 0.1268, lr_0 = 1.8487e-04
Validation rmse = 3.943895
Epoch 74
Loss = 9.2727e-05, PNorm = 57.4230, GNorm = 0.2464, lr_0 = 1.8156e-04
Validation rmse = 4.166034
Epoch 75
Loss = 7.7864e-05, PNorm = 57.4237, GNorm = 0.1602, lr_0 = 1.7831e-04
Validation rmse = 3.826916
Epoch 76
Loss = 8.7758e-05, PNorm = 57.4250, GNorm = 0.3480, lr_0 = 1.7512e-04
Loss = 8.2911e-05, PNorm = 57.4249, GNorm = 0.2445, lr_0 = 1.7198e-04
Validation rmse = 3.728180
Epoch 77
Loss = 7.5992e-05, PNorm = 57.4264, GNorm = 0.4168, lr_0 = 1.6890e-04
Validation rmse = 3.981270
Epoch 78
Loss = 8.6289e-05, PNorm = 57.4279, GNorm = 0.2042, lr_0 = 1.6587e-04
Validation rmse = 3.529805
Epoch 79
Loss = 9.9955e-05, PNorm = 57.4293, GNorm = 0.4919, lr_0 = 1.6290e-04
Loss = 7.8717e-05, PNorm = 57.4313, GNorm = 0.2686, lr_0 = 1.5999e-04
Validation rmse = 3.595420
Epoch 80
Loss = 7.6063e-05, PNorm = 57.4326, GNorm = 0.1610, lr_0 = 1.5712e-04
Validation rmse = 4.376785
Epoch 81
Loss = 8.0162e-05, PNorm = 57.4343, GNorm = 0.2450, lr_0 = 1.5431e-04
Validation rmse = 3.791053
Epoch 82
Loss = 6.1209e-05, PNorm = 57.4363, GNorm = 0.1138, lr_0 = 1.5154e-04
Validation rmse = 4.271321
Epoch 83
Loss = 7.4094e-05, PNorm = 57.4365, GNorm = 0.1353, lr_0 = 1.4883e-04
Loss = 7.5569e-05, PNorm = 57.4389, GNorm = 0.2118, lr_0 = 1.4616e-04
Validation rmse = 3.718752
Epoch 84
Loss = 6.7289e-05, PNorm = 57.4396, GNorm = 0.2198, lr_0 = 1.4354e-04
Validation rmse = 3.553973
Epoch 85
Loss = 6.9102e-05, PNorm = 57.4402, GNorm = 0.1136, lr_0 = 1.4097e-04
Validation rmse = 3.560924
Epoch 86
Loss = 6.6343e-05, PNorm = 57.4412, GNorm = 0.1843, lr_0 = 1.3845e-04
Loss = 6.7947e-05, PNorm = 57.4419, GNorm = 0.1364, lr_0 = 1.3597e-04
Validation rmse = 3.960165
Epoch 87
Loss = 6.3854e-05, PNorm = 57.4429, GNorm = 0.1090, lr_0 = 1.3353e-04
Validation rmse = 3.605506
Epoch 88
Loss = 6.6102e-05, PNorm = 57.4451, GNorm = 0.0977, lr_0 = 1.3114e-04
Validation rmse = 4.127752
Epoch 89
Loss = 6.1823e-05, PNorm = 57.4455, GNorm = 0.1736, lr_0 = 1.2879e-04
Loss = 8.1626e-05, PNorm = 57.4464, GNorm = 0.1315, lr_0 = 1.2649e-04
Validation rmse = 3.821286
Epoch 90
Loss = 7.4524e-05, PNorm = 57.4468, GNorm = 0.2532, lr_0 = 1.2422e-04
Validation rmse = 3.794299
Epoch 91
Loss = 6.8194e-05, PNorm = 57.4479, GNorm = 0.1306, lr_0 = 1.2200e-04
Validation rmse = 3.732552
Epoch 92
Loss = 6.4249e-05, PNorm = 57.4495, GNorm = 0.1212, lr_0 = 1.1981e-04
Validation rmse = 3.696718
Epoch 93
Loss = 7.8275e-05, PNorm = 57.4496, GNorm = 0.1407, lr_0 = 1.1766e-04
Loss = 5.6528e-05, PNorm = 57.4509, GNorm = 0.0832, lr_0 = 1.1556e-04
Validation rmse = 3.436422
Epoch 94
Loss = 5.9996e-05, PNorm = 57.4515, GNorm = 0.1514, lr_0 = 1.1349e-04
Validation rmse = 3.871417
Epoch 95
Loss = 6.0678e-05, PNorm = 57.4515, GNorm = 0.1284, lr_0 = 1.1145e-04
Validation rmse = 3.528731
Epoch 96
Loss = 5.1554e-05, PNorm = 57.4519, GNorm = 0.0903, lr_0 = 1.0946e-04
Loss = 6.6611e-05, PNorm = 57.4519, GNorm = 0.1078, lr_0 = 1.0750e-04
Validation rmse = 3.482410
Epoch 97
Loss = 6.2676e-05, PNorm = 57.4523, GNorm = 0.1009, lr_0 = 1.0557e-04
Validation rmse = 3.433865
Epoch 98
Loss = 7.2373e-05, PNorm = 57.4530, GNorm = 0.1281, lr_0 = 1.0368e-04
Validation rmse = 3.867939
Epoch 99
Loss = 1.1036e-04, PNorm = 57.4531, GNorm = 0.2917, lr_0 = 1.0182e-04
Loss = 7.0904e-05, PNorm = 57.4527, GNorm = 0.2344, lr_0 = 1.0000e-04
Validation rmse = 3.666610
Model 0 best validation rmse = 3.433865 on epoch 97
Loading pretrained parameter "encoder.encoder.cached_zero_vector".
Loading pretrained parameter "encoder.encoder.W_i.weight".
Loading pretrained parameter "encoder.encoder.W_h.weight".
Loading pretrained parameter "encoder.encoder.W_o.weight".
Loading pretrained parameter "encoder.encoder.W_o.bias".
Loading pretrained parameter "ffn.1.weight".
Loading pretrained parameter "ffn.1.bias".
Loading pretrained parameter "ffn.4.weight".
Loading pretrained parameter "ffn.4.bias".
Model 0 test rmse = 4.960323
Ensemble test rmse = 4.960323
1-fold cross validation
Seed 0 ==> test rmse = 4.960323
Overall test rmse = 4.960323 +/- 0.000000
Fold 0
{'activation': 'ReLU',
 'atom_messages': False,
 'batch_size': 50,
 'bias': False,
 'checkpoint_dir': None,
 'checkpoint_path': None,
 'checkpoint_paths': None,
 'config_path': None,
 'crossval_index_dir': None,
 'crossval_index_file': None,
 'cuda': False,
 'data_path': 'data/GenesysHform.csv',
 'dataset_type': 'regression',
 'depth': 6,
 'dropout': 0.1,
 'ensemble_size': 1,
 'epochs': 100,
 'features_generator': None,
 'features_only': False,
 'features_path': None,
 'features_scaling': True,
 'ffn_hidden_size': 1000,
 'ffn_num_layers': 2,
 'final_lr': 0.0001,
 'folds_file': None,
 'gpu': None,
 'hidden_size': 1000,
 'init_lr': 0.0001,
 'log_frequency': 10,
 'max_data_size': None,
 'max_lr': 0.001,
 'metric': 'rmse',
 'minimize_score': True,
 'multiclass_num_classes': 3,
 'no_cache': False,
 'num_folds': 1,
 'num_lrs': 1,
 'quiet': False,
 'save_dir': 'examples/GenesysHform/fold_0',
 'save_smiles_splits': True,
 'seed': 0,
 'separate_test_features_path': None,
 'separate_test_path': None,
 'separate_val_features_path': None,
 'separate_val_path': None,
 'show_individual_scores': False,
 'split_sizes': [0.8, 0.1, 0.1],
 'split_type': 'random',
 'test': False,
 'test_fold_index': None,
 'undirected': False,
 'use_compound_names': False,
 'use_input_features': None,
 'val_fold_index': None,
 'warmup_epochs': 2.0}
Loading data
Number of tasks = 1
Splitting data with seed 0
Total size = 823 | train size = 658 | val size = 82 | test size = 83
Fitting scaler
Building model 0
MoleculeModel(
  (encoder): MPN(
    (encoder): MPNEncoder(
      (dropout_layer): Dropout(p=0.1, inplace=False)
      (act_func): ReLU()
      (W_i): Linear(in_features=81, out_features=1000, bias=False)
      (W_h): Linear(in_features=1000, out_features=1000, bias=False)
      (W_o): Linear(in_features=1067, out_features=1000, bias=True)
    )
  )
  (ffn): Sequential(
    (0): Dropout(p=0.1, inplace=False)
    (1): Linear(in_features=1000, out_features=1000, bias=True)
    (2): ReLU()
    (3): Dropout(p=0.1, inplace=False)
    (4): Linear(in_features=1000, out_features=1, bias=True)
  )
)
Number of parameters = 3,151,001
Epoch 0
Loss = 1.5626e-02, PNorm = 56.5041, GNorm = 7.1053, lr_0 = 4.4615e-04
Validation rmse = 23.910804
Epoch 1
Loss = 6.9993e-03, PNorm = 56.5742, GNorm = 5.4779, lr_0 = 7.9231e-04
Validation rmse = 22.664071
Epoch 2
Loss = 3.3535e-03, PNorm = 56.6742, GNorm = 5.3804, lr_0 = 9.9280e-04
Validation rmse = 14.847827
Epoch 3
Loss = 1.5049e-03, PNorm = 56.7544, GNorm = 1.6766, lr_0 = 9.7501e-04
Loss = 1.6950e-03, PNorm = 56.8097, GNorm = 1.9141, lr_0 = 9.5755e-04
Validation rmse = 13.169837
Epoch 4
Loss = 1.4845e-03, PNorm = 56.8442, GNorm = 1.5802, lr_0 = 9.4040e-04
Validation rmse = 11.332605
Epoch 5
Loss = 8.0382e-04, PNorm = 56.8732, GNorm = 0.5150, lr_0 = 9.2356e-04
Validation rmse = 7.810239
Epoch 6
Loss = 5.3849e-04, PNorm = 56.8979, GNorm = 1.0635, lr_0 = 9.0701e-04
Loss = 7.0902e-04, PNorm = 56.9249, GNorm = 0.3634, lr_0 = 8.9077e-04
Validation rmse = 7.387213
Epoch 7
Loss = 4.7160e-04, PNorm = 56.9488, GNorm = 0.6500, lr_0 = 8.7481e-04
Validation rmse = 7.785928
Epoch 8
Loss = 3.9530e-04, PNorm = 56.9700, GNorm = 0.7118, lr_0 = 8.5914e-04
Validation rmse = 9.232577
Epoch 9
Loss = 4.0140e-04, PNorm = 56.9844, GNorm = 1.5798, lr_0 = 8.4376e-04
Loss = 4.7702e-04, PNorm = 56.9999, GNorm = 0.3324, lr_0 = 8.2864e-04
Validation rmse = 8.158927
Epoch 10
Loss = 4.3323e-04, PNorm = 57.0182, GNorm = 1.0988, lr_0 = 8.1380e-04
Validation rmse = 6.356114
Epoch 11
Loss = 3.3135e-04, PNorm = 57.0323, GNorm = 0.7264, lr_0 = 7.9922e-04
Validation rmse = 7.651741
Epoch 12
Loss = 3.0674e-04, PNorm = 57.0453, GNorm = 0.8747, lr_0 = 7.8491e-04
Validation rmse = 6.089749
Epoch 13
Loss = 1.9902e-04, PNorm = 57.0612, GNorm = 0.3439, lr_0 = 7.7085e-04
Loss = 2.0602e-04, PNorm = 57.0734, GNorm = 0.6576, lr_0 = 7.5704e-04
Validation rmse = 5.400278
Epoch 14
Loss = 2.2875e-04, PNorm = 57.0816, GNorm = 0.8721, lr_0 = 7.4348e-04
Validation rmse = 7.112112
Epoch 15
Loss = 2.9152e-04, PNorm = 57.0922, GNorm = 1.1409, lr_0 = 7.3017e-04
Validation rmse = 5.220751
Epoch 16
Loss = 2.8932e-04, PNorm = 57.1047, GNorm = 1.2913, lr_0 = 7.1709e-04
Loss = 1.9759e-04, PNorm = 57.1158, GNorm = 0.2640, lr_0 = 7.0424e-04
Validation rmse = 5.161384
Epoch 17
Loss = 2.1264e-04, PNorm = 57.1248, GNorm = 0.3205, lr_0 = 6.9163e-04
Validation rmse = 4.641179
Epoch 18
Loss = 1.9255e-04, PNorm = 57.1307, GNorm = 0.8813, lr_0 = 6.7924e-04
Validation rmse = 6.882995
Epoch 19
Loss = 2.0651e-04, PNorm = 57.1360, GNorm = 1.0560, lr_0 = 6.6708e-04
Loss = 2.3579e-04, PNorm = 57.1436, GNorm = 0.4685, lr_0 = 6.5513e-04
Validation rmse = 6.071780
Epoch 20
Loss = 2.1730e-04, PNorm = 57.1545, GNorm = 0.6480, lr_0 = 6.4339e-04
Validation rmse = 5.160796
Epoch 21
Loss = 1.6116e-04, PNorm = 57.1649, GNorm = 0.2967, lr_0 = 6.3187e-04
Validation rmse = 5.612678
Epoch 22
Loss = 2.7355e-04, PNorm = 57.1737, GNorm = 1.2791, lr_0 = 6.2055e-04
Validation rmse = 6.451042
Epoch 23
Loss = 2.9141e-04, PNorm = 57.1827, GNorm = 1.2223, lr_0 = 6.0944e-04
Loss = 2.1529e-04, PNorm = 57.1919, GNorm = 0.5978, lr_0 = 5.9852e-04
Validation rmse = 5.327637
Epoch 24
Loss = 2.3143e-04, PNorm = 57.1994, GNorm = 0.9863, lr_0 = 5.8780e-04
Validation rmse = 4.997015
Epoch 25
Loss = 1.8124e-04, PNorm = 57.2052, GNorm = 0.1971, lr_0 = 5.7727e-04
Validation rmse = 4.971569
Epoch 26
Loss = 1.7493e-04, PNorm = 57.2114, GNorm = 0.5470, lr_0 = 5.6693e-04
Loss = 1.7791e-04, PNorm = 57.2163, GNorm = 1.1392, lr_0 = 5.5678e-04
Validation rmse = 4.439399
Epoch 27
Loss = 1.3970e-04, PNorm = 57.2242, GNorm = 0.1601, lr_0 = 5.4681e-04
Validation rmse = 4.902485
Epoch 28
Loss = 1.6062e-04, PNorm = 57.2290, GNorm = 0.5507, lr_0 = 5.3701e-04
Validation rmse = 4.659946
Epoch 29
Loss = 1.2041e-04, PNorm = 57.2352, GNorm = 0.1357, lr_0 = 5.2739e-04
Loss = 1.3649e-04, PNorm = 57.2416, GNorm = 0.1828, lr_0 = 5.1795e-04
Validation rmse = 4.989862
Epoch 30
Loss = 1.2232e-04, PNorm = 57.2467, GNorm = 0.4170, lr_0 = 5.0867e-04
Validation rmse = 4.934735
Epoch 31
Loss = 1.2309e-04, PNorm = 57.2498, GNorm = 0.2920, lr_0 = 4.9956e-04
Validation rmse = 4.456778
Epoch 32
Loss = 9.3231e-05, PNorm = 57.2570, GNorm = 0.1258, lr_0 = 4.9061e-04
Validation rmse = 4.563574
Epoch 33
Loss = 6.0321e-05, PNorm = 57.2618, GNorm = 0.1186, lr_0 = 4.8182e-04
Loss = 1.3814e-04, PNorm = 57.2631, GNorm = 0.5859, lr_0 = 4.7319e-04
Validation rmse = 5.435887
Epoch 34
Loss = 1.1956e-04, PNorm = 57.2689, GNorm = 0.2523, lr_0 = 4.6472e-04
Validation rmse = 4.076674
Epoch 35
Loss = 1.4200e-04, PNorm = 57.2745, GNorm = 0.3689, lr_0 = 4.5639e-04
Validation rmse = 4.672844
Epoch 36
Loss = 9.5819e-05, PNorm = 57.2809, GNorm = 0.1193, lr_0 = 4.4822e-04
Loss = 1.1782e-04, PNorm = 57.2866, GNorm = 0.3031, lr_0 = 4.4019e-04
Validation rmse = 4.773416
Epoch 37
Loss = 1.2527e-04, PNorm = 57.2913, GNorm = 0.3221, lr_0 = 4.3231e-04
Validation rmse = 4.953933
Epoch 38
Loss = 1.3633e-04, PNorm = 57.2953, GNorm = 0.4717, lr_0 = 4.2456e-04
Validation rmse = 4.513510
Epoch 39
Loss = 1.4756e-04, PNorm = 57.2991, GNorm = 0.2698, lr_0 = 4.1696e-04
Loss = 1.1576e-04, PNorm = 57.3023, GNorm = 0.3942, lr_0 = 4.0949e-04
Validation rmse = 4.433597
Epoch 40
Loss = 1.0519e-04, PNorm = 57.3055, GNorm = 0.3887, lr_0 = 4.0216e-04
Validation rmse = 4.633520
Epoch 41
Loss = 1.1704e-04, PNorm = 57.3096, GNorm = 0.7798, lr_0 = 3.9495e-04
Validation rmse = 4.529087
Epoch 42
Loss = 1.5250e-04, PNorm = 57.3127, GNorm = 0.5859, lr_0 = 3.8788e-04
Validation rmse = 4.496436
Epoch 43
Loss = 1.3295e-04, PNorm = 57.3157, GNorm = 0.3828, lr_0 = 3.8093e-04
Loss = 1.2910e-04, PNorm = 57.3176, GNorm = 0.5354, lr_0 = 3.7411e-04
Validation rmse = 4.746925
Epoch 44
Loss = 9.3626e-05, PNorm = 57.3212, GNorm = 0.3640, lr_0 = 3.6741e-04
Validation rmse = 4.544080
Epoch 45
Loss = 1.3031e-04, PNorm = 57.3241, GNorm = 0.3979, lr_0 = 3.6083e-04
Validation rmse = 3.935890
Epoch 46
Loss = 1.4469e-04, PNorm = 57.3266, GNorm = 0.1902, lr_0 = 3.5436e-04
Loss = 1.3384e-04, PNorm = 57.3300, GNorm = 0.6317, lr_0 = 3.4802e-04
Validation rmse = 4.888804
Epoch 47
Loss = 1.1514e-04, PNorm = 57.3369, GNorm = 0.6516, lr_0 = 3.4178e-04
Validation rmse = 4.098986
Epoch 48
Loss = 1.1257e-04, PNorm = 57.3383, GNorm = 0.6681, lr_0 = 3.3566e-04
Validation rmse = 5.345483
Epoch 49
Loss = 1.3762e-04, PNorm = 57.3439, GNorm = 0.8100, lr_0 = 3.2965e-04
Loss = 1.1992e-04, PNorm = 57.3473, GNorm = 0.7474, lr_0 = 3.2375e-04
Validation rmse = 4.331335
Epoch 50
Loss = 1.2067e-04, PNorm = 57.3509, GNorm = 0.1671, lr_0 = 3.1795e-04
Validation rmse = 4.624530
Epoch 51
Loss = 9.2849e-05, PNorm = 57.3551, GNorm = 0.1965, lr_0 = 3.1225e-04
Validation rmse = 3.898022
Epoch 52
Loss = 9.9008e-05, PNorm = 57.3581, GNorm = 0.1648, lr_0 = 3.0666e-04
Validation rmse = 4.240278
Epoch 53
Loss = 1.7811e-04, PNorm = 57.3615, GNorm = 0.1974, lr_0 = 3.0117e-04
Loss = 9.9917e-05, PNorm = 57.3608, GNorm = 0.2780, lr_0 = 2.9577e-04
Validation rmse = 4.258635
Epoch 54
Loss = 1.3236e-04, PNorm = 57.3619, GNorm = 0.2054, lr_0 = 2.9047e-04
Validation rmse = 4.967554
Epoch 55
Loss = 1.3653e-04, PNorm = 57.3654, GNorm = 0.4487, lr_0 = 2.8527e-04
Validation rmse = 4.400759
Epoch 56
Loss = 1.1835e-04, PNorm = 57.3709, GNorm = 0.3786, lr_0 = 2.8016e-04
Loss = 8.6577e-05, PNorm = 57.3713, GNorm = 0.2154, lr_0 = 2.7514e-04
Validation rmse = 4.094028
Epoch 57
Loss = 1.0236e-04, PNorm = 57.3723, GNorm = 0.6745, lr_0 = 2.7022e-04
Validation rmse = 4.324777
Epoch 58
Loss = 7.3645e-05, PNorm = 57.3767, GNorm = 0.1339, lr_0 = 2.6538e-04
Validation rmse = 3.808372
Epoch 59
Loss = 9.0898e-05, PNorm = 57.3787, GNorm = 0.2173, lr_0 = 2.6062e-04
Loss = 8.2346e-05, PNorm = 57.3806, GNorm = 0.2137, lr_0 = 2.5595e-04
Validation rmse = 4.466173
Epoch 60
Loss = 8.3479e-05, PNorm = 57.3826, GNorm = 0.3423, lr_0 = 2.5137e-04
Validation rmse = 3.784357
Epoch 61
Loss = 9.0813e-05, PNorm = 57.3844, GNorm = 0.3879, lr_0 = 2.4687e-04
Validation rmse = 4.045775
Epoch 62
Loss = 9.4133e-05, PNorm = 57.3873, GNorm = 0.3283, lr_0 = 2.4245e-04
Validation rmse = 3.738900
Epoch 63
Loss = 8.3516e-05, PNorm = 57.3888, GNorm = 0.1640, lr_0 = 2.3810e-04
Loss = 7.8699e-05, PNorm = 57.3909, GNorm = 0.2335, lr_0 = 2.3384e-04
Validation rmse = 3.811518
Epoch 64
Loss = 6.7204e-05, PNorm = 57.3933, GNorm = 0.1226, lr_0 = 2.2965e-04
Validation rmse = 3.703984
Epoch 65
Loss = 8.7953e-05, PNorm = 57.3952, GNorm = 0.1999, lr_0 = 2.2554e-04
Validation rmse = 3.693581
Epoch 66
Loss = 9.1967e-05, PNorm = 57.3960, GNorm = 0.1221, lr_0 = 2.2150e-04
Loss = 7.9112e-05, PNorm = 57.3959, GNorm = 0.1257, lr_0 = 2.1753e-04
Validation rmse = 3.580651
Epoch 67
Loss = 8.3823e-05, PNorm = 57.3964, GNorm = 0.3040, lr_0 = 2.1363e-04
Validation rmse = 3.760966
Epoch 68
Loss = 6.9989e-05, PNorm = 57.3980, GNorm = 0.1763, lr_0 = 2.0981e-04
Validation rmse = 3.694740
Epoch 69
Loss = 7.0868e-05, PNorm = 57.4004, GNorm = 0.1682, lr_0 = 2.0605e-04
Loss = 6.2502e-05, PNorm = 57.4013, GNorm = 0.1689, lr_0 = 2.0236e-04
Validation rmse = 3.913794
Epoch 70
Loss = 7.1721e-05, PNorm = 57.4034, GNorm = 0.3571, lr_0 = 1.9873e-04
Validation rmse = 3.611927
Epoch 71
Loss = 7.7430e-05, PNorm = 57.4025, GNorm = 0.2067, lr_0 = 1.9517e-04
Validation rmse = 3.714078
Epoch 72
Loss = 6.2497e-05, PNorm = 57.4023, GNorm = 0.2387, lr_0 = 1.9168e-04
Validation rmse = 3.955881
Epoch 73
Loss = 1.1283e-04, PNorm = 57.4048, GNorm = 0.3065, lr_0 = 1.8825e-04
Loss = 8.8445e-05, PNorm = 57.4083, GNorm = 0.2236, lr_0 = 1.8487e-04
Validation rmse = 3.756124
Epoch 74
Loss = 7.4388e-05, PNorm = 57.4107, GNorm = 0.2074, lr_0 = 1.8156e-04
Validation rmse = 3.801366
Epoch 75
Loss = 6.8761e-05, PNorm = 57.4104, GNorm = 0.2006, lr_0 = 1.7831e-04
Validation rmse = 3.801764
Epoch 76
Loss = 1.0508e-04, PNorm = 57.4114, GNorm = 0.5318, lr_0 = 1.7512e-04
Loss = 9.3941e-05, PNorm = 57.4125, GNorm = 0.1055, lr_0 = 1.7198e-04
Validation rmse = 4.084604
Epoch 77
Loss = 7.2691e-05, PNorm = 57.4139, GNorm = 0.0887, lr_0 = 1.6890e-04
Validation rmse = 3.617784
Epoch 78
Loss = 8.4326e-05, PNorm = 57.4155, GNorm = 0.2794, lr_0 = 1.6587e-04
Validation rmse = 3.742643
Epoch 79
Loss = 8.5003e-05, PNorm = 57.4165, GNorm = 0.5454, lr_0 = 1.6290e-04
Loss = 6.7024e-05, PNorm = 57.4172, GNorm = 0.4729, lr_0 = 1.5999e-04
Validation rmse = 3.572944
Epoch 80
Loss = 8.0372e-05, PNorm = 57.4188, GNorm = 0.1687, lr_0 = 1.5712e-04
Validation rmse = 3.403765
Epoch 81
Loss = 6.8623e-05, PNorm = 57.4187, GNorm = 0.1224, lr_0 = 1.5431e-04
Validation rmse = 3.522877
Epoch 82
Loss = 6.4329e-05, PNorm = 57.4193, GNorm = 0.1529, lr_0 = 1.5154e-04
Validation rmse = 3.466090
Epoch 83
Loss = 5.6988e-05, PNorm = 57.4201, GNorm = 0.2562, lr_0 = 1.4883e-04
Loss = 7.7140e-05, PNorm = 57.4215, GNorm = 0.4221, lr_0 = 1.4616e-04
Validation rmse = 3.625025
Epoch 84
Loss = 7.3657e-05, PNorm = 57.4225, GNorm = 0.2515, lr_0 = 1.4354e-04
Validation rmse = 3.723931
Epoch 85
Loss = 7.2002e-05, PNorm = 57.4235, GNorm = 0.1155, lr_0 = 1.4097e-04
Validation rmse = 3.498465
Epoch 86
Loss = 7.0273e-05, PNorm = 57.4243, GNorm = 0.2926, lr_0 = 1.3845e-04
Loss = 6.1941e-05, PNorm = 57.4257, GNorm = 0.0733, lr_0 = 1.3597e-04
Validation rmse = 3.477497
Epoch 87
Loss = 6.4246e-05, PNorm = 57.4261, GNorm = 0.3124, lr_0 = 1.3353e-04
Validation rmse = 3.395181
Epoch 88
Loss = 6.2594e-05, PNorm = 57.4272, GNorm = 0.2028, lr_0 = 1.3114e-04
Validation rmse = 3.891006
Epoch 89
Loss = 5.8537e-05, PNorm = 57.4284, GNorm = 0.1447, lr_0 = 1.2879e-04
Loss = 6.9960e-05, PNorm = 57.4281, GNorm = 0.2135, lr_0 = 1.2649e-04
Validation rmse = 3.435149
Epoch 90
Loss = 6.3388e-05, PNorm = 57.4276, GNorm = 0.0793, lr_0 = 1.2422e-04
Validation rmse = 3.480484
Epoch 91
Loss = 8.6566e-05, PNorm = 57.4294, GNorm = 0.2946, lr_0 = 1.2200e-04
Validation rmse = 3.601054
Epoch 92
Loss = 6.4540e-05, PNorm = 57.4305, GNorm = 0.2127, lr_0 = 1.1981e-04
Validation rmse = 3.637863
Epoch 93
Loss = 8.1919e-05, PNorm = 57.4306, GNorm = 0.1986, lr_0 = 1.1766e-04
Loss = 6.9558e-05, PNorm = 57.4315, GNorm = 0.1746, lr_0 = 1.1556e-04
Validation rmse = 3.835068
Epoch 94
Loss = 6.3400e-05, PNorm = 57.4314, GNorm = 0.1033, lr_0 = 1.1349e-04
Validation rmse = 3.605079
Epoch 95
Loss = 5.0981e-05, PNorm = 57.4316, GNorm = 0.0983, lr_0 = 1.1145e-04
Validation rmse = 3.447605
Epoch 96
Loss = 7.9941e-05, PNorm = 57.4339, GNorm = 0.1850, lr_0 = 1.0946e-04
Loss = 1.0389e-04, PNorm = 57.4328, GNorm = 0.3632, lr_0 = 1.0750e-04
Validation rmse = 3.659724
Epoch 97
Loss = 6.6798e-05, PNorm = 57.4339, GNorm = 0.2307, lr_0 = 1.0557e-04
Validation rmse = 3.366091
Epoch 98
Loss = 5.8317e-05, PNorm = 57.4336, GNorm = 0.1113, lr_0 = 1.0368e-04
Validation rmse = 3.413485
Epoch 99
Loss = 7.9957e-05, PNorm = 57.4342, GNorm = 0.4663, lr_0 = 1.0182e-04
Loss = 8.7160e-05, PNorm = 57.4352, GNorm = 0.4518, lr_0 = 1.0000e-04
Validation rmse = 3.700752
Model 0 best validation rmse = 3.366091 on epoch 97
Loading pretrained parameter "encoder.encoder.cached_zero_vector".
Loading pretrained parameter "encoder.encoder.W_i.weight".
Loading pretrained parameter "encoder.encoder.W_h.weight".
Loading pretrained parameter "encoder.encoder.W_o.weight".
Loading pretrained parameter "encoder.encoder.W_o.bias".
Loading pretrained parameter "ffn.1.weight".
Loading pretrained parameter "ffn.1.bias".
Loading pretrained parameter "ffn.4.weight".
Loading pretrained parameter "ffn.4.bias".
Model 0 test rmse = 4.683400
Ensemble test rmse = 4.683400
1-fold cross validation
Seed 0 ==> test rmse = 4.683400
Overall test rmse = 4.683400 +/- 0.000000
Fold 0
{'activation': 'ReLU',
 'atom_messages': False,
 'batch_size': 50,
 'bias': False,
 'checkpoint_dir': None,
 'checkpoint_path': None,
 'checkpoint_paths': None,
 'config_path': None,
 'crossval_index_dir': None,
 'crossval_index_file': None,
 'cuda': False,
 'data_path': 'data/GenesysHformWithoutDuplicates.csv',
 'dataset_type': 'regression',
 'depth': 6,
 'dropout': 0.1,
 'ensemble_size': 1,
 'epochs': 100,
 'features_generator': None,
 'features_only': False,
 'features_path': None,
 'features_scaling': True,
 'ffn_hidden_size': 1000,
 'ffn_num_layers': 2,
 'final_lr': 0.0001,
 'folds_file': None,
 'gpu': None,
 'hidden_size': 1000,
 'init_lr': 0.0001,
 'log_frequency': 10,
 'max_data_size': None,
 'max_lr': 0.001,
 'metric': 'rmse',
 'minimize_score': True,
 'multiclass_num_classes': 3,
 'no_cache': False,
 'num_folds': 1,
 'num_lrs': 1,
 'quiet': False,
 'save_dir': 'examples/GenesysHform/fold_0',
 'save_smiles_splits': True,
 'seed': 0,
 'separate_test_features_path': None,
 'separate_test_path': None,
 'separate_val_features_path': None,
 'separate_val_path': None,
 'show_individual_scores': False,
 'split_sizes': [0.8, 0.1, 0.1],
 'split_type': 'random',
 'test': False,
 'test_fold_index': None,
 'undirected': False,
 'use_compound_names': False,
 'use_input_features': None,
 'val_fold_index': None,
 'warmup_epochs': 2.0}
Loading data
Number of tasks = 0
Splitting data with seed 0
Total size = 683 | train size = 546 | val size = 68 | test size = 69
Fitting scaler
Building model 0
MoleculeModel(
  (encoder): MPN(
    (encoder): MPNEncoder(
      (dropout_layer): Dropout(p=0.1, inplace=False)
      (act_func): ReLU()
      (W_i): Linear(in_features=81, out_features=1000, bias=False)
      (W_h): Linear(in_features=1000, out_features=1000, bias=False)
      (W_o): Linear(in_features=1067, out_features=1000, bias=True)
    )
  )
  (ffn): Sequential(
    (0): Dropout(p=0.1, inplace=False)
    (1): Linear(in_features=1000, out_features=1000, bias=True)
    (2): ReLU()
    (3): Dropout(p=0.1, inplace=False)
    (4): Linear(in_features=1000, out_features=0, bias=True)
  )
)
Number of parameters = 3,150,000
Epoch 0
Loss = nan, PNorm = 56.4211, GNorm = 0.0000, lr_0 = 5.5000e-04
Validation rmse = nan
Epoch 1
Loss = nan, PNorm = 56.4211, GNorm = 0.0000, lr_0 = 1.0000e-03
Validation rmse = nan
Epoch 2
Loss = nan, PNorm = 56.4211, GNorm = 0.0000, lr_0 = 9.7678e-04
Validation rmse = nan
Epoch 3
Loss = nan, PNorm = 56.4211, GNorm = 0.0000, lr_0 = 9.5410e-04
Validation rmse = nan
Epoch 4
Loss = nan, PNorm = 56.4211, GNorm = 0.0000, lr_0 = 9.3194e-04
Validation rmse = nan
Epoch 5
Loss = nan, PNorm = 56.4211, GNorm = 0.0000, lr_0 = 9.1030e-04
Validation rmse = nan
Epoch 6
Loss = nan, PNorm = 56.4211, GNorm = 0.0000, lr_0 = 8.8916e-04
Validation rmse = nan
Epoch 7
Loss = nan, PNorm = 56.4211, GNorm = 0.0000, lr_0 = 8.6851e-04
Validation rmse = nan
Epoch 8
Loss = nan, PNorm = 56.4211, GNorm = 0.0000, lr_0 = 8.4834e-04
Validation rmse = nan
Epoch 9
Loss = nan, PNorm = 56.4211, GNorm = 0.0000, lr_0 = 8.2864e-04
Validation rmse = nan
Epoch 10
Loss = nan, PNorm = 56.4211, GNorm = 0.0000, lr_0 = 8.0940e-04
Validation rmse = nan
Epoch 11
Loss = nan, PNorm = 56.4211, GNorm = 0.0000, lr_0 = 7.9060e-04
Validation rmse = nan
Epoch 12
Loss = nan, PNorm = 56.4211, GNorm = 0.0000, lr_0 = 7.7224e-04
Validation rmse = nan
Epoch 13
Loss = nan, PNorm = 56.4211, GNorm = 0.0000, lr_0 = 7.5431e-04
Validation rmse = nan
Epoch 14
Loss = nan, PNorm = 56.4211, GNorm = 0.0000, lr_0 = 7.3680e-04
Validation rmse = nan
Epoch 15
Loss = nan, PNorm = 56.4211, GNorm = 0.0000, lr_0 = 7.1969e-04
Validation rmse = nan
Epoch 16
Loss = nan, PNorm = 56.4211, GNorm = 0.0000, lr_0 = 7.0297e-04
Validation rmse = nan
Epoch 17
Loss = nan, PNorm = 56.4211, GNorm = 0.0000, lr_0 = 6.8665e-04
Validation rmse = nan
Epoch 18
Loss = nan, PNorm = 56.4211, GNorm = 0.0000, lr_0 = 6.7070e-04
Validation rmse = nan
Epoch 19
Loss = nan, PNorm = 56.4211, GNorm = 0.0000, lr_0 = 6.5513e-04
Validation rmse = nan
Epoch 20
Loss = nan, PNorm = 56.4211, GNorm = 0.0000, lr_0 = 6.3992e-04
Validation rmse = nan
Epoch 21
Loss = nan, PNorm = 56.4211, GNorm = 0.0000, lr_0 = 6.2506e-04
Validation rmse = nan
Epoch 22
Loss = nan, PNorm = 56.4211, GNorm = 0.0000, lr_0 = 6.1054e-04
Validation rmse = nan
Epoch 23
Loss = nan, PNorm = 56.4211, GNorm = 0.0000, lr_0 = 5.9636e-04
Validation rmse = nan
Epoch 24
Loss = nan, PNorm = 56.4211, GNorm = 0.0000, lr_0 = 5.8251e-04
Validation rmse = nan
Epoch 25
Loss = nan, PNorm = 56.4211, GNorm = 0.0000, lr_0 = 5.6899e-04
Validation rmse = nan
Epoch 26
Loss = nan, PNorm = 56.4211, GNorm = 0.0000, lr_0 = 5.5577e-04
Validation rmse = nan
Epoch 27
Loss = nan, PNorm = 56.4211, GNorm = 0.0000, lr_0 = 5.4287e-04
Validation rmse = nan
Epoch 28
Loss = nan, PNorm = 56.4211, GNorm = 0.0000, lr_0 = 5.3026e-04
Validation rmse = nan
Epoch 29
Loss = nan, PNorm = 56.4211, GNorm = 0.0000, lr_0 = 5.1795e-04
Validation rmse = nan
Epoch 30
Loss = nan, PNorm = 56.4211, GNorm = 0.0000, lr_0 = 5.0592e-04
Validation rmse = nan
Epoch 31
Loss = nan, PNorm = 56.4211, GNorm = 0.0000, lr_0 = 4.9417e-04
Validation rmse = nan
Epoch 32
Loss = nan, PNorm = 56.4211, GNorm = 0.0000, lr_0 = 4.8270e-04
Validation rmse = nan
Epoch 33
Loss = nan, PNorm = 56.4211, GNorm = 0.0000, lr_0 = 4.7149e-04
Validation rmse = nan
Epoch 34
Loss = nan, PNorm = 56.4211, GNorm = 0.0000, lr_0 = 4.6054e-04
Validation rmse = nan
Epoch 35
Loss = nan, PNorm = 56.4211, GNorm = 0.0000, lr_0 = 4.4984e-04
Validation rmse = nan
Epoch 36
Loss = nan, PNorm = 56.4211, GNorm = 0.0000, lr_0 = 4.3940e-04
Validation rmse = nan
Epoch 37
Loss = nan, PNorm = 56.4211, GNorm = 0.0000, lr_0 = 4.2919e-04
Validation rmse = nan
Epoch 38
Loss = nan, PNorm = 56.4211, GNorm = 0.0000, lr_0 = 4.1923e-04
Validation rmse = nan
Epoch 39
Loss = nan, PNorm = 56.4211, GNorm = 0.0000, lr_0 = 4.0949e-04
Validation rmse = nan
Epoch 40
Loss = nan, PNorm = 56.4211, GNorm = 0.0000, lr_0 = 3.9998e-04
Validation rmse = nan
Epoch 41
Loss = nan, PNorm = 56.4211, GNorm = 0.0000, lr_0 = 3.9069e-04
Validation rmse = nan
Epoch 42
Loss = nan, PNorm = 56.4211, GNorm = 0.0000, lr_0 = 3.8162e-04
Validation rmse = nan
Epoch 43
Loss = nan, PNorm = 56.4211, GNorm = 0.0000, lr_0 = 3.7276e-04
Validation rmse = nan
Epoch 44
Loss = nan, PNorm = 56.4211, GNorm = 0.0000, lr_0 = 3.6410e-04
Validation rmse = nan
Epoch 45
Loss = nan, PNorm = 56.4211, GNorm = 0.0000, lr_0 = 3.5565e-04
Validation rmse = nan
Epoch 46
Loss = nan, PNorm = 56.4211, GNorm = 0.0000, lr_0 = 3.4739e-04
Validation rmse = nan
Epoch 47
Loss = nan, PNorm = 56.4211, GNorm = 0.0000, lr_0 = 3.3932e-04
Validation rmse = nan
Epoch 48
Loss = nan, PNorm = 56.4211, GNorm = 0.0000, lr_0 = 3.3144e-04
Validation rmse = nan
Epoch 49
Loss = nan, PNorm = 56.4211, GNorm = 0.0000, lr_0 = 3.2375e-04
Validation rmse = nan
Epoch 50
Loss = nan, PNorm = 56.4211, GNorm = 0.0000, lr_0 = 3.1623e-04
Validation rmse = nan
Epoch 51
Loss = nan, PNorm = 56.4211, GNorm = 0.0000, lr_0 = 3.0888e-04
Validation rmse = nan
Epoch 52
Loss = nan, PNorm = 56.4211, GNorm = 0.0000, lr_0 = 3.0171e-04
Validation rmse = nan
Epoch 53
Loss = nan, PNorm = 56.4211, GNorm = 0.0000, lr_0 = 2.9471e-04
Validation rmse = nan
Epoch 54
Loss = nan, PNorm = 56.4211, GNorm = 0.0000, lr_0 = 2.8786e-04
Validation rmse = nan
Epoch 55
Loss = nan, PNorm = 56.4211, GNorm = 0.0000, lr_0 = 2.8118e-04
Validation rmse = nan
Epoch 56
Loss = nan, PNorm = 56.4211, GNorm = 0.0000, lr_0 = 2.7465e-04
Validation rmse = nan
Epoch 57
Loss = nan, PNorm = 56.4211, GNorm = 0.0000, lr_0 = 2.6827e-04
Validation rmse = nan
Epoch 58
Loss = nan, PNorm = 56.4211, GNorm = 0.0000, lr_0 = 2.6204e-04
Validation rmse = nan
Epoch 59
Loss = nan, PNorm = 56.4211, GNorm = 0.0000, lr_0 = 2.5595e-04
Validation rmse = nan
Epoch 60
Loss = nan, PNorm = 56.4211, GNorm = 0.0000, lr_0 = 2.5001e-04
Validation rmse = nan
Epoch 61
Loss = nan, PNorm = 56.4211, GNorm = 0.0000, lr_0 = 2.4421e-04
Validation rmse = nan
Epoch 62
Loss = nan, PNorm = 56.4211, GNorm = 0.0000, lr_0 = 2.3853e-04
Validation rmse = nan
Epoch 63
Loss = nan, PNorm = 56.4211, GNorm = 0.0000, lr_0 = 2.3300e-04
Validation rmse = nan
Epoch 64
Loss = nan, PNorm = 56.4211, GNorm = 0.0000, lr_0 = 2.2758e-04
Validation rmse = nan
Epoch 65
Loss = nan, PNorm = 56.4211, GNorm = 0.0000, lr_0 = 2.2230e-04
Validation rmse = nan
Epoch 66
Loss = nan, PNorm = 56.4211, GNorm = 0.0000, lr_0 = 2.1714e-04
Validation rmse = nan
Epoch 67
Loss = nan, PNorm = 56.4211, GNorm = 0.0000, lr_0 = 2.1210e-04
Validation rmse = nan
Epoch 68
Loss = nan, PNorm = 56.4211, GNorm = 0.0000, lr_0 = 2.0717e-04
Validation rmse = nan
Epoch 69
Loss = nan, PNorm = 56.4211, GNorm = 0.0000, lr_0 = 2.0236e-04
Validation rmse = nan
Epoch 70
Loss = nan, PNorm = 56.4211, GNorm = 0.0000, lr_0 = 1.9766e-04
Validation rmse = nan
Epoch 71
Loss = nan, PNorm = 56.4211, GNorm = 0.0000, lr_0 = 1.9307e-04
Validation rmse = nan
Epoch 72
Loss = nan, PNorm = 56.4211, GNorm = 0.0000, lr_0 = 1.8859e-04
Validation rmse = nan
Epoch 73
Loss = nan, PNorm = 56.4211, GNorm = 0.0000, lr_0 = 1.8421e-04
Validation rmse = nan
Epoch 74
Loss = nan, PNorm = 56.4211, GNorm = 0.0000, lr_0 = 1.7993e-04
Validation rmse = nan
Epoch 75
Loss = nan, PNorm = 56.4211, GNorm = 0.0000, lr_0 = 1.7575e-04
Validation rmse = nan
Epoch 76
Loss = nan, PNorm = 56.4211, GNorm = 0.0000, lr_0 = 1.7167e-04
Validation rmse = nan
Epoch 77
Loss = nan, PNorm = 56.4211, GNorm = 0.0000, lr_0 = 1.6768e-04
Validation rmse = nan
Epoch 78
Loss = nan, PNorm = 56.4211, GNorm = 0.0000, lr_0 = 1.6379e-04
Validation rmse = nan
Epoch 79
Loss = nan, PNorm = 56.4211, GNorm = 0.0000, lr_0 = 1.5999e-04
Validation rmse = nan
Epoch 80
Loss = nan, PNorm = 56.4211, GNorm = 0.0000, lr_0 = 1.5627e-04
Validation rmse = nan
Epoch 81
Loss = nan, PNorm = 56.4211, GNorm = 0.0000, lr_0 = 1.5264e-04
Validation rmse = nan
Epoch 82
Loss = nan, PNorm = 56.4211, GNorm = 0.0000, lr_0 = 1.4910e-04
Validation rmse = nan
Epoch 83
Loss = nan, PNorm = 56.4211, GNorm = 0.0000, lr_0 = 1.4563e-04
Validation rmse = nan
Epoch 84
Loss = nan, PNorm = 56.4211, GNorm = 0.0000, lr_0 = 1.4225e-04
Validation rmse = nan
Epoch 85
Loss = nan, PNorm = 56.4211, GNorm = 0.0000, lr_0 = 1.3895e-04
Validation rmse = nan
Epoch 86
Loss = nan, PNorm = 56.4211, GNorm = 0.0000, lr_0 = 1.3572e-04
Validation rmse = nan
Epoch 87
Loss = nan, PNorm = 56.4211, GNorm = 0.0000, lr_0 = 1.3257e-04
Validation rmse = nan
Epoch 88
Loss = nan, PNorm = 56.4211, GNorm = 0.0000, lr_0 = 1.2949e-04
Validation rmse = nan
Epoch 89
Loss = nan, PNorm = 56.4211, GNorm = 0.0000, lr_0 = 1.2649e-04
Validation rmse = nan
Epoch 90
Loss = nan, PNorm = 56.4211, GNorm = 0.0000, lr_0 = 1.2355e-04
Validation rmse = nan
Epoch 91
Loss = nan, PNorm = 56.4211, GNorm = 0.0000, lr_0 = 1.2068e-04
Validation rmse = nan
Epoch 92
Loss = nan, PNorm = 56.4211, GNorm = 0.0000, lr_0 = 1.1788e-04
Validation rmse = nan
Epoch 93
Loss = nan, PNorm = 56.4211, GNorm = 0.0000, lr_0 = 1.1514e-04
Validation rmse = nan
Epoch 94
Loss = nan, PNorm = 56.4211, GNorm = 0.0000, lr_0 = 1.1247e-04
Validation rmse = nan
Epoch 95
Loss = nan, PNorm = 56.4211, GNorm = 0.0000, lr_0 = 1.0985e-04
Validation rmse = nan
Epoch 96
Loss = nan, PNorm = 56.4211, GNorm = 0.0000, lr_0 = 1.0730e-04
Validation rmse = nan
Epoch 97
Loss = nan, PNorm = 56.4211, GNorm = 0.0000, lr_0 = 1.0481e-04
Validation rmse = nan
Epoch 98
Loss = nan, PNorm = 56.4211, GNorm = 0.0000, lr_0 = 1.0238e-04
Validation rmse = nan
Epoch 99
Loss = nan, PNorm = 56.4211, GNorm = 0.0000, lr_0 = 1.0000e-04
Validation rmse = nan
Model 0 best validation rmse = inf on epoch 0
Loading pretrained parameter "encoder.encoder.cached_zero_vector".
Loading pretrained parameter "encoder.encoder.W_i.weight".
Loading pretrained parameter "encoder.encoder.W_h.weight".
Loading pretrained parameter "encoder.encoder.W_o.weight".
Loading pretrained parameter "encoder.encoder.W_o.bias".
Loading pretrained parameter "ffn.1.weight".
Loading pretrained parameter "ffn.1.bias".
Loading pretrained parameter "ffn.4.weight".
Loading pretrained parameter "ffn.4.bias".
Model 0 test rmse = nan
Ensemble test rmse = nan
1-fold cross validation
Seed 0 ==> test rmse = nan
Overall test rmse = nan +/- nan
Fold 0
{'activation': 'ReLU',
 'atom_messages': False,
 'batch_size': 50,
 'bias': False,
 'checkpoint_dir': None,
 'checkpoint_path': None,
 'checkpoint_paths': None,
 'config_path': None,
 'crossval_index_dir': None,
 'crossval_index_file': None,
 'cuda': False,
 'data_path': 'data/GenesysHformWithoutDuplicates.csv',
 'dataset_type': 'regression',
 'depth': 6,
 'dropout': 0.1,
 'ensemble_size': 1,
 'epochs': 100,
 'features_generator': None,
 'features_only': False,
 'features_path': None,
 'features_scaling': True,
 'ffn_hidden_size': 1000,
 'ffn_num_layers': 2,
 'final_lr': 0.0001,
 'folds_file': None,
 'gpu': None,
 'hidden_size': 1000,
 'init_lr': 0.0001,
 'log_frequency': 10,
 'max_data_size': None,
 'max_lr': 0.001,
 'metric': 'rmse',
 'minimize_score': True,
 'multiclass_num_classes': 3,
 'no_cache': False,
 'num_folds': 1,
 'num_lrs': 1,
 'quiet': False,
 'save_dir': 'examples/GenesysHform/fold_0',
 'save_smiles_splits': True,
 'seed': 0,
 'separate_test_features_path': None,
 'separate_test_path': None,
 'separate_val_features_path': None,
 'separate_val_path': None,
 'show_individual_scores': False,
 'split_sizes': [0.8, 0.1, 0.1],
 'split_type': 'random',
 'test': False,
 'test_fold_index': None,
 'undirected': False,
 'use_compound_names': False,
 'use_input_features': None,
 'val_fold_index': None,
 'warmup_epochs': 2.0}
Loading data
Number of tasks = 1
Splitting data with seed 0
Total size = 684 | train size = 547 | val size = 68 | test size = 69
Fitting scaler
Building model 0
MoleculeModel(
  (encoder): MPN(
    (encoder): MPNEncoder(
      (dropout_layer): Dropout(p=0.1, inplace=False)
      (act_func): ReLU()
      (W_i): Linear(in_features=81, out_features=1000, bias=False)
      (W_h): Linear(in_features=1000, out_features=1000, bias=False)
      (W_o): Linear(in_features=1067, out_features=1000, bias=True)
    )
  )
  (ffn): Sequential(
    (0): Dropout(p=0.1, inplace=False)
    (1): Linear(in_features=1000, out_features=1000, bias=True)
    (2): ReLU()
    (3): Dropout(p=0.1, inplace=False)
    (4): Linear(in_features=1000, out_features=1, bias=True)
  )
)
Number of parameters = 3,151,001
Epoch 0
Loss = 1.6321e-02, PNorm = 56.4379, GNorm = 6.5899, lr_0 = 5.5000e-04
Validation rmse = 30.378810
Epoch 1
Loss = 7.7798e-03, PNorm = 56.5346, GNorm = 4.0204, lr_0 = 1.0000e-03
Validation rmse = 27.837830
Epoch 2
Loss = 4.2462e-03, PNorm = 56.6522, GNorm = 3.0621, lr_0 = 9.7678e-04
Validation rmse = 18.648986
Epoch 3
Loss = 2.5013e-03, PNorm = 56.7347, GNorm = 2.4246, lr_0 = 9.5410e-04
Validation rmse = 15.157556
Epoch 4
Loss = 1.9868e-03, PNorm = 56.7877, GNorm = 1.2214, lr_0 = 9.3194e-04
Validation rmse = 14.488490
Epoch 5
Loss = 1.1753e-03, PNorm = 56.8263, GNorm = 0.8823, lr_0 = 9.1030e-04
Validation rmse = 12.852204
Epoch 6
Loss = 9.3248e-04, PNorm = 56.8555, GNorm = 1.0544, lr_0 = 8.8916e-04
Validation rmse = 13.160753
Epoch 7
Loss = 6.6891e-04, PNorm = 56.8781, GNorm = 0.5415, lr_0 = 8.6851e-04
Validation rmse = 11.106069
Epoch 8
Loss = 7.2655e-04, PNorm = 56.8964, GNorm = 1.7758, lr_0 = 8.4834e-04
Validation rmse = 14.051878
Epoch 9
Loss = 7.9589e-04, PNorm = 56.9165, GNorm = 2.0730, lr_0 = 8.2864e-04
Validation rmse = 11.174826
Epoch 10
Loss = 6.7383e-04, PNorm = 56.9374, GNorm = 1.7922, lr_0 = 8.0940e-04
Validation rmse = 12.537191
Epoch 11
Loss = 5.9843e-04, PNorm = 56.9564, GNorm = 1.4169, lr_0 = 7.9060e-04
Validation rmse = 11.152236
Epoch 12
Loss = 4.9887e-04, PNorm = 56.9708, GNorm = 0.9074, lr_0 = 7.7224e-04
Validation rmse = 10.885792
Epoch 13
Loss = 4.9924e-04, PNorm = 56.9859, GNorm = 0.5976, lr_0 = 7.5431e-04
Validation rmse = 9.641498
Epoch 14
Loss = 3.6312e-04, PNorm = 57.0024, GNorm = 0.2324, lr_0 = 7.3680e-04
Validation rmse = 9.208678
Epoch 15
Loss = 3.5717e-04, PNorm = 57.0171, GNorm = 0.3996, lr_0 = 7.1969e-04
Validation rmse = 9.119771
Epoch 16
Loss = 2.7000e-04, PNorm = 57.0293, GNorm = 0.4053, lr_0 = 7.0297e-04
Validation rmse = 9.314357
Epoch 17
Loss = 2.7801e-04, PNorm = 57.0395, GNorm = 0.8715, lr_0 = 6.8665e-04
Validation rmse = 9.858919
Epoch 18
Loss = 3.4904e-04, PNorm = 57.0518, GNorm = 1.3013, lr_0 = 6.7070e-04
Validation rmse = 8.956024
Epoch 19
Loss = 3.8516e-04, PNorm = 57.0651, GNorm = 1.4371, lr_0 = 6.5513e-04
Validation rmse = 9.448514
Epoch 20
Loss = 3.0924e-04, PNorm = 57.0732, GNorm = 0.3529, lr_0 = 6.3992e-04
Validation rmse = 8.397416
Epoch 21
Loss = 2.0723e-04, PNorm = 57.0812, GNorm = 0.1674, lr_0 = 6.2506e-04
Validation rmse = 8.267171
Epoch 22
Loss = 1.9552e-04, PNorm = 57.0911, GNorm = 0.2339, lr_0 = 6.1054e-04
Validation rmse = 8.302188
Epoch 23
Loss = 2.0820e-04, PNorm = 57.1000, GNorm = 0.5261, lr_0 = 5.9636e-04
Validation rmse = 7.920884
Epoch 24
Loss = 1.9327e-04, PNorm = 57.1114, GNorm = 0.2939, lr_0 = 5.8251e-04
Validation rmse = 7.055752
Epoch 25
Loss = 1.4942e-04, PNorm = 57.1191, GNorm = 0.3758, lr_0 = 5.6899e-04
Validation rmse = 8.220006
Epoch 26
Loss = 1.6622e-04, PNorm = 57.1262, GNorm = 0.6870, lr_0 = 5.5577e-04
Validation rmse = 8.481412
Epoch 27
Loss = 1.7170e-04, PNorm = 57.1318, GNorm = 0.3928, lr_0 = 5.4287e-04
Validation rmse = 8.028072
Epoch 28
Loss = 1.5078e-04, PNorm = 57.1362, GNorm = 0.1995, lr_0 = 5.3026e-04
Validation rmse = 7.720482
Epoch 29
Loss = 1.6197e-04, PNorm = 57.1421, GNorm = 0.2199, lr_0 = 5.1795e-04
Validation rmse = 7.645336
Epoch 30
Loss = 1.7550e-04, PNorm = 57.1487, GNorm = 0.4979, lr_0 = 5.0592e-04
Validation rmse = 7.046824
Epoch 31
Loss = 1.7708e-04, PNorm = 57.1543, GNorm = 1.0248, lr_0 = 4.9417e-04
Validation rmse = 8.045975
Epoch 32
Loss = 1.5113e-04, PNorm = 57.1599, GNorm = 0.5865, lr_0 = 4.8270e-04
Validation rmse = 7.299152
Epoch 33
Loss = 1.5172e-04, PNorm = 57.1660, GNorm = 0.4090, lr_0 = 4.7149e-04
Validation rmse = 8.131335
Epoch 34
Loss = 1.6202e-04, PNorm = 57.1732, GNorm = 0.3744, lr_0 = 4.6054e-04
Validation rmse = 7.570317
Epoch 35
Loss = 1.4778e-04, PNorm = 57.1781, GNorm = 0.4367, lr_0 = 4.4984e-04
Validation rmse = 6.795328
Epoch 36
Loss = 1.3902e-04, PNorm = 57.1826, GNorm = 0.2027, lr_0 = 4.3940e-04
Validation rmse = 7.200617
Epoch 37
Loss = 1.4254e-04, PNorm = 57.1878, GNorm = 0.3261, lr_0 = 4.2919e-04
Validation rmse = 6.669591
Epoch 38
Loss = 1.2530e-04, PNorm = 57.1927, GNorm = 0.2721, lr_0 = 4.1923e-04
Validation rmse = 7.147075
Epoch 39
Loss = 9.6050e-05, PNorm = 57.1953, GNorm = 0.3343, lr_0 = 4.0949e-04
Validation rmse = 6.559305
Epoch 40
Loss = 1.1980e-04, PNorm = 57.1997, GNorm = 0.5735, lr_0 = 3.9998e-04
Validation rmse = 6.920367
Epoch 41
Loss = 1.1976e-04, PNorm = 57.2026, GNorm = 0.2175, lr_0 = 3.9069e-04
Validation rmse = 6.592683
Epoch 42
Loss = 1.2379e-04, PNorm = 57.2036, GNorm = 0.1493, lr_0 = 3.8162e-04
Validation rmse = 7.032531
Epoch 43
Loss = 1.4067e-04, PNorm = 57.2052, GNorm = 0.8609, lr_0 = 3.7276e-04
Validation rmse = 7.054978
Epoch 44
Loss = 1.8804e-04, PNorm = 57.2088, GNorm = 0.8824, lr_0 = 3.6410e-04
Validation rmse = 7.681154
Epoch 45
Loss = 2.1490e-04, PNorm = 57.2143, GNorm = 0.7040, lr_0 = 3.5565e-04
Validation rmse = 7.836409
Epoch 46
Loss = 1.3710e-04, PNorm = 57.2180, GNorm = 0.1980, lr_0 = 3.4739e-04
Validation rmse = 6.777021
Epoch 47
Loss = 1.3286e-04, PNorm = 57.2229, GNorm = 0.2357, lr_0 = 3.3932e-04
Validation rmse = 6.545075
Epoch 48
Loss = 1.1212e-04, PNorm = 57.2282, GNorm = 0.4594, lr_0 = 3.3144e-04
Validation rmse = 6.659745
Epoch 49
Loss = 1.2871e-04, PNorm = 57.2303, GNorm = 0.5909, lr_0 = 3.2375e-04
Validation rmse = 7.470761
Epoch 50
Loss = 1.6989e-04, PNorm = 57.2332, GNorm = 0.2005, lr_0 = 3.1623e-04
Validation rmse = 6.770219
Epoch 51
Loss = 1.3834e-04, PNorm = 57.2376, GNorm = 0.2517, lr_0 = 3.0888e-04
Validation rmse = 6.663717
Epoch 52
Loss = 1.0580e-04, PNorm = 57.2391, GNorm = 0.4183, lr_0 = 3.0171e-04
Validation rmse = 6.852133
Epoch 53
Loss = 1.4035e-04, PNorm = 57.2404, GNorm = 0.3330, lr_0 = 2.9471e-04
Validation rmse = 6.948334
Epoch 54
Loss = 1.0839e-04, PNorm = 57.2428, GNorm = 0.3737, lr_0 = 2.8786e-04
Validation rmse = 7.022290
Epoch 55
Loss = 1.1672e-04, PNorm = 57.2475, GNorm = 0.1535, lr_0 = 2.8118e-04
Validation rmse = 7.036689
Epoch 56
Loss = 9.9426e-05, PNorm = 57.2502, GNorm = 0.3318, lr_0 = 2.7465e-04
Validation rmse = 6.502585
Epoch 57
Loss = 1.0758e-04, PNorm = 57.2512, GNorm = 0.2570, lr_0 = 2.6827e-04
Validation rmse = 6.608737
Epoch 58
Loss = 8.7677e-05, PNorm = 57.2546, GNorm = 0.2328, lr_0 = 2.6204e-04
Validation rmse = 6.670447
Epoch 59
Loss = 8.3145e-05, PNorm = 57.2564, GNorm = 0.2123, lr_0 = 2.5595e-04
Validation rmse = 6.577928
Epoch 60
Loss = 9.1829e-05, PNorm = 57.2571, GNorm = 0.2534, lr_0 = 2.5001e-04
Validation rmse = 6.511488
Epoch 61
Loss = 9.7212e-05, PNorm = 57.2589, GNorm = 0.3933, lr_0 = 2.4421e-04
Validation rmse = 6.629553
Epoch 62
Loss = 1.1828e-04, PNorm = 57.2613, GNorm = 0.6477, lr_0 = 2.3853e-04
Validation rmse = 6.586133
Epoch 63
Loss = 1.1137e-04, PNorm = 57.2626, GNorm = 0.2009, lr_0 = 2.3300e-04
Validation rmse = 6.892910
Epoch 64
Loss = 1.0993e-04, PNorm = 57.2654, GNorm = 0.2378, lr_0 = 2.2758e-04
Validation rmse = 6.903541
Epoch 65
Loss = 9.2634e-05, PNorm = 57.2670, GNorm = 0.4974, lr_0 = 2.2230e-04
Validation rmse = 6.591504
Epoch 66
Loss = 9.8563e-05, PNorm = 57.2673, GNorm = 0.3867, lr_0 = 2.1714e-04
Validation rmse = 6.374563
Epoch 67
Loss = 8.4437e-05, PNorm = 57.2684, GNorm = 0.1379, lr_0 = 2.1210e-04
Validation rmse = 6.858004
Epoch 68
Loss = 8.6260e-05, PNorm = 57.2701, GNorm = 0.0871, lr_0 = 2.0717e-04
Validation rmse = 6.533330
Epoch 69
Loss = 8.4005e-05, PNorm = 57.2724, GNorm = 0.0873, lr_0 = 2.0236e-04
Validation rmse = 6.373328
Epoch 70
Loss = 8.7388e-05, PNorm = 57.2733, GNorm = 0.1648, lr_0 = 1.9766e-04
Validation rmse = 6.710626
Epoch 71
Loss = 1.0417e-04, PNorm = 57.2743, GNorm = 0.3681, lr_0 = 1.9307e-04
Validation rmse = 6.493550
Epoch 72
Loss = 1.0780e-04, PNorm = 57.2763, GNorm = 0.1417, lr_0 = 1.8859e-04
Validation rmse = 6.355298
Epoch 73
Loss = 1.0295e-04, PNorm = 57.2777, GNorm = 0.2611, lr_0 = 1.8421e-04
Validation rmse = 6.490883
Epoch 74
Loss = 9.5452e-05, PNorm = 57.2792, GNorm = 0.1975, lr_0 = 1.7993e-04
Validation rmse = 6.535224
Epoch 75
Loss = 1.0308e-04, PNorm = 57.2801, GNorm = 0.5215, lr_0 = 1.7575e-04
Validation rmse = 6.536573
Epoch 76
Loss = 9.0502e-05, PNorm = 57.2815, GNorm = 0.3454, lr_0 = 1.7167e-04
Validation rmse = 6.685020
Epoch 77
Loss = 7.3635e-05, PNorm = 57.2818, GNorm = 0.2510, lr_0 = 1.6768e-04
Validation rmse = 6.814399
Epoch 78
Loss = 9.8309e-05, PNorm = 57.2840, GNorm = 0.4998, lr_0 = 1.6379e-04
Validation rmse = 6.944709
Epoch 79
Loss = 9.5842e-05, PNorm = 57.2845, GNorm = 0.2317, lr_0 = 1.5999e-04
Validation rmse = 6.611759
Epoch 80
Loss = 7.9346e-05, PNorm = 57.2853, GNorm = 0.1758, lr_0 = 1.5627e-04
Validation rmse = 6.269794
Epoch 81
Loss = 1.1071e-04, PNorm = 57.2882, GNorm = 0.3026, lr_0 = 1.5264e-04
Validation rmse = 6.788551
Epoch 82
Loss = 1.1982e-04, PNorm = 57.2877, GNorm = 0.3746, lr_0 = 1.4910e-04
Validation rmse = 6.389569
Epoch 83
Loss = 9.1791e-05, PNorm = 57.2888, GNorm = 0.3221, lr_0 = 1.4563e-04
Validation rmse = 6.121536
Epoch 84
Loss = 8.5240e-05, PNorm = 57.2902, GNorm = 0.4012, lr_0 = 1.4225e-04
Validation rmse = 6.373490
Epoch 85
Loss = 7.1790e-05, PNorm = 57.2912, GNorm = 0.2083, lr_0 = 1.3895e-04
Validation rmse = 6.093658
Epoch 86
Loss = 7.1888e-05, PNorm = 57.2926, GNorm = 0.1437, lr_0 = 1.3572e-04
Validation rmse = 6.114643
Epoch 87
Loss = 7.3961e-05, PNorm = 57.2944, GNorm = 0.1810, lr_0 = 1.3257e-04
Validation rmse = 6.361487
Epoch 88
Loss = 6.8555e-05, PNorm = 57.2956, GNorm = 0.2979, lr_0 = 1.2949e-04
Validation rmse = 6.500219
Epoch 89
Loss = 7.7340e-05, PNorm = 57.2958, GNorm = 0.2249, lr_0 = 1.2649e-04
Validation rmse = 6.442295
Epoch 90
Loss = 6.5097e-05, PNorm = 57.2964, GNorm = 0.0913, lr_0 = 1.2355e-04
Validation rmse = 6.472745
Epoch 91
Loss = 7.2175e-05, PNorm = 57.2977, GNorm = 0.1826, lr_0 = 1.2068e-04
Validation rmse = 6.370100
Epoch 92
Loss = 8.5907e-05, PNorm = 57.2985, GNorm = 0.2318, lr_0 = 1.1788e-04
Validation rmse = 6.286889
Epoch 93
Loss = 7.3647e-05, PNorm = 57.3002, GNorm = 0.1485, lr_0 = 1.1514e-04
Validation rmse = 6.161562
Epoch 94
Loss = 8.4491e-05, PNorm = 57.3010, GNorm = 0.1199, lr_0 = 1.1247e-04
Validation rmse = 6.337774
Epoch 95
Loss = 7.9499e-05, PNorm = 57.3023, GNorm = 0.1613, lr_0 = 1.0985e-04
Validation rmse = 6.197780
Epoch 96
Loss = 7.7892e-05, PNorm = 57.3034, GNorm = 0.1710, lr_0 = 1.0730e-04
Validation rmse = 6.287543
Epoch 97
Loss = 6.5231e-05, PNorm = 57.3031, GNorm = 0.1610, lr_0 = 1.0481e-04
Validation rmse = 6.303085
Epoch 98
Loss = 8.3966e-05, PNorm = 57.3036, GNorm = 0.1959, lr_0 = 1.0238e-04
Validation rmse = 6.066245
Epoch 99
Loss = 6.1270e-05, PNorm = 57.3037, GNorm = 0.2226, lr_0 = 1.0000e-04
Validation rmse = 6.128428
Model 0 best validation rmse = 6.066245 on epoch 98
Loading pretrained parameter "encoder.encoder.cached_zero_vector".
Loading pretrained parameter "encoder.encoder.W_i.weight".
Loading pretrained parameter "encoder.encoder.W_h.weight".
Loading pretrained parameter "encoder.encoder.W_o.weight".
Loading pretrained parameter "encoder.encoder.W_o.bias".
Loading pretrained parameter "ffn.1.weight".
Loading pretrained parameter "ffn.1.bias".
Loading pretrained parameter "ffn.4.weight".
Loading pretrained parameter "ffn.4.bias".
Model 0 test rmse = 5.784893
Ensemble test rmse = 5.784893
1-fold cross validation
Seed 0 ==> test rmse = 5.784893
Overall test rmse = 5.784893 +/- 0.000000
