Fold 0
Fold 0
Fold 0
Fold 0
Fold 0
Fold 0
Model 0 best validation rmse = 7.066122 on epoch 85
Model 0 test rmse = 7.328983
Ensemble test rmse = 7.328983
Fold 1
Model 0 best validation rmse = 7.974492 on epoch 85
Model 0 test rmse = 7.811356
Ensemble test rmse = 7.811356
Fold 2
Model 0 best validation rmse = 7.153789 on epoch 85
Model 0 test rmse = 7.027316
Ensemble test rmse = 7.027316
3-fold cross validation
Seed 0 ==> test rmse = 7.328983
Seed 1 ==> test rmse = 7.811356
Seed 2 ==> test rmse = 7.027316
Overall test rmse = 7.389218 +/- 0.322905
Fold 0
Model 0 best validation rmse = 6.723079 on epoch 13
Model 0 test rmse = 7.600069
Ensemble test rmse = 7.600069
Fold 1
Model 0 best validation rmse = 5.868215 on epoch 62
Model 0 test rmse = 7.900746
Ensemble test rmse = 7.900746
Fold 2
Model 0 best validation rmse = 7.828079 on epoch 15
Model 0 test rmse = 6.498094
Ensemble test rmse = 6.498094
3-fold cross validation
Seed 0 ==> test rmse = 7.600069
Seed 1 ==> test rmse = 7.900746
Seed 2 ==> test rmse = 6.498094
Overall test rmse = 7.332970 +/- 0.602973
