Fold 0
Fold 0
Model 0 best validation rmse = 0.970801 on epoch 88
Model 0 test rmse = 1.203505
Ensemble test rmse = 1.203505
Fold 1
Model 0 best validation rmse = 0.553002 on epoch 98
Model 0 test rmse = 0.629522
Ensemble test rmse = 0.629522
Fold 2
Model 0 best validation rmse = 1.673317 on epoch 19
Model 0 test rmse = 1.467629
Ensemble test rmse = 1.467629
Fold 3
Model 0 best validation rmse = 0.472408 on epoch 90
Model 0 test rmse = 0.487738
Ensemble test rmse = 0.487738
Fold 4
Model 0 best validation rmse = 0.473734 on epoch 76
Model 0 test rmse = 0.532480
Ensemble test rmse = 0.532480
5-fold cross validation
Seed 0 ==> test rmse = 1.203505
Seed 1 ==> test rmse = 0.629522
Seed 2 ==> test rmse = 1.467629
Seed 3 ==> test rmse = 0.487738
Seed 4 ==> test rmse = 0.532480
Overall test rmse = 0.864175 +/- 0.396507
