Fold 0
{'activation': 'ReLU',
 'atom_messages': False,
 'batch_size': 50,
 'bias': False,
 'checkpoint_dir': None,
 'checkpoint_path': None,
 'checkpoint_paths': None,
 'config_path': None,
 'crossval_index_dir': None,
 'crossval_index_file': None,
 'cuda': False,
 'data_path': 'data/solvation/MNSol_compsol_cleaned_averaged.csv',
 'dataset_type': 'regression',
 'depth': 9,
 'detailed_results': True,
 'dropout': 0.1,
 'ensemble_size': 1,
 'epochs': 100,
 'explicit_solvent_number': 2,
 'features_generator': None,
 'features_only': False,
 'features_path': None,
 'features_scaling': True,
 'ffn_hidden_size': 500,
 'ffn_num_layers': 3,
 'final_lr': 0.0001,
 'folds_file': None,
 'gpu': None,
 'hidden_size': 500,
 'init_lr': 0.0001,
 'log_frequency': 10,
 'max_data_size': None,
 'max_lr': 0.001,
 'metric': 'rmse',
 'minimize_score': True,
 'multiclass_num_classes': 3,
 'no_cache': False,
 'num_folds': 1,
 'num_lrs': 1,
 'quiet': False,
 'save_dir': 'examples/solvation3/fold_0',
 'save_inchi_split': False,
 'save_smiles_splits': False,
 'seed': 0,
 'separate_test_features_path': None,
 'separate_test_path': None,
 'separate_val_features_path': None,
 'separate_val_path': None,
 'show_individual_scores': False,
 'solvation': True,
 'split_sizes': [0.8, 0.1, 0.1],
 'split_type': 'random',
 'test': False,
 'test_fold_index': None,
 'undirected': False,
 'use_compound_names': False,
 'use_input_features': None,
 'val_fold_index': None,
 'warmup_epochs': 2.0}
Loading data
Number of tasks = 1
Splitting data with seed 0
Total size = 5,940 | train size = 4,752 | val size = 594 | test size = 594
Fitting scaler
Building model 0
MoleculeModel(
  (encoder): MPN_solvation(
    (encoder_solute): MPNEncoder(
      (dropout_layer): Dropout(p=0.1, inplace=False)
      (act_func): ReLU()
      (W_i): Linear(in_features=173, out_features=500, bias=False)
      (W_h): Linear(in_features=500, out_features=500, bias=False)
      (W_o): Linear(in_features=659, out_features=500, bias=True)
    )
    (encoder_solvent): MPNEncoder(
      (dropout_layer): Dropout(p=0.1, inplace=False)
      (act_func): ReLU()
      (W_i): Linear(in_features=173, out_features=500, bias=False)
      (W_h): Linear(in_features=500, out_features=500, bias=False)
      (W_o): Linear(in_features=659, out_features=500, bias=True)
    )
  )
  (ffn): Sequential(
    (0): Dropout(p=0.1, inplace=False)
    (1): Linear(in_features=1500, out_features=500, bias=True)
    (2): ReLU()
    (3): Dropout(p=0.1, inplace=False)
    (4): Linear(in_features=500, out_features=500, bias=True)
    (5): ReLU()
    (6): Dropout(p=0.1, inplace=False)
    (7): Linear(in_features=500, out_features=1, bias=True)
  )
)
Number of parameters = 2,334,501
Epoch 0
Loss = 1.8937e-02, PNorm = 62.4746, GNorm = 4.6933, lr_0 = 1.4737e-04
Loss = 1.6213e-02, PNorm = 62.4807, GNorm = 2.6543, lr_0 = 1.9474e-04
Loss = 8.8469e-03, PNorm = 62.4895, GNorm = 2.3584, lr_0 = 2.4211e-04
Loss = 1.0318e-02, PNorm = 62.5031, GNorm = 4.9102, lr_0 = 2.8947e-04
Loss = 8.0494e-03, PNorm = 62.5173, GNorm = 4.3590, lr_0 = 3.3684e-04
Loss = 7.9963e-03, PNorm = 62.5332, GNorm = 5.4336, lr_0 = 3.8421e-04
Loss = 7.9248e-03, PNorm = 62.5512, GNorm = 3.1233, lr_0 = 4.3158e-04
Loss = 8.0489e-03, PNorm = 62.5806, GNorm = 2.1364, lr_0 = 4.7895e-04
Loss = 8.5721e-03, PNorm = 62.6077, GNorm = 3.8411, lr_0 = 5.2632e-04
Validation rmse = 1.706058
Epoch 1
Loss = 7.5253e-03, PNorm = 62.6389, GNorm = 2.3153, lr_0 = 5.7368e-04
Loss = 5.6847e-03, PNorm = 62.6713, GNorm = 1.7241, lr_0 = 6.2105e-04
Loss = 7.3556e-03, PNorm = 62.7072, GNorm = 2.4310, lr_0 = 6.6842e-04
Loss = 6.3789e-03, PNorm = 62.7392, GNorm = 1.0591, lr_0 = 7.1579e-04
Loss = 5.0349e-03, PNorm = 62.7753, GNorm = 2.8409, lr_0 = 7.6316e-04
Loss = 4.3846e-03, PNorm = 62.8058, GNorm = 2.0223, lr_0 = 8.1053e-04
Loss = 3.1613e-03, PNorm = 62.8383, GNorm = 1.9881, lr_0 = 8.5789e-04
Loss = 3.6981e-03, PNorm = 62.8708, GNorm = 2.0332, lr_0 = 9.0526e-04
Loss = 6.4180e-03, PNorm = 62.9168, GNorm = 8.6123, lr_0 = 9.5263e-04
Loss = 3.7013e-03, PNorm = 62.9752, GNorm = 0.8683, lr_0 = 1.0000e-03
Validation rmse = 0.973977
Epoch 2
Loss = 4.2735e-03, PNorm = 63.0226, GNorm = 4.4167, lr_0 = 9.9753e-04
Loss = 3.4861e-03, PNorm = 63.0767, GNorm = 2.5018, lr_0 = 9.9507e-04
Loss = 3.0149e-03, PNorm = 63.1189, GNorm = 1.2042, lr_0 = 9.9261e-04
Loss = 3.4780e-03, PNorm = 63.1678, GNorm = 0.9053, lr_0 = 9.9016e-04
Loss = 4.2826e-03, PNorm = 63.2084, GNorm = 5.9941, lr_0 = 9.8771e-04
Loss = 2.9235e-03, PNorm = 63.2493, GNorm = 1.1457, lr_0 = 9.8527e-04
Loss = 2.8485e-03, PNorm = 63.2918, GNorm = 1.8415, lr_0 = 9.8284e-04
Loss = 3.4673e-03, PNorm = 63.3285, GNorm = 1.6871, lr_0 = 9.8041e-04
Loss = 2.4023e-03, PNorm = 63.3632, GNorm = 1.5635, lr_0 = 9.7799e-04
Validation rmse = 0.973506
Epoch 3
Loss = 2.4814e-03, PNorm = 63.3978, GNorm = 1.9802, lr_0 = 9.7557e-04
Loss = 2.1671e-03, PNorm = 63.4354, GNorm = 2.6486, lr_0 = 9.7316e-04
Loss = 3.3826e-03, PNorm = 63.4744, GNorm = 3.8482, lr_0 = 9.7076e-04
Loss = 2.1459e-03, PNorm = 63.5051, GNorm = 0.7237, lr_0 = 9.6836e-04
Loss = 1.6368e-03, PNorm = 63.5335, GNorm = 1.4223, lr_0 = 9.6597e-04
Loss = 2.3546e-03, PNorm = 63.5684, GNorm = 0.5975, lr_0 = 9.6358e-04
Loss = 2.7486e-03, PNorm = 63.5980, GNorm = 1.4389, lr_0 = 9.6120e-04
Loss = 3.1887e-03, PNorm = 63.6234, GNorm = 2.0701, lr_0 = 9.5883e-04
Loss = 2.3967e-03, PNorm = 63.6505, GNorm = 0.9000, lr_0 = 9.5646e-04
Loss = 2.4096e-03, PNorm = 63.6809, GNorm = 0.8321, lr_0 = 9.5410e-04
Validation rmse = 0.776674
Epoch 4
Loss = 2.5518e-03, PNorm = 63.7047, GNorm = 1.4607, lr_0 = 9.5174e-04
Loss = 1.7508e-03, PNorm = 63.7424, GNorm = 0.8359, lr_0 = 9.4939e-04
Loss = 2.0030e-03, PNorm = 63.7678, GNorm = 0.8651, lr_0 = 9.4704e-04
Loss = 1.5505e-03, PNorm = 63.7855, GNorm = 0.8812, lr_0 = 9.4470e-04
Loss = 1.3784e-03, PNorm = 63.8099, GNorm = 1.4996, lr_0 = 9.4237e-04
Loss = 1.5169e-03, PNorm = 63.8240, GNorm = 0.7738, lr_0 = 9.4004e-04
Loss = 1.9976e-03, PNorm = 63.8479, GNorm = 1.4081, lr_0 = 9.3772e-04
Loss = 1.3708e-03, PNorm = 63.8703, GNorm = 0.9787, lr_0 = 9.3540e-04
Loss = 2.0624e-03, PNorm = 63.8896, GNorm = 2.0774, lr_0 = 9.3309e-04
Validation rmse = 0.736593
Epoch 5
Loss = 1.5793e-03, PNorm = 63.9226, GNorm = 1.6734, lr_0 = 9.3079e-04
Loss = 1.3855e-03, PNorm = 63.9441, GNorm = 0.8147, lr_0 = 9.2849e-04
Loss = 1.4002e-03, PNorm = 63.9655, GNorm = 1.3521, lr_0 = 9.2620e-04
Loss = 1.9396e-03, PNorm = 63.9873, GNorm = 1.8378, lr_0 = 9.2391e-04
Loss = 1.7351e-03, PNorm = 64.0131, GNorm = 5.0671, lr_0 = 9.2162e-04
Loss = 2.1845e-03, PNorm = 64.0371, GNorm = 2.7648, lr_0 = 9.1935e-04
Loss = 1.5113e-03, PNorm = 64.0580, GNorm = 1.1340, lr_0 = 9.1708e-04
Loss = 1.6278e-03, PNorm = 64.0801, GNorm = 0.9056, lr_0 = 9.1481e-04
Loss = 2.4345e-03, PNorm = 64.1004, GNorm = 1.9152, lr_0 = 9.1255e-04
Loss = 1.6784e-03, PNorm = 64.1234, GNorm = 0.9453, lr_0 = 9.1030e-04
Validation rmse = 0.760555
Epoch 6
Loss = 2.0272e-03, PNorm = 64.1571, GNorm = 1.5037, lr_0 = 9.0805e-04
Loss = 1.5410e-03, PNorm = 64.1788, GNorm = 4.1281, lr_0 = 9.0581e-04
Loss = 1.2487e-03, PNorm = 64.1972, GNorm = 1.0191, lr_0 = 9.0357e-04
Loss = 1.4365e-03, PNorm = 64.2202, GNorm = 1.1636, lr_0 = 9.0134e-04
Loss = 1.5548e-03, PNorm = 64.2392, GNorm = 2.7130, lr_0 = 8.9911e-04
Loss = 1.3513e-03, PNorm = 64.2572, GNorm = 1.9136, lr_0 = 8.9689e-04
Loss = 2.1883e-03, PNorm = 64.2760, GNorm = 3.7502, lr_0 = 8.9467e-04
Loss = 1.4584e-03, PNorm = 64.3017, GNorm = 0.4668, lr_0 = 8.9246e-04
Loss = 1.3146e-03, PNorm = 64.3171, GNorm = 0.4713, lr_0 = 8.9026e-04
Validation rmse = 0.588494
Epoch 7
Loss = 1.1342e-03, PNorm = 64.3401, GNorm = 2.2506, lr_0 = 8.8806e-04
Loss = 1.3979e-03, PNorm = 64.3570, GNorm = 0.7597, lr_0 = 8.8587e-04
Loss = 1.0691e-03, PNorm = 64.3731, GNorm = 0.8380, lr_0 = 8.8368e-04
Loss = 1.5942e-03, PNorm = 64.3912, GNorm = 3.0024, lr_0 = 8.8150e-04
Loss = 1.4449e-03, PNorm = 64.4096, GNorm = 1.0241, lr_0 = 8.7932e-04
Loss = 1.6102e-03, PNorm = 64.4293, GNorm = 1.0844, lr_0 = 8.7715e-04
Loss = 1.6271e-03, PNorm = 64.4572, GNorm = 2.3266, lr_0 = 8.7498e-04
Loss = 1.3366e-03, PNorm = 64.4800, GNorm = 0.6950, lr_0 = 8.7282e-04
Loss = 1.6961e-03, PNorm = 64.4997, GNorm = 4.0347, lr_0 = 8.7066e-04
Loss = 1.5727e-03, PNorm = 64.5225, GNorm = 1.3564, lr_0 = 8.6851e-04
Validation rmse = 0.584131
Epoch 8
Loss = 1.2532e-03, PNorm = 64.5390, GNorm = 0.6470, lr_0 = 8.6637e-04
Loss = 8.0222e-04, PNorm = 64.5543, GNorm = 0.3789, lr_0 = 8.6423e-04
Loss = 1.1412e-03, PNorm = 64.5726, GNorm = 0.9989, lr_0 = 8.6209e-04
Loss = 1.1632e-03, PNorm = 64.5918, GNorm = 0.5283, lr_0 = 8.5996e-04
Loss = 8.4644e-04, PNorm = 64.6082, GNorm = 0.3229, lr_0 = 8.5784e-04
Loss = 1.1158e-03, PNorm = 64.6267, GNorm = 1.4945, lr_0 = 8.5572e-04
Loss = 1.5277e-03, PNorm = 64.6461, GNorm = 0.8245, lr_0 = 8.5360e-04
Loss = 1.3948e-03, PNorm = 64.6721, GNorm = 2.6363, lr_0 = 8.5150e-04
Loss = 1.5202e-03, PNorm = 64.6878, GNorm = 0.7660, lr_0 = 8.4939e-04
Validation rmse = 0.661142
Epoch 9
Loss = 1.4266e-03, PNorm = 64.7103, GNorm = 0.8930, lr_0 = 8.4729e-04
Loss = 1.3406e-03, PNorm = 64.7437, GNorm = 0.9636, lr_0 = 8.4520e-04
Loss = 1.2487e-03, PNorm = 64.7626, GNorm = 1.3468, lr_0 = 8.4311e-04
Loss = 1.6537e-03, PNorm = 64.7820, GNorm = 1.3659, lr_0 = 8.4103e-04
Loss = 1.2101e-03, PNorm = 64.8153, GNorm = 0.9204, lr_0 = 8.3895e-04
Loss = 1.1456e-03, PNorm = 64.8263, GNorm = 0.6966, lr_0 = 8.3688e-04
Loss = 2.8919e-03, PNorm = 64.8418, GNorm = 1.2693, lr_0 = 8.3481e-04
Loss = 2.2386e-03, PNorm = 64.8809, GNorm = 1.6578, lr_0 = 8.3275e-04
Loss = 1.5843e-03, PNorm = 64.9102, GNorm = 0.7718, lr_0 = 8.3069e-04
Loss = 1.4499e-03, PNorm = 64.9452, GNorm = 1.0214, lr_0 = 8.2864e-04
Validation rmse = 0.663493
Epoch 10
Loss = 1.2712e-03, PNorm = 64.9691, GNorm = 0.9337, lr_0 = 8.2660e-04
Loss = 1.9252e-03, PNorm = 64.9901, GNorm = 1.0900, lr_0 = 8.2455e-04
Loss = 1.2708e-03, PNorm = 65.0283, GNorm = 0.8904, lr_0 = 8.2252e-04
Loss = 1.5104e-03, PNorm = 65.0492, GNorm = 0.8222, lr_0 = 8.2049e-04
Loss = 1.1999e-03, PNorm = 65.0657, GNorm = 0.8940, lr_0 = 8.1846e-04
Loss = 1.1431e-03, PNorm = 65.0881, GNorm = 1.3981, lr_0 = 8.1644e-04
Loss = 1.1289e-03, PNorm = 65.1007, GNorm = 1.6440, lr_0 = 8.1442e-04
Loss = 1.1820e-03, PNorm = 65.1245, GNorm = 0.7683, lr_0 = 8.1241e-04
Loss = 8.1525e-04, PNorm = 65.1423, GNorm = 0.6083, lr_0 = 8.1040e-04
Validation rmse = 0.645088
Epoch 11
Loss = 1.1890e-03, PNorm = 65.1562, GNorm = 1.5427, lr_0 = 8.0840e-04
Loss = 1.2525e-03, PNorm = 65.1780, GNorm = 1.2122, lr_0 = 8.0640e-04
Loss = 1.2163e-03, PNorm = 65.2038, GNorm = 0.9243, lr_0 = 8.0441e-04
Loss = 1.3711e-03, PNorm = 65.2242, GNorm = 1.4409, lr_0 = 8.0242e-04
Loss = 1.1257e-03, PNorm = 65.2462, GNorm = 0.6075, lr_0 = 8.0044e-04
Loss = 1.0042e-03, PNorm = 65.2730, GNorm = 0.3760, lr_0 = 7.9846e-04
Loss = 1.3036e-03, PNorm = 65.2910, GNorm = 0.6461, lr_0 = 7.9649e-04
Loss = 1.2835e-03, PNorm = 65.3061, GNorm = 0.6060, lr_0 = 7.9452e-04
Loss = 1.4514e-03, PNorm = 65.3183, GNorm = 0.6038, lr_0 = 7.9256e-04
Loss = 1.6013e-03, PNorm = 65.3430, GNorm = 1.0902, lr_0 = 7.9060e-04
Validation rmse = 0.639368
Epoch 12
Loss = 1.1478e-03, PNorm = 65.3672, GNorm = 0.6774, lr_0 = 7.8865e-04
Loss = 1.1070e-03, PNorm = 65.3864, GNorm = 0.8085, lr_0 = 7.8670e-04
Loss = 1.5433e-03, PNorm = 65.4167, GNorm = 0.3085, lr_0 = 7.8476e-04
Loss = 9.2065e-04, PNorm = 65.4307, GNorm = 0.6178, lr_0 = 7.8282e-04
Loss = 1.0062e-03, PNorm = 65.4487, GNorm = 1.0614, lr_0 = 7.8089e-04
Loss = 8.9948e-04, PNorm = 65.4627, GNorm = 0.7094, lr_0 = 7.7896e-04
Loss = 9.9761e-04, PNorm = 65.4785, GNorm = 0.4912, lr_0 = 7.7703e-04
Loss = 1.2112e-03, PNorm = 65.4976, GNorm = 1.3667, lr_0 = 7.7512e-04
Loss = 1.0650e-03, PNorm = 65.5228, GNorm = 0.4591, lr_0 = 7.7320e-04
Validation rmse = 0.542254
Epoch 13
Loss = 1.4940e-03, PNorm = 65.5403, GNorm = 1.2988, lr_0 = 7.7129e-04
Loss = 5.0456e-04, PNorm = 65.5566, GNorm = 0.7062, lr_0 = 7.6939e-04
Loss = 8.6984e-04, PNorm = 65.5679, GNorm = 1.3207, lr_0 = 7.6748e-04
Loss = 8.7926e-04, PNorm = 65.5818, GNorm = 1.9554, lr_0 = 7.6559e-04
Loss = 1.1253e-03, PNorm = 65.5974, GNorm = 0.4335, lr_0 = 7.6370e-04
Loss = 9.5092e-04, PNorm = 65.6098, GNorm = 0.9282, lr_0 = 7.6181e-04
Loss = 8.9513e-04, PNorm = 65.6286, GNorm = 0.5900, lr_0 = 7.5993e-04
Loss = 8.5334e-04, PNorm = 65.6456, GNorm = 0.4903, lr_0 = 7.5805e-04
Loss = 1.1020e-03, PNorm = 65.6526, GNorm = 0.6764, lr_0 = 7.5618e-04
Loss = 9.3676e-04, PNorm = 65.6632, GNorm = 0.7292, lr_0 = 7.5431e-04
Validation rmse = 0.644992
Epoch 14
Loss = 9.0292e-04, PNorm = 65.6852, GNorm = 0.8080, lr_0 = 7.5245e-04
Loss = 9.6528e-04, PNorm = 65.6948, GNorm = 1.3335, lr_0 = 7.5059e-04
Loss = 9.0512e-04, PNorm = 65.7079, GNorm = 1.4772, lr_0 = 7.4874e-04
Loss = 8.2083e-04, PNorm = 65.7255, GNorm = 0.7350, lr_0 = 7.4689e-04
Loss = 6.5342e-04, PNorm = 65.7425, GNorm = 0.3861, lr_0 = 7.4504e-04
Loss = 5.6342e-04, PNorm = 65.7575, GNorm = 0.3424, lr_0 = 7.4320e-04
Loss = 1.1343e-03, PNorm = 65.7737, GNorm = 2.1990, lr_0 = 7.4137e-04
Loss = 9.0935e-04, PNorm = 65.7906, GNorm = 0.5335, lr_0 = 7.3953e-04
Loss = 8.3030e-04, PNorm = 65.8041, GNorm = 1.8495, lr_0 = 7.3771e-04
Validation rmse = 0.498592
Epoch 15
Loss = 8.5818e-04, PNorm = 65.8205, GNorm = 1.2410, lr_0 = 7.3588e-04
Loss = 8.1447e-04, PNorm = 65.8323, GNorm = 0.3536, lr_0 = 7.3407e-04
Loss = 8.2294e-04, PNorm = 65.8446, GNorm = 0.7878, lr_0 = 7.3225e-04
Loss = 1.2183e-03, PNorm = 65.8609, GNorm = 1.4598, lr_0 = 7.3045e-04
Loss = 8.8306e-04, PNorm = 65.8806, GNorm = 0.5346, lr_0 = 7.2864e-04
Loss = 7.9465e-04, PNorm = 65.8982, GNorm = 1.7564, lr_0 = 7.2684e-04
Loss = 6.6767e-04, PNorm = 65.9173, GNorm = 0.7170, lr_0 = 7.2505e-04
Loss = 7.7313e-04, PNorm = 65.9350, GNorm = 0.4366, lr_0 = 7.2325e-04
Loss = 9.1253e-04, PNorm = 65.9523, GNorm = 0.3591, lr_0 = 7.2147e-04
Loss = 6.7887e-04, PNorm = 65.9666, GNorm = 0.5932, lr_0 = 7.1969e-04
Validation rmse = 0.605750
Epoch 16
Loss = 6.5069e-04, PNorm = 65.9791, GNorm = 0.4455, lr_0 = 7.1791e-04
Loss = 5.4649e-04, PNorm = 65.9864, GNorm = 0.3077, lr_0 = 7.1613e-04
Loss = 6.1088e-04, PNorm = 65.9933, GNorm = 0.3885, lr_0 = 7.1437e-04
Loss = 7.4972e-04, PNorm = 66.0054, GNorm = 0.4763, lr_0 = 7.1260e-04
Loss = 7.3671e-04, PNorm = 66.0191, GNorm = 0.3988, lr_0 = 7.1084e-04
Loss = 6.8921e-04, PNorm = 66.0283, GNorm = 1.3412, lr_0 = 7.0908e-04
Loss = 9.7429e-04, PNorm = 66.0405, GNorm = 1.3909, lr_0 = 7.0733e-04
Loss = 5.9537e-04, PNorm = 66.0588, GNorm = 0.9853, lr_0 = 7.0559e-04
Loss = 6.0169e-04, PNorm = 66.0713, GNorm = 0.4599, lr_0 = 7.0384e-04
Validation rmse = 0.531686
Epoch 17
Loss = 7.7621e-04, PNorm = 66.0796, GNorm = 0.6210, lr_0 = 7.0210e-04
Loss = 7.1655e-04, PNorm = 66.0886, GNorm = 0.4309, lr_0 = 7.0037e-04
Loss = 4.8799e-04, PNorm = 66.1002, GNorm = 0.6470, lr_0 = 6.9864e-04
Loss = 6.5088e-04, PNorm = 66.1128, GNorm = 0.6503, lr_0 = 6.9691e-04
Loss = 7.1692e-04, PNorm = 66.1273, GNorm = 0.9338, lr_0 = 6.9519e-04
Loss = 5.6688e-04, PNorm = 66.1405, GNorm = 0.4071, lr_0 = 6.9348e-04
Loss = 9.8007e-04, PNorm = 66.1555, GNorm = 1.2315, lr_0 = 6.9176e-04
Loss = 9.0511e-04, PNorm = 66.1725, GNorm = 1.1170, lr_0 = 6.9005e-04
Loss = 9.0100e-04, PNorm = 66.1837, GNorm = 0.5550, lr_0 = 6.8835e-04
Loss = 6.8789e-04, PNorm = 66.2041, GNorm = 0.7940, lr_0 = 6.8665e-04
Validation rmse = 0.572427
Epoch 18
Loss = 5.2493e-04, PNorm = 66.2153, GNorm = 0.3837, lr_0 = 6.8495e-04
Loss = 5.3084e-04, PNorm = 66.2228, GNorm = 0.8058, lr_0 = 6.8326e-04
Loss = 6.6354e-04, PNorm = 66.2368, GNorm = 1.7558, lr_0 = 6.8157e-04
Loss = 7.3603e-04, PNorm = 66.2450, GNorm = 0.5401, lr_0 = 6.7989e-04
Loss = 6.4452e-04, PNorm = 66.2645, GNorm = 0.3924, lr_0 = 6.7821e-04
Loss = 7.0201e-04, PNorm = 66.2836, GNorm = 0.6721, lr_0 = 6.7653e-04
Loss = 8.7665e-04, PNorm = 66.2903, GNorm = 0.6586, lr_0 = 6.7486e-04
Loss = 1.0603e-03, PNorm = 66.3080, GNorm = 0.8411, lr_0 = 6.7320e-04
Loss = 8.7167e-04, PNorm = 66.3223, GNorm = 0.4629, lr_0 = 6.7153e-04
Validation rmse = 0.521312
Epoch 19
Loss = 7.6009e-04, PNorm = 66.3329, GNorm = 0.6865, lr_0 = 6.6987e-04
Loss = 7.8981e-04, PNorm = 66.3502, GNorm = 0.7342, lr_0 = 6.6822e-04
Loss = 8.6222e-04, PNorm = 66.3710, GNorm = 0.5635, lr_0 = 6.6657e-04
Loss = 6.3997e-04, PNorm = 66.3880, GNorm = 1.4164, lr_0 = 6.6492e-04
Loss = 6.2625e-04, PNorm = 66.3984, GNorm = 0.3947, lr_0 = 6.6328e-04
Loss = 8.0221e-04, PNorm = 66.4163, GNorm = 0.7634, lr_0 = 6.6164e-04
Loss = 9.2013e-04, PNorm = 66.4363, GNorm = 1.2006, lr_0 = 6.6001e-04
Loss = 7.1594e-04, PNorm = 66.4433, GNorm = 0.8086, lr_0 = 6.5838e-04
Loss = 7.3938e-04, PNorm = 66.4601, GNorm = 0.6814, lr_0 = 6.5675e-04
Loss = 9.0100e-04, PNorm = 66.4683, GNorm = 0.6839, lr_0 = 6.5513e-04
Validation rmse = 0.503151
Epoch 20
Loss = 1.1414e-03, PNorm = 66.4853, GNorm = 1.8690, lr_0 = 6.5351e-04
Loss = 8.6483e-04, PNorm = 66.5127, GNorm = 0.7401, lr_0 = 6.5190e-04
Loss = 6.8970e-04, PNorm = 66.5268, GNorm = 0.5260, lr_0 = 6.5029e-04
Loss = 9.3973e-04, PNorm = 66.5399, GNorm = 0.6350, lr_0 = 6.4868e-04
Loss = 8.3241e-04, PNorm = 66.5536, GNorm = 0.4567, lr_0 = 6.4708e-04
Loss = 7.0248e-04, PNorm = 66.5689, GNorm = 0.7057, lr_0 = 6.4548e-04
Loss = 5.5452e-04, PNorm = 66.5855, GNorm = 0.3976, lr_0 = 6.4388e-04
Loss = 6.8001e-04, PNorm = 66.6007, GNorm = 0.6120, lr_0 = 6.4229e-04
Loss = 5.8294e-04, PNorm = 66.6091, GNorm = 0.8320, lr_0 = 6.4071e-04
Validation rmse = 0.479939
Epoch 21
Loss = 5.8346e-04, PNorm = 66.6256, GNorm = 0.2788, lr_0 = 6.3912e-04
Loss = 7.8138e-04, PNorm = 66.6353, GNorm = 0.6036, lr_0 = 6.3755e-04
Loss = 8.2187e-04, PNorm = 66.6552, GNorm = 0.3424, lr_0 = 6.3597e-04
Loss = 6.0386e-04, PNorm = 66.6736, GNorm = 0.2155, lr_0 = 6.3440e-04
Loss = 5.9826e-04, PNorm = 66.6850, GNorm = 1.0232, lr_0 = 6.3283e-04
Loss = 9.4111e-04, PNorm = 66.6973, GNorm = 0.4062, lr_0 = 6.3127e-04
Loss = 7.4670e-04, PNorm = 66.7142, GNorm = 0.4018, lr_0 = 6.2971e-04
Loss = 6.5470e-04, PNorm = 66.7275, GNorm = 1.0260, lr_0 = 6.2815e-04
Loss = 5.2108e-04, PNorm = 66.7418, GNorm = 0.4437, lr_0 = 6.2660e-04
Loss = 7.2089e-04, PNorm = 66.7601, GNorm = 1.1234, lr_0 = 6.2506e-04
Validation rmse = 0.562307
Epoch 22
Loss = 7.0915e-04, PNorm = 66.7708, GNorm = 0.3298, lr_0 = 6.2351e-04
Loss = 4.6396e-04, PNorm = 66.7850, GNorm = 0.7089, lr_0 = 6.2197e-04
Loss = 5.2283e-04, PNorm = 66.7955, GNorm = 0.2999, lr_0 = 6.2043e-04
Loss = 4.7956e-04, PNorm = 66.8128, GNorm = 0.2912, lr_0 = 6.1890e-04
Loss = 5.8982e-04, PNorm = 66.8188, GNorm = 1.5709, lr_0 = 6.1737e-04
Loss = 7.2518e-04, PNorm = 66.8305, GNorm = 1.1588, lr_0 = 6.1585e-04
Loss = 7.1457e-04, PNorm = 66.8388, GNorm = 0.4624, lr_0 = 6.1433e-04
Loss = 5.7359e-04, PNorm = 66.8493, GNorm = 0.3108, lr_0 = 6.1281e-04
Loss = 6.6321e-04, PNorm = 66.8727, GNorm = 0.7156, lr_0 = 6.1130e-04
Validation rmse = 0.513863
Epoch 23
Loss = 5.9017e-04, PNorm = 66.8773, GNorm = 1.2827, lr_0 = 6.0979e-04
Loss = 7.2921e-04, PNorm = 66.8959, GNorm = 0.7739, lr_0 = 6.0828e-04
Loss = 8.7755e-04, PNorm = 66.9100, GNorm = 1.2557, lr_0 = 6.0678e-04
Loss = 1.6312e-03, PNorm = 66.9324, GNorm = 0.7950, lr_0 = 6.0528e-04
Loss = 1.5160e-03, PNorm = 66.9701, GNorm = 1.8820, lr_0 = 6.0378e-04
Loss = 1.3990e-03, PNorm = 66.9963, GNorm = 0.7645, lr_0 = 6.0229e-04
Loss = 9.0234e-04, PNorm = 67.0245, GNorm = 0.4293, lr_0 = 6.0080e-04
Loss = 6.8795e-04, PNorm = 67.0481, GNorm = 0.5599, lr_0 = 5.9932e-04
Loss = 5.2041e-04, PNorm = 67.0609, GNorm = 0.3244, lr_0 = 5.9784e-04
Loss = 5.6600e-04, PNorm = 67.0791, GNorm = 0.2436, lr_0 = 5.9636e-04
Validation rmse = 0.598543
Epoch 24
Loss = 5.3725e-04, PNorm = 67.0886, GNorm = 0.3241, lr_0 = 5.9489e-04
Loss = 7.4694e-04, PNorm = 67.1073, GNorm = 0.6204, lr_0 = 5.9342e-04
Loss = 5.0858e-04, PNorm = 67.1148, GNorm = 0.2839, lr_0 = 5.9195e-04
Loss = 5.5628e-04, PNorm = 67.1287, GNorm = 0.2893, lr_0 = 5.9049e-04
Loss = 6.4036e-04, PNorm = 67.1385, GNorm = 0.6987, lr_0 = 5.8903e-04
Loss = 5.9770e-04, PNorm = 67.1446, GNorm = 0.3086, lr_0 = 5.8758e-04
Loss = 4.2154e-04, PNorm = 67.1529, GNorm = 0.5732, lr_0 = 5.8613e-04
Loss = 4.4127e-04, PNorm = 67.1646, GNorm = 0.3519, lr_0 = 5.8468e-04
Loss = 4.7751e-04, PNorm = 67.1764, GNorm = 0.3187, lr_0 = 5.8323e-04
Validation rmse = 0.542945
Epoch 25
Loss = 9.1197e-04, PNorm = 67.1853, GNorm = 2.2031, lr_0 = 5.8179e-04
Loss = 9.9716e-04, PNorm = 67.2019, GNorm = 0.5048, lr_0 = 5.8036e-04
Loss = 7.4398e-04, PNorm = 67.2186, GNorm = 0.5636, lr_0 = 5.7892e-04
Loss = 5.0906e-04, PNorm = 67.2256, GNorm = 0.5669, lr_0 = 5.7749e-04
Loss = 8.5269e-04, PNorm = 67.2344, GNorm = 0.6475, lr_0 = 5.7607e-04
Loss = 5.1634e-04, PNorm = 67.2490, GNorm = 0.2611, lr_0 = 5.7464e-04
Loss = 5.5515e-04, PNorm = 67.2637, GNorm = 0.4290, lr_0 = 5.7322e-04
Loss = 4.4444e-04, PNorm = 67.2718, GNorm = 0.2997, lr_0 = 5.7181e-04
Loss = 5.3221e-04, PNorm = 67.2853, GNorm = 0.4190, lr_0 = 5.7040e-04
Loss = 4.4650e-04, PNorm = 67.2959, GNorm = 1.0126, lr_0 = 5.6899e-04
Validation rmse = 0.488470
Epoch 26
Loss = 5.8982e-04, PNorm = 67.3054, GNorm = 0.5876, lr_0 = 5.6758e-04
Loss = 5.5887e-04, PNorm = 67.3188, GNorm = 1.1036, lr_0 = 5.6618e-04
Loss = 4.1424e-04, PNorm = 67.3282, GNorm = 0.7050, lr_0 = 5.6478e-04
Loss = 6.2248e-04, PNorm = 67.3382, GNorm = 0.3963, lr_0 = 5.6339e-04
Loss = 1.2845e-03, PNorm = 67.3555, GNorm = 0.4740, lr_0 = 5.6199e-04
Loss = 7.1278e-04, PNorm = 67.3726, GNorm = 0.7273, lr_0 = 5.6061e-04
Loss = 5.8196e-04, PNorm = 67.3932, GNorm = 0.6405, lr_0 = 5.5922e-04
Loss = 4.5239e-04, PNorm = 67.4069, GNorm = 0.4136, lr_0 = 5.5784e-04
Loss = 4.8837e-04, PNorm = 67.4139, GNorm = 0.3334, lr_0 = 5.5646e-04
Validation rmse = 0.441731
Epoch 27
Loss = 5.6585e-04, PNorm = 67.4280, GNorm = 0.2029, lr_0 = 5.5509e-04
Loss = 5.7934e-04, PNorm = 67.4362, GNorm = 1.0459, lr_0 = 5.5372e-04
Loss = 6.5325e-04, PNorm = 67.4467, GNorm = 0.3609, lr_0 = 5.5235e-04
Loss = 4.0808e-04, PNorm = 67.4555, GNorm = 0.7204, lr_0 = 5.5098e-04
Loss = 5.7906e-04, PNorm = 67.4647, GNorm = 0.5694, lr_0 = 5.4962e-04
Loss = 5.0346e-04, PNorm = 67.4728, GNorm = 0.5249, lr_0 = 5.4826e-04
Loss = 5.4735e-04, PNorm = 67.4818, GNorm = 0.9758, lr_0 = 5.4691e-04
Loss = 6.1331e-04, PNorm = 67.4903, GNorm = 0.7568, lr_0 = 5.4556e-04
Loss = 5.4573e-04, PNorm = 67.5068, GNorm = 0.6265, lr_0 = 5.4421e-04
Loss = 6.9673e-04, PNorm = 67.5198, GNorm = 1.2402, lr_0 = 5.4287e-04
Validation rmse = 0.479571
Epoch 28
Loss = 7.9438e-04, PNorm = 67.5329, GNorm = 0.2599, lr_0 = 5.4153e-04
Loss = 5.4944e-04, PNorm = 67.5558, GNorm = 0.8450, lr_0 = 5.4019e-04
Loss = 5.5085e-04, PNorm = 67.5642, GNorm = 0.5258, lr_0 = 5.3885e-04
Loss = 4.6469e-04, PNorm = 67.5780, GNorm = 0.6786, lr_0 = 5.3752e-04
Loss = 4.1079e-04, PNorm = 67.5932, GNorm = 0.2410, lr_0 = 5.3620e-04
Loss = 4.5579e-04, PNorm = 67.6024, GNorm = 0.4068, lr_0 = 5.3487e-04
Loss = 5.7975e-04, PNorm = 67.6120, GNorm = 0.9551, lr_0 = 5.3355e-04
Loss = 4.6839e-04, PNorm = 67.6193, GNorm = 0.2543, lr_0 = 5.3223e-04
Loss = 4.8253e-04, PNorm = 67.6370, GNorm = 0.6739, lr_0 = 5.3092e-04
Validation rmse = 0.525786
Epoch 29
Loss = 4.7487e-04, PNorm = 67.6424, GNorm = 0.4979, lr_0 = 5.2961e-04
Loss = 5.0812e-04, PNorm = 67.6487, GNorm = 0.7389, lr_0 = 5.2830e-04
Loss = 4.7812e-04, PNorm = 67.6571, GNorm = 0.5856, lr_0 = 5.2699e-04
Loss = 4.4134e-04, PNorm = 67.6657, GNorm = 0.5497, lr_0 = 5.2569e-04
Loss = 5.7410e-04, PNorm = 67.6748, GNorm = 0.4097, lr_0 = 5.2439e-04
Loss = 5.8490e-04, PNorm = 67.6861, GNorm = 0.5636, lr_0 = 5.2310e-04
Loss = 6.6053e-04, PNorm = 67.6981, GNorm = 2.7197, lr_0 = 5.2180e-04
Loss = 5.4042e-04, PNorm = 67.7118, GNorm = 0.4649, lr_0 = 5.2052e-04
Loss = 7.5087e-04, PNorm = 67.7304, GNorm = 0.9154, lr_0 = 5.1923e-04
Loss = 5.6581e-04, PNorm = 67.7397, GNorm = 0.5331, lr_0 = 5.1795e-04
Validation rmse = 0.529704
Epoch 30
Loss = 5.5789e-04, PNorm = 67.7502, GNorm = 0.4040, lr_0 = 5.1667e-04
Loss = 4.9147e-04, PNorm = 67.7624, GNorm = 0.4728, lr_0 = 5.1539e-04
Loss = 5.3215e-04, PNorm = 67.7671, GNorm = 0.4722, lr_0 = 5.1412e-04
Loss = 3.9359e-04, PNorm = 67.7826, GNorm = 0.3363, lr_0 = 5.1285e-04
Loss = 4.4355e-04, PNorm = 67.7922, GNorm = 0.5378, lr_0 = 5.1158e-04
Loss = 5.2985e-04, PNorm = 67.7999, GNorm = 0.2791, lr_0 = 5.1032e-04
Loss = 4.3690e-04, PNorm = 67.8092, GNorm = 0.3533, lr_0 = 5.0906e-04
Loss = 4.7793e-04, PNorm = 67.8218, GNorm = 0.4125, lr_0 = 5.0780e-04
Loss = 3.9034e-04, PNorm = 67.8320, GNorm = 0.7064, lr_0 = 5.0655e-04
Validation rmse = 0.496601
Epoch 31
Loss = 3.2391e-04, PNorm = 67.8414, GNorm = 0.5217, lr_0 = 5.0529e-04
Loss = 3.4436e-04, PNorm = 67.8525, GNorm = 0.7301, lr_0 = 5.0405e-04
Loss = 3.9788e-04, PNorm = 67.8567, GNorm = 0.3989, lr_0 = 5.0280e-04
Loss = 3.3610e-04, PNorm = 67.8650, GNorm = 0.2934, lr_0 = 5.0156e-04
Loss = 3.6803e-04, PNorm = 67.8718, GNorm = 0.2483, lr_0 = 5.0032e-04
Loss = 4.2070e-04, PNorm = 67.8792, GNorm = 0.5756, lr_0 = 4.9908e-04
Loss = 4.0116e-04, PNorm = 67.8879, GNorm = 0.7548, lr_0 = 4.9785e-04
Loss = 5.4352e-04, PNorm = 67.8920, GNorm = 0.3805, lr_0 = 4.9662e-04
Loss = 4.4123e-04, PNorm = 67.9022, GNorm = 0.2061, lr_0 = 4.9540e-04
Loss = 3.8473e-04, PNorm = 67.9130, GNorm = 0.4776, lr_0 = 4.9417e-04
Validation rmse = 0.497947
Epoch 32
Loss = 3.3912e-04, PNorm = 67.9202, GNorm = 0.1667, lr_0 = 4.9295e-04
Loss = 3.3087e-04, PNorm = 67.9252, GNorm = 0.2837, lr_0 = 4.9173e-04
Loss = 5.7118e-04, PNorm = 67.9308, GNorm = 0.2498, lr_0 = 4.9052e-04
Loss = 6.5869e-04, PNorm = 67.9444, GNorm = 0.5835, lr_0 = 4.8931e-04
Loss = 6.1306e-04, PNorm = 67.9605, GNorm = 0.4402, lr_0 = 4.8810e-04
Loss = 3.8282e-04, PNorm = 67.9725, GNorm = 0.3257, lr_0 = 4.8689e-04
Loss = 5.2402e-04, PNorm = 67.9819, GNorm = 0.8673, lr_0 = 4.8569e-04
Loss = 4.2119e-04, PNorm = 67.9869, GNorm = 0.2941, lr_0 = 4.8449e-04
Loss = 4.7122e-04, PNorm = 67.9984, GNorm = 0.4302, lr_0 = 4.8329e-04
Validation rmse = 0.493565
Epoch 33
Loss = 4.1085e-04, PNorm = 68.0055, GNorm = 0.2924, lr_0 = 4.8210e-04
Loss = 5.3906e-04, PNorm = 68.0191, GNorm = 0.7718, lr_0 = 4.8091e-04
Loss = 3.6071e-04, PNorm = 68.0343, GNorm = 0.8033, lr_0 = 4.7972e-04
Loss = 4.4313e-04, PNorm = 68.0395, GNorm = 0.2465, lr_0 = 4.7854e-04
Loss = 4.2981e-04, PNorm = 68.0491, GNorm = 0.9087, lr_0 = 4.7735e-04
Loss = 4.5027e-04, PNorm = 68.0545, GNorm = 0.6062, lr_0 = 4.7617e-04
Loss = 3.9251e-04, PNorm = 68.0636, GNorm = 0.4267, lr_0 = 4.7500e-04
Loss = 4.9232e-04, PNorm = 68.0740, GNorm = 0.8104, lr_0 = 4.7382e-04
Loss = 4.2452e-04, PNorm = 68.0855, GNorm = 0.2203, lr_0 = 4.7265e-04
Loss = 4.5117e-04, PNorm = 68.0972, GNorm = 0.7433, lr_0 = 4.7149e-04
Validation rmse = 0.460408
Epoch 34
Loss = 4.1119e-04, PNorm = 68.1056, GNorm = 0.3210, lr_0 = 4.7032e-04
Loss = 5.5759e-04, PNorm = 68.1135, GNorm = 0.2537, lr_0 = 4.6916e-04
Loss = 3.5800e-04, PNorm = 68.1248, GNorm = 0.6694, lr_0 = 4.6800e-04
Loss = 3.8952e-04, PNorm = 68.1334, GNorm = 0.8648, lr_0 = 4.6685e-04
Loss = 3.3920e-04, PNorm = 68.1427, GNorm = 0.3637, lr_0 = 4.6569e-04
Loss = 3.7621e-04, PNorm = 68.1535, GNorm = 0.3175, lr_0 = 4.6454e-04
Loss = 5.0301e-04, PNorm = 68.1609, GNorm = 0.6385, lr_0 = 4.6339e-04
Loss = 4.3790e-04, PNorm = 68.1667, GNorm = 0.4937, lr_0 = 4.6225e-04
Loss = 3.4838e-04, PNorm = 68.1797, GNorm = 0.2321, lr_0 = 4.6111e-04
Validation rmse = 0.506762
Epoch 35
Loss = 2.7152e-04, PNorm = 68.1855, GNorm = 0.4200, lr_0 = 4.5997e-04
Loss = 4.9470e-04, PNorm = 68.1941, GNorm = 1.0051, lr_0 = 4.5883e-04
Loss = 3.3932e-04, PNorm = 68.2044, GNorm = 0.5987, lr_0 = 4.5770e-04
Loss = 3.3689e-04, PNorm = 68.2142, GNorm = 0.2832, lr_0 = 4.5657e-04
Loss = 3.3359e-04, PNorm = 68.2214, GNorm = 0.3452, lr_0 = 4.5544e-04
Loss = 4.3258e-04, PNorm = 68.2295, GNorm = 0.6924, lr_0 = 4.5432e-04
Loss = 5.2956e-04, PNorm = 68.2358, GNorm = 0.4476, lr_0 = 4.5319e-04
Loss = 5.2431e-04, PNorm = 68.2501, GNorm = 0.6939, lr_0 = 4.5207e-04
Loss = 4.2578e-04, PNorm = 68.2629, GNorm = 0.5911, lr_0 = 4.5096e-04
Loss = 5.3563e-04, PNorm = 68.2678, GNorm = 0.3045, lr_0 = 4.4984e-04
Validation rmse = 0.489622
Epoch 36
Loss = 3.8315e-04, PNorm = 68.2867, GNorm = 0.2708, lr_0 = 4.4873e-04
Loss = 2.9012e-04, PNorm = 68.2926, GNorm = 0.3751, lr_0 = 4.4762e-04
Loss = 5.5223e-04, PNorm = 68.3049, GNorm = 0.3318, lr_0 = 4.4652e-04
Loss = 6.6159e-04, PNorm = 68.3095, GNorm = 0.7193, lr_0 = 4.4541e-04
Loss = 4.6153e-04, PNorm = 68.3201, GNorm = 0.7065, lr_0 = 4.4431e-04
Loss = 3.7827e-04, PNorm = 68.3314, GNorm = 0.3199, lr_0 = 4.4322e-04
Loss = 4.1159e-04, PNorm = 68.3408, GNorm = 0.3345, lr_0 = 4.4212e-04
Loss = 5.6697e-04, PNorm = 68.3519, GNorm = 0.4747, lr_0 = 4.4103e-04
Loss = 3.7000e-04, PNorm = 68.3555, GNorm = 0.5196, lr_0 = 4.3994e-04
Validation rmse = 0.448448
Epoch 37
Loss = 3.1440e-04, PNorm = 68.3606, GNorm = 0.5615, lr_0 = 4.3885e-04
Loss = 3.4501e-04, PNorm = 68.3724, GNorm = 0.2108, lr_0 = 4.3777e-04
Loss = 4.0144e-04, PNorm = 68.3847, GNorm = 0.2243, lr_0 = 4.3669e-04
Loss = 4.4893e-04, PNorm = 68.3945, GNorm = 0.3877, lr_0 = 4.3561e-04
Loss = 4.8781e-04, PNorm = 68.4067, GNorm = 0.7500, lr_0 = 4.3453e-04
Loss = 4.8147e-04, PNorm = 68.4119, GNorm = 0.2630, lr_0 = 4.3346e-04
Loss = 3.8226e-04, PNorm = 68.4247, GNorm = 0.1983, lr_0 = 4.3239e-04
Loss = 3.4385e-04, PNorm = 68.4342, GNorm = 0.2610, lr_0 = 4.3132e-04
Loss = 4.0405e-04, PNorm = 68.4444, GNorm = 0.2045, lr_0 = 4.3026e-04
Loss = 4.2718e-04, PNorm = 68.4557, GNorm = 0.2710, lr_0 = 4.2919e-04
Validation rmse = 0.525043
Epoch 38
Loss = 5.8513e-04, PNorm = 68.4615, GNorm = 0.2227, lr_0 = 4.2813e-04
Loss = 1.0765e-03, PNorm = 68.4738, GNorm = 2.5721, lr_0 = 4.2708e-04
Loss = 9.2164e-04, PNorm = 68.4868, GNorm = 0.7916, lr_0 = 4.2602e-04
Loss = 5.6082e-04, PNorm = 68.4965, GNorm = 0.4520, lr_0 = 4.2497e-04
Loss = 4.6436e-04, PNorm = 68.5169, GNorm = 0.2027, lr_0 = 4.2392e-04
Loss = 6.2743e-04, PNorm = 68.5340, GNorm = 0.3060, lr_0 = 4.2287e-04
Loss = 3.9947e-04, PNorm = 68.5435, GNorm = 0.2937, lr_0 = 4.2183e-04
Loss = 4.9472e-04, PNorm = 68.5516, GNorm = 0.6562, lr_0 = 4.2078e-04
Loss = 4.4833e-04, PNorm = 68.5639, GNorm = 0.3403, lr_0 = 4.1975e-04
Validation rmse = 0.454502
Epoch 39
Loss = 2.3465e-04, PNorm = 68.5705, GNorm = 0.1402, lr_0 = 4.1871e-04
Loss = 4.1845e-04, PNorm = 68.5784, GNorm = 0.4988, lr_0 = 4.1767e-04
Loss = 3.3561e-04, PNorm = 68.5853, GNorm = 0.1651, lr_0 = 4.1664e-04
Loss = 2.7086e-04, PNorm = 68.5909, GNorm = 0.2540, lr_0 = 4.1561e-04
Loss = 3.9312e-04, PNorm = 68.5994, GNorm = 0.3811, lr_0 = 4.1459e-04
Loss = 4.2036e-04, PNorm = 68.6075, GNorm = 0.1782, lr_0 = 4.1356e-04
Loss = 4.5613e-04, PNorm = 68.6206, GNorm = 1.2218, lr_0 = 4.1254e-04
Loss = 4.1875e-04, PNorm = 68.6228, GNorm = 0.4465, lr_0 = 4.1152e-04
Loss = 4.5354e-04, PNorm = 68.6331, GNorm = 0.7915, lr_0 = 4.1051e-04
Loss = 4.3669e-04, PNorm = 68.6451, GNorm = 0.4801, lr_0 = 4.0949e-04
Validation rmse = 0.484086
Epoch 40
Loss = 4.5855e-04, PNorm = 68.6533, GNorm = 0.4282, lr_0 = 4.0848e-04
Loss = 4.1065e-04, PNorm = 68.6653, GNorm = 0.6050, lr_0 = 4.0747e-04
Loss = 5.1258e-04, PNorm = 68.6737, GNorm = 0.4215, lr_0 = 4.0646e-04
Loss = 5.3246e-04, PNorm = 68.6861, GNorm = 0.8854, lr_0 = 4.0546e-04
Loss = 4.4706e-04, PNorm = 68.6948, GNorm = 0.4775, lr_0 = 4.0446e-04
Loss = 3.4949e-04, PNorm = 68.7061, GNorm = 0.1844, lr_0 = 4.0346e-04
Loss = 4.9258e-04, PNorm = 68.7118, GNorm = 0.6242, lr_0 = 4.0246e-04
Loss = 4.5385e-04, PNorm = 68.7170, GNorm = 0.4541, lr_0 = 4.0147e-04
Loss = 5.6104e-04, PNorm = 68.7322, GNorm = 0.6781, lr_0 = 4.0048e-04
Validation rmse = 0.454981
Epoch 41
Loss = 6.5679e-04, PNorm = 68.7397, GNorm = 0.2554, lr_0 = 3.9949e-04
Loss = 4.2868e-04, PNorm = 68.7524, GNorm = 0.5483, lr_0 = 3.9850e-04
Loss = 4.0523e-04, PNorm = 68.7647, GNorm = 0.4116, lr_0 = 3.9752e-04
Loss = 4.6160e-04, PNorm = 68.7719, GNorm = 0.4159, lr_0 = 3.9653e-04
Loss = 3.6437e-04, PNorm = 68.7813, GNorm = 0.4370, lr_0 = 3.9556e-04
Loss = 3.1681e-04, PNorm = 68.7856, GNorm = 0.3624, lr_0 = 3.9458e-04
Loss = 3.5819e-04, PNorm = 68.7941, GNorm = 0.3933, lr_0 = 3.9360e-04
Loss = 3.2722e-04, PNorm = 68.8047, GNorm = 0.3361, lr_0 = 3.9263e-04
Loss = 3.6493e-04, PNorm = 68.8086, GNorm = 0.2724, lr_0 = 3.9166e-04
Loss = 6.4234e-04, PNorm = 68.8212, GNorm = 0.7970, lr_0 = 3.9069e-04
Validation rmse = 0.481062
Epoch 42
Loss = 4.5756e-04, PNorm = 68.8269, GNorm = 0.4707, lr_0 = 3.8973e-04
Loss = 3.1593e-04, PNorm = 68.8354, GNorm = 0.3042, lr_0 = 3.8877e-04
Loss = 3.7582e-04, PNorm = 68.8425, GNorm = 0.3102, lr_0 = 3.8781e-04
Loss = 4.5673e-04, PNorm = 68.8530, GNorm = 1.2198, lr_0 = 3.8685e-04
Loss = 4.4367e-04, PNorm = 68.8602, GNorm = 0.4870, lr_0 = 3.8589e-04
Loss = 5.4941e-04, PNorm = 68.8682, GNorm = 0.7587, lr_0 = 3.8494e-04
Loss = 4.1249e-04, PNorm = 68.8769, GNorm = 0.5188, lr_0 = 3.8399e-04
Loss = 3.3250e-04, PNorm = 68.8874, GNorm = 0.3029, lr_0 = 3.8304e-04
Loss = 3.3242e-04, PNorm = 68.8972, GNorm = 0.1522, lr_0 = 3.8209e-04
Validation rmse = 0.419088
Epoch 43
Loss = 2.8563e-04, PNorm = 68.9019, GNorm = 0.1611, lr_0 = 3.8115e-04
Loss = 3.2916e-04, PNorm = 68.9124, GNorm = 0.1640, lr_0 = 3.8021e-04
Loss = 3.5031e-04, PNorm = 68.9188, GNorm = 0.4732, lr_0 = 3.7927e-04
Loss = 4.0145e-04, PNorm = 68.9269, GNorm = 0.4572, lr_0 = 3.7833e-04
Loss = 4.2231e-04, PNorm = 68.9356, GNorm = 0.2167, lr_0 = 3.7740e-04
Loss = 3.3769e-04, PNorm = 68.9441, GNorm = 0.7846, lr_0 = 3.7647e-04
Loss = 4.6086e-04, PNorm = 68.9452, GNorm = 0.4525, lr_0 = 3.7554e-04
Loss = 3.8511e-04, PNorm = 68.9550, GNorm = 0.1424, lr_0 = 3.7461e-04
Loss = 3.5026e-04, PNorm = 68.9595, GNorm = 0.5247, lr_0 = 3.7368e-04
Loss = 3.4007e-04, PNorm = 68.9696, GNorm = 0.2944, lr_0 = 3.7276e-04
Validation rmse = 0.426680
Epoch 44
Loss = 3.1980e-04, PNorm = 68.9761, GNorm = 0.4152, lr_0 = 3.7184e-04
Loss = 3.0354e-04, PNorm = 68.9822, GNorm = 0.1686, lr_0 = 3.7092e-04
Loss = 3.7075e-04, PNorm = 68.9899, GNorm = 0.3193, lr_0 = 3.7000e-04
Loss = 4.2935e-04, PNorm = 68.9935, GNorm = 0.5005, lr_0 = 3.6909e-04
Loss = 3.5333e-04, PNorm = 69.0022, GNorm = 0.7850, lr_0 = 3.6818e-04
Loss = 3.1402e-04, PNorm = 69.0081, GNorm = 0.2453, lr_0 = 3.6727e-04
Loss = 4.9590e-04, PNorm = 69.0146, GNorm = 0.4090, lr_0 = 3.6636e-04
Loss = 2.8405e-04, PNorm = 69.0219, GNorm = 0.1644, lr_0 = 3.6546e-04
Loss = 3.4358e-04, PNorm = 69.0313, GNorm = 0.3855, lr_0 = 3.6455e-04
Validation rmse = 0.465572
Epoch 45
Loss = 3.8330e-04, PNorm = 69.0407, GNorm = 0.3427, lr_0 = 3.6365e-04
Loss = 2.7790e-04, PNorm = 69.0521, GNorm = 0.6056, lr_0 = 3.6275e-04
Loss = 2.9947e-04, PNorm = 69.0586, GNorm = 0.2527, lr_0 = 3.6186e-04
Loss = 3.3890e-04, PNorm = 69.0636, GNorm = 0.2026, lr_0 = 3.6096e-04
Loss = 5.5699e-04, PNorm = 69.0692, GNorm = 0.3390, lr_0 = 3.6007e-04
Loss = 4.6276e-04, PNorm = 69.0748, GNorm = 0.6525, lr_0 = 3.5918e-04
Loss = 4.2231e-04, PNorm = 69.0836, GNorm = 0.4917, lr_0 = 3.5830e-04
Loss = 3.6750e-04, PNorm = 69.0953, GNorm = 0.2499, lr_0 = 3.5741e-04
Loss = 3.1392e-04, PNorm = 69.1051, GNorm = 0.3900, lr_0 = 3.5653e-04
Loss = 3.2950e-04, PNorm = 69.1130, GNorm = 0.3606, lr_0 = 3.5565e-04
Validation rmse = 0.460501
Epoch 46
Loss = 3.5354e-04, PNorm = 69.1165, GNorm = 0.2580, lr_0 = 3.5477e-04
Loss = 3.4750e-04, PNorm = 69.1234, GNorm = 0.4329, lr_0 = 3.5389e-04
Loss = 4.1809e-04, PNorm = 69.1251, GNorm = 0.5987, lr_0 = 3.5302e-04
Loss = 3.2002e-04, PNorm = 69.1362, GNorm = 0.3522, lr_0 = 3.5215e-04
Loss = 4.3394e-04, PNorm = 69.1482, GNorm = 0.2725, lr_0 = 3.5128e-04
Loss = 3.1769e-04, PNorm = 69.1577, GNorm = 0.5305, lr_0 = 3.5041e-04
Loss = 3.6320e-04, PNorm = 69.1620, GNorm = 0.3180, lr_0 = 3.4954e-04
Loss = 4.8756e-04, PNorm = 69.1718, GNorm = 0.5315, lr_0 = 3.4868e-04
Loss = 3.4727e-04, PNorm = 69.1789, GNorm = 0.8356, lr_0 = 3.4782e-04
Validation rmse = 0.462127
Epoch 47
Loss = 2.5185e-04, PNorm = 69.1908, GNorm = 0.2228, lr_0 = 3.4696e-04
Loss = 2.6476e-04, PNorm = 69.1929, GNorm = 0.3358, lr_0 = 3.4610e-04
Loss = 3.0058e-04, PNorm = 69.1992, GNorm = 0.8936, lr_0 = 3.4525e-04
Loss = 2.7081e-04, PNorm = 69.2036, GNorm = 0.2064, lr_0 = 3.4440e-04
Loss = 4.7631e-04, PNorm = 69.2134, GNorm = 0.2068, lr_0 = 3.4354e-04
Loss = 2.9341e-04, PNorm = 69.2229, GNorm = 0.1582, lr_0 = 3.4270e-04
Loss = 3.8435e-04, PNorm = 69.2316, GNorm = 0.6860, lr_0 = 3.4185e-04
Loss = 2.7000e-04, PNorm = 69.2385, GNorm = 0.1309, lr_0 = 3.4100e-04
Loss = 2.7488e-04, PNorm = 69.2481, GNorm = 0.2360, lr_0 = 3.4016e-04
Loss = 2.7648e-04, PNorm = 69.2564, GNorm = 0.3341, lr_0 = 3.3932e-04
Validation rmse = 0.476770
Epoch 48
Loss = 3.0710e-04, PNorm = 69.2594, GNorm = 0.3977, lr_0 = 3.3848e-04
Loss = 1.8851e-04, PNorm = 69.2632, GNorm = 0.2550, lr_0 = 3.3765e-04
Loss = 3.3556e-04, PNorm = 69.2695, GNorm = 0.3725, lr_0 = 3.3681e-04
Loss = 3.0970e-04, PNorm = 69.2770, GNorm = 0.8224, lr_0 = 3.3598e-04
Loss = 2.6579e-04, PNorm = 69.2846, GNorm = 0.1703, lr_0 = 3.3515e-04
Loss = 3.8574e-04, PNorm = 69.2910, GNorm = 0.7555, lr_0 = 3.3432e-04
Loss = 3.1504e-04, PNorm = 69.2999, GNorm = 0.4986, lr_0 = 3.3350e-04
Loss = 2.9186e-04, PNorm = 69.3047, GNorm = 0.4651, lr_0 = 3.3267e-04
Loss = 3.7707e-04, PNorm = 69.3143, GNorm = 0.5080, lr_0 = 3.3185e-04
Validation rmse = 0.500616
Epoch 49
Loss = 4.4562e-04, PNorm = 69.3216, GNorm = 1.3623, lr_0 = 3.3103e-04
Loss = 5.3842e-04, PNorm = 69.3286, GNorm = 0.3662, lr_0 = 3.3022e-04
Loss = 2.5533e-04, PNorm = 69.3391, GNorm = 0.1532, lr_0 = 3.2940e-04
Loss = 3.2149e-04, PNorm = 69.3436, GNorm = 0.1786, lr_0 = 3.2859e-04
Loss = 3.9442e-04, PNorm = 69.3562, GNorm = 0.2022, lr_0 = 3.2777e-04
Loss = 2.8436e-04, PNorm = 69.3635, GNorm = 0.1292, lr_0 = 3.2696e-04
Loss = 2.9919e-04, PNorm = 69.3695, GNorm = 0.1911, lr_0 = 3.2616e-04
Loss = 3.0509e-04, PNorm = 69.3777, GNorm = 0.1766, lr_0 = 3.2535e-04
Loss = 3.5447e-04, PNorm = 69.3833, GNorm = 0.6947, lr_0 = 3.2455e-04
Loss = 3.4764e-04, PNorm = 69.3943, GNorm = 0.3244, lr_0 = 3.2375e-04
Validation rmse = 0.475667
Epoch 50
Loss = 3.4068e-04, PNorm = 69.3937, GNorm = 0.3019, lr_0 = 3.2295e-04
Loss = 4.1475e-04, PNorm = 69.3998, GNorm = 0.3999, lr_0 = 3.2215e-04
Loss = 3.2575e-04, PNorm = 69.4053, GNorm = 0.2575, lr_0 = 3.2135e-04
Loss = 3.3517e-04, PNorm = 69.4135, GNorm = 0.2742, lr_0 = 3.2056e-04
Loss = 3.2106e-04, PNorm = 69.4227, GNorm = 0.1934, lr_0 = 3.1977e-04
Loss = 3.6824e-04, PNorm = 69.4334, GNorm = 0.3023, lr_0 = 3.1898e-04
Loss = 3.1088e-04, PNorm = 69.4410, GNorm = 0.1817, lr_0 = 3.1819e-04
Loss = 2.6292e-04, PNorm = 69.4468, GNorm = 0.2401, lr_0 = 3.1740e-04
Loss = 2.6554e-04, PNorm = 69.4544, GNorm = 0.1816, lr_0 = 3.1662e-04
Validation rmse = 0.461633
Epoch 51
Loss = 3.3770e-04, PNorm = 69.4621, GNorm = 1.3280, lr_0 = 3.1584e-04
Loss = 2.6110e-04, PNorm = 69.4728, GNorm = 0.2100, lr_0 = 3.1506e-04
Loss = 3.5992e-04, PNorm = 69.4762, GNorm = 0.2330, lr_0 = 3.1428e-04
Loss = 3.2185e-04, PNorm = 69.4875, GNorm = 0.4725, lr_0 = 3.1350e-04
Loss = 2.6706e-04, PNorm = 69.4953, GNorm = 0.2917, lr_0 = 3.1273e-04
Loss = 3.2394e-04, PNorm = 69.5011, GNorm = 0.5962, lr_0 = 3.1196e-04
Loss = 2.4710e-04, PNorm = 69.5039, GNorm = 0.3885, lr_0 = 3.1118e-04
Loss = 3.1634e-04, PNorm = 69.5076, GNorm = 0.4774, lr_0 = 3.1042e-04
Loss = 2.6001e-04, PNorm = 69.5137, GNorm = 0.2778, lr_0 = 3.0965e-04
Loss = 4.0159e-04, PNorm = 69.5196, GNorm = 0.2851, lr_0 = 3.0888e-04
Validation rmse = 0.452568
Epoch 52
Loss = 3.2378e-04, PNorm = 69.5254, GNorm = 0.3131, lr_0 = 3.0812e-04
Loss = 4.3578e-04, PNorm = 69.5342, GNorm = 0.2782, lr_0 = 3.0736e-04
Loss = 3.7206e-04, PNorm = 69.5404, GNorm = 0.3304, lr_0 = 3.0660e-04
Loss = 3.2980e-04, PNorm = 69.5490, GNorm = 0.2678, lr_0 = 3.0584e-04
Loss = 3.4662e-04, PNorm = 69.5553, GNorm = 0.2628, lr_0 = 3.0509e-04
Loss = 4.1518e-04, PNorm = 69.5623, GNorm = 0.5221, lr_0 = 3.0433e-04
Loss = 4.2907e-04, PNorm = 69.5709, GNorm = 0.3395, lr_0 = 3.0358e-04
Loss = 3.0212e-04, PNorm = 69.5787, GNorm = 0.3239, lr_0 = 3.0283e-04
Loss = 4.5885e-04, PNorm = 69.5875, GNorm = 0.8544, lr_0 = 3.0208e-04
Validation rmse = 0.451303
Epoch 53
Loss = 3.7298e-04, PNorm = 69.5925, GNorm = 0.8905, lr_0 = 3.0134e-04
Loss = 3.3296e-04, PNorm = 69.6036, GNorm = 0.3183, lr_0 = 3.0059e-04
Loss = 3.2588e-04, PNorm = 69.6100, GNorm = 0.1805, lr_0 = 2.9985e-04
Loss = 2.9191e-04, PNorm = 69.6164, GNorm = 0.3965, lr_0 = 2.9911e-04
Loss = 3.8012e-04, PNorm = 69.6234, GNorm = 0.5726, lr_0 = 2.9837e-04
Loss = 2.9584e-04, PNorm = 69.6325, GNorm = 0.1951, lr_0 = 2.9764e-04
Loss = 3.7515e-04, PNorm = 69.6376, GNorm = 0.8191, lr_0 = 2.9690e-04
Loss = 2.4932e-04, PNorm = 69.6449, GNorm = 0.3233, lr_0 = 2.9617e-04
Loss = 3.1697e-04, PNorm = 69.6468, GNorm = 0.5199, lr_0 = 2.9543e-04
Loss = 3.7949e-04, PNorm = 69.6570, GNorm = 0.3010, lr_0 = 2.9471e-04
Validation rmse = 0.534540
Epoch 54
Loss = 3.6810e-04, PNorm = 69.6661, GNorm = 0.1627, lr_0 = 2.9398e-04
Loss = 3.4296e-04, PNorm = 69.6740, GNorm = 0.4810, lr_0 = 2.9325e-04
Loss = 3.6675e-04, PNorm = 69.6810, GNorm = 0.2951, lr_0 = 2.9253e-04
Loss = 2.1515e-04, PNorm = 69.6882, GNorm = 0.2547, lr_0 = 2.9180e-04
Loss = 2.1219e-04, PNorm = 69.6921, GNorm = 0.1734, lr_0 = 2.9108e-04
Loss = 2.4916e-04, PNorm = 69.6998, GNorm = 0.1522, lr_0 = 2.9036e-04
Loss = 2.0903e-04, PNorm = 69.7083, GNorm = 0.1393, lr_0 = 2.8965e-04
Loss = 2.2430e-04, PNorm = 69.7108, GNorm = 0.4019, lr_0 = 2.8893e-04
Loss = 4.0437e-04, PNorm = 69.7166, GNorm = 0.5041, lr_0 = 2.8822e-04
Validation rmse = 0.455991
Epoch 55
Loss = 2.0853e-04, PNorm = 69.7194, GNorm = 0.2224, lr_0 = 2.8751e-04
Loss = 2.7057e-04, PNorm = 69.7275, GNorm = 0.2413, lr_0 = 2.8680e-04
Loss = 2.8043e-04, PNorm = 69.7328, GNorm = 0.2041, lr_0 = 2.8609e-04
Loss = 2.4763e-04, PNorm = 69.7405, GNorm = 0.1296, lr_0 = 2.8538e-04
Loss = 2.8369e-04, PNorm = 69.7451, GNorm = 0.4193, lr_0 = 2.8468e-04
Loss = 3.5836e-04, PNorm = 69.7539, GNorm = 0.2304, lr_0 = 2.8397e-04
Loss = 3.2184e-04, PNorm = 69.7576, GNorm = 0.1662, lr_0 = 2.8327e-04
Loss = 2.8925e-04, PNorm = 69.7609, GNorm = 0.2052, lr_0 = 2.8257e-04
Loss = 3.9329e-04, PNorm = 69.7682, GNorm = 2.2597, lr_0 = 2.8187e-04
Loss = 4.7157e-04, PNorm = 69.7743, GNorm = 0.4646, lr_0 = 2.8118e-04
Validation rmse = 0.514447
Epoch 56
Loss = 3.9532e-04, PNorm = 69.7840, GNorm = 0.8937, lr_0 = 2.8048e-04
Loss = 3.3427e-04, PNorm = 69.7918, GNorm = 0.3417, lr_0 = 2.7979e-04
Loss = 2.6541e-04, PNorm = 69.7990, GNorm = 0.1496, lr_0 = 2.7910e-04
Loss = 3.0991e-04, PNorm = 69.8103, GNorm = 0.3390, lr_0 = 2.7841e-04
Loss = 3.3123e-04, PNorm = 69.8169, GNorm = 0.3947, lr_0 = 2.7772e-04
Loss = 2.6492e-04, PNorm = 69.8254, GNorm = 0.2909, lr_0 = 2.7704e-04
Loss = 2.4582e-04, PNorm = 69.8329, GNorm = 0.2727, lr_0 = 2.7635e-04
Loss = 2.5905e-04, PNorm = 69.8402, GNorm = 0.2769, lr_0 = 2.7567e-04
Loss = 3.7177e-04, PNorm = 69.8424, GNorm = 0.9919, lr_0 = 2.7499e-04
Validation rmse = 0.487997
Epoch 57
Loss = 2.9934e-04, PNorm = 69.8457, GNorm = 0.3841, lr_0 = 2.7431e-04
Loss = 2.2514e-04, PNorm = 69.8498, GNorm = 0.3466, lr_0 = 2.7363e-04
Loss = 2.3393e-04, PNorm = 69.8558, GNorm = 0.3123, lr_0 = 2.7295e-04
Loss = 2.9203e-04, PNorm = 69.8644, GNorm = 0.6469, lr_0 = 2.7228e-04
Loss = 3.7524e-04, PNorm = 69.8706, GNorm = 1.4627, lr_0 = 2.7161e-04
Loss = 4.1838e-04, PNorm = 69.8761, GNorm = 0.2902, lr_0 = 2.7094e-04
Loss = 4.0861e-04, PNorm = 69.8806, GNorm = 0.3208, lr_0 = 2.7027e-04
Loss = 3.1501e-04, PNorm = 69.8862, GNorm = 0.2732, lr_0 = 2.6960e-04
Loss = 2.7700e-04, PNorm = 69.8950, GNorm = 0.3362, lr_0 = 2.6893e-04
Loss = 2.8777e-04, PNorm = 69.9029, GNorm = 0.1564, lr_0 = 2.6827e-04
Validation rmse = 0.430918
Epoch 58
Loss = 3.1682e-04, PNorm = 69.9077, GNorm = 0.2408, lr_0 = 2.6761e-04
Loss = 2.6229e-04, PNorm = 69.9124, GNorm = 0.1788, lr_0 = 2.6695e-04
Loss = 2.9286e-04, PNorm = 69.9184, GNorm = 0.2516, lr_0 = 2.6629e-04
Loss = 3.3718e-04, PNorm = 69.9233, GNorm = 0.4458, lr_0 = 2.6563e-04
Loss = 3.0813e-04, PNorm = 69.9284, GNorm = 0.2354, lr_0 = 2.6497e-04
Loss = 2.6743e-04, PNorm = 69.9329, GNorm = 0.2358, lr_0 = 2.6432e-04
Loss = 2.6130e-04, PNorm = 69.9397, GNorm = 0.2633, lr_0 = 2.6367e-04
Loss = 2.4949e-04, PNorm = 69.9462, GNorm = 0.7016, lr_0 = 2.6301e-04
Loss = 1.8691e-04, PNorm = 69.9519, GNorm = 0.1682, lr_0 = 2.6236e-04
Validation rmse = 0.451559
Epoch 59
Loss = 2.4817e-04, PNorm = 69.9566, GNorm = 0.5464, lr_0 = 2.6172e-04
Loss = 2.7761e-04, PNorm = 69.9639, GNorm = 0.4696, lr_0 = 2.6107e-04
Loss = 2.7025e-04, PNorm = 69.9675, GNorm = 0.2326, lr_0 = 2.6042e-04
Loss = 4.3913e-04, PNorm = 69.9764, GNorm = 0.3511, lr_0 = 2.5978e-04
Loss = 2.9985e-04, PNorm = 69.9800, GNorm = 0.2186, lr_0 = 2.5914e-04
Loss = 2.9157e-04, PNorm = 69.9861, GNorm = 0.1879, lr_0 = 2.5850e-04
Loss = 3.1036e-04, PNorm = 69.9931, GNorm = 0.1667, lr_0 = 2.5786e-04
Loss = 2.4474e-04, PNorm = 69.9973, GNorm = 0.2279, lr_0 = 2.5722e-04
Loss = 2.3501e-04, PNorm = 70.0009, GNorm = 0.2218, lr_0 = 2.5659e-04
Loss = 2.3712e-04, PNorm = 70.0084, GNorm = 0.4257, lr_0 = 2.5595e-04
Validation rmse = 0.457960
Epoch 60
Loss = 2.5626e-04, PNorm = 70.0139, GNorm = 0.2038, lr_0 = 2.5532e-04
Loss = 1.9775e-04, PNorm = 70.0190, GNorm = 0.3179, lr_0 = 2.5469e-04
Loss = 2.8162e-04, PNorm = 70.0219, GNorm = 0.2321, lr_0 = 2.5406e-04
Loss = 2.1982e-04, PNorm = 70.0270, GNorm = 0.2165, lr_0 = 2.5344e-04
Loss = 2.5048e-04, PNorm = 70.0263, GNorm = 0.2472, lr_0 = 2.5281e-04
Loss = 3.1351e-04, PNorm = 70.0282, GNorm = 0.4310, lr_0 = 2.5218e-04
Loss = 2.4810e-04, PNorm = 70.0354, GNorm = 0.5285, lr_0 = 2.5156e-04
Loss = 2.7213e-04, PNorm = 70.0412, GNorm = 0.3297, lr_0 = 2.5094e-04
Loss = 3.0447e-04, PNorm = 70.0516, GNorm = 0.3471, lr_0 = 2.5032e-04
Validation rmse = 0.514201
Epoch 61
Loss = 4.8747e-04, PNorm = 70.0581, GNorm = 0.3353, lr_0 = 2.4970e-04
Loss = 4.2153e-04, PNorm = 70.0647, GNorm = 0.5451, lr_0 = 2.4909e-04
Loss = 4.4372e-04, PNorm = 70.0772, GNorm = 0.3809, lr_0 = 2.4847e-04
Loss = 2.2359e-04, PNorm = 70.0829, GNorm = 0.2228, lr_0 = 2.4786e-04
Loss = 1.9113e-04, PNorm = 70.0871, GNorm = 0.1289, lr_0 = 2.4724e-04
Loss = 2.7350e-04, PNorm = 70.0880, GNorm = 0.2217, lr_0 = 2.4663e-04
Loss = 2.7829e-04, PNorm = 70.0943, GNorm = 0.3626, lr_0 = 2.4602e-04
Loss = 2.8257e-04, PNorm = 70.0988, GNorm = 0.2064, lr_0 = 2.4542e-04
Loss = 2.7744e-04, PNorm = 70.1049, GNorm = 0.3197, lr_0 = 2.4481e-04
Loss = 3.3994e-04, PNorm = 70.1104, GNorm = 0.3305, lr_0 = 2.4421e-04
Validation rmse = 0.423370
Epoch 62
Loss = 3.8809e-04, PNorm = 70.1161, GNorm = 0.2602, lr_0 = 2.4360e-04
Loss = 4.4628e-04, PNorm = 70.1222, GNorm = 0.2142, lr_0 = 2.4300e-04
Loss = 2.6870e-04, PNorm = 70.1293, GNorm = 0.2432, lr_0 = 2.4240e-04
Loss = 2.5196e-04, PNorm = 70.1365, GNorm = 0.2442, lr_0 = 2.4180e-04
Loss = 2.8991e-04, PNorm = 70.1422, GNorm = 0.2623, lr_0 = 2.4120e-04
Loss = 2.5321e-04, PNorm = 70.1459, GNorm = 1.2714, lr_0 = 2.4061e-04
Loss = 3.5601e-04, PNorm = 70.1518, GNorm = 0.2858, lr_0 = 2.4001e-04
Loss = 3.0389e-04, PNorm = 70.1584, GNorm = 0.1662, lr_0 = 2.3942e-04
Loss = 3.0280e-04, PNorm = 70.1629, GNorm = 0.5760, lr_0 = 2.3883e-04
Validation rmse = 0.443244
Epoch 63
Loss = 2.6940e-04, PNorm = 70.1664, GNorm = 0.2465, lr_0 = 2.3824e-04
Loss = 2.6325e-04, PNorm = 70.1730, GNorm = 0.1665, lr_0 = 2.3765e-04
Loss = 2.7522e-04, PNorm = 70.1820, GNorm = 0.3611, lr_0 = 2.3706e-04
Loss = 3.4390e-04, PNorm = 70.1914, GNorm = 0.1194, lr_0 = 2.3648e-04
Loss = 2.5016e-04, PNorm = 70.1987, GNorm = 0.2628, lr_0 = 2.3589e-04
Loss = 2.1564e-04, PNorm = 70.1999, GNorm = 0.3084, lr_0 = 2.3531e-04
Loss = 2.2521e-04, PNorm = 70.2035, GNorm = 0.6653, lr_0 = 2.3473e-04
Loss = 2.6932e-04, PNorm = 70.2116, GNorm = 0.5781, lr_0 = 2.3415e-04
Loss = 2.1505e-04, PNorm = 70.2193, GNorm = 0.1961, lr_0 = 2.3357e-04
Loss = 2.6801e-04, PNorm = 70.2257, GNorm = 0.1801, lr_0 = 2.3300e-04
Validation rmse = 0.448982
Epoch 64
Loss = 2.5291e-04, PNorm = 70.2302, GNorm = 0.2401, lr_0 = 2.3242e-04
Loss = 3.0515e-04, PNorm = 70.2334, GNorm = 0.6756, lr_0 = 2.3185e-04
Loss = 2.8809e-04, PNorm = 70.2420, GNorm = 0.3709, lr_0 = 2.3127e-04
Loss = 2.6503e-04, PNorm = 70.2436, GNorm = 0.3392, lr_0 = 2.3070e-04
Loss = 2.1323e-04, PNorm = 70.2509, GNorm = 0.1388, lr_0 = 2.3013e-04
Loss = 3.0383e-04, PNorm = 70.2530, GNorm = 0.3171, lr_0 = 2.2956e-04
Loss = 2.3811e-04, PNorm = 70.2566, GNorm = 0.3129, lr_0 = 2.2900e-04
Loss = 3.0113e-04, PNorm = 70.2636, GNorm = 0.3428, lr_0 = 2.2843e-04
Loss = 1.9237e-04, PNorm = 70.2728, GNorm = 0.2081, lr_0 = 2.2787e-04
Validation rmse = 0.462470
Epoch 65
Loss = 1.9550e-04, PNorm = 70.2779, GNorm = 0.4859, lr_0 = 2.2730e-04
Loss = 2.7992e-04, PNorm = 70.2801, GNorm = 0.7384, lr_0 = 2.2674e-04
Loss = 2.5072e-04, PNorm = 70.2908, GNorm = 0.4837, lr_0 = 2.2618e-04
Loss = 2.3447e-04, PNorm = 70.2986, GNorm = 0.3820, lr_0 = 2.2562e-04
Loss = 2.4418e-04, PNorm = 70.3013, GNorm = 0.1239, lr_0 = 2.2507e-04
Loss = 2.1408e-04, PNorm = 70.3054, GNorm = 0.2278, lr_0 = 2.2451e-04
Loss = 2.1575e-04, PNorm = 70.3067, GNorm = 0.2953, lr_0 = 2.2396e-04
Loss = 2.7294e-04, PNorm = 70.3101, GNorm = 0.0957, lr_0 = 2.2340e-04
Loss = 1.8219e-04, PNorm = 70.3129, GNorm = 0.1568, lr_0 = 2.2285e-04
Loss = 2.6739e-04, PNorm = 70.3164, GNorm = 0.3044, lr_0 = 2.2230e-04
Validation rmse = 0.442864
Epoch 66
Loss = 2.0613e-04, PNorm = 70.3199, GNorm = 0.1817, lr_0 = 2.2175e-04
Loss = 2.1865e-04, PNorm = 70.3235, GNorm = 0.1466, lr_0 = 2.2120e-04
Loss = 2.3220e-04, PNorm = 70.3311, GNorm = 0.2346, lr_0 = 2.2066e-04
Loss = 2.1822e-04, PNorm = 70.3319, GNorm = 0.1294, lr_0 = 2.2011e-04
Loss = 2.1377e-04, PNorm = 70.3388, GNorm = 0.2240, lr_0 = 2.1957e-04
Loss = 2.6219e-04, PNorm = 70.3418, GNorm = 0.8933, lr_0 = 2.1903e-04
Loss = 2.2559e-04, PNorm = 70.3478, GNorm = 0.1812, lr_0 = 2.1848e-04
Loss = 2.0852e-04, PNorm = 70.3524, GNorm = 0.2839, lr_0 = 2.1794e-04
Loss = 2.4075e-04, PNorm = 70.3581, GNorm = 0.2564, lr_0 = 2.1741e-04
Validation rmse = 0.472483
Epoch 67
Loss = 2.2632e-04, PNorm = 70.3614, GNorm = 0.3583, lr_0 = 2.1687e-04
Loss = 2.2299e-04, PNorm = 70.3647, GNorm = 0.2507, lr_0 = 2.1633e-04
Loss = 2.2231e-04, PNorm = 70.3689, GNorm = 0.3808, lr_0 = 2.1580e-04
Loss = 3.3232e-04, PNorm = 70.3708, GNorm = 0.2327, lr_0 = 2.1527e-04
Loss = 2.1248e-04, PNorm = 70.3740, GNorm = 0.2223, lr_0 = 2.1473e-04
Loss = 2.0094e-04, PNorm = 70.3791, GNorm = 0.1955, lr_0 = 2.1420e-04
Loss = 1.7481e-04, PNorm = 70.3851, GNorm = 0.3196, lr_0 = 2.1367e-04
Loss = 2.2598e-04, PNorm = 70.3892, GNorm = 0.2114, lr_0 = 2.1315e-04
Loss = 2.5867e-04, PNorm = 70.3963, GNorm = 0.3312, lr_0 = 2.1262e-04
Loss = 3.1423e-04, PNorm = 70.4010, GNorm = 0.2958, lr_0 = 2.1210e-04
Validation rmse = 0.465194
Epoch 68
Loss = 2.1131e-04, PNorm = 70.4074, GNorm = 0.2034, lr_0 = 2.1157e-04
Loss = 2.5004e-04, PNorm = 70.4106, GNorm = 0.4487, lr_0 = 2.1105e-04
Loss = 2.3261e-04, PNorm = 70.4163, GNorm = 0.2035, lr_0 = 2.1053e-04
Loss = 2.7524e-04, PNorm = 70.4185, GNorm = 0.2187, lr_0 = 2.1001e-04
Loss = 2.3534e-04, PNorm = 70.4266, GNorm = 0.3403, lr_0 = 2.0949e-04
Loss = 3.8465e-04, PNorm = 70.4324, GNorm = 0.5158, lr_0 = 2.0897e-04
Loss = 2.5808e-04, PNorm = 70.4413, GNorm = 0.3486, lr_0 = 2.0845e-04
Loss = 2.6498e-04, PNorm = 70.4444, GNorm = 0.6502, lr_0 = 2.0794e-04
Loss = 1.8356e-04, PNorm = 70.4478, GNorm = 0.1432, lr_0 = 2.0743e-04
Validation rmse = 0.439420
Epoch 69
Loss = 1.6012e-04, PNorm = 70.4505, GNorm = 0.2813, lr_0 = 2.0691e-04
Loss = 2.6526e-04, PNorm = 70.4554, GNorm = 0.5394, lr_0 = 2.0640e-04
Loss = 2.1333e-04, PNorm = 70.4610, GNorm = 0.3272, lr_0 = 2.0589e-04
Loss = 3.0458e-04, PNorm = 70.4643, GNorm = 0.6078, lr_0 = 2.0538e-04
Loss = 2.5551e-04, PNorm = 70.4685, GNorm = 0.1937, lr_0 = 2.0488e-04
Loss = 2.3328e-04, PNorm = 70.4739, GNorm = 0.2086, lr_0 = 2.0437e-04
Loss = 2.4537e-04, PNorm = 70.4767, GNorm = 0.2528, lr_0 = 2.0387e-04
Loss = 2.1360e-04, PNorm = 70.4804, GNorm = 0.1858, lr_0 = 2.0336e-04
Loss = 1.8129e-04, PNorm = 70.4835, GNorm = 0.2572, lr_0 = 2.0286e-04
Loss = 2.0057e-04, PNorm = 70.4878, GNorm = 0.1322, lr_0 = 2.0236e-04
Validation rmse = 0.466680
Epoch 70
Loss = 1.8266e-04, PNorm = 70.4901, GNorm = 0.1931, lr_0 = 2.0186e-04
Loss = 2.5177e-04, PNorm = 70.4937, GNorm = 0.2403, lr_0 = 2.0136e-04
Loss = 2.3505e-04, PNorm = 70.4994, GNorm = 0.6097, lr_0 = 2.0086e-04
Loss = 1.8696e-04, PNorm = 70.4998, GNorm = 0.3206, lr_0 = 2.0037e-04
Loss = 2.1210e-04, PNorm = 70.5029, GNorm = 0.3129, lr_0 = 1.9987e-04
Loss = 2.3638e-04, PNorm = 70.5064, GNorm = 0.1584, lr_0 = 1.9938e-04
Loss = 1.9765e-04, PNorm = 70.5126, GNorm = 0.3475, lr_0 = 1.9889e-04
Loss = 3.1568e-04, PNorm = 70.5170, GNorm = 0.2071, lr_0 = 1.9839e-04
Loss = 2.0527e-04, PNorm = 70.5215, GNorm = 0.1993, lr_0 = 1.9790e-04
Validation rmse = 0.465436
Epoch 71
Loss = 1.6964e-04, PNorm = 70.5227, GNorm = 0.1447, lr_0 = 1.9742e-04
Loss = 1.5219e-04, PNorm = 70.5253, GNorm = 0.1879, lr_0 = 1.9693e-04
Loss = 2.0481e-04, PNorm = 70.5300, GNorm = 0.2181, lr_0 = 1.9644e-04
Loss = 2.7827e-04, PNorm = 70.5356, GNorm = 0.1243, lr_0 = 1.9596e-04
Loss = 2.7462e-04, PNorm = 70.5425, GNorm = 0.1657, lr_0 = 1.9547e-04
Loss = 2.3456e-04, PNorm = 70.5473, GNorm = 0.5796, lr_0 = 1.9499e-04
Loss = 2.8864e-04, PNorm = 70.5523, GNorm = 0.2348, lr_0 = 1.9451e-04
Loss = 2.3624e-04, PNorm = 70.5562, GNorm = 0.2257, lr_0 = 1.9403e-04
Loss = 2.4330e-04, PNorm = 70.5617, GNorm = 0.4548, lr_0 = 1.9355e-04
Loss = 1.7584e-04, PNorm = 70.5665, GNorm = 0.3586, lr_0 = 1.9307e-04
Validation rmse = 0.461635
Epoch 72
Loss = 1.6421e-04, PNorm = 70.5741, GNorm = 0.5600, lr_0 = 1.9259e-04
Loss = 2.2294e-04, PNorm = 70.5782, GNorm = 0.2449, lr_0 = 1.9212e-04
Loss = 2.1143e-04, PNorm = 70.5821, GNorm = 0.2286, lr_0 = 1.9164e-04
Loss = 2.2703e-04, PNorm = 70.5796, GNorm = 0.2565, lr_0 = 1.9117e-04
Loss = 2.4039e-04, PNorm = 70.5823, GNorm = 0.2257, lr_0 = 1.9070e-04
Loss = 2.1973e-04, PNorm = 70.5881, GNorm = 0.1492, lr_0 = 1.9023e-04
Loss = 2.2458e-04, PNorm = 70.5935, GNorm = 0.6203, lr_0 = 1.8976e-04
Loss = 2.0262e-04, PNorm = 70.5988, GNorm = 0.2054, lr_0 = 1.8929e-04
Loss = 2.3097e-04, PNorm = 70.6011, GNorm = 0.2760, lr_0 = 1.8882e-04
Validation rmse = 0.483178
Epoch 73
Loss = 1.8863e-04, PNorm = 70.6057, GNorm = 0.1920, lr_0 = 1.8835e-04
Loss = 1.8957e-04, PNorm = 70.6092, GNorm = 0.1379, lr_0 = 1.8789e-04
Loss = 2.0150e-04, PNorm = 70.6144, GNorm = 0.2738, lr_0 = 1.8742e-04
Loss = 1.7791e-04, PNorm = 70.6174, GNorm = 0.1418, lr_0 = 1.8696e-04
Loss = 1.6211e-04, PNorm = 70.6186, GNorm = 0.1879, lr_0 = 1.8650e-04
Loss = 1.9358e-04, PNorm = 70.6236, GNorm = 0.2488, lr_0 = 1.8604e-04
Loss = 1.9128e-04, PNorm = 70.6294, GNorm = 0.4178, lr_0 = 1.8558e-04
Loss = 2.8401e-04, PNorm = 70.6309, GNorm = 0.5738, lr_0 = 1.8512e-04
Loss = 2.1272e-04, PNorm = 70.6377, GNorm = 0.4492, lr_0 = 1.8466e-04
Loss = 1.9634e-04, PNorm = 70.6407, GNorm = 0.2799, lr_0 = 1.8421e-04
Validation rmse = 0.470399
Epoch 74
Loss = 2.5224e-04, PNorm = 70.6447, GNorm = 0.6338, lr_0 = 1.8375e-04
Loss = 3.2349e-04, PNorm = 70.6467, GNorm = 0.8144, lr_0 = 1.8330e-04
Loss = 1.7873e-04, PNorm = 70.6523, GNorm = 0.1624, lr_0 = 1.8285e-04
Loss = 2.1746e-04, PNorm = 70.6607, GNorm = 0.5434, lr_0 = 1.8239e-04
Loss = 2.9767e-04, PNorm = 70.6651, GNorm = 0.4490, lr_0 = 1.8194e-04
Loss = 2.0649e-04, PNorm = 70.6710, GNorm = 0.2783, lr_0 = 1.8149e-04
Loss = 2.1223e-04, PNorm = 70.6746, GNorm = 0.2327, lr_0 = 1.8105e-04
Loss = 1.9847e-04, PNorm = 70.6786, GNorm = 0.1155, lr_0 = 1.8060e-04
Loss = 2.4498e-04, PNorm = 70.6812, GNorm = 0.3232, lr_0 = 1.8015e-04
Validation rmse = 0.465353
Epoch 75
Loss = 2.0630e-04, PNorm = 70.6856, GNorm = 0.2469, lr_0 = 1.7971e-04
Loss = 2.3257e-04, PNorm = 70.6908, GNorm = 0.1645, lr_0 = 1.7926e-04
Loss = 2.5680e-04, PNorm = 70.6944, GNorm = 0.7910, lr_0 = 1.7882e-04
Loss = 2.7577e-04, PNorm = 70.6969, GNorm = 0.6082, lr_0 = 1.7838e-04
Loss = 2.2368e-04, PNorm = 70.7004, GNorm = 0.2738, lr_0 = 1.7794e-04
Loss = 2.3125e-04, PNorm = 70.7029, GNorm = 0.2393, lr_0 = 1.7750e-04
Loss = 2.1002e-04, PNorm = 70.7078, GNorm = 0.1308, lr_0 = 1.7706e-04
Loss = 2.2525e-04, PNorm = 70.7129, GNorm = 0.1755, lr_0 = 1.7662e-04
Loss = 2.9514e-04, PNorm = 70.7151, GNorm = 1.1302, lr_0 = 1.7619e-04
Loss = 2.3352e-04, PNorm = 70.7206, GNorm = 0.1581, lr_0 = 1.7575e-04
Validation rmse = 0.457745
Epoch 76
Loss = 1.8792e-04, PNorm = 70.7245, GNorm = 0.1917, lr_0 = 1.7532e-04
Loss = 1.8996e-04, PNorm = 70.7291, GNorm = 0.5682, lr_0 = 1.7488e-04
Loss = 1.8904e-04, PNorm = 70.7294, GNorm = 0.2320, lr_0 = 1.7445e-04
Loss = 1.8513e-04, PNorm = 70.7320, GNorm = 0.1834, lr_0 = 1.7402e-04
Loss = 1.5796e-04, PNorm = 70.7374, GNorm = 0.1641, lr_0 = 1.7359e-04
Loss = 2.3231e-04, PNorm = 70.7401, GNorm = 0.4055, lr_0 = 1.7316e-04
Loss = 2.2272e-04, PNorm = 70.7403, GNorm = 0.1614, lr_0 = 1.7273e-04
Loss = 2.6564e-04, PNorm = 70.7443, GNorm = 0.1808, lr_0 = 1.7231e-04
Loss = 2.2503e-04, PNorm = 70.7447, GNorm = 0.2514, lr_0 = 1.7188e-04
Validation rmse = 0.455130
Epoch 77
Loss = 1.8795e-04, PNorm = 70.7514, GNorm = 0.2087, lr_0 = 1.7146e-04
Loss = 2.2930e-04, PNorm = 70.7512, GNorm = 0.2616, lr_0 = 1.7103e-04
Loss = 2.8338e-04, PNorm = 70.7563, GNorm = 0.1892, lr_0 = 1.7061e-04
Loss = 2.1554e-04, PNorm = 70.7594, GNorm = 0.1818, lr_0 = 1.7019e-04
Loss = 2.4780e-04, PNorm = 70.7633, GNorm = 0.1168, lr_0 = 1.6977e-04
Loss = 1.9203e-04, PNorm = 70.7666, GNorm = 0.1204, lr_0 = 1.6935e-04
Loss = 2.4894e-04, PNorm = 70.7710, GNorm = 0.2816, lr_0 = 1.6893e-04
Loss = 2.1117e-04, PNorm = 70.7753, GNorm = 0.1877, lr_0 = 1.6851e-04
Loss = 2.1815e-04, PNorm = 70.7791, GNorm = 0.3667, lr_0 = 1.6810e-04
Loss = 2.4664e-04, PNorm = 70.7839, GNorm = 0.3009, lr_0 = 1.6768e-04
Validation rmse = 0.453012
Epoch 78
Loss = 2.7393e-04, PNorm = 70.7866, GNorm = 0.5033, lr_0 = 1.6727e-04
Loss = 1.6506e-04, PNorm = 70.7894, GNorm = 0.1619, lr_0 = 1.6686e-04
Loss = 1.9956e-04, PNorm = 70.7931, GNorm = 0.3192, lr_0 = 1.6644e-04
Loss = 2.0717e-04, PNorm = 70.7975, GNorm = 0.5781, lr_0 = 1.6603e-04
Loss = 1.7707e-04, PNorm = 70.7991, GNorm = 0.2643, lr_0 = 1.6562e-04
Loss = 2.0533e-04, PNorm = 70.8021, GNorm = 0.1578, lr_0 = 1.6521e-04
Loss = 1.9734e-04, PNorm = 70.8056, GNorm = 0.1902, lr_0 = 1.6481e-04
Loss = 2.0921e-04, PNorm = 70.8100, GNorm = 0.3193, lr_0 = 1.6440e-04
Loss = 1.9808e-04, PNorm = 70.8150, GNorm = 0.3916, lr_0 = 1.6399e-04
Validation rmse = 0.439056
Epoch 79
Loss = 1.4594e-04, PNorm = 70.8186, GNorm = 0.1184, lr_0 = 1.6359e-04
Loss = 1.4684e-04, PNorm = 70.8222, GNorm = 0.2198, lr_0 = 1.6318e-04
Loss = 2.0423e-04, PNorm = 70.8252, GNorm = 0.1786, lr_0 = 1.6278e-04
Loss = 1.7543e-04, PNorm = 70.8294, GNorm = 0.1877, lr_0 = 1.6238e-04
Loss = 1.7611e-04, PNorm = 70.8327, GNorm = 0.3382, lr_0 = 1.6198e-04
Loss = 1.8448e-04, PNorm = 70.8354, GNorm = 0.3662, lr_0 = 1.6158e-04
Loss = 1.8938e-04, PNorm = 70.8377, GNorm = 0.1678, lr_0 = 1.6118e-04
Loss = 2.5264e-04, PNorm = 70.8402, GNorm = 0.3646, lr_0 = 1.6078e-04
Loss = 1.8480e-04, PNorm = 70.8430, GNorm = 0.3155, lr_0 = 1.6038e-04
Loss = 2.4606e-04, PNorm = 70.8462, GNorm = 0.2282, lr_0 = 1.5999e-04
Validation rmse = 0.448674
Epoch 80
Loss = 1.4224e-04, PNorm = 70.8490, GNorm = 0.1392, lr_0 = 1.5959e-04
Loss = 2.0898e-04, PNorm = 70.8511, GNorm = 0.4848, lr_0 = 1.5920e-04
Loss = 1.8950e-04, PNorm = 70.8542, GNorm = 0.1731, lr_0 = 1.5880e-04
Loss = 1.8670e-04, PNorm = 70.8574, GNorm = 0.1946, lr_0 = 1.5841e-04
Loss = 1.7452e-04, PNorm = 70.8602, GNorm = 0.1239, lr_0 = 1.5802e-04
Loss = 2.0751e-04, PNorm = 70.8649, GNorm = 0.1604, lr_0 = 1.5763e-04
Loss = 1.6372e-04, PNorm = 70.8702, GNorm = 0.1610, lr_0 = 1.5724e-04
Loss = 2.0886e-04, PNorm = 70.8738, GNorm = 0.1106, lr_0 = 1.5685e-04
Loss = 2.1801e-04, PNorm = 70.8774, GNorm = 0.1666, lr_0 = 1.5646e-04
Validation rmse = 0.465293
Epoch 81
Loss = 2.0879e-04, PNorm = 70.8818, GNorm = 0.1952, lr_0 = 1.5608e-04
Loss = 1.7571e-04, PNorm = 70.8833, GNorm = 0.1075, lr_0 = 1.5569e-04
Loss = 1.9431e-04, PNorm = 70.8849, GNorm = 0.1986, lr_0 = 1.5531e-04
Loss = 1.8453e-04, PNorm = 70.8892, GNorm = 0.1439, lr_0 = 1.5492e-04
Loss = 1.6176e-04, PNorm = 70.8913, GNorm = 0.3488, lr_0 = 1.5454e-04
Loss = 2.4869e-04, PNorm = 70.8947, GNorm = 0.4398, lr_0 = 1.5416e-04
Loss = 1.9088e-04, PNorm = 70.8976, GNorm = 0.2220, lr_0 = 1.5378e-04
Loss = 2.8112e-04, PNorm = 70.9037, GNorm = 0.1959, lr_0 = 1.5340e-04
Loss = 2.7856e-04, PNorm = 70.9092, GNorm = 0.7749, lr_0 = 1.5302e-04
Loss = 2.2911e-04, PNorm = 70.9143, GNorm = 0.1698, lr_0 = 1.5264e-04
Validation rmse = 0.469731
Epoch 82
Loss = 1.7396e-04, PNorm = 70.9177, GNorm = 0.1655, lr_0 = 1.5226e-04
Loss = 2.3003e-04, PNorm = 70.9191, GNorm = 0.2110, lr_0 = 1.5189e-04
Loss = 2.4937e-04, PNorm = 70.9236, GNorm = 0.2826, lr_0 = 1.5151e-04
Loss = 2.1308e-04, PNorm = 70.9263, GNorm = 0.2978, lr_0 = 1.5114e-04
Loss = 1.9389e-04, PNorm = 70.9311, GNorm = 0.2144, lr_0 = 1.5077e-04
Loss = 1.8679e-04, PNorm = 70.9338, GNorm = 0.2457, lr_0 = 1.5039e-04
Loss = 1.9869e-04, PNorm = 70.9376, GNorm = 0.3606, lr_0 = 1.5002e-04
Loss = 1.8905e-04, PNorm = 70.9410, GNorm = 0.1325, lr_0 = 1.4965e-04
Loss = 1.8938e-04, PNorm = 70.9453, GNorm = 0.1107, lr_0 = 1.4928e-04
Validation rmse = 0.469739
Epoch 83
Loss = 1.8827e-04, PNorm = 70.9478, GNorm = 0.3568, lr_0 = 1.4891e-04
Loss = 2.1875e-04, PNorm = 70.9532, GNorm = 0.4613, lr_0 = 1.4855e-04
Loss = 1.7824e-04, PNorm = 70.9528, GNorm = 0.1609, lr_0 = 1.4818e-04
Loss = 2.3658e-04, PNorm = 70.9593, GNorm = 0.1947, lr_0 = 1.4781e-04
Loss = 1.8507e-04, PNorm = 70.9597, GNorm = 0.2402, lr_0 = 1.4745e-04
Loss = 1.4402e-04, PNorm = 70.9632, GNorm = 0.2590, lr_0 = 1.4708e-04
Loss = 1.8667e-04, PNorm = 70.9652, GNorm = 0.4373, lr_0 = 1.4672e-04
Loss = 1.9436e-04, PNorm = 70.9667, GNorm = 0.1575, lr_0 = 1.4636e-04
Loss = 1.4288e-04, PNorm = 70.9724, GNorm = 0.2632, lr_0 = 1.4600e-04
Loss = 1.9269e-04, PNorm = 70.9729, GNorm = 0.3009, lr_0 = 1.4563e-04
Validation rmse = 0.444979
Epoch 84
Loss = 1.9079e-04, PNorm = 70.9764, GNorm = 0.1189, lr_0 = 1.4528e-04
Loss = 2.1200e-04, PNorm = 70.9785, GNorm = 0.2838, lr_0 = 1.4492e-04
Loss = 1.7972e-04, PNorm = 70.9797, GNorm = 0.1398, lr_0 = 1.4456e-04
Loss = 1.6139e-04, PNorm = 70.9818, GNorm = 0.3627, lr_0 = 1.4420e-04
Loss = 1.8581e-04, PNorm = 70.9847, GNorm = 0.1705, lr_0 = 1.4384e-04
Loss = 1.7999e-04, PNorm = 70.9883, GNorm = 0.2931, lr_0 = 1.4349e-04
Loss = 1.5905e-04, PNorm = 70.9889, GNorm = 0.0856, lr_0 = 1.4314e-04
Loss = 1.7210e-04, PNorm = 70.9924, GNorm = 0.2069, lr_0 = 1.4278e-04
Loss = 1.8853e-04, PNorm = 70.9925, GNorm = 0.1786, lr_0 = 1.4243e-04
Validation rmse = 0.468037
Epoch 85
Loss = 1.3062e-04, PNorm = 70.9945, GNorm = 0.1629, lr_0 = 1.4208e-04
Loss = 2.5456e-04, PNorm = 70.9972, GNorm = 0.1472, lr_0 = 1.4173e-04
Loss = 1.7535e-04, PNorm = 70.9999, GNorm = 0.3016, lr_0 = 1.4138e-04
Loss = 2.0354e-04, PNorm = 71.0026, GNorm = 0.1098, lr_0 = 1.4103e-04
Loss = 1.7469e-04, PNorm = 71.0055, GNorm = 0.4428, lr_0 = 1.4068e-04
Loss = 1.9828e-04, PNorm = 71.0108, GNorm = 0.3155, lr_0 = 1.4033e-04
Loss = 1.7570e-04, PNorm = 71.0138, GNorm = 0.1884, lr_0 = 1.3998e-04
Loss = 1.7008e-04, PNorm = 71.0185, GNorm = 0.3768, lr_0 = 1.3964e-04
Loss = 1.5604e-04, PNorm = 71.0211, GNorm = 0.0928, lr_0 = 1.3929e-04
Loss = 1.4143e-04, PNorm = 71.0235, GNorm = 0.1790, lr_0 = 1.3895e-04
Validation rmse = 0.457365
Epoch 86
Loss = 1.8083e-04, PNorm = 71.0254, GNorm = 0.4032, lr_0 = 1.3861e-04
Loss = 2.0532e-04, PNorm = 71.0292, GNorm = 0.5501, lr_0 = 1.3826e-04
Loss = 1.5594e-04, PNorm = 71.0307, GNorm = 0.2004, lr_0 = 1.3792e-04
Loss = 1.6526e-04, PNorm = 71.0346, GNorm = 0.4135, lr_0 = 1.3758e-04
Loss = 1.6853e-04, PNorm = 71.0346, GNorm = 0.1688, lr_0 = 1.3724e-04
Loss = 1.9059e-04, PNorm = 71.0378, GNorm = 0.4894, lr_0 = 1.3690e-04
Loss = 2.3418e-04, PNorm = 71.0408, GNorm = 0.2571, lr_0 = 1.3656e-04
Loss = 2.5347e-04, PNorm = 71.0449, GNorm = 0.1637, lr_0 = 1.3623e-04
Loss = 1.8579e-04, PNorm = 71.0491, GNorm = 0.2226, lr_0 = 1.3589e-04
Validation rmse = 0.450002
Epoch 87
Loss = 1.7430e-04, PNorm = 71.0503, GNorm = 0.2913, lr_0 = 1.3556e-04
Loss = 2.5917e-04, PNorm = 71.0537, GNorm = 0.4548, lr_0 = 1.3522e-04
Loss = 1.0989e-04, PNorm = 71.0558, GNorm = 0.2258, lr_0 = 1.3489e-04
Loss = 1.7824e-04, PNorm = 71.0610, GNorm = 0.1157, lr_0 = 1.3455e-04
Loss = 1.7763e-04, PNorm = 71.0633, GNorm = 0.4121, lr_0 = 1.3422e-04
Loss = 1.9005e-04, PNorm = 71.0658, GNorm = 0.0974, lr_0 = 1.3389e-04
Loss = 1.7252e-04, PNorm = 71.0709, GNorm = 0.0938, lr_0 = 1.3356e-04
Loss = 1.6662e-04, PNorm = 71.0739, GNorm = 0.3011, lr_0 = 1.3323e-04
Loss = 1.6594e-04, PNorm = 71.0788, GNorm = 0.1565, lr_0 = 1.3290e-04
Loss = 2.1088e-04, PNorm = 71.0818, GNorm = 0.8352, lr_0 = 1.3257e-04
Validation rmse = 0.479870
Epoch 88
Loss = 1.4728e-04, PNorm = 71.0839, GNorm = 0.1391, lr_0 = 1.3224e-04
Loss = 1.7986e-04, PNorm = 71.0861, GNorm = 0.1600, lr_0 = 1.3192e-04
Loss = 1.4926e-04, PNorm = 71.0872, GNorm = 0.3736, lr_0 = 1.3159e-04
Loss = 1.3701e-04, PNorm = 71.0884, GNorm = 0.0828, lr_0 = 1.3127e-04
Loss = 1.6448e-04, PNorm = 71.0921, GNorm = 0.1600, lr_0 = 1.3094e-04
Loss = 1.7480e-04, PNorm = 71.0942, GNorm = 0.1653, lr_0 = 1.3062e-04
Loss = 1.7045e-04, PNorm = 71.0992, GNorm = 0.1791, lr_0 = 1.3030e-04
Loss = 1.7696e-04, PNorm = 71.1022, GNorm = 0.1015, lr_0 = 1.2997e-04
Loss = 1.3722e-04, PNorm = 71.1046, GNorm = 0.2119, lr_0 = 1.2965e-04
Validation rmse = 0.484841
Epoch 89
Loss = 1.3341e-04, PNorm = 71.1056, GNorm = 0.2092, lr_0 = 1.2933e-04
Loss = 1.5142e-04, PNorm = 71.1086, GNorm = 0.2883, lr_0 = 1.2901e-04
Loss = 1.4561e-04, PNorm = 71.1111, GNorm = 0.1679, lr_0 = 1.2869e-04
Loss = 2.1706e-04, PNorm = 71.1155, GNorm = 0.3605, lr_0 = 1.2838e-04
Loss = 2.0633e-04, PNorm = 71.1180, GNorm = 0.1974, lr_0 = 1.2806e-04
Loss = 1.2669e-04, PNorm = 71.1194, GNorm = 0.1494, lr_0 = 1.2774e-04
Loss = 1.9838e-04, PNorm = 71.1229, GNorm = 0.1224, lr_0 = 1.2743e-04
Loss = 1.9308e-04, PNorm = 71.1279, GNorm = 0.1913, lr_0 = 1.2711e-04
Loss = 1.9486e-04, PNorm = 71.1298, GNorm = 0.1800, lr_0 = 1.2680e-04
Loss = 1.6948e-04, PNorm = 71.1330, GNorm = 0.2520, lr_0 = 1.2649e-04
Validation rmse = 0.440984
Epoch 90
Loss = 2.3388e-04, PNorm = 71.1359, GNorm = 0.1916, lr_0 = 1.2617e-04
Loss = 1.8341e-04, PNorm = 71.1377, GNorm = 0.1683, lr_0 = 1.2586e-04
Loss = 1.8283e-04, PNorm = 71.1397, GNorm = 0.1983, lr_0 = 1.2555e-04
Loss = 1.4556e-04, PNorm = 71.1430, GNorm = 0.2131, lr_0 = 1.2524e-04
Loss = 2.0586e-04, PNorm = 71.1474, GNorm = 0.2913, lr_0 = 1.2493e-04
Loss = 1.6322e-04, PNorm = 71.1480, GNorm = 0.1502, lr_0 = 1.2462e-04
Loss = 2.3013e-04, PNorm = 71.1502, GNorm = 0.1279, lr_0 = 1.2431e-04
Loss = 1.6623e-04, PNorm = 71.1527, GNorm = 0.1848, lr_0 = 1.2401e-04
Loss = 1.4186e-04, PNorm = 71.1530, GNorm = 0.1270, lr_0 = 1.2370e-04
Validation rmse = 0.462703
Epoch 91
Loss = 1.9947e-04, PNorm = 71.1548, GNorm = 0.1837, lr_0 = 1.2340e-04
Loss = 1.8274e-04, PNorm = 71.1581, GNorm = 0.0994, lr_0 = 1.2309e-04
Loss = 1.7733e-04, PNorm = 71.1615, GNorm = 0.1845, lr_0 = 1.2279e-04
Loss = 1.9713e-04, PNorm = 71.1647, GNorm = 0.1431, lr_0 = 1.2248e-04
Loss = 1.7990e-04, PNorm = 71.1683, GNorm = 0.3527, lr_0 = 1.2218e-04
Loss = 1.7430e-04, PNorm = 71.1712, GNorm = 0.2921, lr_0 = 1.2188e-04
Loss = 1.9172e-04, PNorm = 71.1724, GNorm = 0.3073, lr_0 = 1.2158e-04
Loss = 1.6197e-04, PNorm = 71.1748, GNorm = 0.4524, lr_0 = 1.2128e-04
Loss = 1.3966e-04, PNorm = 71.1779, GNorm = 0.2896, lr_0 = 1.2098e-04
Loss = 1.5810e-04, PNorm = 71.1826, GNorm = 0.1974, lr_0 = 1.2068e-04
Validation rmse = 0.453164
Epoch 92
Loss = 1.3622e-04, PNorm = 71.1840, GNorm = 0.1034, lr_0 = 1.2038e-04
Loss = 1.7841e-04, PNorm = 71.1859, GNorm = 0.3787, lr_0 = 1.2008e-04
Loss = 1.6857e-04, PNorm = 71.1881, GNorm = 0.1349, lr_0 = 1.1979e-04
Loss = 1.7915e-04, PNorm = 71.1905, GNorm = 0.2018, lr_0 = 1.1949e-04
Loss = 1.5710e-04, PNorm = 71.1927, GNorm = 0.1975, lr_0 = 1.1920e-04
Loss = 1.7607e-04, PNorm = 71.1954, GNorm = 0.1789, lr_0 = 1.1890e-04
Loss = 1.6763e-04, PNorm = 71.1987, GNorm = 0.1752, lr_0 = 1.1861e-04
Loss = 1.8499e-04, PNorm = 71.2015, GNorm = 0.2080, lr_0 = 1.1831e-04
Loss = 1.8652e-04, PNorm = 71.2043, GNorm = 0.2774, lr_0 = 1.1802e-04
Validation rmse = 0.510145
Epoch 93
Loss = 2.2796e-04, PNorm = 71.2065, GNorm = 0.3144, lr_0 = 1.1773e-04
Loss = 1.9358e-04, PNorm = 71.2109, GNorm = 0.1850, lr_0 = 1.1744e-04
Loss = 1.8570e-04, PNorm = 71.2105, GNorm = 0.2726, lr_0 = 1.1715e-04
Loss = 1.7876e-04, PNorm = 71.2131, GNorm = 0.0999, lr_0 = 1.1686e-04
Loss = 2.0612e-04, PNorm = 71.2153, GNorm = 0.1626, lr_0 = 1.1657e-04
Loss = 1.6786e-04, PNorm = 71.2186, GNorm = 0.2327, lr_0 = 1.1628e-04
Loss = 1.2608e-04, PNorm = 71.2225, GNorm = 0.1333, lr_0 = 1.1600e-04
Loss = 1.6504e-04, PNorm = 71.2248, GNorm = 0.1584, lr_0 = 1.1571e-04
Loss = 1.5383e-04, PNorm = 71.2282, GNorm = 0.1723, lr_0 = 1.1542e-04
Loss = 1.5350e-04, PNorm = 71.2298, GNorm = 0.1382, lr_0 = 1.1514e-04
Validation rmse = 0.491448
Epoch 94
Loss = 1.2425e-04, PNorm = 71.2314, GNorm = 0.0952, lr_0 = 1.1486e-04
Loss = 1.6788e-04, PNorm = 71.2348, GNorm = 0.0989, lr_0 = 1.1457e-04
Loss = 2.0368e-04, PNorm = 71.2371, GNorm = 1.0104, lr_0 = 1.1429e-04
Loss = 1.7405e-04, PNorm = 71.2386, GNorm = 0.3303, lr_0 = 1.1401e-04
Loss = 1.5232e-04, PNorm = 71.2402, GNorm = 0.1656, lr_0 = 1.1372e-04
Loss = 1.7025e-04, PNorm = 71.2420, GNorm = 0.0972, lr_0 = 1.1344e-04
Loss = 1.7014e-04, PNorm = 71.2435, GNorm = 0.2754, lr_0 = 1.1316e-04
Loss = 1.2957e-04, PNorm = 71.2443, GNorm = 0.2098, lr_0 = 1.1288e-04
Loss = 2.1711e-04, PNorm = 71.2457, GNorm = 0.3504, lr_0 = 1.1260e-04
Validation rmse = 0.481660
Epoch 95
Loss = 1.6929e-04, PNorm = 71.2481, GNorm = 0.4553, lr_0 = 1.1233e-04
Loss = 1.8027e-04, PNorm = 71.2502, GNorm = 0.1558, lr_0 = 1.1205e-04
Loss = 1.7521e-04, PNorm = 71.2541, GNorm = 0.2779, lr_0 = 1.1177e-04
Loss = 2.1113e-04, PNorm = 71.2554, GNorm = 0.2807, lr_0 = 1.1150e-04
Loss = 1.7261e-04, PNorm = 71.2603, GNorm = 0.1343, lr_0 = 1.1122e-04
Loss = 1.5783e-04, PNorm = 71.2624, GNorm = 0.1562, lr_0 = 1.1095e-04
Loss = 1.3612e-04, PNorm = 71.2650, GNorm = 0.1266, lr_0 = 1.1067e-04
Loss = 1.8121e-04, PNorm = 71.2665, GNorm = 0.2445, lr_0 = 1.1040e-04
Loss = 1.9635e-04, PNorm = 71.2692, GNorm = 0.4127, lr_0 = 1.1013e-04
Loss = 1.5108e-04, PNorm = 71.2693, GNorm = 0.1060, lr_0 = 1.0985e-04
Validation rmse = 0.473592
Epoch 96
Loss = 1.7337e-04, PNorm = 71.2703, GNorm = 0.3402, lr_0 = 1.0958e-04
Loss = 1.9199e-04, PNorm = 71.2705, GNorm = 0.9567, lr_0 = 1.0931e-04
Loss = 2.1478e-04, PNorm = 71.2734, GNorm = 0.1280, lr_0 = 1.0904e-04
Loss = 1.5019e-04, PNorm = 71.2748, GNorm = 0.1275, lr_0 = 1.0877e-04
Loss = 1.6196e-04, PNorm = 71.2760, GNorm = 0.4143, lr_0 = 1.0850e-04
Loss = 1.8129e-04, PNorm = 71.2782, GNorm = 0.2303, lr_0 = 1.0824e-04
Loss = 1.8420e-04, PNorm = 71.2796, GNorm = 0.1508, lr_0 = 1.0797e-04
Loss = 1.4655e-04, PNorm = 71.2817, GNorm = 0.4362, lr_0 = 1.0770e-04
Loss = 1.4032e-04, PNorm = 71.2849, GNorm = 0.1439, lr_0 = 1.0744e-04
Validation rmse = 0.458607
Epoch 97
Loss = 1.5804e-04, PNorm = 71.2873, GNorm = 0.1694, lr_0 = 1.0717e-04
Loss = 1.4811e-04, PNorm = 71.2904, GNorm = 0.1292, lr_0 = 1.0691e-04
Loss = 1.6311e-04, PNorm = 71.2912, GNorm = 0.2079, lr_0 = 1.0664e-04
Loss = 1.4026e-04, PNorm = 71.2923, GNorm = 0.3750, lr_0 = 1.0638e-04
Loss = 2.0969e-04, PNorm = 71.2929, GNorm = 0.4378, lr_0 = 1.0612e-04
Loss = 1.4083e-04, PNorm = 71.2960, GNorm = 0.0882, lr_0 = 1.0585e-04
Loss = 1.8695e-04, PNorm = 71.2973, GNorm = 0.1472, lr_0 = 1.0559e-04
Loss = 1.6295e-04, PNorm = 71.2984, GNorm = 0.1809, lr_0 = 1.0533e-04
Loss = 1.7176e-04, PNorm = 71.3017, GNorm = 0.3595, lr_0 = 1.0507e-04
Loss = 1.1155e-04, PNorm = 71.3033, GNorm = 0.1501, lr_0 = 1.0481e-04
Validation rmse = 0.460686
Epoch 98
Loss = 1.3996e-04, PNorm = 71.3061, GNorm = 0.2190, lr_0 = 1.0455e-04
Loss = 1.5004e-04, PNorm = 71.3068, GNorm = 0.3759, lr_0 = 1.0429e-04
Loss = 1.6567e-04, PNorm = 71.3090, GNorm = 0.1818, lr_0 = 1.0404e-04
Loss = 1.5544e-04, PNorm = 71.3103, GNorm = 0.1532, lr_0 = 1.0378e-04
Loss = 1.4950e-04, PNorm = 71.3136, GNorm = 0.1936, lr_0 = 1.0352e-04
Loss = 1.5524e-04, PNorm = 71.3163, GNorm = 0.2922, lr_0 = 1.0327e-04
Loss = 1.5999e-04, PNorm = 71.3164, GNorm = 0.1096, lr_0 = 1.0301e-04
Loss = 1.5101e-04, PNorm = 71.3190, GNorm = 0.1610, lr_0 = 1.0276e-04
Loss = 1.5040e-04, PNorm = 71.3210, GNorm = 0.1442, lr_0 = 1.0250e-04
Validation rmse = 0.446628
Epoch 99
Loss = 1.4524e-04, PNorm = 71.3230, GNorm = 0.1954, lr_0 = 1.0225e-04
Loss = 1.4478e-04, PNorm = 71.3246, GNorm = 0.1573, lr_0 = 1.0200e-04
Loss = 2.0260e-04, PNorm = 71.3270, GNorm = 0.3025, lr_0 = 1.0175e-04
Loss = 1.6606e-04, PNorm = 71.3285, GNorm = 0.1022, lr_0 = 1.0150e-04
Loss = 1.7985e-04, PNorm = 71.3325, GNorm = 0.2212, lr_0 = 1.0124e-04
Loss = 1.7614e-04, PNorm = 71.3337, GNorm = 0.3470, lr_0 = 1.0099e-04
Loss = 1.5102e-04, PNorm = 71.3369, GNorm = 0.1199, lr_0 = 1.0074e-04
Loss = 1.2683e-04, PNorm = 71.3381, GNorm = 0.1682, lr_0 = 1.0050e-04
Loss = 1.6152e-04, PNorm = 71.3417, GNorm = 0.4844, lr_0 = 1.0025e-04
Loss = 1.3942e-04, PNorm = 71.3437, GNorm = 0.1489, lr_0 = 1.0000e-04
Validation rmse = 0.448779
Model 0 best validation rmse = 0.419088 on epoch 42
Loading pretrained parameter "encoder.encoder_solute.cached_zero_vector".
Loading pretrained parameter "encoder.encoder_solute.W_i.weight".
Loading pretrained parameter "encoder.encoder_solute.W_h.weight".
Loading pretrained parameter "encoder.encoder_solute.W_o.weight".
Loading pretrained parameter "encoder.encoder_solute.W_o.bias".
Loading pretrained parameter "encoder.encoder_solvent.cached_zero_vector".
Loading pretrained parameter "encoder.encoder_solvent.W_i.weight".
Loading pretrained parameter "encoder.encoder_solvent.W_h.weight".
Loading pretrained parameter "encoder.encoder_solvent.W_o.weight".
Loading pretrained parameter "encoder.encoder_solvent.W_o.bias".
Loading pretrained parameter "ffn.1.weight".
Loading pretrained parameter "ffn.1.bias".
Loading pretrained parameter "ffn.4.weight".
Loading pretrained parameter "ffn.4.bias".
Loading pretrained parameter "ffn.7.weight".
Loading pretrained parameter "ffn.7.bias".
Model 0 test rmse = 0.588254
Ensemble test rmse = 0.588254
1-fold cross validation
Seed 0 ==> test rmse = 0.588254
Overall test rmse = 0.588254 +/- 0.000000
