Fold 0
{'Tmelt': True,
 'activation': 'ReLU',
 'atom_messages': False,
 'batch_size': 100,
 'bias': False,
 'checkpoint_dir': None,
 'checkpoint_path': None,
 'checkpoint_paths': None,
 'config_path': None,
 'crossval_index_dir': None,
 'crossval_index_file': None,
 'cuda': False,
 'data_path': 'data/Tmelt/20191107_Tmelt.csv',
 'dataset_type': 'regression',
 'depth': 3,
 'detailed_results': True,
 'dropout': 0.0,
 'ensemble_size': 1,
 'epochs': 100,
 'features_generator': None,
 'features_only': False,
 'features_path': None,
 'features_scaling': True,
 'ffn_hidden_size': 100,
 'ffn_num_layers': 3,
 'final_lr': 0.0001,
 'folds_file': None,
 'gpu': None,
 'hidden_size': 100,
 'init_lr': 0.0001,
 'log_frequency': 10,
 'max_data_size': None,
 'max_lr': 0.001,
 'metric': 'rmse',
 'minimize_score': True,
 'multiclass_num_classes': 3,
 'no_cache': False,
 'num_folds': 3,
 'num_lrs': 1,
 'quiet': False,
 'save_dir': 'examples/Tmelt_mw/init/fold_0',
 'save_inchi_split': False,
 'save_smiles_splits': False,
 'seed': 0,
 'separate_test_features_path': None,
 'separate_test_path': None,
 'separate_val_features_path': None,
 'separate_val_path': None,
 'show_individual_scores': False,
 'solvation': False,
 'split_sizes': [0.8, 0.1, 0.1],
 'split_type': 'random',
 'test': False,
 'test_fold_index': None,
 'undirected': False,
 'use_compound_names': False,
 'use_input_features': None,
 'val_fold_index': None,
 'warmup_epochs': 2.0}
Loading data
Fold 0
{'Tmelt': True,
 'activation': 'ReLU',
 'atom_messages': False,
 'batch_size': 500,
 'bias': False,
 'checkpoint_dir': None,
 'checkpoint_path': None,
 'checkpoint_paths': None,
 'config_path': None,
 'crossval_index_dir': None,
 'crossval_index_file': None,
 'cuda': False,
 'data_path': 'data/Tmelt/20191107_Tmelt.csv',
 'dataset_type': 'regression',
 'depth': 3,
 'detailed_results': True,
 'dropout': 0.0,
 'ensemble_size': 1,
 'epochs': 100,
 'features_generator': None,
 'features_only': False,
 'features_path': None,
 'features_scaling': True,
 'ffn_hidden_size': 100,
 'ffn_num_layers': 3,
 'final_lr': 0.0001,
 'folds_file': None,
 'gpu': None,
 'hidden_size': 100,
 'init_lr': 0.0001,
 'log_frequency': 10,
 'max_data_size': None,
 'max_lr': 0.001,
 'metric': 'rmse',
 'minimize_score': True,
 'multiclass_num_classes': 3,
 'no_cache': False,
 'num_folds': 3,
 'num_lrs': 1,
 'quiet': False,
 'save_dir': 'examples/Tmelt_mw/init/fold_0',
 'save_inchi_split': False,
 'save_smiles_splits': False,
 'seed': 0,
 'separate_test_features_path': None,
 'separate_test_path': None,
 'separate_val_features_path': None,
 'separate_val_path': None,
 'show_individual_scores': False,
 'solvation': False,
 'split_sizes': [0.8, 0.1, 0.1],
 'split_type': 'random',
 'test': False,
 'test_fold_index': None,
 'undirected': False,
 'use_compound_names': False,
 'use_input_features': None,
 'val_fold_index': None,
 'warmup_epochs': 2.0}
Loading data
Number of tasks = 1
Splitting data with seed 0
Total size = 21,489 | train size = 17,191 | val size = 2,149 | test size = 2,149
Fitting scaler
Building model 0
MoleculeModel(
  (encoder): MPN(
    (encoder): MPNEncoder(
      (dropout_layer): Dropout(p=0.0, inplace=False)
      (act_func): ReLU()
      (W_i): Linear(in_features=87, out_features=100, bias=False)
      (W_h): Linear(in_features=100, out_features=100, bias=False)
      (W_o): Linear(in_features=173, out_features=100, bias=True)
    )
  )
  (ffn): Sequential(
    (0): Dropout(p=0.0, inplace=False)
    (1): Linear(in_features=102, out_features=100, bias=True)
    (2): ReLU()
    (3): Dropout(p=0.0, inplace=False)
    (4): Linear(in_features=100, out_features=100, bias=True)
    (5): ReLU()
    (6): Dropout(p=0.0, inplace=False)
    (7): Linear(in_features=100, out_features=1, bias=True)
  )
)
Number of parameters = 56,601
Epoch 0
Loss = 1.9103e-03, PNorm = 22.8261, GNorm = 1.2139, lr_0 = 2.3235e-04
Loss = 1.6407e-03, PNorm = 22.8340, GNorm = 0.9433, lr_0 = 3.6471e-04
Loss = 1.2360e-03, PNorm = 22.8502, GNorm = 2.5679, lr_0 = 4.9706e-04
Validation rmse = 82.836527
Epoch 1
Loss = 1.1048e-03, PNorm = 22.8733, GNorm = 1.2678, lr_0 = 6.2941e-04
Fold 0
{'Tmelt': True,
 'activation': 'ReLU',
 'atom_messages': False,
 'batch_size': 500,
 'bias': False,
 'checkpoint_dir': None,
 'checkpoint_path': None,
 'checkpoint_paths': None,
 'config_path': None,
 'crossval_index_dir': None,
 'crossval_index_file': None,
 'cuda': False,
 'data_path': 'data/Tmelt/20191107_Tmelt.csv',
 'dataset_type': 'regression',
 'depth': 3,
 'detailed_results': True,
 'dropout': 0.0,
 'ensemble_size': 1,
 'epochs': 100,
 'features_generator': None,
 'features_only': False,
 'features_path': None,
 'features_scaling': True,
 'ffn_hidden_size': 100,
 'ffn_num_layers': 3,
 'final_lr': 0.0001,
 'folds_file': None,
 'gpu': None,
 'hidden_size': 100,
 'init_lr': 0.0001,
 'log_frequency': 10,
 'max_data_size': None,
 'max_lr': 0.001,
 'metric': 'rmse',
 'minimize_score': True,
 'multiclass_num_classes': 3,
 'no_cache': False,
 'num_folds': 1,
 'num_lrs': 1,
 'quiet': False,
 'save_dir': 'examples/Tmelt_mw/init/fold_0',
 'save_inchi_split': False,
 'save_smiles_splits': False,
 'seed': 0,
 'separate_test_features_path': None,
 'separate_test_path': None,
 'separate_val_features_path': None,
 'separate_val_path': None,
 'show_individual_scores': False,
 'solvation': False,
 'split_sizes': [0.8, 0.1, 0.1],
 'split_type': 'random',
 'test': False,
 'test_fold_index': None,
 'undirected': False,
 'use_compound_names': False,
 'use_input_features': None,
 'val_fold_index': None,
 'warmup_epochs': 2.0}
Loading data
Number of tasks = 1
Splitting data with seed 0
Total size = 21,489 | train size = 17,191 | val size = 2,149 | test size = 2,149
Fitting scaler
Building model 0
MoleculeModel(
  (encoder): MPN(
    (encoder): MPNEncoder(
      (dropout_layer): Dropout(p=0.0, inplace=False)
      (act_func): ReLU()
      (W_i): Linear(in_features=87, out_features=100, bias=False)
      (W_h): Linear(in_features=100, out_features=100, bias=False)
      (W_o): Linear(in_features=173, out_features=100, bias=True)
    )
  )
  (ffn): Sequential(
    (0): Dropout(p=0.0, inplace=False)
    (1): Linear(in_features=102, out_features=100, bias=True)
    (2): ReLU()
    (3): Dropout(p=0.0, inplace=False)
    (4): Linear(in_features=100, out_features=100, bias=True)
    (5): ReLU()
    (6): Dropout(p=0.0, inplace=False)
    (7): Linear(in_features=100, out_features=1, bias=True)
  )
)
Number of parameters = 56,601
Epoch 0
Loss = 1.9516e-03, PNorm = 22.7613, GNorm = 1.7933, lr_0 = 2.3235e-04
Loss = 1.7531e-03, PNorm = 22.7661, GNorm = 1.6441, lr_0 = 3.6471e-04
Loss = 1.2903e-03, PNorm = 22.7819, GNorm = 1.5461, lr_0 = 4.9706e-04
Validation rmse = 83.163263
Epoch 1
Loss = 1.1133e-03, PNorm = 22.8034, GNorm = 2.9091, lr_0 = 6.2941e-04
Loss = 1.0565e-03, PNorm = 22.8228, GNorm = 0.6347, lr_0 = 7.6176e-04
Loss = 9.3835e-04, PNorm = 22.8461, GNorm = 4.9057, lr_0 = 8.9412e-04
Validation rmse = 75.188776
Epoch 2
Loss = 1.3187e-03, PNorm = 22.8774, GNorm = 1.7428, lr_0 = 9.9862e-04
Loss = 7.6262e-04, PNorm = 22.9136, GNorm = 3.9795, lr_0 = 9.9174e-04
Loss = 6.4513e-04, PNorm = 22.9513, GNorm = 5.3729, lr_0 = 9.8491e-04
Loss = 7.7607e-04, PNorm = 22.9914, GNorm = 1.6534, lr_0 = 9.7813e-04
Validation rmse = 69.199462
Epoch 3
Loss = 5.6762e-04, PNorm = 23.0296, GNorm = 3.6094, lr_0 = 9.7139e-04
Loss = 7.8259e-04, PNorm = 23.0749, GNorm = 3.6634, lr_0 = 9.6470e-04
Loss = 6.9205e-04, PNorm = 23.1279, GNorm = 2.2697, lr_0 = 9.5806e-04
Validation rmse = 66.319163
Epoch 4
Loss = 5.6344e-04, PNorm = 23.1692, GNorm = 7.1928, lr_0 = 9.5146e-04
Loss = 7.3932e-04, PNorm = 23.2244, GNorm = 2.8370, lr_0 = 9.4491e-04
Loss = 5.9164e-04, PNorm = 23.2697, GNorm = 1.9105, lr_0 = 9.3840e-04
Loss = 5.5479e-04, PNorm = 23.3095, GNorm = 1.1553, lr_0 = 9.3194e-04
Validation rmse = 62.495416
Epoch 5
Loss = 4.7707e-04, PNorm = 23.3474, GNorm = 2.1429, lr_0 = 9.2552e-04
Loss = 5.1909e-04, PNorm = 23.3834, GNorm = 0.6538, lr_0 = 9.1915e-04
Loss = 5.3297e-04, PNorm = 23.4275, GNorm = 1.0797, lr_0 = 9.1282e-04
Validation rmse = 60.884666
Epoch 6
Loss = 4.5248e-04, PNorm = 23.4763, GNorm = 3.3673, lr_0 = 9.0653e-04
Loss = 6.0089e-04, PNorm = 23.5156, GNorm = 0.6676, lr_0 = 9.0029e-04
Loss = 5.3759e-04, PNorm = 23.5698, GNorm = 2.3018, lr_0 = 8.9409e-04
Validation rmse = 58.665477
Epoch 7
Loss = 3.5581e-04, PNorm = 23.6140, GNorm = 2.7702, lr_0 = 8.8793e-04
Loss = 4.7735e-04, PNorm = 23.6518, GNorm = 6.7985, lr_0 = 8.8182e-04
Loss = 5.4793e-04, PNorm = 23.6974, GNorm = 1.2481, lr_0 = 8.7574e-04
Loss = 5.1565e-04, PNorm = 23.7328, GNorm = 1.0873, lr_0 = 8.6971e-04
Validation rmse = 58.580732
Epoch 8
Loss = 5.9539e-04, PNorm = 23.7721, GNorm = 1.2060, lr_0 = 8.6372e-04
Loss = 3.9952e-04, PNorm = 23.8087, GNorm = 2.0073, lr_0 = 8.5777e-04
Loss = 4.9077e-04, PNorm = 23.8482, GNorm = 3.6649, lr_0 = 8.5187e-04
Validation rmse = 57.482064
Epoch 9
Loss = 4.0895e-04, PNorm = 23.8863, GNorm = 3.8790, lr_0 = 8.4600e-04
Loss = 4.1472e-04, PNorm = 23.9217, GNorm = 3.1809, lr_0 = 8.4017e-04
Loss = 4.0319e-04, PNorm = 23.9507, GNorm = 1.9978, lr_0 = 8.3439e-04
Loss = 5.6927e-04, PNorm = 23.9897, GNorm = 4.7730, lr_0 = 8.2864e-04
Validation rmse = 57.490450
Epoch 10
Loss = 4.3730e-04, PNorm = 24.0376, GNorm = 0.7296, lr_0 = 8.2294e-04
Loss = 4.1627e-04, PNorm = 24.0728, GNorm = 4.1078, lr_0 = 8.1727e-04
Loss = 4.7346e-04, PNorm = 24.0991, GNorm = 4.9474, lr_0 = 8.1164e-04
Validation rmse = 56.872789
Epoch 11
Loss = 4.8909e-04, PNorm = 24.1323, GNorm = 6.7163, lr_0 = 8.0605e-04
Loss = 3.8449e-04, PNorm = 24.1673, GNorm = 3.7476, lr_0 = 8.0050e-04
Loss = 4.2875e-04, PNorm = 24.2019, GNorm = 2.7936, lr_0 = 7.9499e-04
Validation rmse = 55.905078
Epoch 12
Loss = 3.5819e-04, PNorm = 24.2365, GNorm = 1.4333, lr_0 = 7.8951e-04
Loss = 4.4723e-04, PNorm = 24.2730, GNorm = 2.5699, lr_0 = 7.8408e-04
Loss = 3.9401e-04, PNorm = 24.3067, GNorm = 1.5879, lr_0 = 7.7868e-04
Loss = 4.3004e-04, PNorm = 24.3341, GNorm = 1.5448, lr_0 = 7.7331e-04
Validation rmse = 56.869862
Epoch 13
Loss = 4.3461e-04, PNorm = 24.3593, GNorm = 6.5220, lr_0 = 7.6799e-04
Loss = 4.5657e-04, PNorm = 24.3886, GNorm = 4.8379, lr_0 = 7.6270e-04
Loss = 3.5873e-04, PNorm = 24.4189, GNorm = 3.2906, lr_0 = 7.5745e-04
Validation rmse = 55.724230
Epoch 14
Loss = 3.7130e-04, PNorm = 24.4372, GNorm = 4.7929, lr_0 = 7.5223e-04
Loss = 3.4649e-04, PNorm = 24.4517, GNorm = 2.5752, lr_0 = 7.4705e-04
Loss = 4.1409e-04, PNorm = 24.4799, GNorm = 6.3585, lr_0 = 7.4190e-04
Loss = 4.2336e-04, PNorm = 24.5064, GNorm = 1.3011, lr_0 = 7.3680e-04
Validation rmse = 55.672197
Epoch 15
Loss = 4.0359e-04, PNorm = 24.5400, GNorm = 3.1343, lr_0 = 7.3172e-04
Loss = 3.7799e-04, PNorm = 24.5607, GNorm = 1.3178, lr_0 = 7.2668e-04
Loss = 3.3333e-04, PNorm = 24.5818, GNorm = 4.4071, lr_0 = 7.2168e-04
Validation rmse = 56.250709
Epoch 16
Loss = 3.4516e-04, PNorm = 24.6062, GNorm = 4.7773, lr_0 = 7.1671e-04
Loss = 3.9746e-04, PNorm = 24.6386, GNorm = 2.0640, lr_0 = 7.1177e-04
Loss = 3.7089e-04, PNorm = 24.6607, GNorm = 1.2722, lr_0 = 7.0687e-04
Validation rmse = 55.896418
Epoch 17
Loss = 4.4547e-04, PNorm = 24.6818, GNorm = 4.9592, lr_0 = 7.0200e-04
Loss = 3.1128e-04, PNorm = 24.7114, GNorm = 1.7278, lr_0 = 6.9717e-04
Loss = 3.3357e-04, PNorm = 24.7252, GNorm = 2.2200, lr_0 = 6.9237e-04
Loss = 4.0916e-04, PNorm = 24.7414, GNorm = 1.4421, lr_0 = 6.8760e-04
Validation rmse = 55.653919
Epoch 18
Loss = 3.1041e-04, PNorm = 24.7615, GNorm = 0.7110, lr_0 = 6.8286e-04
Loss = 3.7668e-04, PNorm = 24.7818, GNorm = 2.8664, lr_0 = 6.7816e-04
Loss = 3.5388e-04, PNorm = 24.8120, GNorm = 3.9851, lr_0 = 6.7349e-04
Validation rmse = 57.467721
Epoch 19
Loss = 3.5149e-04, PNorm = 24.8267, GNorm = 2.7870, lr_0 = 6.6885e-04
Loss = 3.5149e-04, PNorm = 24.8460, GNorm = 3.9469, lr_0 = 6.6425e-04
Loss = 3.6847e-04, PNorm = 24.8619, GNorm = 2.3175, lr_0 = 6.5967e-04
Loss = 3.4149e-04, PNorm = 24.8794, GNorm = 1.8428, lr_0 = 6.5513e-04
Validation rmse = 57.420149
Epoch 20
Loss = 3.7383e-04, PNorm = 24.9004, GNorm = 0.8196, lr_0 = 6.5062e-04
Loss = 3.3490e-04, PNorm = 24.9209, GNorm = 2.1311, lr_0 = 6.4614e-04
Loss = 3.1990e-04, PNorm = 24.9375, GNorm = 1.4251, lr_0 = 6.4169e-04
Validation rmse = 56.976946
Epoch 21
Loss = 3.1300e-04, PNorm = 24.9555, GNorm = 3.7309, lr_0 = 6.3727e-04
Loss = 3.3280e-04, PNorm = 24.9746, GNorm = 0.7862, lr_0 = 6.3288e-04
Loss = 3.3919e-04, PNorm = 24.9985, GNorm = 4.9755, lr_0 = 6.2852e-04
Validation rmse = 57.804355
Epoch 22
Loss = 2.7572e-04, PNorm = 25.0123, GNorm = 0.9027, lr_0 = 6.2419e-04
Loss = 3.2143e-04, PNorm = 25.0195, GNorm = 1.9178, lr_0 = 6.1989e-04
Loss = 3.5473e-04, PNorm = 25.0342, GNorm = 1.9603, lr_0 = 6.1562e-04
Loss = 3.1788e-04, PNorm = 25.0568, GNorm = 2.5304, lr_0 = 6.1138e-04
Validation rmse = 58.871036
Epoch 23
Loss = 3.1555e-04, PNorm = 25.0854, GNorm = 1.3834, lr_0 = 6.0717e-04
Loss = 3.3948e-04, PNorm = 25.1040, GNorm = 1.2495, lr_0 = 6.0299e-04
Loss = 3.3768e-04, PNorm = 25.1183, GNorm = 3.0920, lr_0 = 5.9884e-04
Validation rmse = 60.256569
Epoch 24
Loss = 3.0878e-04, PNorm = 25.1307, GNorm = 1.2408, lr_0 = 5.9472e-04
Loss = 3.0036e-04, PNorm = 25.1396, GNorm = 4.0589, lr_0 = 5.9062e-04
Loss = 3.5987e-04, PNorm = 25.1593, GNorm = 2.5385, lr_0 = 5.8655e-04
Loss = 3.3357e-04, PNorm = 25.1753, GNorm = 3.7726, lr_0 = 5.8251e-04
Validation rmse = 59.262477
Epoch 25
Loss = 3.3245e-04, PNorm = 25.1874, GNorm = 7.7138, lr_0 = 5.7850e-04
Loss = 3.6924e-04, PNorm = 25.2015, GNorm = 3.6413, lr_0 = 5.7452e-04
Loss = 2.8880e-04, PNorm = 25.2181, GNorm = 3.1747, lr_0 = 5.7056e-04
Validation rmse = 61.138581
Epoch 26
Loss = 2.9266e-04, PNorm = 25.2313, GNorm = 0.7287, lr_0 = 5.6663e-04
Loss = 2.9008e-04, PNorm = 25.2404, GNorm = 3.2381, lr_0 = 5.6273e-04
Loss = 3.2780e-04, PNorm = 25.2555, GNorm = 1.4519, lr_0 = 5.5885e-04
Validation rmse = 60.554702
Epoch 27
Loss = 3.4350e-04, PNorm = 25.2701, GNorm = 4.0369, lr_0 = 5.5501e-04
Loss = 2.9406e-04, PNorm = 25.2814, GNorm = 1.9663, lr_0 = 5.5118e-04
Loss = 3.0945e-04, PNorm = 25.2943, GNorm = 5.6484, lr_0 = 5.4739e-04
Loss = 3.3695e-04, PNorm = 25.3104, GNorm = 1.5646, lr_0 = 5.4362e-04
Validation rmse = 61.718521
Epoch 28
Loss = 2.8750e-04, PNorm = 25.3262, GNorm = 0.8519, lr_0 = 5.3987e-04
Loss = 3.0288e-04, PNorm = 25.3441, GNorm = 3.7511, lr_0 = 5.3616e-04
Loss = 3.3066e-04, PNorm = 25.3553, GNorm = 2.5431, lr_0 = 5.3246e-04
Validation rmse = 61.133692
Epoch 29
Loss = 2.9300e-04, PNorm = 25.3664, GNorm = 1.0528, lr_0 = 5.2880e-04
Loss = 2.8844e-04, PNorm = 25.3791, GNorm = 1.1658, lr_0 = 5.2516e-04
Loss = 3.1829e-04, PNorm = 25.3894, GNorm = 1.9230, lr_0 = 5.2154e-04
Loss = 2.9809e-04, PNorm = 25.3976, GNorm = 1.3334, lr_0 = 5.1795e-04
Validation rmse = 62.138316
Epoch 30
Loss = 3.1047e-04, PNorm = 25.4055, GNorm = 5.8474, lr_0 = 5.1438e-04
Loss = 3.0218e-04, PNorm = 25.4154, GNorm = 5.6310, lr_0 = 5.1084e-04
Loss = 3.0628e-04, PNorm = 25.4283, GNorm = 1.3298, lr_0 = 5.0732e-04
Validation rmse = 62.658103
Epoch 31
Loss = 3.0150e-04, PNorm = 25.4445, GNorm = 3.0575, lr_0 = 5.0383e-04
Loss = 2.8915e-04, PNorm = 25.4576, GNorm = 4.7246, lr_0 = 5.0036e-04
Loss = 3.1610e-04, PNorm = 25.4646, GNorm = 2.1230, lr_0 = 4.9691e-04
Validation rmse = 61.649456
Epoch 32
Loss = 2.4227e-04, PNorm = 25.4744, GNorm = 1.4739, lr_0 = 4.9349e-04
Loss = 3.0135e-04, PNorm = 25.4841, GNorm = 4.5578, lr_0 = 4.9009e-04
Loss = 3.0746e-04, PNorm = 25.4933, GNorm = 2.8047, lr_0 = 4.8672e-04
Loss = 3.2601e-04, PNorm = 25.5053, GNorm = 6.5993, lr_0 = 4.8336e-04
Validation rmse = 63.825515
Epoch 33
Loss = 3.1218e-04, PNorm = 25.5222, GNorm = 3.1597, lr_0 = 4.8003e-04
Loss = 2.9111e-04, PNorm = 25.5366, GNorm = 1.2398, lr_0 = 4.7673e-04
Loss = 2.9443e-04, PNorm = 25.5475, GNorm = 1.6980, lr_0 = 4.7345e-04
Validation rmse = 63.473128
Epoch 34
Loss = 2.6754e-04, PNorm = 25.5575, GNorm = 0.9342, lr_0 = 4.7019e-04
Loss = 3.1296e-04, PNorm = 25.5662, GNorm = 2.4760, lr_0 = 4.6695e-04
Loss = 3.1617e-04, PNorm = 25.5731, GNorm = 4.1226, lr_0 = 4.6373e-04
Loss = 2.8250e-04, PNorm = 25.5830, GNorm = 0.8734, lr_0 = 4.6054e-04
Validation rmse = 64.095491
Epoch 35
Loss = 2.8536e-04, PNorm = 25.5914, GNorm = 1.2627, lr_0 = 4.5737e-04
Loss = 3.1133e-04, PNorm = 25.6018, GNorm = 4.0414, lr_0 = 4.5422e-04
Loss = 2.9247e-04, PNorm = 25.6128, GNorm = 1.9224, lr_0 = 4.5109e-04
Validation rmse = 63.938801
Epoch 36
Loss = 2.8679e-04, PNorm = 25.6248, GNorm = 2.2603, lr_0 = 4.4798e-04
Loss = 2.8592e-04, PNorm = 25.6352, GNorm = 1.5858, lr_0 = 4.4490e-04
Loss = 2.7528e-04, PNorm = 25.6408, GNorm = 2.3313, lr_0 = 4.4183e-04
Validation rmse = 63.227057
Epoch 37
Loss = 2.4379e-04, PNorm = 25.6468, GNorm = 2.8104, lr_0 = 4.3879e-04
Loss = 2.9031e-04, PNorm = 25.6524, GNorm = 3.0606, lr_0 = 4.3577e-04
Loss = 2.6591e-04, PNorm = 25.6614, GNorm = 0.7044, lr_0 = 4.3277e-04
Loss = 3.0753e-04, PNorm = 25.6708, GNorm = 2.9923, lr_0 = 4.2979e-04
Validation rmse = 64.725299
Epoch 38
Loss = 2.6947e-04, PNorm = 25.6821, GNorm = 1.1293, lr_0 = 4.2683e-04
Loss = 3.1716e-04, PNorm = 25.6924, GNorm = 4.5364, lr_0 = 4.2389e-04
Loss = 2.8697e-04, PNorm = 25.6998, GNorm = 0.6706, lr_0 = 4.2097e-04
Validation rmse = 64.101386
Epoch 39
Loss = 2.7681e-04, PNorm = 25.7105, GNorm = 1.6937, lr_0 = 4.1807e-04
Loss = 2.7040e-04, PNorm = 25.7200, GNorm = 4.7110, lr_0 = 4.1519e-04
Loss = 2.6971e-04, PNorm = 25.7289, GNorm = 0.8548, lr_0 = 4.1233e-04
Loss = 3.0968e-04, PNorm = 25.7378, GNorm = 0.7166, lr_0 = 4.0949e-04
Validation rmse = 64.552614
Epoch 40
Loss = 2.7807e-04, PNorm = 25.7432, GNorm = 0.7706, lr_0 = 4.0667e-04
Loss = 3.0103e-04, PNorm = 25.7521, GNorm = 0.9341, lr_0 = 4.0387e-04
Loss = 2.7375e-04, PNorm = 25.7600, GNorm = 3.0449, lr_0 = 4.0109e-04
Validation rmse = 64.633591
Epoch 41
Loss = 2.9633e-04, PNorm = 25.7688, GNorm = 2.4839, lr_0 = 3.9833e-04
Loss = 2.5655e-04, PNorm = 25.7758, GNorm = 2.5809, lr_0 = 3.9558e-04
Loss = 2.7845e-04, PNorm = 25.7835, GNorm = 0.8200, lr_0 = 3.9286e-04
Validation rmse = 66.181661
Epoch 42
Loss = 3.3798e-04, PNorm = 25.7921, GNorm = 3.6691, lr_0 = 3.9015e-04
Loss = 2.8173e-04, PNorm = 25.8002, GNorm = 1.4063, lr_0 = 3.8747e-04
Loss = 2.7673e-04, PNorm = 25.8088, GNorm = 1.0330, lr_0 = 3.8480e-04
Loss = 2.6927e-04, PNorm = 25.8158, GNorm = 1.2861, lr_0 = 3.8215e-04
Validation rmse = 64.006646
Epoch 43
Loss = 2.5399e-04, PNorm = 25.8237, GNorm = 1.0289, lr_0 = 3.7952e-04
Loss = 2.6667e-04, PNorm = 25.8309, GNorm = 1.1830, lr_0 = 3.7690e-04
Loss = 3.0836e-04, PNorm = 25.8388, GNorm = 1.9275, lr_0 = 3.7431e-04
Validation rmse = 64.484205
Epoch 44
Loss = 2.6166e-04, PNorm = 25.8481, GNorm = 2.5439, lr_0 = 3.7173e-04
Loss = 2.6655e-04, PNorm = 25.8566, GNorm = 2.4748, lr_0 = 3.6917e-04
Loss = 2.6075e-04, PNorm = 25.8640, GNorm = 1.4225, lr_0 = 3.6663e-04
Loss = 3.0117e-04, PNorm = 25.8700, GNorm = 2.2585, lr_0 = 3.6410e-04
Validation rmse = 64.201476
Epoch 45
Loss = 2.4414e-04, PNorm = 25.8773, GNorm = 0.7530, lr_0 = 3.6160e-04
Loss = 2.9793e-04, PNorm = 25.8850, GNorm = 1.9035, lr_0 = 3.5911e-04
Loss = 2.7865e-04, PNorm = 25.8941, GNorm = 2.7252, lr_0 = 3.5663e-04
Validation rmse = 65.011939
Epoch 46
Loss = 2.6295e-04, PNorm = 25.9024, GNorm = 2.4823, lr_0 = 3.5418e-04
Loss = 2.6334e-04, PNorm = 25.9093, GNorm = 2.4650, lr_0 = 3.5174e-04
Loss = 2.9027e-04, PNorm = 25.9165, GNorm = 1.4538, lr_0 = 3.4932e-04
Validation rmse = 64.576069
Epoch 47
Loss = 2.6403e-04, PNorm = 25.9255, GNorm = 1.1217, lr_0 = 3.4691e-04
Loss = 2.8782e-04, PNorm = 25.9326, GNorm = 1.3924, lr_0 = 3.4452e-04
Loss = 2.6197e-04, PNorm = 25.9408, GNorm = 3.7457, lr_0 = 3.4215e-04
Loss = 2.5581e-04, PNorm = 25.9479, GNorm = 1.8135, lr_0 = 3.3979e-04
Validation rmse = 65.264776
Epoch 48
Loss = 2.6057e-04, PNorm = 25.9565, GNorm = 1.0704, lr_0 = 3.3745e-04
Loss = 2.6110e-04, PNorm = 25.9627, GNorm = 2.5985, lr_0 = 3.3513e-04
Loss = 2.5790e-04, PNorm = 25.9709, GNorm = 0.9271, lr_0 = 3.3282e-04
Validation rmse = 65.469403
Epoch 49
Loss = 2.5294e-04, PNorm = 25.9756, GNorm = 2.1243, lr_0 = 3.3053e-04
Loss = 3.0270e-04, PNorm = 25.9822, GNorm = 5.0876, lr_0 = 3.2825e-04
Loss = 2.5748e-04, PNorm = 25.9888, GNorm = 1.1694, lr_0 = 3.2599e-04
Loss = 2.6638e-04, PNorm = 25.9961, GNorm = 1.5013, lr_0 = 3.2375e-04
Validation rmse = 65.032437
Epoch 50
Loss = 2.7258e-04, PNorm = 26.0056, GNorm = 4.0066, lr_0 = 3.2152e-04
Loss = 2.6036e-04, PNorm = 26.0126, GNorm = 1.3663, lr_0 = 3.1930e-04
Loss = 2.8261e-04, PNorm = 26.0195, GNorm = 2.2172, lr_0 = 3.1710e-04
Validation rmse = 64.395930
Epoch 51
Loss = 2.6555e-04, PNorm = 26.0238, GNorm = 2.7640, lr_0 = 3.1492e-04
Loss = 2.6308e-04, PNorm = 26.0298, GNorm = 1.5801, lr_0 = 3.1275e-04
Loss = 2.5785e-04, PNorm = 26.0346, GNorm = 2.3275, lr_0 = 3.1060e-04
Validation rmse = 65.356158
Epoch 52
Loss = 2.9555e-04, PNorm = 26.0429, GNorm = 3.5322, lr_0 = 3.0846e-04
Loss = 2.4401e-04, PNorm = 26.0540, GNorm = 1.9110, lr_0 = 3.0633e-04
Loss = 2.9789e-04, PNorm = 26.0588, GNorm = 5.1769, lr_0 = 3.0422e-04
Loss = 2.6220e-04, PNorm = 26.0637, GNorm = 3.9348, lr_0 = 3.0213e-04
Validation rmse = 64.828667
Epoch 53
Loss = 2.6969e-04, PNorm = 26.0696, GNorm = 3.0050, lr_0 = 3.0005e-04
Loss = 2.9308e-04, PNorm = 26.0775, GNorm = 0.7841, lr_0 = 2.9798e-04
Loss = 2.3906e-04, PNorm = 26.0837, GNorm = 1.0927, lr_0 = 2.9593e-04
Validation rmse = 64.734337
Epoch 54
Loss = 2.9906e-04, PNorm = 26.0886, GNorm = 1.4452, lr_0 = 2.9389e-04
Loss = 2.4596e-04, PNorm = 26.0938, GNorm = 3.1566, lr_0 = 2.9187e-04
Loss = 2.5081e-04, PNorm = 26.1006, GNorm = 1.9167, lr_0 = 2.8986e-04
Loss = 2.7674e-04, PNorm = 26.1078, GNorm = 3.3545, lr_0 = 2.8786e-04
Validation rmse = 65.506868
Epoch 55
Loss = 2.4924e-04, PNorm = 26.1144, GNorm = 4.2286, lr_0 = 2.8588e-04
Loss = 2.7285e-04, PNorm = 26.1225, GNorm = 0.9862, lr_0 = 2.8391e-04
Loss = 2.5466e-04, PNorm = 26.1300, GNorm = 1.5162, lr_0 = 2.8196e-04
Validation rmse = 64.595949
Epoch 56
Loss = 2.7695e-04, PNorm = 26.1339, GNorm = 2.2913, lr_0 = 2.8001e-04
Loss = 2.5694e-04, PNorm = 26.1381, GNorm = 2.1424, lr_0 = 2.7809e-04
Loss = 2.5404e-04, PNorm = 26.1436, GNorm = 0.8276, lr_0 = 2.7617e-04
Validation rmse = 65.359200
Epoch 57
Loss = 2.1706e-04, PNorm = 26.1519, GNorm = 0.7004, lr_0 = 2.7427e-04
Loss = 2.5142e-04, PNorm = 26.1588, GNorm = 5.4173, lr_0 = 2.7238e-04
Loss = 2.6604e-04, PNorm = 26.1655, GNorm = 0.8227, lr_0 = 2.7050e-04
Loss = 2.7304e-04, PNorm = 26.1700, GNorm = 1.6301, lr_0 = 2.6864e-04
Validation rmse = 65.902128
Epoch 58
Loss = 2.3611e-04, PNorm = 26.1747, GNorm = 1.7731, lr_0 = 2.6679e-04
Loss = 2.7455e-04, PNorm = 26.1815, GNorm = 1.9790, lr_0 = 2.6495e-04
Loss = 2.5206e-04, PNorm = 26.1879, GNorm = 0.7577, lr_0 = 2.6313e-04
Validation rmse = 65.426922
Epoch 59
