Fold 0
Model 0 best validation rmse = 1.739794 on epoch 67
Model 0 test rmse = 1.851968
Ensemble test rmse = 1.851968
Fold 1
Model 0 best validation rmse = 1.563934 on epoch 27
Model 0 test rmse = 2.083022
Ensemble test rmse = 2.083022
Fold 2
Fold 0
Fold 0
Model 0 best validation rmse = 1.544337 on epoch 15
Model 0 test rmse = 1.817293
Ensemble test rmse = 1.817293
Fold 1
Fold 0
Model 0 best validation rmse = 1.728821 on epoch 11
Model 0 test rmse = 1.831217
Ensemble test rmse = 1.831217
Fold 1
Fold 0
Model 0 best validation rmse = 1.667657 on epoch 8
Fold 0
Model 0 best validation rmse = 1.841283 on epoch 27
Model 0 test rmse = 2.070078
Ensemble test rmse = 2.070078
Fold 1
Fold 0
Fold 0
Fold 0
Model 0 best validation rmse = 1.628304 on epoch 14
Model 0 test rmse = 1.825252
Ensemble test rmse = 1.825252
Fold 1
Model 0 best validation rmse = 1.547925 on epoch 16
Model 0 test rmse = 2.052525
Ensemble test rmse = 2.052525
Fold 2
Model 0 best validation rmse = 1.923534 on epoch 17
Model 0 test rmse = 1.524583
Ensemble test rmse = 1.524583
3-fold cross validation
Seed 0 ==> test rmse = 1.825252
Seed 1 ==> test rmse = 2.052525
Seed 2 ==> test rmse = 1.524583
Overall test rmse = 1.800787 +/- 0.216225
