Fold 0
Fold 0
Model 0 best validation rmse = 0.427449 on epoch 62
Model 0 test rmse = 0.588189
Ensemble test rmse = 0.588189
Fold 1
Model 0 best validation rmse = 0.405084 on epoch 96
Model 0 test rmse = 0.526929
Ensemble test rmse = 0.526929
Fold 2
Model 0 best validation rmse = 0.485526 on epoch 61
Model 0 test rmse = 0.366433
Ensemble test rmse = 0.366433
Fold 3
Model 0 best validation rmse = 0.419691 on epoch 56
Model 0 test rmse = 0.439073
Ensemble test rmse = 0.439073
Fold 4
Model 0 best validation rmse = 0.358446 on epoch 69
Model 0 test rmse = 0.487026
Ensemble test rmse = 0.487026
5-fold cross validation
Seed 0 ==> test rmse = 0.588189
Seed 1 ==> test rmse = 0.526929
Seed 2 ==> test rmse = 0.366433
Seed 3 ==> test rmse = 0.439073
Seed 4 ==> test rmse = 0.487026
Overall test rmse = 0.481530 +/- 0.075521
Fold 0
Fold 0
Fold 0
Fold 0
Fold 0
Fold 0
Fold 0
Fold 0
Fold 0
Fold 0
Fold 0
Fold 0
