Fold 0
{'activation': 'ReLU',
 'atom_messages': False,
 'batch_size': 50,
 'bias': False,
 'checkpoint_dir': None,
 'checkpoint_path': None,
 'checkpoint_paths': None,
 'config_path': None,
 'crossval_index_dir': None,
 'crossval_index_file': None,
 'cuda': False,
 'data_path': 'data/Genesys/GenesysHformWithoutDuplicates.csv',
 'dataset_type': 'regression',
 'depth': 6,
 'dropout': 0.1,
 'ensemble_size': 1,
 'epochs': 100,
 'features_generator': None,
 'features_only': False,
 'features_path': None,
 'features_scaling': True,
 'ffn_hidden_size': 1000,
 'ffn_num_layers': 2,
 'final_lr': 0.0001,
 'folds_file': None,
 'gpu': None,
 'hidden_size': 1000,
 'init_lr': 0.0001,
 'log_frequency': 10,
 'max_data_size': None,
 'max_lr': 0.001,
 'metric': 'rmse',
 'minimize_score': True,
 'multiclass_num_classes': 3,
 'no_cache': False,
 'num_folds': 1,
 'num_lrs': 1,
 'quiet': False,
 'save_dir': 'examples/GenesysHformWODup/fold_0',
 'save_smiles_splits': True,
 'seed': 0,
 'separate_test_features_path': None,
 'separate_test_path': None,
 'separate_val_features_path': None,
 'separate_val_path': None,
 'show_individual_scores': False,
 'split_sizes': [0.8, 0.1, 0.1],
 'split_type': 'random',
 'test': False,
 'test_fold_index': None,
 'undirected': False,
 'use_compound_names': False,
 'use_input_features': None,
 'val_fold_index': None,
 'warmup_epochs': 2.0}
Loading data
Number of tasks = 1
Splitting data with seed 0
Total size = 684 | train size = 547 | val size = 68 | test size = 69
Fitting scaler
Building model 0
MoleculeModel(
  (encoder): MPN(
    (encoder): MPNEncoder(
      (dropout_layer): Dropout(p=0.1, inplace=False)
      (act_func): ReLU()
      (W_i): Linear(in_features=161, out_features=1000, bias=False)
      (W_h): Linear(in_features=1000, out_features=1000, bias=False)
      (W_o): Linear(in_features=1147, out_features=1000, bias=True)
    )
  )
  (ffn): Sequential(
    (0): Dropout(p=0.1, inplace=False)
    (1): Linear(in_features=1000, out_features=1000, bias=True)
    (2): ReLU()
    (3): Dropout(p=0.1, inplace=False)
    (4): Linear(in_features=1000, out_features=1, bias=True)
  )
)
Number of parameters = 3,311,001
Epoch 0
Loss = 1.6746e-02, PNorm = 57.8790, GNorm = 2.5732, lr_0 = 5.5000e-04
Validation rmse = 34.247876
Epoch 1
Loss = 6.6449e-03, PNorm = 57.9778, GNorm = 1.5514, lr_0 = 1.0000e-03
Validation rmse = 23.301266
Epoch 2
Loss = 3.5742e-03, PNorm = 58.0891, GNorm = 5.5027, lr_0 = 9.7678e-04
Validation rmse = 15.989054
Epoch 3
Loss = 2.2817e-03, PNorm = 58.1670, GNorm = 1.8833, lr_0 = 9.5410e-04
Validation rmse = 16.020235
Epoch 4
Loss = 1.6325e-03, PNorm = 58.2145, GNorm = 3.3751, lr_0 = 9.3194e-04
Validation rmse = 14.617703
Epoch 5
Loss = 1.0817e-03, PNorm = 58.2470, GNorm = 0.7703, lr_0 = 9.1030e-04
Validation rmse = 14.720168
Epoch 6
Loss = 9.4918e-04, PNorm = 58.2726, GNorm = 1.3835, lr_0 = 8.8916e-04
Validation rmse = 11.002592
Epoch 7
Loss = 6.3048e-04, PNorm = 58.2967, GNorm = 0.4473, lr_0 = 8.6851e-04
Validation rmse = 9.749279
Epoch 8
Loss = 5.8897e-04, PNorm = 58.3186, GNorm = 0.3608, lr_0 = 8.4834e-04
Validation rmse = 10.934058
Epoch 9
Loss = 4.7684e-04, PNorm = 58.3377, GNorm = 0.5870, lr_0 = 8.2864e-04
Validation rmse = 10.320422
Epoch 10
Loss = 5.3720e-04, PNorm = 58.3555, GNorm = 1.3364, lr_0 = 8.0940e-04
Validation rmse = 11.583550
Epoch 11
Loss = 5.3342e-04, PNorm = 58.3737, GNorm = 1.6406, lr_0 = 7.9060e-04
Validation rmse = 10.913056
Epoch 12
Loss = 3.9761e-04, PNorm = 58.3919, GNorm = 0.3726, lr_0 = 7.7224e-04
Validation rmse = 10.994179
Epoch 13
Loss = 5.5894e-04, PNorm = 58.4059, GNorm = 2.3969, lr_0 = 7.5431e-04
Validation rmse = 9.547280
Epoch 14
Loss = 3.8706e-04, PNorm = 58.4196, GNorm = 1.7905, lr_0 = 7.3680e-04
Validation rmse = 9.525035
Epoch 15
Loss = 3.6391e-04, PNorm = 58.4334, GNorm = 0.5008, lr_0 = 7.1969e-04
Validation rmse = 9.102044
Epoch 16
Loss = 3.6850e-04, PNorm = 58.4453, GNorm = 0.4976, lr_0 = 7.0297e-04
Validation rmse = 10.038633
Epoch 17
Loss = 3.2946e-04, PNorm = 58.4560, GNorm = 0.5318, lr_0 = 6.8665e-04
Validation rmse = 9.660733
Epoch 18
Loss = 2.9529e-04, PNorm = 58.4688, GNorm = 0.9185, lr_0 = 6.7070e-04
Validation rmse = 9.097022
Epoch 19
Loss = 2.3247e-04, PNorm = 58.4816, GNorm = 0.6224, lr_0 = 6.5513e-04
Validation rmse = 8.663708
Epoch 20
Loss = 2.1377e-04, PNorm = 58.4897, GNorm = 0.5770, lr_0 = 6.3992e-04
Validation rmse = 7.726663
Epoch 21
Loss = 2.0123e-04, PNorm = 58.4983, GNorm = 0.3422, lr_0 = 6.2506e-04
Validation rmse = 8.244282
Epoch 22
Loss = 2.1329e-04, PNorm = 58.5072, GNorm = 0.3462, lr_0 = 6.1054e-04
Validation rmse = 7.957831
Epoch 23
Loss = 2.1844e-04, PNorm = 58.5138, GNorm = 0.3054, lr_0 = 5.9636e-04
Validation rmse = 8.137087
Epoch 24
Loss = 1.7461e-04, PNorm = 58.5213, GNorm = 0.4396, lr_0 = 5.8251e-04
Validation rmse = 8.161072
Epoch 25
Loss = 1.9865e-04, PNorm = 58.5279, GNorm = 0.5461, lr_0 = 5.6899e-04
Validation rmse = 9.092816
Epoch 26
Loss = 2.5111e-04, PNorm = 58.5331, GNorm = 0.6627, lr_0 = 5.5577e-04
Validation rmse = 7.951923
Epoch 27
Loss = 1.8556e-04, PNorm = 58.5394, GNorm = 0.5369, lr_0 = 5.4287e-04
Validation rmse = 9.278266
Epoch 28
Loss = 2.3315e-04, PNorm = 58.5473, GNorm = 0.4580, lr_0 = 5.3026e-04
Validation rmse = 7.783357
Epoch 29
Loss = 2.1129e-04, PNorm = 58.5550, GNorm = 0.4729, lr_0 = 5.1795e-04
Validation rmse = 8.318692
Epoch 30
Loss = 1.7480e-04, PNorm = 58.5631, GNorm = 0.2827, lr_0 = 5.0592e-04
Validation rmse = 7.957105
Epoch 31
Loss = 1.9822e-04, PNorm = 58.5709, GNorm = 0.6796, lr_0 = 4.9417e-04
Validation rmse = 6.884131
Epoch 32
Loss = 1.8029e-04, PNorm = 58.5771, GNorm = 0.2539, lr_0 = 4.8270e-04
Validation rmse = 8.242639
Epoch 33
Loss = 1.4380e-04, PNorm = 58.5831, GNorm = 0.2408, lr_0 = 4.7149e-04
Validation rmse = 7.735825
Epoch 34
Loss = 1.9796e-04, PNorm = 58.5887, GNorm = 0.2615, lr_0 = 4.6054e-04
Validation rmse = 8.405484
Epoch 35
Loss = 2.2526e-04, PNorm = 58.5910, GNorm = 0.2643, lr_0 = 4.4984e-04
Validation rmse = 6.764294
Epoch 36
Loss = 1.5946e-04, PNorm = 58.5952, GNorm = 0.5891, lr_0 = 4.3940e-04
Validation rmse = 7.936289
Epoch 37
Loss = 1.9219e-04, PNorm = 58.6028, GNorm = 0.7037, lr_0 = 4.2919e-04
Validation rmse = 7.260211
Epoch 38
Loss = 1.1682e-04, PNorm = 58.6100, GNorm = 0.4400, lr_0 = 4.1923e-04
Validation rmse = 7.453265
Epoch 39
Loss = 1.2849e-04, PNorm = 58.6144, GNorm = 0.5447, lr_0 = 4.0949e-04
Validation rmse = 7.806765
Epoch 40
Loss = 1.4868e-04, PNorm = 58.6171, GNorm = 0.5293, lr_0 = 3.9998e-04
Validation rmse = 8.605750
Epoch 41
Loss = 2.0159e-04, PNorm = 58.6217, GNorm = 0.8844, lr_0 = 3.9069e-04
Validation rmse = 7.090324
Epoch 42
Loss = 1.3637e-04, PNorm = 58.6277, GNorm = 0.1936, lr_0 = 3.8162e-04
Validation rmse = 6.705923
Epoch 43
Loss = 1.3756e-04, PNorm = 58.6302, GNorm = 0.2208, lr_0 = 3.7276e-04
Validation rmse = 6.757610
Epoch 44
Loss = 1.1996e-04, PNorm = 58.6348, GNorm = 0.3553, lr_0 = 3.6410e-04
Validation rmse = 7.257747
Epoch 45
Loss = 1.1735e-04, PNorm = 58.6378, GNorm = 0.1652, lr_0 = 3.5565e-04
Validation rmse = 7.575958
Epoch 46
Loss = 1.3064e-04, PNorm = 58.6416, GNorm = 0.3098, lr_0 = 3.4739e-04
Validation rmse = 6.983903
Epoch 47
Loss = 1.0878e-04, PNorm = 58.6466, GNorm = 0.2490, lr_0 = 3.3932e-04
Validation rmse = 7.018302
Epoch 48
Loss = 1.0372e-04, PNorm = 58.6492, GNorm = 0.2197, lr_0 = 3.3144e-04
Validation rmse = 6.783813
Epoch 49
Loss = 8.4651e-05, PNorm = 58.6523, GNorm = 0.1372, lr_0 = 3.2375e-04
Validation rmse = 6.917492
Epoch 50
Loss = 1.3154e-04, PNorm = 58.6538, GNorm = 0.3572, lr_0 = 3.1623e-04
Validation rmse = 6.953515
Epoch 51
Loss = 1.0746e-04, PNorm = 58.6548, GNorm = 0.3657, lr_0 = 3.0888e-04
Validation rmse = 6.677951
Epoch 52
Loss = 9.0475e-05, PNorm = 58.6578, GNorm = 0.3810, lr_0 = 3.0171e-04
Validation rmse = 7.049238
Epoch 53
Loss = 8.1541e-05, PNorm = 58.6608, GNorm = 0.1964, lr_0 = 2.9471e-04
Validation rmse = 6.640399
Epoch 54
Loss = 1.0700e-04, PNorm = 58.6633, GNorm = 0.2328, lr_0 = 2.8786e-04
Validation rmse = 7.123039
Epoch 55
Loss = 1.1876e-04, PNorm = 58.6646, GNorm = 0.3779, lr_0 = 2.8118e-04
Validation rmse = 6.949676
Epoch 56
Loss = 1.2434e-04, PNorm = 58.6675, GNorm = 0.4039, lr_0 = 2.7465e-04
Validation rmse = 7.162916
Epoch 57
Loss = 1.0530e-04, PNorm = 58.6688, GNorm = 0.3007, lr_0 = 2.6827e-04
Validation rmse = 6.700233
Epoch 58
Loss = 9.0767e-05, PNorm = 58.6704, GNorm = 0.3437, lr_0 = 2.6204e-04
Validation rmse = 6.296396
Epoch 59
Loss = 1.0213e-04, PNorm = 58.6715, GNorm = 0.4516, lr_0 = 2.5595e-04
Validation rmse = 6.625264
Epoch 60
Loss = 9.3295e-05, PNorm = 58.6737, GNorm = 0.3397, lr_0 = 2.5001e-04
Validation rmse = 6.240206
Epoch 61
Loss = 1.0491e-04, PNorm = 58.6778, GNorm = 0.1475, lr_0 = 2.4421e-04
Validation rmse = 6.723649
Epoch 62
Loss = 8.6519e-05, PNorm = 58.6811, GNorm = 0.3017, lr_0 = 2.3853e-04
Validation rmse = 6.605934
Epoch 63
Loss = 9.8154e-05, PNorm = 58.6836, GNorm = 0.2315, lr_0 = 2.3300e-04
Validation rmse = 6.785584
Epoch 64
Loss = 1.4613e-04, PNorm = 58.6866, GNorm = 0.4843, lr_0 = 2.2758e-04
Validation rmse = 7.406740
Epoch 65
Loss = 1.1717e-04, PNorm = 58.6884, GNorm = 0.3215, lr_0 = 2.2230e-04
Validation rmse = 6.415038
Epoch 66
Loss = 1.0308e-04, PNorm = 58.6874, GNorm = 0.3269, lr_0 = 2.1714e-04
Validation rmse = 6.437208
Epoch 67
Loss = 1.1337e-04, PNorm = 58.6901, GNorm = 0.4276, lr_0 = 2.1210e-04
Validation rmse = 7.745187
Epoch 68
Loss = 1.4430e-04, PNorm = 58.6918, GNorm = 0.6207, lr_0 = 2.0717e-04
Validation rmse = 7.189235
Epoch 69
Loss = 1.0535e-04, PNorm = 58.6934, GNorm = 0.2210, lr_0 = 2.0236e-04
Validation rmse = 6.327980
Epoch 70
Loss = 9.9890e-05, PNorm = 58.6952, GNorm = 0.1572, lr_0 = 1.9766e-04
Validation rmse = 6.817363
Epoch 71
Loss = 9.1388e-05, PNorm = 58.6980, GNorm = 0.1359, lr_0 = 1.9307e-04
Validation rmse = 6.021078
Epoch 72
Loss = 8.1964e-05, PNorm = 58.6993, GNorm = 0.2034, lr_0 = 1.8859e-04
Validation rmse = 6.398647
Epoch 73
Loss = 8.9719e-05, PNorm = 58.7022, GNorm = 0.1970, lr_0 = 1.8421e-04
Validation rmse = 6.845125
Epoch 74
Loss = 9.0553e-05, PNorm = 58.7034, GNorm = 0.1921, lr_0 = 1.7993e-04
Validation rmse = 6.339956
Epoch 75
Loss = 8.3158e-05, PNorm = 58.7056, GNorm = 0.1488, lr_0 = 1.7575e-04
Validation rmse = 6.342968
Epoch 76
Loss = 8.1476e-05, PNorm = 58.7078, GNorm = 0.1924, lr_0 = 1.7167e-04
Validation rmse = 6.085948
Epoch 77
Loss = 9.3208e-05, PNorm = 58.7103, GNorm = 0.6790, lr_0 = 1.6768e-04
Validation rmse = 6.718560
Epoch 78
Loss = 8.9400e-05, PNorm = 58.7088, GNorm = 0.2385, lr_0 = 1.6379e-04
Validation rmse = 6.490033
Epoch 79
Loss = 8.0861e-05, PNorm = 58.7104, GNorm = 0.1435, lr_0 = 1.5999e-04
Validation rmse = 6.378208
Epoch 80
Loss = 7.9410e-05, PNorm = 58.7104, GNorm = 0.1621, lr_0 = 1.5627e-04
Validation rmse = 6.227130
Epoch 81
Loss = 8.0555e-05, PNorm = 58.7107, GNorm = 0.2012, lr_0 = 1.5264e-04
Validation rmse = 6.186483
Epoch 82
Loss = 8.9604e-05, PNorm = 58.7115, GNorm = 0.0984, lr_0 = 1.4910e-04
Validation rmse = 6.066731
Epoch 83
Loss = 8.3819e-05, PNorm = 58.7122, GNorm = 0.3248, lr_0 = 1.4563e-04
Validation rmse = 5.926451
Epoch 84
Loss = 7.7496e-05, PNorm = 58.7138, GNorm = 0.2300, lr_0 = 1.4225e-04
Validation rmse = 6.083224
Epoch 85
Loss = 8.5014e-05, PNorm = 58.7162, GNorm = 0.2890, lr_0 = 1.3895e-04
Validation rmse = 6.192996
Epoch 86
Loss = 7.4247e-05, PNorm = 58.7170, GNorm = 0.1450, lr_0 = 1.3572e-04
Validation rmse = 6.089296
Epoch 87
Loss = 8.4519e-05, PNorm = 58.7180, GNorm = 0.2474, lr_0 = 1.3257e-04
Validation rmse = 6.312701
Epoch 88
Loss = 9.3873e-05, PNorm = 58.7180, GNorm = 0.2642, lr_0 = 1.2949e-04
Validation rmse = 6.160023
Epoch 89
Loss = 8.5496e-05, PNorm = 58.7189, GNorm = 0.1082, lr_0 = 1.2649e-04
Validation rmse = 6.235423
Epoch 90
Loss = 7.3779e-05, PNorm = 58.7199, GNorm = 0.1000, lr_0 = 1.2355e-04
Validation rmse = 6.130515
Epoch 91
Loss = 6.5544e-05, PNorm = 58.7214, GNorm = 0.2431, lr_0 = 1.2068e-04
Validation rmse = 6.005143
Epoch 92
Loss = 7.3696e-05, PNorm = 58.7232, GNorm = 0.1205, lr_0 = 1.1788e-04
Validation rmse = 6.030923
Epoch 93
Loss = 8.2456e-05, PNorm = 58.7237, GNorm = 0.2353, lr_0 = 1.1514e-04
Validation rmse = 5.905591
Epoch 94
Loss = 6.9471e-05, PNorm = 58.7236, GNorm = 0.1307, lr_0 = 1.1247e-04
Validation rmse = 6.051662
Epoch 95
Loss = 8.2658e-05, PNorm = 58.7240, GNorm = 0.1468, lr_0 = 1.0985e-04
Validation rmse = 6.217260
Epoch 96
Loss = 7.5062e-05, PNorm = 58.7234, GNorm = 0.2915, lr_0 = 1.0730e-04
Validation rmse = 6.133827
Epoch 97
Loss = 6.8443e-05, PNorm = 58.7251, GNorm = 0.1770, lr_0 = 1.0481e-04
Validation rmse = 6.367713
Epoch 98
Loss = 7.4970e-05, PNorm = 58.7239, GNorm = 0.1975, lr_0 = 1.0238e-04
Validation rmse = 5.881708
Epoch 99
Loss = 9.0244e-05, PNorm = 58.7263, GNorm = 0.2045, lr_0 = 1.0000e-04
Validation rmse = 5.989807
Model 0 best validation rmse = 5.881708 on epoch 98
Loading pretrained parameter "encoder.encoder.cached_zero_vector".
Loading pretrained parameter "encoder.encoder.W_i.weight".
Loading pretrained parameter "encoder.encoder.W_h.weight".
Loading pretrained parameter "encoder.encoder.W_o.weight".
Loading pretrained parameter "encoder.encoder.W_o.bias".
Loading pretrained parameter "ffn.1.weight".
Loading pretrained parameter "ffn.1.bias".
Loading pretrained parameter "ffn.4.weight".
Loading pretrained parameter "ffn.4.bias".
Model 0 test rmse = 6.321591
Ensemble test rmse = 6.321591
1-fold cross validation
Seed 0 ==> test rmse = 6.321591
Overall test rmse = 6.321591 +/- 0.000000
Fold 0
{'activation': 'ReLU',
 'atom_messages': False,
 'batch_size': 50,
 'bias': False,
 'checkpoint_dir': None,
 'checkpoint_path': None,
 'checkpoint_paths': None,
 'config_path': None,
 'crossval_index_dir': None,
 'crossval_index_file': None,
 'cuda': False,
 'data_path': 'data/GenesysHformWODup.csv',
 'dataset_type': 'regression',
 'depth': 6,
 'dropout': 0.1,
 'ensemble_size': 1,
 'epochs': 100,
 'features_generator': None,
 'features_only': False,
 'features_path': None,
 'features_scaling': True,
 'ffn_hidden_size': 1000,
 'ffn_num_layers': 2,
 'final_lr': 0.0001,
 'folds_file': None,
 'gpu': None,
 'hidden_size': 1000,
 'init_lr': 0.0001,
 'log_frequency': 10,
 'max_data_size': None,
 'max_lr': 0.001,
 'metric': 'rmse',
 'minimize_score': True,
 'multiclass_num_classes': 3,
 'no_cache': False,
 'num_folds': 1,
 'num_lrs': 1,
 'quiet': False,
 'save_dir': 'examples/GenesysHformWODup/fold_0',
 'save_smiles_splits': True,
 'seed': 0,
 'separate_test_features_path': None,
 'separate_test_path': None,
 'separate_val_features_path': None,
 'separate_val_path': None,
 'show_individual_scores': False,
 'split_sizes': [0.8, 0.1, 0.1],
 'split_type': 'random',
 'test': False,
 'test_fold_index': None,
 'undirected': False,
 'use_compound_names': False,
 'use_input_features': None,
 'val_fold_index': None,
 'warmup_epochs': 2.0}
Loading data
Number of tasks = 1
Splitting data with seed 0
Total size = 684 | train size = 547 | val size = 68 | test size = 69
Fitting scaler
Building model 0
MoleculeModel(
  (encoder): MPN(
    (encoder): MPNEncoder(
      (dropout_layer): Dropout(p=0.1, inplace=False)
      (act_func): ReLU()
      (W_i): Linear(in_features=167, out_features=1000, bias=False)
      (W_h): Linear(in_features=1000, out_features=1000, bias=False)
      (W_o): Linear(in_features=1153, out_features=1000, bias=True)
    )
  )
  (ffn): Sequential(
    (0): Dropout(p=0.1, inplace=False)
    (1): Linear(in_features=1000, out_features=1000, bias=True)
    (2): ReLU()
    (3): Dropout(p=0.1, inplace=False)
    (4): Linear(in_features=1000, out_features=1, bias=True)
  )
)
Number of parameters = 3,323,001
Epoch 0
Loss = 1.5568e-02, PNorm = 58.0003, GNorm = 8.4302, lr_0 = 5.5000e-04
Validation rmse = 28.576670
Epoch 1
Loss = 6.8802e-03, PNorm = 58.0918, GNorm = 3.7851, lr_0 = 1.0000e-03
Validation rmse = 21.636588
Epoch 2
Loss = 3.2218e-03, PNorm = 58.1999, GNorm = 0.8552, lr_0 = 9.7678e-04
Validation rmse = 19.035205
Epoch 3
Loss = 1.6161e-03, PNorm = 58.2747, GNorm = 0.6010, lr_0 = 9.5410e-04
Validation rmse = 13.132141
Epoch 4
Loss = 1.0079e-03, PNorm = 58.3234, GNorm = 0.4872, lr_0 = 9.3194e-04
Validation rmse = 12.159278
Epoch 5
Loss = 8.5916e-04, PNorm = 58.3537, GNorm = 1.6932, lr_0 = 9.1030e-04
Validation rmse = 10.265376
Epoch 6
Loss = 7.2863e-04, PNorm = 58.3778, GNorm = 1.1152, lr_0 = 8.8916e-04
Validation rmse = 10.008452
Epoch 7
Loss = 7.1773e-04, PNorm = 58.3997, GNorm = 1.5888, lr_0 = 8.6851e-04
Validation rmse = 10.965455
Epoch 8
Loss = 7.5139e-04, PNorm = 58.4220, GNorm = 1.3908, lr_0 = 8.4834e-04
Validation rmse = 14.038281
Epoch 9
Loss = 9.7056e-04, PNorm = 58.4445, GNorm = 1.8965, lr_0 = 8.2864e-04
Validation rmse = 11.540499
Epoch 10
Loss = 6.6796e-04, PNorm = 58.4685, GNorm = 1.2434, lr_0 = 8.0940e-04
Validation rmse = 11.243146
Epoch 11
Loss = 5.1466e-04, PNorm = 58.4898, GNorm = 2.3570, lr_0 = 7.9060e-04
Validation rmse = 10.728080
Epoch 12
Loss = 4.3472e-04, PNorm = 58.5081, GNorm = 1.4974, lr_0 = 7.7224e-04
Validation rmse = 10.032097
Epoch 13
Loss = 3.3679e-04, PNorm = 58.5192, GNorm = 0.2873, lr_0 = 7.5431e-04
Validation rmse = 9.336218
Epoch 14
Loss = 2.9390e-04, PNorm = 58.5313, GNorm = 0.6011, lr_0 = 7.3680e-04
Validation rmse = 9.543842
Epoch 15
Loss = 3.1179e-04, PNorm = 58.5403, GNorm = 1.1149, lr_0 = 7.1969e-04
Validation rmse = 8.583764
Epoch 16
Loss = 3.5367e-04, PNorm = 58.5495, GNorm = 0.4574, lr_0 = 7.0297e-04
Validation rmse = 8.765531
Epoch 17
Loss = 2.4987e-04, PNorm = 58.5606, GNorm = 0.1454, lr_0 = 6.8665e-04
Validation rmse = 9.873016
Epoch 18
Loss = 2.4934e-04, PNorm = 58.5699, GNorm = 0.8947, lr_0 = 6.7070e-04
Validation rmse = 7.992767
Epoch 19
Loss = 2.4515e-04, PNorm = 58.5809, GNorm = 0.4993, lr_0 = 6.5513e-04
Validation rmse = 9.193813
Epoch 20
Loss = 2.3783e-04, PNorm = 58.5880, GNorm = 0.5146, lr_0 = 6.3992e-04
Validation rmse = 9.428223
Epoch 21
Loss = 1.6612e-04, PNorm = 58.5956, GNorm = 0.1937, lr_0 = 6.2506e-04
Validation rmse = 9.075755
Epoch 22
Loss = 2.1729e-04, PNorm = 58.6020, GNorm = 1.0377, lr_0 = 6.1054e-04
Validation rmse = 7.841385
Epoch 23
Loss = 1.8742e-04, PNorm = 58.6077, GNorm = 0.5524, lr_0 = 5.9636e-04
Validation rmse = 8.438733
Epoch 24
Loss = 1.6589e-04, PNorm = 58.6137, GNorm = 0.5497, lr_0 = 5.8251e-04
Validation rmse = 8.318757
Epoch 25
Loss = 1.9737e-04, PNorm = 58.6201, GNorm = 0.7355, lr_0 = 5.6899e-04
Validation rmse = 8.336919
Epoch 26
Loss = 2.7783e-04, PNorm = 58.6268, GNorm = 0.5219, lr_0 = 5.5577e-04
Validation rmse = 8.347005
Epoch 27
Loss = 2.4848e-04, PNorm = 58.6367, GNorm = 0.7905, lr_0 = 5.4287e-04
Validation rmse = 7.976362
Epoch 28
Loss = 2.2672e-04, PNorm = 58.6466, GNorm = 0.4380, lr_0 = 5.3026e-04
Validation rmse = 9.456117
Epoch 29
Loss = 2.7392e-04, PNorm = 58.6524, GNorm = 0.6176, lr_0 = 5.1795e-04
Validation rmse = 8.372845
Epoch 30
Loss = 1.7785e-04, PNorm = 58.6598, GNorm = 0.2014, lr_0 = 5.0592e-04
Validation rmse = 7.989353
Epoch 31
Loss = 1.9286e-04, PNorm = 58.6682, GNorm = 0.9442, lr_0 = 4.9417e-04
Validation rmse = 7.543678
Epoch 32
Loss = 2.4052e-04, PNorm = 58.6735, GNorm = 0.3742, lr_0 = 4.8270e-04
Validation rmse = 9.749812
Epoch 33
Loss = 2.0001e-04, PNorm = 58.6779, GNorm = 0.5500, lr_0 = 4.7149e-04
Validation rmse = 8.089706
Epoch 34
Loss = 1.4495e-04, PNorm = 58.6807, GNorm = 0.1374, lr_0 = 4.6054e-04
Validation rmse = 7.904762
Epoch 35
Loss = 1.5580e-04, PNorm = 58.6839, GNorm = 0.4137, lr_0 = 4.4984e-04
Validation rmse = 6.891142
Epoch 36
Loss = 1.3916e-04, PNorm = 58.6884, GNorm = 0.1411, lr_0 = 4.3940e-04
Validation rmse = 7.078942
Epoch 37
Loss = 1.3325e-04, PNorm = 58.6947, GNorm = 0.2277, lr_0 = 4.2919e-04
Validation rmse = 7.249931
Epoch 38
Loss = 1.6359e-04, PNorm = 58.7010, GNorm = 0.4467, lr_0 = 4.1923e-04
Validation rmse = 7.385106
Epoch 39
Loss = 1.5335e-04, PNorm = 58.7042, GNorm = 0.2898, lr_0 = 4.0949e-04
Validation rmse = 7.389875
Epoch 40
Loss = 1.3240e-04, PNorm = 58.7078, GNorm = 0.7138, lr_0 = 3.9998e-04
Validation rmse = 7.713457
Epoch 41
Loss = 1.2630e-04, PNorm = 58.7095, GNorm = 0.1908, lr_0 = 3.9069e-04
Validation rmse = 7.012515
Epoch 42
Loss = 1.1224e-04, PNorm = 58.7122, GNorm = 0.4153, lr_0 = 3.8162e-04
Validation rmse = 6.847663
Epoch 43
Loss = 9.7772e-05, PNorm = 58.7140, GNorm = 0.1862, lr_0 = 3.7276e-04
Validation rmse = 6.852619
Epoch 44
Loss = 1.0296e-04, PNorm = 58.7171, GNorm = 0.2423, lr_0 = 3.6410e-04
Validation rmse = 7.059219
Epoch 45
Loss = 1.1209e-04, PNorm = 58.7200, GNorm = 0.4561, lr_0 = 3.5565e-04
Validation rmse = 6.729326
Epoch 46
Loss = 1.1751e-04, PNorm = 58.7223, GNorm = 0.1609, lr_0 = 3.4739e-04
Validation rmse = 6.455038
Epoch 47
Loss = 1.1225e-04, PNorm = 58.7263, GNorm = 0.5045, lr_0 = 3.3932e-04
Validation rmse = 6.730048
Epoch 48
Loss = 1.0015e-04, PNorm = 58.7291, GNorm = 0.2947, lr_0 = 3.3144e-04
Validation rmse = 6.602404
Epoch 49
Loss = 9.2079e-05, PNorm = 58.7321, GNorm = 0.4553, lr_0 = 3.2375e-04
Validation rmse = 7.310194
Epoch 50
Loss = 1.1875e-04, PNorm = 58.7353, GNorm = 0.3010, lr_0 = 3.1623e-04
Validation rmse = 6.843373
Epoch 51
Loss = 9.7891e-05, PNorm = 58.7383, GNorm = 0.2815, lr_0 = 3.0888e-04
Validation rmse = 6.931496
Epoch 52
Loss = 9.9086e-05, PNorm = 58.7416, GNorm = 0.4918, lr_0 = 3.0171e-04
Validation rmse = 6.324625
Epoch 53
Loss = 9.1685e-05, PNorm = 58.7428, GNorm = 0.3263, lr_0 = 2.9471e-04
Validation rmse = 6.617567
Epoch 54
Loss = 1.1633e-04, PNorm = 58.7436, GNorm = 0.2633, lr_0 = 2.8786e-04
Validation rmse = 6.598934
Epoch 55
Loss = 1.0488e-04, PNorm = 58.7471, GNorm = 0.3478, lr_0 = 2.8118e-04
Validation rmse = 6.526648
Epoch 56
Loss = 9.6220e-05, PNorm = 58.7489, GNorm = 0.2002, lr_0 = 2.7465e-04
Validation rmse = 6.608829
Epoch 57
Loss = 8.6403e-05, PNorm = 58.7501, GNorm = 0.5622, lr_0 = 2.6827e-04
Validation rmse = 6.789861
Epoch 58
Loss = 1.1774e-04, PNorm = 58.7531, GNorm = 0.4424, lr_0 = 2.6204e-04
Validation rmse = 7.579044
Epoch 59
Loss = 1.0049e-04, PNorm = 58.7545, GNorm = 0.2627, lr_0 = 2.5595e-04
Validation rmse = 6.565246
Epoch 60
Loss = 9.9930e-05, PNorm = 58.7557, GNorm = 0.2372, lr_0 = 2.5001e-04
Validation rmse = 6.830116
Epoch 61
Loss = 1.1179e-04, PNorm = 58.7593, GNorm = 0.2377, lr_0 = 2.4421e-04
Validation rmse = 6.494394
Epoch 62
Loss = 1.0312e-04, PNorm = 58.7610, GNorm = 0.2341, lr_0 = 2.3853e-04
Validation rmse = 7.202810
Epoch 63
Loss = 7.7979e-05, PNorm = 58.7613, GNorm = 0.3631, lr_0 = 2.3300e-04
Validation rmse = 6.857527
Epoch 64
Loss = 8.6690e-05, PNorm = 58.7635, GNorm = 0.2130, lr_0 = 2.2758e-04
Validation rmse = 6.729728
Epoch 65
Loss = 8.7177e-05, PNorm = 58.7648, GNorm = 0.2177, lr_0 = 2.2230e-04
Validation rmse = 6.480037
Epoch 66
Loss = 1.0834e-04, PNorm = 58.7678, GNorm = 0.3405, lr_0 = 2.1714e-04
Validation rmse = 6.976582
Epoch 67
Loss = 8.7774e-05, PNorm = 58.7701, GNorm = 0.2644, lr_0 = 2.1210e-04
Validation rmse = 6.670302
Epoch 68
Loss = 7.8208e-05, PNorm = 58.7712, GNorm = 0.2312, lr_0 = 2.0717e-04
Validation rmse = 6.232039
Epoch 69
Loss = 7.4365e-05, PNorm = 58.7720, GNorm = 0.0841, lr_0 = 2.0236e-04
Validation rmse = 6.390054
Epoch 70
Loss = 9.5056e-05, PNorm = 58.7728, GNorm = 0.4499, lr_0 = 1.9766e-04
Validation rmse = 6.433409
Epoch 71
Loss = 1.0398e-04, PNorm = 58.7725, GNorm = 0.1972, lr_0 = 1.9307e-04
Validation rmse = 6.419970
Epoch 72
Loss = 9.8856e-05, PNorm = 58.7750, GNorm = 0.3334, lr_0 = 1.8859e-04
Validation rmse = 7.035264
Epoch 73
Loss = 9.5015e-05, PNorm = 58.7761, GNorm = 0.5163, lr_0 = 1.8421e-04
Validation rmse = 6.609237
Epoch 74
Loss = 9.1502e-05, PNorm = 58.7782, GNorm = 0.1933, lr_0 = 1.7993e-04
Validation rmse = 6.924818
Epoch 75
Loss = 7.1614e-05, PNorm = 58.7792, GNorm = 0.2165, lr_0 = 1.7575e-04
Validation rmse = 6.716985
Epoch 76
Loss = 7.2230e-05, PNorm = 58.7798, GNorm = 0.2057, lr_0 = 1.7167e-04
Validation rmse = 6.553764
Epoch 77
Loss = 8.6862e-05, PNorm = 58.7811, GNorm = 0.3337, lr_0 = 1.6768e-04
Validation rmse = 6.657157
Epoch 78
Loss = 8.5613e-05, PNorm = 58.7818, GNorm = 0.3320, lr_0 = 1.6379e-04
Validation rmse = 6.562119
Epoch 79
Loss = 7.4358e-05, PNorm = 58.7822, GNorm = 0.2250, lr_0 = 1.5999e-04
Validation rmse = 6.249205
Epoch 80
Loss = 7.5729e-05, PNorm = 58.7837, GNorm = 0.2774, lr_0 = 1.5627e-04
Validation rmse = 6.626402
Epoch 81
Loss = 7.3109e-05, PNorm = 58.7839, GNorm = 0.0784, lr_0 = 1.5264e-04
Validation rmse = 6.368627
Epoch 82
Loss = 8.6974e-05, PNorm = 58.7843, GNorm = 0.4865, lr_0 = 1.4910e-04
Validation rmse = 6.917514
Epoch 83
Loss = 1.0379e-04, PNorm = 58.7854, GNorm = 0.1726, lr_0 = 1.4563e-04
Validation rmse = 6.314915
Epoch 84
Loss = 7.5695e-05, PNorm = 58.7862, GNorm = 0.6062, lr_0 = 1.4225e-04
Validation rmse = 6.612614
Epoch 85
Loss = 8.2479e-05, PNorm = 58.7870, GNorm = 0.1953, lr_0 = 1.3895e-04
Validation rmse = 6.620893
Epoch 86
Loss = 6.9514e-05, PNorm = 58.7870, GNorm = 0.1353, lr_0 = 1.3572e-04
Validation rmse = 6.455218
Epoch 87
Loss = 6.7969e-05, PNorm = 58.7868, GNorm = 0.1483, lr_0 = 1.3257e-04
Validation rmse = 6.473480
Epoch 88
Loss = 7.0786e-05, PNorm = 58.7879, GNorm = 0.4034, lr_0 = 1.2949e-04
Validation rmse = 6.672133
Epoch 89
Loss = 6.9571e-05, PNorm = 58.7888, GNorm = 0.2993, lr_0 = 1.2649e-04
Validation rmse = 6.616952
Epoch 90
Loss = 7.0011e-05, PNorm = 58.7899, GNorm = 0.1535, lr_0 = 1.2355e-04
Validation rmse = 6.783077
Epoch 91
Loss = 9.5022e-05, PNorm = 58.7911, GNorm = 0.4063, lr_0 = 1.2068e-04
Validation rmse = 6.664504
Epoch 92
Loss = 8.5494e-05, PNorm = 58.7921, GNorm = 0.1987, lr_0 = 1.1788e-04
Validation rmse = 6.689290
Epoch 93
Loss = 8.3099e-05, PNorm = 58.7940, GNorm = 0.2386, lr_0 = 1.1514e-04
Validation rmse = 6.356477
Epoch 94
Loss = 7.2530e-05, PNorm = 58.7948, GNorm = 0.1515, lr_0 = 1.1247e-04
Validation rmse = 6.429312
Epoch 95
Loss = 7.1900e-05, PNorm = 58.7953, GNorm = 0.1583, lr_0 = 1.0985e-04
Validation rmse = 6.232449
Epoch 96
Loss = 1.0166e-04, PNorm = 58.7962, GNorm = 0.4419, lr_0 = 1.0730e-04
Validation rmse = 6.223208
Epoch 97
Loss = 7.1238e-05, PNorm = 58.7967, GNorm = 0.0847, lr_0 = 1.0481e-04
Validation rmse = 6.410573
Epoch 98
Loss = 6.1470e-05, PNorm = 58.7963, GNorm = 0.1807, lr_0 = 1.0238e-04
Validation rmse = 6.390425
Epoch 99
Loss = 7.2800e-05, PNorm = 58.7979, GNorm = 0.3283, lr_0 = 1.0000e-04
Validation rmse = 6.530295
Model 0 best validation rmse = 6.223208 on epoch 96
Loading pretrained parameter "encoder.encoder.cached_zero_vector".
Loading pretrained parameter "encoder.encoder.W_i.weight".
Loading pretrained parameter "encoder.encoder.W_h.weight".
Loading pretrained parameter "encoder.encoder.W_o.weight".
Loading pretrained parameter "encoder.encoder.W_o.bias".
Loading pretrained parameter "ffn.1.weight".
Loading pretrained parameter "ffn.1.bias".
Loading pretrained parameter "ffn.4.weight".
Loading pretrained parameter "ffn.4.bias".
Model 0 test rmse = 6.052158
Ensemble test rmse = 6.052158
1-fold cross validation
Seed 0 ==> test rmse = 6.052158
Overall test rmse = 6.052158 +/- 0.000000
Fold 0
{'activation': 'ReLU',
 'atom_messages': False,
 'batch_size': 50,
 'bias': False,
 'checkpoint_dir': None,
 'checkpoint_path': None,
 'checkpoint_paths': None,
 'config_path': None,
 'crossval_index_dir': None,
 'crossval_index_file': None,
 'cuda': False,
 'data_path': 'data/GenesysHformWODup.csv',
 'dataset_type': 'regression',
 'depth': 6,
 'dropout': 0.1,
 'ensemble_size': 1,
 'epochs': 100,
 'features_generator': None,
 'features_only': False,
 'features_path': None,
 'features_scaling': True,
 'ffn_hidden_size': 1000,
 'ffn_num_layers': 2,
 'final_lr': 0.0001,
 'folds_file': None,
 'gpu': None,
 'hidden_size': 1000,
 'init_lr': 0.0001,
 'log_frequency': 10,
 'max_data_size': None,
 'max_lr': 0.001,
 'metric': 'rmse',
 'minimize_score': True,
 'multiclass_num_classes': 3,
 'no_cache': False,
 'num_folds': 1,
 'num_lrs': 1,
 'quiet': False,
 'save_dir': 'examples/GenesysHformWODup/fold_0',
 'save_smiles_splits': True,
 'seed': 0,
 'separate_test_features_path': None,
 'separate_test_path': None,
 'separate_val_features_path': None,
 'separate_val_path': None,
 'show_individual_scores': False,
 'split_sizes': [0.8, 0.1, 0.1],
 'split_type': 'random',
 'test': False,
 'test_fold_index': None,
 'undirected': False,
 'use_compound_names': False,
 'use_input_features': None,
 'val_fold_index': None,
 'warmup_epochs': 2.0}
Loading data
Number of tasks = 1
Splitting data with seed 0
Total size = 675 | train size = 540 | val size = 67 | test size = 68
Fitting scaler
Building model 0
MoleculeModel(
  (encoder): MPN(
    (encoder): MPNEncoder(
      (dropout_layer): Dropout(p=0.1, inplace=False)
      (act_func): ReLU()
      (W_i): Linear(in_features=167, out_features=1000, bias=False)
      (W_h): Linear(in_features=1000, out_features=1000, bias=False)
      (W_o): Linear(in_features=1153, out_features=1000, bias=True)
    )
  )
  (ffn): Sequential(
    (0): Dropout(p=0.1, inplace=False)
    (1): Linear(in_features=1000, out_features=1000, bias=True)
    (2): ReLU()
    (3): Dropout(p=0.1, inplace=False)
    (4): Linear(in_features=1000, out_features=1, bias=True)
  )
)
Number of parameters = 3,323,001
Epoch 0
Loss = 1.7446e-02, PNorm = 58.0075, GNorm = 6.1988, lr_0 = 5.5000e-04
Validation rmse = 45.250636
Epoch 1
Loss = 9.3787e-03, PNorm = 58.1083, GNorm = 6.4302, lr_0 = 1.0000e-03
Validation rmse = 27.490908
Epoch 2
Loss = 6.4536e-03, PNorm = 58.2343, GNorm = 1.0382, lr_0 = 9.7678e-04
Validation rmse = 23.047798
Epoch 3
Loss = 2.5288e-03, PNorm = 58.3275, GNorm = 0.6088, lr_0 = 9.5410e-04
Validation rmse = 20.593431
Epoch 4
Loss = 2.1273e-03, PNorm = 58.3860, GNorm = 0.7282, lr_0 = 9.3194e-04
Validation rmse = 16.467099
Epoch 5
Loss = 1.3910e-03, PNorm = 58.4189, GNorm = 1.3678, lr_0 = 9.1030e-04
Validation rmse = 16.924741
Epoch 6
Loss = 1.1002e-03, PNorm = 58.4467, GNorm = 0.4519, lr_0 = 8.8916e-04
Validation rmse = 14.556389
Epoch 7
Loss = 8.3689e-04, PNorm = 58.4656, GNorm = 0.9098, lr_0 = 8.6851e-04
Validation rmse = 12.647028
Epoch 8
Loss = 5.9128e-04, PNorm = 58.4825, GNorm = 1.4555, lr_0 = 8.4834e-04
Validation rmse = 12.128415
Epoch 9
Loss = 5.1930e-04, PNorm = 58.4952, GNorm = 0.4786, lr_0 = 8.2864e-04
Validation rmse = 13.288656
Epoch 10
Loss = 4.7714e-04, PNorm = 58.5075, GNorm = 0.5514, lr_0 = 8.0940e-04
Validation rmse = 11.146518
Epoch 11
Loss = 4.6368e-04, PNorm = 58.5174, GNorm = 0.5718, lr_0 = 7.9060e-04
Validation rmse = 12.968436
Epoch 12
Loss = 6.0297e-04, PNorm = 58.5311, GNorm = 2.2749, lr_0 = 7.7224e-04
Validation rmse = 10.416302
Epoch 13
Loss = 4.1731e-04, PNorm = 58.5435, GNorm = 0.3630, lr_0 = 7.5431e-04
Validation rmse = 11.832372
Epoch 14
Loss = 3.6687e-04, PNorm = 58.5544, GNorm = 0.4622, lr_0 = 7.3680e-04
Validation rmse = 11.816286
Epoch 15
Loss = 4.2467e-04, PNorm = 58.5640, GNorm = 0.5862, lr_0 = 7.1969e-04
Validation rmse = 11.267515
Epoch 16
Loss = 2.8871e-04, PNorm = 58.5727, GNorm = 1.0604, lr_0 = 7.0297e-04
Validation rmse = 12.095516
Epoch 17
Loss = 3.6518e-04, PNorm = 58.5829, GNorm = 0.8587, lr_0 = 6.8665e-04
Validation rmse = 12.047857
Epoch 18
Loss = 3.3686e-04, PNorm = 58.5921, GNorm = 0.7421, lr_0 = 6.7070e-04
Validation rmse = 11.868105
Epoch 19
Loss = 3.7507e-04, PNorm = 58.6022, GNorm = 2.0247, lr_0 = 6.5513e-04
Validation rmse = 10.718946
Epoch 20
Loss = 3.1350e-04, PNorm = 58.6118, GNorm = 0.3658, lr_0 = 6.3992e-04
Validation rmse = 12.220891
Epoch 21
Loss = 3.3436e-04, PNorm = 58.6229, GNorm = 0.3620, lr_0 = 6.2506e-04
Validation rmse = 11.140355
Epoch 22
Loss = 2.4197e-04, PNorm = 58.6343, GNorm = 0.2092, lr_0 = 6.1054e-04
Validation rmse = 11.189896
Epoch 23
Loss = 1.8262e-04, PNorm = 58.6432, GNorm = 0.2640, lr_0 = 5.9636e-04
Validation rmse = 10.985713
Epoch 24
Loss = 1.6087e-04, PNorm = 58.6478, GNorm = 0.1380, lr_0 = 5.8251e-04
Validation rmse = 10.866202
Epoch 25
Loss = 1.7818e-04, PNorm = 58.6549, GNorm = 0.2470, lr_0 = 5.6899e-04
Validation rmse = 10.751007
Epoch 26
Loss = 1.4184e-04, PNorm = 58.6595, GNorm = 0.1651, lr_0 = 5.5577e-04
Validation rmse = 11.221201
Epoch 27
Loss = 1.6098e-04, PNorm = 58.6649, GNorm = 0.1948, lr_0 = 5.4287e-04
Validation rmse = 11.093797
Epoch 28
Loss = 1.6088e-04, PNorm = 58.6714, GNorm = 0.1846, lr_0 = 5.3026e-04
Validation rmse = 11.204978
Epoch 29
Loss = 1.6446e-04, PNorm = 58.6772, GNorm = 0.3021, lr_0 = 5.1795e-04
Validation rmse = 10.805019
Epoch 30
Loss = 1.3430e-04, PNorm = 58.6840, GNorm = 0.3349, lr_0 = 5.0592e-04
Validation rmse = 10.653144
Epoch 31
Loss = 1.4617e-04, PNorm = 58.6901, GNorm = 0.2373, lr_0 = 4.9417e-04
Validation rmse = 10.895202
Epoch 32
Loss = 1.4895e-04, PNorm = 58.6948, GNorm = 0.3785, lr_0 = 4.8270e-04
Validation rmse = 10.654974
Epoch 33
Loss = 1.1796e-04, PNorm = 58.6984, GNorm = 0.3089, lr_0 = 4.7149e-04
Validation rmse = 10.518894
Epoch 34
Loss = 1.2503e-04, PNorm = 58.7025, GNorm = 0.6823, lr_0 = 4.6054e-04
Validation rmse = 10.472372
Epoch 35
Loss = 1.1313e-04, PNorm = 58.7073, GNorm = 0.6118, lr_0 = 4.4984e-04
Validation rmse = 10.501686
Epoch 36
Loss = 1.4765e-04, PNorm = 58.7121, GNorm = 0.8249, lr_0 = 4.3940e-04
Validation rmse = 10.274716
Epoch 37
Loss = 1.5751e-04, PNorm = 58.7161, GNorm = 0.3941, lr_0 = 4.2919e-04
Validation rmse = 10.205502
Epoch 38
Loss = 1.0908e-04, PNorm = 58.7200, GNorm = 0.1273, lr_0 = 4.1923e-04
Validation rmse = 10.342130
Epoch 39
Loss = 1.2057e-04, PNorm = 58.7228, GNorm = 0.4065, lr_0 = 4.0949e-04
Validation rmse = 10.804703
Epoch 40
Loss = 9.5812e-05, PNorm = 58.7260, GNorm = 0.2120, lr_0 = 3.9998e-04
Validation rmse = 10.320498
Epoch 41
Loss = 9.8721e-05, PNorm = 58.7275, GNorm = 0.1565, lr_0 = 3.9069e-04
Validation rmse = 10.541492
Epoch 42
Loss = 1.1884e-04, PNorm = 58.7311, GNorm = 0.1423, lr_0 = 3.8162e-04
Validation rmse = 10.225965
Epoch 43
Loss = 1.2138e-04, PNorm = 58.7356, GNorm = 0.3753, lr_0 = 3.7276e-04
Validation rmse = 10.175757
Epoch 44
Loss = 1.2034e-04, PNorm = 58.7405, GNorm = 0.3159, lr_0 = 3.6410e-04
Validation rmse = 10.454910
Epoch 45
Loss = 1.0274e-04, PNorm = 58.7417, GNorm = 0.2976, lr_0 = 3.5565e-04
Validation rmse = 10.586936
Epoch 46
Loss = 9.6881e-05, PNorm = 58.7442, GNorm = 0.5439, lr_0 = 3.4739e-04
Validation rmse = 10.494809
Epoch 47
Loss = 1.1500e-04, PNorm = 58.7476, GNorm = 0.3409, lr_0 = 3.3932e-04
Validation rmse = 10.502170
Epoch 48
Loss = 1.3221e-04, PNorm = 58.7502, GNorm = 0.3589, lr_0 = 3.3144e-04
Validation rmse = 10.497471
Epoch 49
Loss = 1.0726e-04, PNorm = 58.7513, GNorm = 0.2729, lr_0 = 3.2375e-04
Validation rmse = 10.420788
Epoch 50
Loss = 9.3560e-05, PNorm = 58.7521, GNorm = 0.2865, lr_0 = 3.1623e-04
Validation rmse = 10.594257
Epoch 51
Loss = 1.0623e-04, PNorm = 58.7557, GNorm = 0.1610, lr_0 = 3.0888e-04
Validation rmse = 10.439361
Epoch 52
Loss = 1.0496e-04, PNorm = 58.7579, GNorm = 0.3821, lr_0 = 3.0171e-04
Validation rmse = 9.969752
Epoch 53
Loss = 8.7818e-05, PNorm = 58.7590, GNorm = 0.1573, lr_0 = 2.9471e-04
Validation rmse = 10.130686
Epoch 54
Loss = 9.4344e-05, PNorm = 58.7609, GNorm = 0.4056, lr_0 = 2.8786e-04
Validation rmse = 10.292590
Epoch 55
Loss = 8.8840e-05, PNorm = 58.7633, GNorm = 0.1320, lr_0 = 2.8118e-04
Validation rmse = 10.388743
Epoch 56
Loss = 1.0063e-04, PNorm = 58.7651, GNorm = 0.3343, lr_0 = 2.7465e-04
Validation rmse = 10.318903
Epoch 57
Loss = 9.8435e-05, PNorm = 58.7666, GNorm = 0.2810, lr_0 = 2.6827e-04
Validation rmse = 10.634230
Epoch 58
Loss = 1.0487e-04, PNorm = 58.7696, GNorm = 0.4746, lr_0 = 2.6204e-04
Validation rmse = 10.464570
Epoch 59
Loss = 1.0556e-04, PNorm = 58.7702, GNorm = 0.1526, lr_0 = 2.5595e-04
Validation rmse = 10.261149
Epoch 60
Loss = 9.0313e-05, PNorm = 58.7719, GNorm = 0.2259, lr_0 = 2.5001e-04
Validation rmse = 10.262646
Epoch 61
Loss = 9.3124e-05, PNorm = 58.7756, GNorm = 0.2590, lr_0 = 2.4421e-04
Validation rmse = 10.062529
Epoch 62
Loss = 1.0552e-04, PNorm = 58.7780, GNorm = 0.3037, lr_0 = 2.3853e-04
Validation rmse = 9.966732
Epoch 63
Loss = 1.0070e-04, PNorm = 58.7792, GNorm = 0.1984, lr_0 = 2.3300e-04
Validation rmse = 10.660270
Epoch 64
Loss = 1.1202e-04, PNorm = 58.7821, GNorm = 0.3467, lr_0 = 2.2758e-04
Validation rmse = 10.255073
Epoch 65
Loss = 8.0966e-05, PNorm = 58.7837, GNorm = 0.2692, lr_0 = 2.2230e-04
Validation rmse = 10.361671
Epoch 66
Loss = 8.3657e-05, PNorm = 58.7839, GNorm = 0.1102, lr_0 = 2.1714e-04
Validation rmse = 10.470628
Epoch 67
Loss = 8.4204e-05, PNorm = 58.7847, GNorm = 0.3466, lr_0 = 2.1210e-04
Validation rmse = 9.951306
Epoch 68
Loss = 8.8285e-05, PNorm = 58.7841, GNorm = 0.1442, lr_0 = 2.0717e-04
Validation rmse = 10.186524
Epoch 69
Loss = 1.0666e-04, PNorm = 58.7845, GNorm = 0.6126, lr_0 = 2.0236e-04
Validation rmse = 10.393654
Epoch 70
Loss = 9.3010e-05, PNorm = 58.7849, GNorm = 0.1306, lr_0 = 1.9766e-04
Validation rmse = 10.197464
Epoch 71
Loss = 7.5247e-05, PNorm = 58.7857, GNorm = 0.3476, lr_0 = 1.9307e-04
Validation rmse = 10.122462
Epoch 72
Loss = 8.0948e-05, PNorm = 58.7872, GNorm = 0.2252, lr_0 = 1.8859e-04
Validation rmse = 10.190738
Epoch 73
Loss = 8.2941e-05, PNorm = 58.7885, GNorm = 0.1781, lr_0 = 1.8421e-04
Validation rmse = 10.099091
Epoch 74
Loss = 7.7640e-05, PNorm = 58.7901, GNorm = 0.2740, lr_0 = 1.7993e-04
Validation rmse = 10.345377
Epoch 75
Loss = 7.8413e-05, PNorm = 58.7930, GNorm = 0.1899, lr_0 = 1.7575e-04
Validation rmse = 10.091542
Epoch 76
Loss = 9.1837e-05, PNorm = 58.7926, GNorm = 0.1891, lr_0 = 1.7167e-04
Validation rmse = 10.320907
Epoch 77
Loss = 8.0454e-05, PNorm = 58.7939, GNorm = 0.2189, lr_0 = 1.6768e-04
Validation rmse = 10.014856
Epoch 78
Loss = 8.7466e-05, PNorm = 58.7951, GNorm = 0.1684, lr_0 = 1.6379e-04
Validation rmse = 9.913935
Epoch 79
Loss = 8.8023e-05, PNorm = 58.7954, GNorm = 0.2725, lr_0 = 1.5999e-04
Validation rmse = 10.511590
Epoch 80
Loss = 8.2577e-05, PNorm = 58.7974, GNorm = 0.4833, lr_0 = 1.5627e-04
Validation rmse = 10.140484
Epoch 81
Loss = 8.8711e-05, PNorm = 58.7982, GNorm = 0.2248, lr_0 = 1.5264e-04
Validation rmse = 10.121579
Epoch 82
Loss = 6.6810e-05, PNorm = 58.7986, GNorm = 0.1456, lr_0 = 1.4910e-04
Validation rmse = 10.464240
Epoch 83
Loss = 9.5879e-05, PNorm = 58.7999, GNorm = 0.3322, lr_0 = 1.4563e-04
Validation rmse = 10.084992
Epoch 84
Loss = 8.2791e-05, PNorm = 58.7997, GNorm = 0.2636, lr_0 = 1.4225e-04
Validation rmse = 10.068490
Epoch 85
Loss = 6.3536e-05, PNorm = 58.8009, GNorm = 0.0876, lr_0 = 1.3895e-04
Validation rmse = 10.113342
Epoch 86
Loss = 6.8644e-05, PNorm = 58.8030, GNorm = 0.2108, lr_0 = 1.3572e-04
Validation rmse = 9.819401
Epoch 87
Loss = 7.9717e-05, PNorm = 58.8028, GNorm = 0.2834, lr_0 = 1.3257e-04
Validation rmse = 10.083454
Epoch 88
Loss = 6.6744e-05, PNorm = 58.8035, GNorm = 0.1546, lr_0 = 1.2949e-04
Validation rmse = 10.251232
Epoch 89
Loss = 7.5097e-05, PNorm = 58.8047, GNorm = 0.2653, lr_0 = 1.2649e-04
Validation rmse = 9.915377
Epoch 90
Loss = 7.1131e-05, PNorm = 58.8044, GNorm = 0.1476, lr_0 = 1.2355e-04
Validation rmse = 10.158662
Epoch 91
Loss = 8.3274e-05, PNorm = 58.8052, GNorm = 0.4370, lr_0 = 1.2068e-04
Validation rmse = 9.982320
Epoch 92
Loss = 7.4800e-05, PNorm = 58.8064, GNorm = 0.2876, lr_0 = 1.1788e-04
Validation rmse = 9.905983
Epoch 93
Loss = 6.4316e-05, PNorm = 58.8064, GNorm = 0.3239, lr_0 = 1.1514e-04
Validation rmse = 10.092533
Epoch 94
Loss = 7.5363e-05, PNorm = 58.8075, GNorm = 0.1380, lr_0 = 1.1247e-04
Validation rmse = 9.998136
Epoch 95
Loss = 6.9663e-05, PNorm = 58.8078, GNorm = 0.2193, lr_0 = 1.0985e-04
Validation rmse = 10.250899
Epoch 96
Loss = 6.5998e-05, PNorm = 58.8093, GNorm = 0.3626, lr_0 = 1.0730e-04
Validation rmse = 10.062745
Epoch 97
Loss = 6.5815e-05, PNorm = 58.8098, GNorm = 0.1020, lr_0 = 1.0481e-04
Validation rmse = 10.015214
Epoch 98
Loss = 6.0689e-05, PNorm = 58.8099, GNorm = 0.0970, lr_0 = 1.0238e-04
Validation rmse = 10.018251
Epoch 99
Loss = 6.0947e-05, PNorm = 58.8104, GNorm = 0.2087, lr_0 = 1.0000e-04
Validation rmse = 10.133975
Model 0 best validation rmse = 9.819401 on epoch 86
Loading pretrained parameter "encoder.encoder.cached_zero_vector".
Loading pretrained parameter "encoder.encoder.W_i.weight".
Loading pretrained parameter "encoder.encoder.W_h.weight".
Loading pretrained parameter "encoder.encoder.W_o.weight".
Loading pretrained parameter "encoder.encoder.W_o.bias".
Loading pretrained parameter "ffn.1.weight".
Loading pretrained parameter "ffn.1.bias".
Loading pretrained parameter "ffn.4.weight".
Loading pretrained parameter "ffn.4.bias".
Model 0 test rmse = 8.142218
Ensemble test rmse = 8.142218
1-fold cross validation
Seed 0 ==> test rmse = 8.142218
Overall test rmse = 8.142218 +/- 0.000000
Fold 0
{'activation': 'ReLU',
 'atom_messages': False,
 'batch_size': 50,
 'bias': False,
 'checkpoint_dir': None,
 'checkpoint_path': None,
 'checkpoint_paths': None,
 'config_path': None,
 'crossval_index_dir': None,
 'crossval_index_file': None,
 'cuda': False,
 'data_path': 'data/GenesysHformWODup.csv',
 'dataset_type': 'regression',
 'depth': 6,
 'dropout': 0.1,
 'ensemble_size': 1,
 'epochs': 100,
 'features_generator': None,
 'features_only': False,
 'features_path': None,
 'features_scaling': True,
 'ffn_hidden_size': 1000,
 'ffn_num_layers': 2,
 'final_lr': 0.0001,
 'folds_file': None,
 'gpu': None,
 'hidden_size': 1000,
 'init_lr': 0.0001,
 'log_frequency': 10,
 'max_data_size': None,
 'max_lr': 0.001,
 'metric': 'rmse',
 'minimize_score': True,
 'multiclass_num_classes': 3,
 'no_cache': False,
 'num_folds': 1,
 'num_lrs': 1,
 'quiet': False,
 'save_dir': 'examples/GenesysHformWODup/fold_0',
 'save_smiles_splits': True,
 'seed': 0,
 'separate_test_features_path': None,
 'separate_test_path': None,
 'separate_val_features_path': None,
 'separate_val_path': None,
 'show_individual_scores': False,
 'split_sizes': [0.8, 0.1, 0.1],
 'split_type': 'random',
 'test': False,
 'test_fold_index': None,
 'undirected': False,
 'use_compound_names': False,
 'use_input_features': None,
 'val_fold_index': None,
 'warmup_epochs': 2.0}
Loading data
Number of tasks = 1
Splitting data with seed 0
Total size = 675 | train size = 540 | val size = 67 | test size = 68
Fitting scaler
Building model 0
MoleculeModel(
  (encoder): MPN(
    (encoder): MPNEncoder(
      (dropout_layer): Dropout(p=0.1, inplace=False)
      (act_func): ReLU()
      (W_i): Linear(in_features=167, out_features=1000, bias=False)
      (W_h): Linear(in_features=1000, out_features=1000, bias=False)
      (W_o): Linear(in_features=1153, out_features=1000, bias=True)
    )
  )
  (ffn): Sequential(
    (0): Dropout(p=0.1, inplace=False)
    (1): Linear(in_features=1000, out_features=1000, bias=True)
    (2): ReLU()
    (3): Dropout(p=0.1, inplace=False)
    (4): Linear(in_features=1000, out_features=1, bias=True)
  )
)
Number of parameters = 3,323,001
Epoch 0
Loss = 1.7665e-02, PNorm = 57.9876, GNorm = 2.9709, lr_0 = 5.5000e-04
Validation rmse = 44.335008
Epoch 1
Loss = 8.8082e-03, PNorm = 58.0939, GNorm = 7.1004, lr_0 = 1.0000e-03
Validation rmse = 24.630203
Epoch 2
Loss = 6.4460e-03, PNorm = 58.2212, GNorm = 1.5119, lr_0 = 9.7678e-04
Validation rmse = 22.382506
Epoch 3
Loss = 2.7937e-03, PNorm = 58.3133, GNorm = 1.5291, lr_0 = 9.5410e-04
Validation rmse = 17.975433
Epoch 4
Loss = 1.7739e-03, PNorm = 58.3737, GNorm = 0.8703, lr_0 = 9.3194e-04
Validation rmse = 15.875683
Epoch 5
Loss = 9.7094e-04, PNorm = 58.4080, GNorm = 1.5688, lr_0 = 9.1030e-04
Validation rmse = 13.915922
Epoch 6
Loss = 7.5044e-04, PNorm = 58.4378, GNorm = 0.3807, lr_0 = 8.8916e-04
Validation rmse = 11.892465
Epoch 7
Loss = 7.0735e-04, PNorm = 58.4560, GNorm = 1.8788, lr_0 = 8.6851e-04
Validation rmse = 12.331949
Epoch 8
Loss = 6.5047e-04, PNorm = 58.4746, GNorm = 0.5498, lr_0 = 8.4834e-04
Validation rmse = 11.976934
Epoch 9
Loss = 4.8444e-04, PNorm = 58.4923, GNorm = 1.1144, lr_0 = 8.2864e-04
Validation rmse = 10.673773
Epoch 10
Loss = 4.9662e-04, PNorm = 58.5067, GNorm = 1.7306, lr_0 = 8.0940e-04
Validation rmse = 12.748330
Epoch 11
Loss = 4.2219e-04, PNorm = 58.5210, GNorm = 1.2072, lr_0 = 7.9060e-04
Validation rmse = 10.540834
Epoch 12
Loss = 4.0937e-04, PNorm = 58.5342, GNorm = 1.4070, lr_0 = 7.7224e-04
Validation rmse = 10.145154
Epoch 13
Loss = 3.0424e-04, PNorm = 58.5451, GNorm = 0.3791, lr_0 = 7.5431e-04
Validation rmse = 10.860505
Epoch 14
Loss = 3.4459e-04, PNorm = 58.5560, GNorm = 0.6024, lr_0 = 7.3680e-04
Validation rmse = 10.909355
Epoch 15
Loss = 3.4180e-04, PNorm = 58.5669, GNorm = 0.4524, lr_0 = 7.1969e-04
Validation rmse = 10.667170
Epoch 16
Loss = 3.0878e-04, PNorm = 58.5772, GNorm = 0.3949, lr_0 = 7.0297e-04
Validation rmse = 10.512061
Epoch 17
Loss = 2.5565e-04, PNorm = 58.5891, GNorm = 0.6260, lr_0 = 6.8665e-04
Validation rmse = 10.436274
Epoch 18
Loss = 2.2360e-04, PNorm = 58.5997, GNorm = 0.5581, lr_0 = 6.7070e-04
Validation rmse = 10.458868
Epoch 19
Loss = 1.8816e-04, PNorm = 58.6078, GNorm = 0.2731, lr_0 = 6.5513e-04
Validation rmse = 11.030025
Epoch 20
Loss = 2.3100e-04, PNorm = 58.6159, GNorm = 0.4111, lr_0 = 6.3992e-04
Validation rmse = 10.353422
Epoch 21
Loss = 2.2337e-04, PNorm = 58.6212, GNorm = 0.2609, lr_0 = 6.2506e-04
Validation rmse = 10.624186
Epoch 22
Loss = 1.5832e-04, PNorm = 58.6304, GNorm = 0.3891, lr_0 = 6.1054e-04
Validation rmse = 10.529635
Epoch 23
Loss = 2.0012e-04, PNorm = 58.6387, GNorm = 1.0648, lr_0 = 5.9636e-04
Validation rmse = 10.439219
Epoch 24
Loss = 2.1367e-04, PNorm = 58.6458, GNorm = 0.2309, lr_0 = 5.8251e-04
Validation rmse = 10.234068
Epoch 25
Loss = 1.6691e-04, PNorm = 58.6527, GNorm = 0.3451, lr_0 = 5.6899e-04
Validation rmse = 11.013044
Epoch 26
Loss = 1.9147e-04, PNorm = 58.6592, GNorm = 0.4304, lr_0 = 5.5577e-04
Validation rmse = 10.764261
Epoch 27
Loss = 1.5974e-04, PNorm = 58.6646, GNorm = 0.1036, lr_0 = 5.4287e-04
Validation rmse = 10.398116
Epoch 28
Loss = 1.3162e-04, PNorm = 58.6699, GNorm = 0.5107, lr_0 = 5.3026e-04
Validation rmse = 10.565658
Epoch 29
Loss = 1.8599e-04, PNorm = 58.6750, GNorm = 0.7192, lr_0 = 5.1795e-04
Validation rmse = 10.357983
Epoch 30
Loss = 1.4767e-04, PNorm = 58.6803, GNorm = 0.6916, lr_0 = 5.0592e-04
Validation rmse = 10.086764
Epoch 31
Loss = 1.8023e-04, PNorm = 58.6860, GNorm = 0.2799, lr_0 = 4.9417e-04
Validation rmse = 10.130719
Epoch 32
Loss = 1.6010e-04, PNorm = 58.6881, GNorm = 0.2305, lr_0 = 4.8270e-04
Validation rmse = 10.566108
Epoch 33
Loss = 1.3760e-04, PNorm = 58.6923, GNorm = 0.2696, lr_0 = 4.7149e-04
Validation rmse = 10.199295
Epoch 34
Loss = 1.3256e-04, PNorm = 58.6981, GNorm = 0.8188, lr_0 = 4.6054e-04
Validation rmse = 10.369671
Epoch 35
Loss = 1.3348e-04, PNorm = 58.7025, GNorm = 0.4453, lr_0 = 4.4984e-04
Validation rmse = 9.912427
Epoch 36
Loss = 1.5983e-04, PNorm = 58.7066, GNorm = 0.7094, lr_0 = 4.3940e-04
Validation rmse = 9.618479
Epoch 37
Loss = 1.4853e-04, PNorm = 58.7104, GNorm = 0.2895, lr_0 = 4.2919e-04
Validation rmse = 9.715878
Epoch 38
Loss = 9.5534e-05, PNorm = 58.7134, GNorm = 0.1243, lr_0 = 4.1923e-04
Validation rmse = 10.313155
Epoch 39
Loss = 1.0337e-04, PNorm = 58.7169, GNorm = 0.3131, lr_0 = 4.0949e-04
Validation rmse = 9.931456
Epoch 40
Loss = 9.9238e-05, PNorm = 58.7192, GNorm = 0.2831, lr_0 = 3.9998e-04
Validation rmse = 9.794487
Epoch 41
Loss = 1.0862e-04, PNorm = 58.7223, GNorm = 0.5480, lr_0 = 3.9069e-04
Validation rmse = 9.973617
Epoch 42
Loss = 1.3088e-04, PNorm = 58.7266, GNorm = 0.5350, lr_0 = 3.8162e-04
Validation rmse = 9.888872
Epoch 43
Loss = 1.3376e-04, PNorm = 58.7288, GNorm = 0.3981, lr_0 = 3.7276e-04
Validation rmse = 10.352704
Epoch 44
Loss = 1.1647e-04, PNorm = 58.7298, GNorm = 0.6764, lr_0 = 3.6410e-04
Validation rmse = 10.403749
Epoch 45
Loss = 1.0658e-04, PNorm = 58.7318, GNorm = 0.2211, lr_0 = 3.5565e-04
Validation rmse = 10.092044
Epoch 46
Loss = 1.3280e-04, PNorm = 58.7342, GNorm = 0.2553, lr_0 = 3.4739e-04
Validation rmse = 10.283277
Epoch 47
Loss = 1.3377e-04, PNorm = 58.7367, GNorm = 0.7612, lr_0 = 3.3932e-04
Validation rmse = 9.993146
Epoch 48
Loss = 1.3195e-04, PNorm = 58.7382, GNorm = 0.6439, lr_0 = 3.3144e-04
Validation rmse = 10.262035
Epoch 49
Loss = 1.1399e-04, PNorm = 58.7399, GNorm = 0.3790, lr_0 = 3.2375e-04
Validation rmse = 10.707962
Epoch 50
Loss = 1.5719e-04, PNorm = 58.7440, GNorm = 0.7239, lr_0 = 3.1623e-04
Validation rmse = 9.824482
Epoch 51
Loss = 1.4877e-04, PNorm = 58.7476, GNorm = 0.6647, lr_0 = 3.0888e-04
Validation rmse = 10.262138
Epoch 52
Loss = 1.4480e-04, PNorm = 58.7493, GNorm = 0.4923, lr_0 = 3.0171e-04
Validation rmse = 9.852108
Epoch 53
Loss = 1.0191e-04, PNorm = 58.7518, GNorm = 0.5254, lr_0 = 2.9471e-04
Validation rmse = 9.984978
Epoch 54
Loss = 9.5475e-05, PNorm = 58.7532, GNorm = 0.1033, lr_0 = 2.8786e-04
Validation rmse = 9.970733
Epoch 55
Loss = 1.1359e-04, PNorm = 58.7556, GNorm = 0.6725, lr_0 = 2.8118e-04
Validation rmse = 9.774852
Epoch 56
Loss = 1.0111e-04, PNorm = 58.7573, GNorm = 0.5200, lr_0 = 2.7465e-04
Validation rmse = 10.015195
Epoch 57
Loss = 1.0047e-04, PNorm = 58.7587, GNorm = 0.2625, lr_0 = 2.6827e-04
Validation rmse = 9.927306
Epoch 58
Loss = 8.2831e-05, PNorm = 58.7607, GNorm = 0.1519, lr_0 = 2.6204e-04
Validation rmse = 9.752089
Epoch 59
Loss = 8.8259e-05, PNorm = 58.7625, GNorm = 0.2043, lr_0 = 2.5595e-04
Validation rmse = 9.647247
Epoch 60
Loss = 7.5618e-05, PNorm = 58.7637, GNorm = 0.2069, lr_0 = 2.5001e-04
Validation rmse = 9.710175
Epoch 61
Loss = 8.7386e-05, PNorm = 58.7653, GNorm = 0.4105, lr_0 = 2.4421e-04
Validation rmse = 9.719235
Epoch 62
Loss = 9.0350e-05, PNorm = 58.7673, GNorm = 0.1318, lr_0 = 2.3853e-04
Validation rmse = 9.638366
Epoch 63
Loss = 8.4955e-05, PNorm = 58.7698, GNorm = 0.2060, lr_0 = 2.3300e-04
Validation rmse = 9.920464
Epoch 64
Loss = 9.3421e-05, PNorm = 58.7722, GNorm = 0.3605, lr_0 = 2.2758e-04
Validation rmse = 9.710970
Epoch 65
Loss = 7.7779e-05, PNorm = 58.7732, GNorm = 0.3927, lr_0 = 2.2230e-04
Validation rmse = 9.923874
Epoch 66
Loss = 8.1650e-05, PNorm = 58.7748, GNorm = 0.1180, lr_0 = 2.1714e-04
Validation rmse = 10.039591
Epoch 67
Loss = 8.4689e-05, PNorm = 58.7770, GNorm = 0.2655, lr_0 = 2.1210e-04
Validation rmse = 9.861412
Epoch 68
Loss = 9.5523e-05, PNorm = 58.7775, GNorm = 0.4734, lr_0 = 2.0717e-04
Validation rmse = 10.012762
Epoch 69
Loss = 9.7411e-05, PNorm = 58.7797, GNorm = 0.1988, lr_0 = 2.0236e-04
Validation rmse = 9.641006
Epoch 70
Loss = 7.5147e-05, PNorm = 58.7797, GNorm = 0.2798, lr_0 = 1.9766e-04
Validation rmse = 9.968591
Epoch 71
Loss = 8.2628e-05, PNorm = 58.7816, GNorm = 0.4087, lr_0 = 1.9307e-04
Validation rmse = 9.598584
Epoch 72
Loss = 9.4295e-05, PNorm = 58.7833, GNorm = 0.1578, lr_0 = 1.8859e-04
Validation rmse = 9.730021
Epoch 73
Loss = 8.8462e-05, PNorm = 58.7852, GNorm = 0.1185, lr_0 = 1.8421e-04
Validation rmse = 9.635317
Epoch 74
Loss = 8.4476e-05, PNorm = 58.7862, GNorm = 0.2062, lr_0 = 1.7993e-04
Validation rmse = 9.747214
Epoch 75
Loss = 9.0176e-05, PNorm = 58.7876, GNorm = 0.1431, lr_0 = 1.7575e-04
Validation rmse = 9.811555
Epoch 76
Loss = 8.1204e-05, PNorm = 58.7886, GNorm = 0.4378, lr_0 = 1.7167e-04
Validation rmse = 9.867499
Epoch 77
Loss = 7.7983e-05, PNorm = 58.7889, GNorm = 0.1649, lr_0 = 1.6768e-04
Validation rmse = 9.875154
Epoch 78
Loss = 6.9750e-05, PNorm = 58.7896, GNorm = 0.2686, lr_0 = 1.6379e-04
Validation rmse = 9.625191
Epoch 79
Loss = 7.7376e-05, PNorm = 58.7901, GNorm = 0.2065, lr_0 = 1.5999e-04
Validation rmse = 9.634195
Epoch 80
Loss = 7.9020e-05, PNorm = 58.7900, GNorm = 0.3758, lr_0 = 1.5627e-04
Validation rmse = 10.027107
Epoch 81
Loss = 8.3912e-05, PNorm = 58.7910, GNorm = 0.2114, lr_0 = 1.5264e-04
Validation rmse = 9.684000
Epoch 82
Loss = 8.1620e-05, PNorm = 58.7924, GNorm = 0.2884, lr_0 = 1.4910e-04
Validation rmse = 9.629342
Epoch 83
Loss = 8.3610e-05, PNorm = 58.7919, GNorm = 0.3941, lr_0 = 1.4563e-04
Validation rmse = 10.090574
Epoch 84
Loss = 7.3186e-05, PNorm = 58.7938, GNorm = 0.1447, lr_0 = 1.4225e-04
Validation rmse = 9.478911
Epoch 85
Loss = 7.0407e-05, PNorm = 58.7936, GNorm = 0.1386, lr_0 = 1.3895e-04
Validation rmse = 9.696532
Epoch 86
Loss = 6.5050e-05, PNorm = 58.7937, GNorm = 0.1410, lr_0 = 1.3572e-04
Validation rmse = 9.743890
Epoch 87
Loss = 8.0702e-05, PNorm = 58.7950, GNorm = 0.2217, lr_0 = 1.3257e-04
Validation rmse = 9.352540
Epoch 88
Loss = 7.8438e-05, PNorm = 58.7947, GNorm = 0.2298, lr_0 = 1.2949e-04
Validation rmse = 9.737573
Epoch 89
Loss = 8.0539e-05, PNorm = 58.7963, GNorm = 0.2750, lr_0 = 1.2649e-04
Validation rmse = 9.531158
Epoch 90
Loss = 7.5249e-05, PNorm = 58.7969, GNorm = 0.0838, lr_0 = 1.2355e-04
Validation rmse = 9.609760
Epoch 91
Loss = 7.4624e-05, PNorm = 58.7972, GNorm = 0.1453, lr_0 = 1.2068e-04
Validation rmse = 9.690684
Epoch 92
Loss = 7.1246e-05, PNorm = 58.7975, GNorm = 0.1933, lr_0 = 1.1788e-04
Validation rmse = 9.705345
Epoch 93
Loss = 8.1455e-05, PNorm = 58.7982, GNorm = 0.2628, lr_0 = 1.1514e-04
Validation rmse = 9.384083
Epoch 94
Loss = 7.8927e-05, PNorm = 58.7979, GNorm = 0.1621, lr_0 = 1.1247e-04
Validation rmse = 9.987775
Epoch 95
Loss = 6.6833e-05, PNorm = 58.7989, GNorm = 0.0912, lr_0 = 1.0985e-04
Validation rmse = 9.800844
Epoch 96
Loss = 6.5774e-05, PNorm = 58.7991, GNorm = 0.1155, lr_0 = 1.0730e-04
Validation rmse = 9.818805
Epoch 97
Loss = 6.9373e-05, PNorm = 58.7998, GNorm = 0.2102, lr_0 = 1.0481e-04
Validation rmse = 9.914289
Epoch 98
Loss = 9.0509e-05, PNorm = 58.8011, GNorm = 0.1257, lr_0 = 1.0238e-04
Validation rmse = 9.802623
Epoch 99
Loss = 8.1667e-05, PNorm = 58.8011, GNorm = 0.1756, lr_0 = 1.0000e-04
Validation rmse = 9.922077
Model 0 best validation rmse = 9.352540 on epoch 87
Loading pretrained parameter "encoder.encoder.cached_zero_vector".
Loading pretrained parameter "encoder.encoder.W_i.weight".
Loading pretrained parameter "encoder.encoder.W_h.weight".
Loading pretrained parameter "encoder.encoder.W_o.weight".
Loading pretrained parameter "encoder.encoder.W_o.bias".
Loading pretrained parameter "ffn.1.weight".
Loading pretrained parameter "ffn.1.bias".
Loading pretrained parameter "ffn.4.weight".
Loading pretrained parameter "ffn.4.bias".
Model 0 test rmse = 8.139089
Ensemble test rmse = 8.139089
1-fold cross validation
Seed 0 ==> test rmse = 8.139089
Overall test rmse = 8.139089 +/- 0.000000
