Fold 0
{'activation': 'ReLU',
 'atom_messages': False,
 'batch_size': 50,
 'bias': False,
 'checkpoint_dir': None,
 'checkpoint_path': None,
 'checkpoint_paths': None,
 'config_path': None,
 'crossval_index_dir': None,
 'crossval_index_file': None,
 'cuda': False,
 'data_path': 'data/solvation/MNSol_compsol_cleaned_averaged.csv',
 'dataset_type': 'regression',
 'depth': 6,
 'detailed_results': True,
 'dropout': 0.1,
 'ensemble_size': 1,
 'epochs': 100,
 'explicit_solvent_number': 2,
 'features_generator': None,
 'features_only': False,
 'features_path': None,
 'features_scaling': True,
 'ffn_hidden_size': 500,
 'ffn_num_layers': 3,
 'final_lr': 0.0001,
 'folds_file': None,
 'gpu': None,
 'hidden_size': 500,
 'init_lr': 0.0001,
 'log_frequency': 10,
 'max_data_size': None,
 'max_lr': 0.001,
 'metric': 'rmse',
 'minimize_score': True,
 'multiclass_num_classes': 3,
 'no_cache': False,
 'num_folds': 1,
 'num_lrs': 1,
 'quiet': False,
 'save_dir': 'examples/solvation/fold_0',
 'save_inchi_split': False,
 'save_smiles_splits': False,
 'seed': 0,
 'separate_test_features_path': None,
 'separate_test_path': None,
 'separate_val_features_path': None,
 'separate_val_path': None,
 'show_individual_scores': False,
 'solvation': True,
 'split_sizes': [0.8, 0.1, 0.1],
 'split_type': 'random',
 'test': False,
 'test_fold_index': None,
 'undirected': False,
 'use_compound_names': False,
 'use_input_features': None,
 'val_fold_index': None,
 'warmup_epochs': 2.0}
Loading data
Number of tasks = 1
Splitting data with seed 0
Total size = 5,940 | train size = 4,752 | val size = 594 | test size = 594
Fitting scaler
Building model 0
MoleculeModel(
  (encoder): MPN_solvation(
    (encoder_solute): MPNEncoder(
      (dropout_layer): Dropout(p=0.1, inplace=False)
      (act_func): ReLU()
      (W_i): Linear(in_features=173, out_features=500, bias=False)
      (W_h): Linear(in_features=500, out_features=500, bias=False)
      (W_o): Linear(in_features=659, out_features=500, bias=True)
    )
    (encoder_solvent): MPNEncoder(
      (dropout_layer): Dropout(p=0.1, inplace=False)
      (act_func): ReLU()
      (W_i): Linear(in_features=173, out_features=500, bias=False)
      (W_h): Linear(in_features=500, out_features=500, bias=False)
      (W_o): Linear(in_features=659, out_features=500, bias=True)
    )
  )
  (ffn): Sequential(
    (0): Dropout(p=0.1, inplace=False)
    (1): Linear(in_features=1500, out_features=500, bias=True)
    (2): ReLU()
    (3): Dropout(p=0.1, inplace=False)
    (4): Linear(in_features=500, out_features=500, bias=True)
    (5): ReLU()
    (6): Dropout(p=0.1, inplace=False)
    (7): Linear(in_features=500, out_features=1, bias=True)
  )
)
Number of parameters = 2,334,501
Epoch 0
Loss = 1.7988e-02, PNorm = 62.4656, GNorm = 9.2252, lr_0 = 1.4737e-04
Loss = 1.6272e-02, PNorm = 62.4702, GNorm = 4.4835, lr_0 = 1.9474e-04
Loss = 9.0399e-03, PNorm = 62.4777, GNorm = 2.3568, lr_0 = 2.4211e-04
Loss = 1.2206e-02, PNorm = 62.4899, GNorm = 3.1192, lr_0 = 2.8947e-04
Loss = 8.7400e-03, PNorm = 62.5049, GNorm = 4.1545, lr_0 = 3.3684e-04
Loss = 8.9400e-03, PNorm = 62.5222, GNorm = 4.4547, lr_0 = 3.8421e-04
Loss = 5.9046e-03, PNorm = 62.5422, GNorm = 1.7622, lr_0 = 4.3158e-04
Loss = 5.2478e-03, PNorm = 62.5644, GNorm = 1.5844, lr_0 = 4.7895e-04
Loss = 7.5095e-03, PNorm = 62.5874, GNorm = 1.5633, lr_0 = 5.2632e-04
Validation rmse = 1.821362
Epoch 1
Loss = 9.4710e-03, PNorm = 62.6148, GNorm = 5.8901, lr_0 = 5.7368e-04
Loss = 8.0981e-03, PNorm = 62.6482, GNorm = 1.3281, lr_0 = 6.2105e-04
Loss = 5.4101e-03, PNorm = 62.6846, GNorm = 1.3859, lr_0 = 6.6842e-04
Loss = 7.1710e-03, PNorm = 62.7100, GNorm = 1.8173, lr_0 = 7.1579e-04
Loss = 7.2220e-03, PNorm = 62.7472, GNorm = 2.3258, lr_0 = 7.6316e-04
Loss = 5.1796e-03, PNorm = 62.7897, GNorm = 1.6689, lr_0 = 8.1053e-04
Loss = 3.6496e-03, PNorm = 62.8221, GNorm = 1.2963, lr_0 = 8.5789e-04
Loss = 4.2416e-03, PNorm = 62.8561, GNorm = 4.6001, lr_0 = 9.0526e-04
Loss = 6.3346e-03, PNorm = 62.8986, GNorm = 5.8842, lr_0 = 9.5263e-04
Loss = 4.5967e-03, PNorm = 62.9503, GNorm = 1.4575, lr_0 = 1.0000e-03
Validation rmse = 1.151197
Epoch 2
Loss = 5.3527e-03, PNorm = 63.0056, GNorm = 6.3041, lr_0 = 9.9753e-04
Loss = 3.9100e-03, PNorm = 63.0612, GNorm = 1.4454, lr_0 = 9.9507e-04
Loss = 4.8571e-03, PNorm = 63.1157, GNorm = 1.9394, lr_0 = 9.9261e-04
Loss = 4.4056e-03, PNorm = 63.1566, GNorm = 1.1624, lr_0 = 9.9016e-04
Loss = 4.8386e-03, PNorm = 63.1987, GNorm = 6.5608, lr_0 = 9.8771e-04
Loss = 3.0596e-03, PNorm = 63.2381, GNorm = 1.4537, lr_0 = 9.8527e-04
Loss = 3.4102e-03, PNorm = 63.2762, GNorm = 2.8367, lr_0 = 9.8284e-04
Loss = 4.0431e-03, PNorm = 63.3163, GNorm = 4.2879, lr_0 = 9.8041e-04
Loss = 3.0949e-03, PNorm = 63.3536, GNorm = 1.7488, lr_0 = 9.7799e-04
Validation rmse = 0.852878
Epoch 3
Loss = 3.1858e-03, PNorm = 63.4012, GNorm = 2.0255, lr_0 = 9.7557e-04
Loss = 2.8522e-03, PNorm = 63.4410, GNorm = 1.2451, lr_0 = 9.7316e-04
Loss = 4.6415e-03, PNorm = 63.4740, GNorm = 3.5384, lr_0 = 9.7076e-04
Loss = 2.8530e-03, PNorm = 63.5048, GNorm = 1.2736, lr_0 = 9.6836e-04
Loss = 2.9017e-03, PNorm = 63.5382, GNorm = 3.0038, lr_0 = 9.6597e-04
Loss = 3.7377e-03, PNorm = 63.5681, GNorm = 1.9196, lr_0 = 9.6358e-04
Loss = 3.2002e-03, PNorm = 63.5987, GNorm = 2.3110, lr_0 = 9.6120e-04
Loss = 3.3117e-03, PNorm = 63.6345, GNorm = 1.4038, lr_0 = 9.5883e-04
Loss = 1.9502e-03, PNorm = 63.6664, GNorm = 1.6349, lr_0 = 9.5646e-04
Loss = 2.3544e-03, PNorm = 63.6994, GNorm = 1.3401, lr_0 = 9.5410e-04
Validation rmse = 0.738461
Epoch 4
Loss = 2.4051e-03, PNorm = 63.7317, GNorm = 0.7841, lr_0 = 9.5174e-04
Loss = 1.5896e-03, PNorm = 63.7643, GNorm = 0.5209, lr_0 = 9.4939e-04
Loss = 2.4014e-03, PNorm = 63.7876, GNorm = 2.0391, lr_0 = 9.4704e-04
Loss = 2.1490e-03, PNorm = 63.8146, GNorm = 0.6871, lr_0 = 9.4470e-04
Loss = 1.6840e-03, PNorm = 63.8508, GNorm = 0.9342, lr_0 = 9.4237e-04
Loss = 1.8109e-03, PNorm = 63.8721, GNorm = 1.4656, lr_0 = 9.4004e-04
Loss = 2.2849e-03, PNorm = 63.8996, GNorm = 1.7211, lr_0 = 9.3772e-04
Loss = 1.9312e-03, PNorm = 63.9265, GNorm = 1.5542, lr_0 = 9.3540e-04
Loss = 3.4708e-03, PNorm = 63.9539, GNorm = 1.7733, lr_0 = 9.3309e-04
Validation rmse = 0.809761
Epoch 5
Loss = 2.1616e-03, PNorm = 63.9859, GNorm = 0.7212, lr_0 = 9.3079e-04
Loss = 1.6295e-03, PNorm = 64.0158, GNorm = 0.8419, lr_0 = 9.2849e-04
Loss = 2.5315e-03, PNorm = 64.0513, GNorm = 1.0224, lr_0 = 9.2620e-04
Loss = 2.4755e-03, PNorm = 64.0837, GNorm = 2.0808, lr_0 = 9.2391e-04
Loss = 2.7760e-03, PNorm = 64.1122, GNorm = 1.9730, lr_0 = 9.2162e-04
Loss = 2.4579e-03, PNorm = 64.1447, GNorm = 0.7310, lr_0 = 9.1935e-04
Loss = 2.5428e-03, PNorm = 64.1717, GNorm = 1.4108, lr_0 = 9.1708e-04
Loss = 2.1628e-03, PNorm = 64.1958, GNorm = 1.4463, lr_0 = 9.1481e-04
Loss = 4.1377e-03, PNorm = 64.2267, GNorm = 2.5501, lr_0 = 9.1255e-04
Loss = 2.6518e-03, PNorm = 64.2478, GNorm = 1.3054, lr_0 = 9.1030e-04
Validation rmse = 0.979569
Epoch 6
Loss = 3.1564e-03, PNorm = 64.2819, GNorm = 1.5773, lr_0 = 9.0805e-04
Loss = 2.2490e-03, PNorm = 64.3154, GNorm = 1.6437, lr_0 = 9.0581e-04
Loss = 2.3410e-03, PNorm = 64.3366, GNorm = 1.8651, lr_0 = 9.0357e-04
Loss = 2.2749e-03, PNorm = 64.3708, GNorm = 1.0516, lr_0 = 9.0134e-04
Loss = 1.9171e-03, PNorm = 64.4069, GNorm = 2.5015, lr_0 = 8.9911e-04
Loss = 1.6687e-03, PNorm = 64.4235, GNorm = 0.9344, lr_0 = 8.9689e-04
Loss = 2.3851e-03, PNorm = 64.4492, GNorm = 3.9949, lr_0 = 8.9467e-04
Loss = 1.3259e-03, PNorm = 64.4759, GNorm = 0.8452, lr_0 = 8.9246e-04
Loss = 1.8160e-03, PNorm = 64.4930, GNorm = 0.4617, lr_0 = 8.9026e-04
Validation rmse = 0.742449
Epoch 7
Loss = 1.8230e-03, PNorm = 64.5170, GNorm = 0.7421, lr_0 = 8.8806e-04
Loss = 1.7642e-03, PNorm = 64.5366, GNorm = 1.7559, lr_0 = 8.8587e-04
Loss = 1.4793e-03, PNorm = 64.5616, GNorm = 0.5904, lr_0 = 8.8368e-04
Loss = 1.8980e-03, PNorm = 64.5869, GNorm = 2.3872, lr_0 = 8.8150e-04
Loss = 1.2693e-03, PNorm = 64.6071, GNorm = 0.7492, lr_0 = 8.7932e-04
Loss = 1.9152e-03, PNorm = 64.6200, GNorm = 1.0126, lr_0 = 8.7715e-04
Loss = 1.8387e-03, PNorm = 64.6432, GNorm = 3.9274, lr_0 = 8.7498e-04
Loss = 1.8081e-03, PNorm = 64.6698, GNorm = 1.0610, lr_0 = 8.7282e-04
Loss = 1.8751e-03, PNorm = 64.6846, GNorm = 2.2739, lr_0 = 8.7066e-04
Loss = 1.6058e-03, PNorm = 64.7129, GNorm = 0.6444, lr_0 = 8.6851e-04
Validation rmse = 0.574201
Epoch 8
Loss = 9.9271e-04, PNorm = 64.7272, GNorm = 0.6291, lr_0 = 8.6637e-04
Loss = 9.9905e-04, PNorm = 64.7494, GNorm = 0.9314, lr_0 = 8.6423e-04
Loss = 1.2680e-03, PNorm = 64.7607, GNorm = 0.7103, lr_0 = 8.6209e-04
Loss = 1.2771e-03, PNorm = 64.7699, GNorm = 1.1309, lr_0 = 8.5996e-04
Loss = 1.0733e-03, PNorm = 64.7869, GNorm = 0.3500, lr_0 = 8.5784e-04
Loss = 1.2663e-03, PNorm = 64.8072, GNorm = 1.4231, lr_0 = 8.5572e-04
Loss = 1.6622e-03, PNorm = 64.8200, GNorm = 1.0116, lr_0 = 8.5360e-04
Loss = 1.2887e-03, PNorm = 64.8367, GNorm = 1.7096, lr_0 = 8.5150e-04
Loss = 1.2226e-03, PNorm = 64.8533, GNorm = 0.5923, lr_0 = 8.4939e-04
Validation rmse = 0.642611
Epoch 9
Loss = 1.2343e-03, PNorm = 64.8766, GNorm = 0.4227, lr_0 = 8.4729e-04
Loss = 1.0476e-03, PNorm = 64.9005, GNorm = 0.5000, lr_0 = 8.4520e-04
Loss = 1.5991e-03, PNorm = 64.9148, GNorm = 1.3002, lr_0 = 8.4311e-04
Loss = 2.1675e-03, PNorm = 64.9353, GNorm = 1.3128, lr_0 = 8.4103e-04
Loss = 1.3687e-03, PNorm = 64.9593, GNorm = 1.9787, lr_0 = 8.3895e-04
Loss = 1.3217e-03, PNorm = 64.9764, GNorm = 0.8728, lr_0 = 8.3688e-04
Loss = 1.6716e-03, PNorm = 64.9900, GNorm = 0.7147, lr_0 = 8.3481e-04
Loss = 9.1391e-04, PNorm = 65.0086, GNorm = 0.6626, lr_0 = 8.3275e-04
Loss = 9.9870e-04, PNorm = 65.0271, GNorm = 0.7209, lr_0 = 8.3069e-04
Loss = 1.0695e-03, PNorm = 65.0430, GNorm = 0.4571, lr_0 = 8.2864e-04
Validation rmse = 0.581311
Epoch 10
Loss = 1.0055e-03, PNorm = 65.0632, GNorm = 0.9699, lr_0 = 8.2660e-04
Loss = 1.1877e-03, PNorm = 65.0701, GNorm = 0.4933, lr_0 = 8.2455e-04
Loss = 1.1601e-03, PNorm = 65.0931, GNorm = 1.5742, lr_0 = 8.2252e-04
Loss = 1.1786e-03, PNorm = 65.1093, GNorm = 0.8367, lr_0 = 8.2049e-04
Loss = 1.0212e-03, PNorm = 65.1215, GNorm = 0.6346, lr_0 = 8.1846e-04
Loss = 1.1037e-03, PNorm = 65.1360, GNorm = 1.0095, lr_0 = 8.1644e-04
Loss = 1.2094e-03, PNorm = 65.1430, GNorm = 1.6396, lr_0 = 8.1442e-04
Loss = 1.1168e-03, PNorm = 65.1602, GNorm = 0.5899, lr_0 = 8.1241e-04
Loss = 9.2766e-04, PNorm = 65.1786, GNorm = 0.9835, lr_0 = 8.1040e-04
Validation rmse = 0.595039
Epoch 11
Loss = 1.0492e-03, PNorm = 65.1915, GNorm = 1.7892, lr_0 = 8.0840e-04
Loss = 1.4155e-03, PNorm = 65.2143, GNorm = 1.4929, lr_0 = 8.0640e-04
Loss = 1.1642e-03, PNorm = 65.2375, GNorm = 0.8821, lr_0 = 8.0441e-04
Loss = 1.1676e-03, PNorm = 65.2565, GNorm = 0.9771, lr_0 = 8.0242e-04
Loss = 8.1631e-04, PNorm = 65.2704, GNorm = 0.2635, lr_0 = 8.0044e-04
Loss = 1.0386e-03, PNorm = 65.2903, GNorm = 0.4194, lr_0 = 7.9846e-04
Loss = 8.6526e-04, PNorm = 65.3033, GNorm = 0.8389, lr_0 = 7.9649e-04
Loss = 1.2491e-03, PNorm = 65.3124, GNorm = 0.8175, lr_0 = 7.9452e-04
Loss = 2.1211e-03, PNorm = 65.3239, GNorm = 1.9071, lr_0 = 7.9256e-04
Loss = 2.0097e-03, PNorm = 65.3547, GNorm = 0.9024, lr_0 = 7.9060e-04
Validation rmse = 0.698121
Epoch 12
Loss = 1.1467e-03, PNorm = 65.3740, GNorm = 1.0623, lr_0 = 7.8865e-04
Loss = 1.0912e-03, PNorm = 65.3973, GNorm = 0.7799, lr_0 = 7.8670e-04
Loss = 1.5151e-03, PNorm = 65.4194, GNorm = 0.7390, lr_0 = 7.8476e-04
Loss = 1.3104e-03, PNorm = 65.4403, GNorm = 1.0049, lr_0 = 7.8282e-04
Loss = 1.1613e-03, PNorm = 65.4635, GNorm = 0.8309, lr_0 = 7.8089e-04
Loss = 1.1345e-03, PNorm = 65.4806, GNorm = 0.5318, lr_0 = 7.7896e-04
Loss = 1.0670e-03, PNorm = 65.4935, GNorm = 0.2892, lr_0 = 7.7703e-04
Loss = 8.2569e-04, PNorm = 65.5071, GNorm = 0.7434, lr_0 = 7.7512e-04
Loss = 8.6299e-04, PNorm = 65.5255, GNorm = 0.4904, lr_0 = 7.7320e-04
Validation rmse = 0.590648
Epoch 13
Loss = 1.6941e-03, PNorm = 65.5434, GNorm = 0.5086, lr_0 = 7.7129e-04
Loss = 5.9672e-04, PNorm = 65.5624, GNorm = 0.6949, lr_0 = 7.6939e-04
Loss = 8.2137e-04, PNorm = 65.5701, GNorm = 1.3095, lr_0 = 7.6748e-04
Loss = 7.7381e-04, PNorm = 65.5871, GNorm = 1.1650, lr_0 = 7.6559e-04
Loss = 1.1449e-03, PNorm = 65.5994, GNorm = 0.5342, lr_0 = 7.6370e-04
Loss = 8.9982e-04, PNorm = 65.6166, GNorm = 0.7258, lr_0 = 7.6181e-04
Loss = 7.6852e-04, PNorm = 65.6368, GNorm = 0.3366, lr_0 = 7.5993e-04
Loss = 8.3942e-04, PNorm = 65.6515, GNorm = 1.1112, lr_0 = 7.5805e-04
Loss = 1.1891e-03, PNorm = 65.6624, GNorm = 2.0528, lr_0 = 7.5618e-04
Loss = 9.9211e-04, PNorm = 65.6700, GNorm = 0.3743, lr_0 = 7.5431e-04
Validation rmse = 0.618070
Epoch 14
Loss = 9.2980e-04, PNorm = 65.6883, GNorm = 0.6931, lr_0 = 7.5245e-04
Loss = 9.1591e-04, PNorm = 65.7031, GNorm = 3.2947, lr_0 = 7.5059e-04
Loss = 1.1065e-03, PNorm = 65.7125, GNorm = 1.0466, lr_0 = 7.4874e-04
Loss = 9.8530e-04, PNorm = 65.7323, GNorm = 0.9098, lr_0 = 7.4689e-04
Loss = 8.5055e-04, PNorm = 65.7520, GNorm = 1.2523, lr_0 = 7.4504e-04
Loss = 6.8221e-04, PNorm = 65.7726, GNorm = 0.6253, lr_0 = 7.4320e-04
Loss = 1.1317e-03, PNorm = 65.7873, GNorm = 1.0309, lr_0 = 7.4137e-04
Loss = 9.1189e-04, PNorm = 65.8023, GNorm = 1.2082, lr_0 = 7.3953e-04
Loss = 8.7634e-04, PNorm = 65.8161, GNorm = 2.0849, lr_0 = 7.3771e-04
Validation rmse = 0.559067
Epoch 15
Loss = 1.6051e-03, PNorm = 65.8331, GNorm = 1.4378, lr_0 = 7.3588e-04
Loss = 7.3873e-04, PNorm = 65.8453, GNorm = 0.2611, lr_0 = 7.3407e-04
Loss = 8.2577e-04, PNorm = 65.8668, GNorm = 0.3935, lr_0 = 7.3225e-04
Loss = 1.3044e-03, PNorm = 65.8787, GNorm = 0.8074, lr_0 = 7.3045e-04
Loss = 8.1639e-04, PNorm = 65.8968, GNorm = 0.8211, lr_0 = 7.2864e-04
Loss = 9.3026e-04, PNorm = 65.9121, GNorm = 1.5343, lr_0 = 7.2684e-04
Loss = 8.4991e-04, PNorm = 65.9293, GNorm = 0.7915, lr_0 = 7.2505e-04
Loss = 8.0896e-04, PNorm = 65.9471, GNorm = 0.8929, lr_0 = 7.2325e-04
Loss = 5.8755e-04, PNorm = 65.9608, GNorm = 0.3661, lr_0 = 7.2147e-04
Loss = 7.6175e-04, PNorm = 65.9736, GNorm = 0.3707, lr_0 = 7.1969e-04
Validation rmse = 0.554232
Epoch 16
Loss = 7.4439e-04, PNorm = 65.9891, GNorm = 0.7764, lr_0 = 7.1791e-04
Loss = 5.7569e-04, PNorm = 65.9994, GNorm = 0.4258, lr_0 = 7.1613e-04
Loss = 6.6316e-04, PNorm = 66.0122, GNorm = 0.6456, lr_0 = 7.1437e-04
Loss = 1.0825e-03, PNorm = 66.0230, GNorm = 0.4368, lr_0 = 7.1260e-04
Loss = 9.2763e-04, PNorm = 66.0332, GNorm = 0.9691, lr_0 = 7.1084e-04
Loss = 9.2130e-04, PNorm = 66.0521, GNorm = 0.8954, lr_0 = 7.0908e-04
Loss = 1.2197e-03, PNorm = 66.0706, GNorm = 1.6951, lr_0 = 7.0733e-04
Loss = 8.5088e-04, PNorm = 66.0908, GNorm = 1.0045, lr_0 = 7.0559e-04
Loss = 8.5061e-04, PNorm = 66.1053, GNorm = 0.4996, lr_0 = 7.0384e-04
Validation rmse = 0.601142
Epoch 17
Loss = 8.4297e-04, PNorm = 66.1171, GNorm = 0.4946, lr_0 = 7.0210e-04
Loss = 8.5439e-04, PNorm = 66.1327, GNorm = 0.5473, lr_0 = 7.0037e-04
Loss = 6.7045e-04, PNorm = 66.1494, GNorm = 0.4983, lr_0 = 6.9864e-04
Loss = 6.6640e-04, PNorm = 66.1624, GNorm = 0.4097, lr_0 = 6.9691e-04
Loss = 7.3805e-04, PNorm = 66.1710, GNorm = 1.2997, lr_0 = 6.9519e-04
Loss = 6.8089e-04, PNorm = 66.1774, GNorm = 0.5351, lr_0 = 6.9348e-04
Loss = 1.0466e-03, PNorm = 66.1912, GNorm = 0.4568, lr_0 = 6.9176e-04
Loss = 6.6636e-04, PNorm = 66.2059, GNorm = 0.8612, lr_0 = 6.9005e-04
Loss = 9.9858e-04, PNorm = 66.2184, GNorm = 0.3395, lr_0 = 6.8835e-04
Loss = 7.1599e-04, PNorm = 66.2300, GNorm = 0.7026, lr_0 = 6.8665e-04
Validation rmse = 0.527150
Epoch 18
Loss = 5.7766e-04, PNorm = 66.2435, GNorm = 0.1917, lr_0 = 6.8495e-04
Loss = 5.7450e-04, PNorm = 66.2515, GNorm = 1.0706, lr_0 = 6.8326e-04
Loss = 7.6036e-04, PNorm = 66.2667, GNorm = 2.3593, lr_0 = 6.8157e-04
Loss = 6.1234e-04, PNorm = 66.2760, GNorm = 0.4789, lr_0 = 6.7989e-04
Loss = 7.9477e-04, PNorm = 66.2912, GNorm = 0.5575, lr_0 = 6.7821e-04
Loss = 8.1100e-04, PNorm = 66.3062, GNorm = 0.5298, lr_0 = 6.7653e-04
Loss = 9.7185e-04, PNorm = 66.3131, GNorm = 0.7839, lr_0 = 6.7486e-04
Loss = 8.8293e-04, PNorm = 66.3279, GNorm = 0.6674, lr_0 = 6.7320e-04
Loss = 9.8649e-04, PNorm = 66.3497, GNorm = 0.5204, lr_0 = 6.7153e-04
Validation rmse = 0.580524
Epoch 19
Loss = 8.9251e-04, PNorm = 66.3717, GNorm = 1.5606, lr_0 = 6.6987e-04
Loss = 9.0201e-04, PNorm = 66.3888, GNorm = 2.4491, lr_0 = 6.6822e-04
Loss = 8.2651e-04, PNorm = 66.4034, GNorm = 0.4612, lr_0 = 6.6657e-04
Loss = 7.8813e-04, PNorm = 66.4191, GNorm = 2.2050, lr_0 = 6.6492e-04
Loss = 6.1160e-04, PNorm = 66.4366, GNorm = 0.7618, lr_0 = 6.6328e-04
Loss = 6.1452e-04, PNorm = 66.4489, GNorm = 0.4813, lr_0 = 6.6164e-04
Loss = 7.1574e-04, PNorm = 66.4620, GNorm = 0.6331, lr_0 = 6.6001e-04
Loss = 5.8478e-04, PNorm = 66.4704, GNorm = 0.3421, lr_0 = 6.5838e-04
Loss = 6.5897e-04, PNorm = 66.4849, GNorm = 0.7326, lr_0 = 6.5675e-04
Loss = 1.0535e-03, PNorm = 66.4998, GNorm = 0.9096, lr_0 = 6.5513e-04
Validation rmse = 0.511305
Epoch 20
Loss = 1.0998e-03, PNorm = 66.5184, GNorm = 1.1550, lr_0 = 6.5351e-04
Loss = 7.7862e-04, PNorm = 66.5410, GNorm = 0.3385, lr_0 = 6.5190e-04
Loss = 6.6273e-04, PNorm = 66.5553, GNorm = 0.3386, lr_0 = 6.5029e-04
Loss = 1.0179e-03, PNorm = 66.5757, GNorm = 1.0858, lr_0 = 6.4868e-04
Loss = 9.2363e-04, PNorm = 66.5939, GNorm = 0.9079, lr_0 = 6.4708e-04
Loss = 8.4083e-04, PNorm = 66.6049, GNorm = 0.6544, lr_0 = 6.4548e-04
Loss = 7.7553e-04, PNorm = 66.6249, GNorm = 0.7819, lr_0 = 6.4388e-04
Loss = 7.6271e-04, PNorm = 66.6379, GNorm = 1.6115, lr_0 = 6.4229e-04
Loss = 7.1381e-04, PNorm = 66.6450, GNorm = 0.8967, lr_0 = 6.4071e-04
Validation rmse = 0.600511
Epoch 21
Loss = 5.5323e-04, PNorm = 66.6618, GNorm = 0.4213, lr_0 = 6.3912e-04
Loss = 9.3462e-04, PNorm = 66.6765, GNorm = 0.7012, lr_0 = 6.3755e-04
Loss = 8.7715e-04, PNorm = 66.6901, GNorm = 0.4098, lr_0 = 6.3597e-04
Loss = 6.9248e-04, PNorm = 66.7098, GNorm = 0.6122, lr_0 = 6.3440e-04
Loss = 6.8217e-04, PNorm = 66.7234, GNorm = 0.5585, lr_0 = 6.3283e-04
Loss = 7.3408e-04, PNorm = 66.7391, GNorm = 0.2441, lr_0 = 6.3127e-04
Loss = 5.8764e-04, PNorm = 66.7567, GNorm = 0.5711, lr_0 = 6.2971e-04
Loss = 7.2077e-04, PNorm = 66.7689, GNorm = 0.3834, lr_0 = 6.2815e-04
Loss = 5.9082e-04, PNorm = 66.7812, GNorm = 0.4487, lr_0 = 6.2660e-04
Loss = 5.5558e-04, PNorm = 66.7936, GNorm = 0.2789, lr_0 = 6.2506e-04
Validation rmse = 0.486035
Epoch 22
Loss = 5.4617e-04, PNorm = 66.8035, GNorm = 0.4351, lr_0 = 6.2351e-04
Loss = 4.3009e-04, PNorm = 66.8108, GNorm = 0.4041, lr_0 = 6.2197e-04
Loss = 4.9058e-04, PNorm = 66.8196, GNorm = 0.2625, lr_0 = 6.2043e-04
Loss = 5.0552e-04, PNorm = 66.8309, GNorm = 0.3623, lr_0 = 6.1890e-04
Loss = 5.8576e-04, PNorm = 66.8397, GNorm = 0.3453, lr_0 = 6.1737e-04
Loss = 6.1491e-04, PNorm = 66.8453, GNorm = 1.0600, lr_0 = 6.1585e-04
Loss = 8.0016e-04, PNorm = 66.8587, GNorm = 0.3328, lr_0 = 6.1433e-04
Loss = 9.4880e-04, PNorm = 66.8772, GNorm = 0.2797, lr_0 = 6.1281e-04
Loss = 6.5357e-04, PNorm = 66.8966, GNorm = 1.0109, lr_0 = 6.1130e-04
Validation rmse = 0.551038
Epoch 23
Loss = 6.1898e-04, PNorm = 66.9044, GNorm = 0.6410, lr_0 = 6.0979e-04
Loss = 6.2118e-04, PNorm = 66.9205, GNorm = 0.2818, lr_0 = 6.0828e-04
Loss = 8.7942e-04, PNorm = 66.9316, GNorm = 0.6638, lr_0 = 6.0678e-04
Loss = 9.8721e-04, PNorm = 66.9489, GNorm = 0.4320, lr_0 = 6.0528e-04
Loss = 7.5907e-04, PNorm = 66.9653, GNorm = 0.9694, lr_0 = 6.0378e-04
Loss = 9.3236e-04, PNorm = 66.9776, GNorm = 0.6483, lr_0 = 6.0229e-04
Loss = 8.8092e-04, PNorm = 66.9975, GNorm = 0.4238, lr_0 = 6.0080e-04
Loss = 5.5191e-04, PNorm = 67.0116, GNorm = 0.5186, lr_0 = 5.9932e-04
Loss = 5.6380e-04, PNorm = 67.0232, GNorm = 0.3503, lr_0 = 5.9784e-04
Loss = 5.8730e-04, PNorm = 67.0361, GNorm = 0.6554, lr_0 = 5.9636e-04
Validation rmse = 0.498053
Epoch 24
Loss = 5.2627e-04, PNorm = 67.0480, GNorm = 0.5778, lr_0 = 5.9489e-04
Loss = 5.5422e-04, PNorm = 67.0575, GNorm = 0.3351, lr_0 = 5.9342e-04
Loss = 4.5316e-04, PNorm = 67.0636, GNorm = 0.3074, lr_0 = 5.9195e-04
Loss = 7.2047e-04, PNorm = 67.0748, GNorm = 0.4791, lr_0 = 5.9049e-04
Loss = 9.0488e-04, PNorm = 67.0859, GNorm = 0.3516, lr_0 = 5.8903e-04
Loss = 6.7591e-04, PNorm = 67.0995, GNorm = 0.2864, lr_0 = 5.8758e-04
Loss = 5.1557e-04, PNorm = 67.1110, GNorm = 0.5195, lr_0 = 5.8613e-04
Loss = 5.3217e-04, PNorm = 67.1182, GNorm = 0.4922, lr_0 = 5.8468e-04
Loss = 5.5226e-04, PNorm = 67.1288, GNorm = 0.5143, lr_0 = 5.8323e-04
Validation rmse = 0.576156
Epoch 25
Loss = 7.5121e-04, PNorm = 67.1412, GNorm = 1.4381, lr_0 = 5.8179e-04
Loss = 9.4185e-04, PNorm = 67.1539, GNorm = 0.4493, lr_0 = 5.8036e-04
Loss = 5.8350e-04, PNorm = 67.1752, GNorm = 0.5879, lr_0 = 5.7892e-04
Loss = 4.9252e-04, PNorm = 67.1821, GNorm = 0.4555, lr_0 = 5.7749e-04
Loss = 6.7341e-04, PNorm = 67.1971, GNorm = 0.4024, lr_0 = 5.7607e-04
Loss = 6.5220e-04, PNorm = 67.2071, GNorm = 0.3659, lr_0 = 5.7464e-04
Loss = 5.4378e-04, PNorm = 67.2258, GNorm = 0.8235, lr_0 = 5.7322e-04
Loss = 5.0898e-04, PNorm = 67.2375, GNorm = 0.3151, lr_0 = 5.7181e-04
Loss = 4.7499e-04, PNorm = 67.2466, GNorm = 0.6862, lr_0 = 5.7040e-04
Loss = 5.0475e-04, PNorm = 67.2574, GNorm = 0.7234, lr_0 = 5.6899e-04
Validation rmse = 0.486575
Epoch 26
Loss = 3.6308e-04, PNorm = 67.2700, GNorm = 0.2569, lr_0 = 5.6758e-04
Loss = 4.6416e-04, PNorm = 67.2773, GNorm = 0.5892, lr_0 = 5.6618e-04
Loss = 3.7951e-04, PNorm = 67.2876, GNorm = 0.6567, lr_0 = 5.6478e-04
Loss = 5.0762e-04, PNorm = 67.2958, GNorm = 0.5483, lr_0 = 5.6339e-04
Loss = 1.0375e-03, PNorm = 67.3031, GNorm = 0.4204, lr_0 = 5.6199e-04
Loss = 7.6095e-04, PNorm = 67.3171, GNorm = 0.3722, lr_0 = 5.6061e-04
Loss = 6.4674e-04, PNorm = 67.3313, GNorm = 0.9440, lr_0 = 5.5922e-04
Loss = 4.6626e-04, PNorm = 67.3504, GNorm = 0.4019, lr_0 = 5.5784e-04
Loss = 6.2057e-04, PNorm = 67.3571, GNorm = 0.5931, lr_0 = 5.5646e-04
Validation rmse = 0.455685
Epoch 27
Loss = 6.4542e-04, PNorm = 67.3669, GNorm = 0.3655, lr_0 = 5.5509e-04
Loss = 8.0236e-04, PNorm = 67.3788, GNorm = 1.2506, lr_0 = 5.5372e-04
Loss = 8.1755e-04, PNorm = 67.3957, GNorm = 0.5283, lr_0 = 5.5235e-04
Loss = 5.4266e-04, PNorm = 67.4089, GNorm = 0.7977, lr_0 = 5.5098e-04
Loss = 5.4516e-04, PNorm = 67.4184, GNorm = 0.3254, lr_0 = 5.4962e-04
Loss = 5.7292e-04, PNorm = 67.4302, GNorm = 0.3158, lr_0 = 5.4826e-04
Loss = 5.2411e-04, PNorm = 67.4368, GNorm = 0.6565, lr_0 = 5.4691e-04
Loss = 5.1580e-04, PNorm = 67.4497, GNorm = 0.4243, lr_0 = 5.4556e-04
Loss = 6.5031e-04, PNorm = 67.4634, GNorm = 0.7564, lr_0 = 5.4421e-04
Loss = 6.0271e-04, PNorm = 67.4734, GNorm = 0.9861, lr_0 = 5.4287e-04
Validation rmse = 0.518500
Epoch 28
Loss = 6.1401e-04, PNorm = 67.4834, GNorm = 0.2316, lr_0 = 5.4153e-04
Loss = 4.8369e-04, PNorm = 67.4885, GNorm = 0.4839, lr_0 = 5.4019e-04
Loss = 5.1578e-04, PNorm = 67.4976, GNorm = 0.2763, lr_0 = 5.3885e-04
Loss = 5.3232e-04, PNorm = 67.5083, GNorm = 0.5216, lr_0 = 5.3752e-04
Loss = 3.8008e-04, PNorm = 67.5205, GNorm = 0.4679, lr_0 = 5.3620e-04
Loss = 5.7314e-04, PNorm = 67.5283, GNorm = 0.4921, lr_0 = 5.3487e-04
Loss = 8.8372e-04, PNorm = 67.5365, GNorm = 1.1533, lr_0 = 5.3355e-04
Loss = 4.5626e-04, PNorm = 67.5469, GNorm = 0.1328, lr_0 = 5.3223e-04
Loss = 6.1498e-04, PNorm = 67.5650, GNorm = 0.4890, lr_0 = 5.3092e-04
Validation rmse = 0.515315
Epoch 29
Loss = 4.0035e-04, PNorm = 67.5726, GNorm = 0.4256, lr_0 = 5.2961e-04
Loss = 4.8260e-04, PNorm = 67.5826, GNorm = 0.4620, lr_0 = 5.2830e-04
Loss = 4.6672e-04, PNorm = 67.5972, GNorm = 0.4917, lr_0 = 5.2699e-04
Loss = 4.6099e-04, PNorm = 67.6071, GNorm = 0.3781, lr_0 = 5.2569e-04
Loss = 6.6602e-04, PNorm = 67.6169, GNorm = 0.5917, lr_0 = 5.2439e-04
Loss = 6.0353e-04, PNorm = 67.6306, GNorm = 0.6819, lr_0 = 5.2310e-04
Loss = 5.5719e-04, PNorm = 67.6422, GNorm = 0.5023, lr_0 = 5.2180e-04
Loss = 6.2612e-04, PNorm = 67.6510, GNorm = 0.3526, lr_0 = 5.2052e-04
Loss = 6.3323e-04, PNorm = 67.6645, GNorm = 0.3968, lr_0 = 5.1923e-04
Loss = 5.2288e-04, PNorm = 67.6755, GNorm = 0.3687, lr_0 = 5.1795e-04
Validation rmse = 0.521951
Epoch 30
Loss = 5.5264e-04, PNorm = 67.6819, GNorm = 0.5297, lr_0 = 5.1667e-04
Loss = 4.4735e-04, PNorm = 67.6962, GNorm = 0.6638, lr_0 = 5.1539e-04
Loss = 4.2357e-04, PNorm = 67.7027, GNorm = 0.5305, lr_0 = 5.1412e-04
Loss = 3.5598e-04, PNorm = 67.7167, GNorm = 0.3081, lr_0 = 5.1285e-04
Loss = 5.0083e-04, PNorm = 67.7222, GNorm = 0.6254, lr_0 = 5.1158e-04
Loss = 6.0096e-04, PNorm = 67.7329, GNorm = 0.2567, lr_0 = 5.1032e-04
Loss = 4.0739e-04, PNorm = 67.7420, GNorm = 0.5929, lr_0 = 5.0906e-04
Loss = 6.2545e-04, PNorm = 67.7531, GNorm = 1.6101, lr_0 = 5.0780e-04
Loss = 4.9429e-04, PNorm = 67.7630, GNorm = 0.6736, lr_0 = 5.0655e-04
Validation rmse = 0.455876
Epoch 31
Loss = 4.1040e-04, PNorm = 67.7717, GNorm = 0.4737, lr_0 = 5.0529e-04
Loss = 4.9703e-04, PNorm = 67.7833, GNorm = 0.7347, lr_0 = 5.0405e-04
Loss = 5.3323e-04, PNorm = 67.7943, GNorm = 0.3668, lr_0 = 5.0280e-04
Loss = 6.6440e-04, PNorm = 67.8105, GNorm = 1.1865, lr_0 = 5.0156e-04
Loss = 4.5047e-04, PNorm = 67.8217, GNorm = 0.4196, lr_0 = 5.0032e-04
Loss = 5.5639e-04, PNorm = 67.8324, GNorm = 0.7614, lr_0 = 4.9908e-04
Loss = 5.9716e-04, PNorm = 67.8409, GNorm = 0.7353, lr_0 = 4.9785e-04
Loss = 6.5269e-04, PNorm = 67.8497, GNorm = 0.6864, lr_0 = 4.9662e-04
Loss = 6.7440e-04, PNorm = 67.8584, GNorm = 0.2780, lr_0 = 4.9540e-04
Loss = 6.0694e-04, PNorm = 67.8752, GNorm = 1.2282, lr_0 = 4.9417e-04
Validation rmse = 0.505697
Epoch 32
Loss = 5.7916e-04, PNorm = 67.8881, GNorm = 0.3675, lr_0 = 4.9295e-04
Loss = 7.0549e-04, PNorm = 67.8981, GNorm = 0.8934, lr_0 = 4.9173e-04
Loss = 6.1907e-04, PNorm = 67.9116, GNorm = 0.3496, lr_0 = 4.9052e-04
Loss = 4.6688e-04, PNorm = 67.9279, GNorm = 0.3482, lr_0 = 4.8931e-04
Loss = 4.7295e-04, PNorm = 67.9374, GNorm = 0.2564, lr_0 = 4.8810e-04
Loss = 3.3250e-04, PNorm = 67.9449, GNorm = 0.2070, lr_0 = 4.8689e-04
Loss = 3.9734e-04, PNorm = 67.9553, GNorm = 0.2777, lr_0 = 4.8569e-04
Loss = 5.0418e-04, PNorm = 67.9649, GNorm = 0.4114, lr_0 = 4.8449e-04
Loss = 5.0987e-04, PNorm = 67.9739, GNorm = 0.4693, lr_0 = 4.8329e-04
Validation rmse = 0.549754
Epoch 33
Loss = 7.7368e-04, PNorm = 67.9866, GNorm = 0.4417, lr_0 = 4.8210e-04
Loss = 7.4414e-04, PNorm = 68.0030, GNorm = 0.5667, lr_0 = 4.8091e-04
Loss = 4.6048e-04, PNorm = 68.0183, GNorm = 0.3908, lr_0 = 4.7972e-04
Loss = 4.1913e-04, PNorm = 68.0324, GNorm = 0.4590, lr_0 = 4.7854e-04
Loss = 6.8534e-04, PNorm = 68.0375, GNorm = 0.7288, lr_0 = 4.7735e-04
Loss = 5.8536e-04, PNorm = 68.0462, GNorm = 0.5860, lr_0 = 4.7617e-04
Loss = 4.5326e-04, PNorm = 68.0588, GNorm = 0.6948, lr_0 = 4.7500e-04
Loss = 4.3851e-04, PNorm = 68.0703, GNorm = 0.5382, lr_0 = 4.7382e-04
Loss = 4.5084e-04, PNorm = 68.0788, GNorm = 0.1416, lr_0 = 4.7265e-04
Loss = 4.9030e-04, PNorm = 68.0851, GNorm = 0.1898, lr_0 = 4.7149e-04
Validation rmse = 0.477481
Epoch 34
Loss = 4.4367e-04, PNorm = 68.0919, GNorm = 0.2691, lr_0 = 4.7032e-04
Loss = 5.8336e-04, PNorm = 68.1036, GNorm = 0.4061, lr_0 = 4.6916e-04
Loss = 3.7352e-04, PNorm = 68.1117, GNorm = 0.4702, lr_0 = 4.6800e-04
Loss = 4.5798e-04, PNorm = 68.1169, GNorm = 0.5905, lr_0 = 4.6685e-04
Loss = 3.4998e-04, PNorm = 68.1237, GNorm = 0.5461, lr_0 = 4.6569e-04
Loss = 6.4884e-04, PNorm = 68.1308, GNorm = 0.5586, lr_0 = 4.6454e-04
Loss = 4.4150e-04, PNorm = 68.1459, GNorm = 0.2387, lr_0 = 4.6339e-04
Loss = 4.3518e-04, PNorm = 68.1558, GNorm = 0.2372, lr_0 = 4.6225e-04
Loss = 3.1161e-04, PNorm = 68.1668, GNorm = 0.4770, lr_0 = 4.6111e-04
Validation rmse = 0.474986
Epoch 35
Loss = 3.7178e-04, PNorm = 68.1690, GNorm = 0.1465, lr_0 = 4.5997e-04
Loss = 4.5400e-04, PNorm = 68.1752, GNorm = 0.6278, lr_0 = 4.5883e-04
Loss = 3.6733e-04, PNorm = 68.1869, GNorm = 0.2240, lr_0 = 4.5770e-04
Loss = 3.5422e-04, PNorm = 68.1970, GNorm = 0.3462, lr_0 = 4.5657e-04
Loss = 3.4089e-04, PNorm = 68.2073, GNorm = 0.1317, lr_0 = 4.5544e-04
Loss = 4.3916e-04, PNorm = 68.2136, GNorm = 0.7815, lr_0 = 4.5432e-04
Loss = 4.0318e-04, PNorm = 68.2226, GNorm = 0.2088, lr_0 = 4.5319e-04
Loss = 5.8727e-04, PNorm = 68.2330, GNorm = 0.4865, lr_0 = 4.5207e-04
Loss = 6.3499e-04, PNorm = 68.2420, GNorm = 1.0149, lr_0 = 4.5096e-04
Loss = 7.4058e-04, PNorm = 68.2544, GNorm = 0.3193, lr_0 = 4.4984e-04
Validation rmse = 0.494981
Epoch 36
Loss = 5.3380e-04, PNorm = 68.2722, GNorm = 0.5333, lr_0 = 4.4873e-04
Loss = 3.7044e-04, PNorm = 68.2797, GNorm = 0.4933, lr_0 = 4.4762e-04
Loss = 4.2657e-04, PNorm = 68.2863, GNorm = 0.2688, lr_0 = 4.4652e-04
Loss = 6.0628e-04, PNorm = 68.2920, GNorm = 0.6368, lr_0 = 4.4541e-04
Loss = 4.6953e-04, PNorm = 68.3039, GNorm = 0.3608, lr_0 = 4.4431e-04
Loss = 3.6798e-04, PNorm = 68.3137, GNorm = 0.5839, lr_0 = 4.4322e-04
Loss = 4.5080e-04, PNorm = 68.3207, GNorm = 0.2953, lr_0 = 4.4212e-04
Loss = 5.6523e-04, PNorm = 68.3330, GNorm = 0.5450, lr_0 = 4.4103e-04
Loss = 4.9990e-04, PNorm = 68.3398, GNorm = 0.6900, lr_0 = 4.3994e-04
Validation rmse = 0.452252
Epoch 37
Loss = 5.9627e-04, PNorm = 68.3507, GNorm = 1.0474, lr_0 = 4.3885e-04
Loss = 5.0411e-04, PNorm = 68.3682, GNorm = 0.3679, lr_0 = 4.3777e-04
Loss = 3.4964e-04, PNorm = 68.3837, GNorm = 0.2760, lr_0 = 4.3669e-04
Loss = 5.1549e-04, PNorm = 68.3923, GNorm = 0.2715, lr_0 = 4.3561e-04
Loss = 4.1194e-04, PNorm = 68.4058, GNorm = 0.7818, lr_0 = 4.3453e-04
Loss = 5.8317e-04, PNorm = 68.4130, GNorm = 0.2408, lr_0 = 4.3346e-04
Loss = 4.9872e-04, PNorm = 68.4255, GNorm = 0.7230, lr_0 = 4.3239e-04
Loss = 5.1112e-04, PNorm = 68.4335, GNorm = 0.8948, lr_0 = 4.3132e-04
Loss = 5.1327e-04, PNorm = 68.4470, GNorm = 0.3978, lr_0 = 4.3026e-04
Loss = 4.5047e-04, PNorm = 68.4577, GNorm = 0.8371, lr_0 = 4.2919e-04
Validation rmse = 0.493909
Epoch 38
Loss = 5.0857e-04, PNorm = 68.4660, GNorm = 0.3972, lr_0 = 4.2813e-04
Loss = 8.9391e-04, PNorm = 68.4814, GNorm = 1.1855, lr_0 = 4.2708e-04
Loss = 7.2783e-04, PNorm = 68.4921, GNorm = 0.4669, lr_0 = 4.2602e-04
Loss = 5.8801e-04, PNorm = 68.5020, GNorm = 0.4569, lr_0 = 4.2497e-04
Loss = 4.8092e-04, PNorm = 68.5228, GNorm = 0.1785, lr_0 = 4.2392e-04
Loss = 5.6185e-04, PNorm = 68.5370, GNorm = 0.2817, lr_0 = 4.2287e-04
Loss = 5.2085e-04, PNorm = 68.5465, GNorm = 0.2577, lr_0 = 4.2183e-04
Loss = 7.9159e-04, PNorm = 68.5503, GNorm = 1.3941, lr_0 = 4.2078e-04
Loss = 8.4497e-04, PNorm = 68.5706, GNorm = 0.6367, lr_0 = 4.1975e-04
Validation rmse = 0.493898
Epoch 39
Loss = 3.7258e-04, PNorm = 68.5860, GNorm = 0.3505, lr_0 = 4.1871e-04
Loss = 4.7992e-04, PNorm = 68.5933, GNorm = 0.4766, lr_0 = 4.1767e-04
Loss = 3.9521e-04, PNorm = 68.6038, GNorm = 0.4300, lr_0 = 4.1664e-04
Loss = 4.1844e-04, PNorm = 68.6130, GNorm = 0.3047, lr_0 = 4.1561e-04
Loss = 4.0893e-04, PNorm = 68.6219, GNorm = 1.0601, lr_0 = 4.1459e-04
Loss = 4.8258e-04, PNorm = 68.6281, GNorm = 0.2199, lr_0 = 4.1356e-04
Loss = 4.4867e-04, PNorm = 68.6413, GNorm = 0.5873, lr_0 = 4.1254e-04
Loss = 4.5158e-04, PNorm = 68.6486, GNorm = 0.6914, lr_0 = 4.1152e-04
Loss = 4.4545e-04, PNorm = 68.6549, GNorm = 0.7044, lr_0 = 4.1051e-04
Loss = 3.7103e-04, PNorm = 68.6668, GNorm = 0.7999, lr_0 = 4.0949e-04
Validation rmse = 0.482857
Epoch 40
Loss = 4.9053e-04, PNorm = 68.6740, GNorm = 0.4370, lr_0 = 4.0848e-04
Loss = 3.4318e-04, PNorm = 68.6782, GNorm = 0.4506, lr_0 = 4.0747e-04
Loss = 6.3483e-04, PNorm = 68.6895, GNorm = 1.7189, lr_0 = 4.0646e-04
Loss = 4.4210e-04, PNorm = 68.6961, GNorm = 0.8908, lr_0 = 4.0546e-04
Loss = 3.8391e-04, PNorm = 68.7023, GNorm = 0.4554, lr_0 = 4.0446e-04
Loss = 3.1971e-04, PNorm = 68.7124, GNorm = 0.1529, lr_0 = 4.0346e-04
Loss = 4.0834e-04, PNorm = 68.7170, GNorm = 0.4127, lr_0 = 4.0246e-04
Loss = 4.5718e-04, PNorm = 68.7287, GNorm = 0.2253, lr_0 = 4.0147e-04
Loss = 3.8646e-04, PNorm = 68.7409, GNorm = 0.8069, lr_0 = 4.0048e-04
Validation rmse = 0.507085
Epoch 41
Loss = 6.3232e-04, PNorm = 68.7524, GNorm = 0.1444, lr_0 = 3.9949e-04
Loss = 4.1887e-04, PNorm = 68.7553, GNorm = 0.1858, lr_0 = 3.9850e-04
Loss = 4.6955e-04, PNorm = 68.7676, GNorm = 0.3410, lr_0 = 3.9752e-04
Loss = 5.1899e-04, PNorm = 68.7749, GNorm = 0.2671, lr_0 = 3.9653e-04
Loss = 5.0774e-04, PNorm = 68.7812, GNorm = 0.1521, lr_0 = 3.9556e-04
Loss = 5.3602e-04, PNorm = 68.7931, GNorm = 0.3049, lr_0 = 3.9458e-04
Loss = 4.1745e-04, PNorm = 68.8047, GNorm = 0.2701, lr_0 = 3.9360e-04
Loss = 3.0094e-04, PNorm = 68.8113, GNorm = 0.2422, lr_0 = 3.9263e-04
Loss = 3.7382e-04, PNorm = 68.8251, GNorm = 0.4627, lr_0 = 3.9166e-04
Loss = 4.7650e-04, PNorm = 68.8326, GNorm = 0.4918, lr_0 = 3.9069e-04
Validation rmse = 0.506009
Epoch 42
Loss = 4.5898e-04, PNorm = 68.8391, GNorm = 0.3560, lr_0 = 3.8973e-04
Loss = 3.2724e-04, PNorm = 68.8482, GNorm = 0.6660, lr_0 = 3.8877e-04
Loss = 3.4579e-04, PNorm = 68.8509, GNorm = 0.2516, lr_0 = 3.8781e-04
Loss = 3.7074e-04, PNorm = 68.8574, GNorm = 0.4534, lr_0 = 3.8685e-04
Loss = 4.5773e-04, PNorm = 68.8575, GNorm = 0.1524, lr_0 = 3.8589e-04
Loss = 5.4473e-04, PNorm = 68.8619, GNorm = 0.6706, lr_0 = 3.8494e-04
Loss = 3.8887e-04, PNorm = 68.8743, GNorm = 0.2949, lr_0 = 3.8399e-04
Loss = 3.0456e-04, PNorm = 68.8808, GNorm = 0.4864, lr_0 = 3.8304e-04
Loss = 3.7788e-04, PNorm = 68.8891, GNorm = 0.1619, lr_0 = 3.8209e-04
Validation rmse = 0.427347
Epoch 43
Loss = 2.8559e-04, PNorm = 68.8967, GNorm = 0.2158, lr_0 = 3.8115e-04
Loss = 2.7413e-04, PNorm = 68.9061, GNorm = 0.3220, lr_0 = 3.8021e-04
Loss = 3.2418e-04, PNorm = 68.9166, GNorm = 0.2270, lr_0 = 3.7927e-04
Loss = 4.0214e-04, PNorm = 68.9247, GNorm = 0.7609, lr_0 = 3.7833e-04
Loss = 3.8448e-04, PNorm = 68.9353, GNorm = 0.3407, lr_0 = 3.7740e-04
Loss = 3.3654e-04, PNorm = 68.9428, GNorm = 0.7559, lr_0 = 3.7647e-04
Loss = 4.6107e-04, PNorm = 68.9473, GNorm = 0.6721, lr_0 = 3.7554e-04
Loss = 4.2903e-04, PNorm = 68.9501, GNorm = 0.4498, lr_0 = 3.7461e-04
Loss = 4.4001e-04, PNorm = 68.9583, GNorm = 1.3907, lr_0 = 3.7368e-04
Loss = 4.6170e-04, PNorm = 68.9672, GNorm = 0.4071, lr_0 = 3.7276e-04
Validation rmse = 0.442074
Epoch 44
Loss = 4.3509e-04, PNorm = 68.9738, GNorm = 0.4205, lr_0 = 3.7184e-04
Loss = 3.9537e-04, PNorm = 68.9832, GNorm = 0.2222, lr_0 = 3.7092e-04
Loss = 3.3191e-04, PNorm = 68.9893, GNorm = 0.4149, lr_0 = 3.7000e-04
Loss = 5.5906e-04, PNorm = 69.0016, GNorm = 0.3006, lr_0 = 3.6909e-04
Loss = 3.3875e-04, PNorm = 69.0089, GNorm = 0.9458, lr_0 = 3.6818e-04
Loss = 2.7010e-04, PNorm = 69.0152, GNorm = 0.2005, lr_0 = 3.6727e-04
Loss = 4.0778e-04, PNorm = 69.0229, GNorm = 0.3149, lr_0 = 3.6636e-04
Loss = 3.5674e-04, PNorm = 69.0282, GNorm = 0.3150, lr_0 = 3.6546e-04
Loss = 3.7515e-04, PNorm = 69.0432, GNorm = 0.4622, lr_0 = 3.6455e-04
Validation rmse = 0.452094
Epoch 45
Loss = 4.3028e-04, PNorm = 69.0475, GNorm = 0.3274, lr_0 = 3.6365e-04
Loss = 3.3211e-04, PNorm = 69.0547, GNorm = 0.3099, lr_0 = 3.6275e-04
Loss = 2.8002e-04, PNorm = 69.0646, GNorm = 0.2117, lr_0 = 3.6186e-04
Loss = 3.6003e-04, PNorm = 69.0681, GNorm = 0.4601, lr_0 = 3.6096e-04
Loss = 4.6669e-04, PNorm = 69.0714, GNorm = 0.4536, lr_0 = 3.6007e-04
Loss = 5.0807e-04, PNorm = 69.0789, GNorm = 0.6330, lr_0 = 3.5918e-04
Loss = 4.5686e-04, PNorm = 69.0905, GNorm = 0.4559, lr_0 = 3.5830e-04
Loss = 5.1867e-04, PNorm = 69.1012, GNorm = 0.3406, lr_0 = 3.5741e-04
Loss = 3.6105e-04, PNorm = 69.1093, GNorm = 0.4203, lr_0 = 3.5653e-04
Loss = 5.3505e-04, PNorm = 69.1227, GNorm = 0.5298, lr_0 = 3.5565e-04
Validation rmse = 0.457962
Epoch 46
Loss = 4.1894e-04, PNorm = 69.1315, GNorm = 0.5730, lr_0 = 3.5477e-04
Loss = 3.9844e-04, PNorm = 69.1398, GNorm = 0.1791, lr_0 = 3.5389e-04
Loss = 4.0141e-04, PNorm = 69.1443, GNorm = 0.5493, lr_0 = 3.5302e-04
Loss = 4.8485e-04, PNorm = 69.1544, GNorm = 0.3444, lr_0 = 3.5215e-04
Loss = 3.7653e-04, PNorm = 69.1645, GNorm = 0.2078, lr_0 = 3.5128e-04
Loss = 2.9403e-04, PNorm = 69.1698, GNorm = 0.5706, lr_0 = 3.5041e-04
Loss = 3.1871e-04, PNorm = 69.1764, GNorm = 0.3063, lr_0 = 3.4954e-04
Loss = 3.4830e-04, PNorm = 69.1850, GNorm = 0.1941, lr_0 = 3.4868e-04
Loss = 3.6388e-04, PNorm = 69.1907, GNorm = 1.2378, lr_0 = 3.4782e-04
Validation rmse = 0.441131
Epoch 47
Loss = 2.7450e-04, PNorm = 69.1987, GNorm = 0.2415, lr_0 = 3.4696e-04
Loss = 2.6775e-04, PNorm = 69.2026, GNorm = 0.2891, lr_0 = 3.4610e-04
Loss = 2.8083e-04, PNorm = 69.2088, GNorm = 0.2637, lr_0 = 3.4525e-04
Loss = 2.5752e-04, PNorm = 69.2174, GNorm = 0.2953, lr_0 = 3.4440e-04
Loss = 5.6383e-04, PNorm = 69.2259, GNorm = 0.1538, lr_0 = 3.4354e-04
Loss = 2.8907e-04, PNorm = 69.2360, GNorm = 0.3172, lr_0 = 3.4270e-04
Loss = 3.2660e-04, PNorm = 69.2403, GNorm = 0.8279, lr_0 = 3.4185e-04
Loss = 2.9349e-04, PNorm = 69.2454, GNorm = 0.2081, lr_0 = 3.4100e-04
Loss = 3.5780e-04, PNorm = 69.2490, GNorm = 0.3581, lr_0 = 3.4016e-04
Loss = 3.5674e-04, PNorm = 69.2554, GNorm = 0.3587, lr_0 = 3.3932e-04
Validation rmse = 0.471906
Epoch 48
Loss = 3.5673e-04, PNorm = 69.2630, GNorm = 0.2720, lr_0 = 3.3848e-04
Loss = 3.0295e-04, PNorm = 69.2681, GNorm = 0.3990, lr_0 = 3.3765e-04
Loss = 3.3019e-04, PNorm = 69.2760, GNorm = 0.5078, lr_0 = 3.3681e-04
Loss = 3.2810e-04, PNorm = 69.2785, GNorm = 0.6232, lr_0 = 3.3598e-04
Loss = 3.4453e-04, PNorm = 69.2857, GNorm = 0.2020, lr_0 = 3.3515e-04
Loss = 3.3803e-04, PNorm = 69.2909, GNorm = 0.7601, lr_0 = 3.3432e-04
Loss = 4.3217e-04, PNorm = 69.3010, GNorm = 1.4795, lr_0 = 3.3350e-04
Loss = 4.4433e-04, PNorm = 69.3080, GNorm = 0.7484, lr_0 = 3.3267e-04
Loss = 4.6568e-04, PNorm = 69.3221, GNorm = 0.6524, lr_0 = 3.3185e-04
Validation rmse = 0.525111
Epoch 49
Loss = 4.6029e-04, PNorm = 69.3357, GNorm = 0.4082, lr_0 = 3.3103e-04
Loss = 4.9180e-04, PNorm = 69.3438, GNorm = 0.3386, lr_0 = 3.3022e-04
Loss = 4.0038e-04, PNorm = 69.3558, GNorm = 0.3908, lr_0 = 3.2940e-04
Loss = 3.3624e-04, PNorm = 69.3637, GNorm = 0.2558, lr_0 = 3.2859e-04
Loss = 3.7023e-04, PNorm = 69.3731, GNorm = 0.2574, lr_0 = 3.2777e-04
Loss = 2.8302e-04, PNorm = 69.3783, GNorm = 0.2602, lr_0 = 3.2696e-04
Loss = 3.5016e-04, PNorm = 69.3808, GNorm = 0.3845, lr_0 = 3.2616e-04
Loss = 3.6680e-04, PNorm = 69.3869, GNorm = 0.3834, lr_0 = 3.2535e-04
Loss = 3.2881e-04, PNorm = 69.3935, GNorm = 0.5324, lr_0 = 3.2455e-04
Loss = 2.8167e-04, PNorm = 69.4009, GNorm = 0.1869, lr_0 = 3.2375e-04
Validation rmse = 0.469458
Epoch 50
Loss = 3.6722e-04, PNorm = 69.4035, GNorm = 0.4011, lr_0 = 3.2295e-04
Loss = 3.1527e-04, PNorm = 69.4080, GNorm = 0.2632, lr_0 = 3.2215e-04
Loss = 3.0906e-04, PNorm = 69.4183, GNorm = 0.5322, lr_0 = 3.2135e-04
Loss = 3.6315e-04, PNorm = 69.4295, GNorm = 0.2798, lr_0 = 3.2056e-04
Loss = 2.5582e-04, PNorm = 69.4368, GNorm = 0.3955, lr_0 = 3.1977e-04
Loss = 3.4493e-04, PNorm = 69.4412, GNorm = 0.4464, lr_0 = 3.1898e-04
Loss = 2.9098e-04, PNorm = 69.4471, GNorm = 0.3601, lr_0 = 3.1819e-04
Loss = 2.8996e-04, PNorm = 69.4550, GNorm = 0.3574, lr_0 = 3.1740e-04
Loss = 3.0584e-04, PNorm = 69.4588, GNorm = 0.3360, lr_0 = 3.1662e-04
Validation rmse = 0.474977
Epoch 51
Loss = 2.5342e-04, PNorm = 69.4658, GNorm = 0.1229, lr_0 = 3.1584e-04
Loss = 2.9178e-04, PNorm = 69.4742, GNorm = 0.2307, lr_0 = 3.1506e-04
Loss = 3.3972e-04, PNorm = 69.4754, GNorm = 0.2333, lr_0 = 3.1428e-04
Loss = 4.5625e-04, PNorm = 69.4828, GNorm = 0.7289, lr_0 = 3.1350e-04
Loss = 3.9847e-04, PNorm = 69.4904, GNorm = 1.0828, lr_0 = 3.1273e-04
Loss = 3.1176e-04, PNorm = 69.5007, GNorm = 0.3696, lr_0 = 3.1196e-04
Loss = 3.0182e-04, PNorm = 69.5040, GNorm = 0.5517, lr_0 = 3.1118e-04
Loss = 4.4709e-04, PNorm = 69.5133, GNorm = 0.5346, lr_0 = 3.1042e-04
Loss = 3.3521e-04, PNorm = 69.5181, GNorm = 0.5488, lr_0 = 3.0965e-04
Loss = 3.2276e-04, PNorm = 69.5253, GNorm = 0.2644, lr_0 = 3.0888e-04
Validation rmse = 0.470355
Epoch 52
Loss = 3.4013e-04, PNorm = 69.5308, GNorm = 0.2676, lr_0 = 3.0812e-04
Loss = 3.0237e-04, PNorm = 69.5389, GNorm = 0.8113, lr_0 = 3.0736e-04
Loss = 2.9520e-04, PNorm = 69.5474, GNorm = 1.0373, lr_0 = 3.0660e-04
Loss = 3.0156e-04, PNorm = 69.5542, GNorm = 0.5062, lr_0 = 3.0584e-04
Loss = 3.1281e-04, PNorm = 69.5626, GNorm = 0.4177, lr_0 = 3.0509e-04
Loss = 2.7425e-04, PNorm = 69.5671, GNorm = 0.2342, lr_0 = 3.0433e-04
Loss = 3.1103e-04, PNorm = 69.5722, GNorm = 0.4619, lr_0 = 3.0358e-04
Loss = 2.5124e-04, PNorm = 69.5753, GNorm = 0.2932, lr_0 = 3.0283e-04
Loss = 3.9838e-04, PNorm = 69.5842, GNorm = 0.3190, lr_0 = 3.0208e-04
Validation rmse = 0.474009
Epoch 53
Loss = 3.2392e-04, PNorm = 69.5928, GNorm = 0.5547, lr_0 = 3.0134e-04
Loss = 3.3077e-04, PNorm = 69.5990, GNorm = 0.2612, lr_0 = 3.0059e-04
Loss = 4.5941e-04, PNorm = 69.6100, GNorm = 0.1814, lr_0 = 2.9985e-04
Loss = 2.7451e-04, PNorm = 69.6174, GNorm = 0.1962, lr_0 = 2.9911e-04
Loss = 3.6988e-04, PNorm = 69.6245, GNorm = 0.2792, lr_0 = 2.9837e-04
Loss = 2.8526e-04, PNorm = 69.6330, GNorm = 0.1264, lr_0 = 2.9764e-04
Loss = 2.8334e-04, PNorm = 69.6361, GNorm = 0.3413, lr_0 = 2.9690e-04
Loss = 2.6227e-04, PNorm = 69.6418, GNorm = 0.2765, lr_0 = 2.9617e-04
Loss = 2.6130e-04, PNorm = 69.6409, GNorm = 0.2001, lr_0 = 2.9543e-04
Loss = 4.4622e-04, PNorm = 69.6467, GNorm = 0.2603, lr_0 = 2.9471e-04
Validation rmse = 0.468438
Epoch 54
Loss = 3.7276e-04, PNorm = 69.6565, GNorm = 0.1766, lr_0 = 2.9398e-04
Loss = 3.6288e-04, PNorm = 69.6637, GNorm = 0.3619, lr_0 = 2.9325e-04
Loss = 2.4229e-04, PNorm = 69.6709, GNorm = 0.1599, lr_0 = 2.9253e-04
Loss = 2.1221e-04, PNorm = 69.6778, GNorm = 0.1237, lr_0 = 2.9180e-04
Loss = 2.3881e-04, PNorm = 69.6811, GNorm = 0.3107, lr_0 = 2.9108e-04
Loss = 2.7099e-04, PNorm = 69.6879, GNorm = 0.1370, lr_0 = 2.9036e-04
Loss = 3.0831e-04, PNorm = 69.6932, GNorm = 0.2600, lr_0 = 2.8965e-04
Loss = 5.0427e-04, PNorm = 69.7025, GNorm = 0.5911, lr_0 = 2.8893e-04
Loss = 4.7568e-04, PNorm = 69.7100, GNorm = 0.3009, lr_0 = 2.8822e-04
Validation rmse = 0.440922
Epoch 55
Loss = 4.8136e-04, PNorm = 69.7191, GNorm = 0.7702, lr_0 = 2.8751e-04
Loss = 3.6323e-04, PNorm = 69.7269, GNorm = 0.3640, lr_0 = 2.8680e-04
Loss = 3.5135e-04, PNorm = 69.7353, GNorm = 0.1682, lr_0 = 2.8609e-04
Loss = 2.8750e-04, PNorm = 69.7458, GNorm = 0.3993, lr_0 = 2.8538e-04
Loss = 3.2277e-04, PNorm = 69.7522, GNorm = 0.2419, lr_0 = 2.8468e-04
Loss = 3.4310e-04, PNorm = 69.7554, GNorm = 0.1431, lr_0 = 2.8397e-04
Loss = 3.2076e-04, PNorm = 69.7604, GNorm = 0.2262, lr_0 = 2.8327e-04
Loss = 2.6078e-04, PNorm = 69.7607, GNorm = 0.1172, lr_0 = 2.8257e-04
Loss = 3.1802e-04, PNorm = 69.7661, GNorm = 0.5655, lr_0 = 2.8187e-04
Loss = 4.1115e-04, PNorm = 69.7746, GNorm = 0.3390, lr_0 = 2.8118e-04
Validation rmse = 0.506693
Epoch 56
Loss = 2.9640e-04, PNorm = 69.7832, GNorm = 0.4910, lr_0 = 2.8048e-04
Loss = 2.9796e-04, PNorm = 69.7908, GNorm = 0.2057, lr_0 = 2.7979e-04
Loss = 2.9891e-04, PNorm = 69.7943, GNorm = 0.2356, lr_0 = 2.7910e-04
Loss = 3.6793e-04, PNorm = 69.8042, GNorm = 0.2669, lr_0 = 2.7841e-04
Loss = 2.5158e-04, PNorm = 69.8103, GNorm = 0.2734, lr_0 = 2.7772e-04
Loss = 2.5259e-04, PNorm = 69.8178, GNorm = 0.3599, lr_0 = 2.7704e-04
Loss = 2.1968e-04, PNorm = 69.8254, GNorm = 0.2962, lr_0 = 2.7635e-04
Loss = 2.3917e-04, PNorm = 69.8321, GNorm = 0.2120, lr_0 = 2.7567e-04
Loss = 3.5334e-04, PNorm = 69.8395, GNorm = 0.6454, lr_0 = 2.7499e-04
Validation rmse = 0.478491
Epoch 57
Loss = 2.9867e-04, PNorm = 69.8462, GNorm = 0.3003, lr_0 = 2.7431e-04
Loss = 2.6510e-04, PNorm = 69.8540, GNorm = 0.3800, lr_0 = 2.7363e-04
Loss = 2.2189e-04, PNorm = 69.8561, GNorm = 0.4646, lr_0 = 2.7295e-04
Loss = 3.0515e-04, PNorm = 69.8615, GNorm = 0.3239, lr_0 = 2.7228e-04
Loss = 2.8646e-04, PNorm = 69.8640, GNorm = 0.3941, lr_0 = 2.7161e-04
Loss = 3.0989e-04, PNorm = 69.8661, GNorm = 0.2065, lr_0 = 2.7094e-04
Loss = 3.2957e-04, PNorm = 69.8714, GNorm = 0.4282, lr_0 = 2.7027e-04
Loss = 2.7595e-04, PNorm = 69.8755, GNorm = 0.1779, lr_0 = 2.6960e-04
Loss = 2.8150e-04, PNorm = 69.8832, GNorm = 0.4204, lr_0 = 2.6893e-04
Loss = 3.2793e-04, PNorm = 69.8877, GNorm = 0.1986, lr_0 = 2.6827e-04
Validation rmse = 0.439079
Epoch 58
Loss = 2.5255e-04, PNorm = 69.8961, GNorm = 0.2606, lr_0 = 2.6761e-04
Loss = 2.2775e-04, PNorm = 69.9024, GNorm = 0.2150, lr_0 = 2.6695e-04
Loss = 3.1177e-04, PNorm = 69.9080, GNorm = 0.2360, lr_0 = 2.6629e-04
Loss = 3.2474e-04, PNorm = 69.9137, GNorm = 0.4295, lr_0 = 2.6563e-04
Loss = 3.5768e-04, PNorm = 69.9191, GNorm = 0.1689, lr_0 = 2.6497e-04
Loss = 2.0665e-04, PNorm = 69.9247, GNorm = 0.2945, lr_0 = 2.6432e-04
Loss = 2.6125e-04, PNorm = 69.9282, GNorm = 0.2867, lr_0 = 2.6367e-04
Loss = 2.5422e-04, PNorm = 69.9307, GNorm = 0.3560, lr_0 = 2.6301e-04
Loss = 2.3066e-04, PNorm = 69.9356, GNorm = 0.1899, lr_0 = 2.6236e-04
Validation rmse = 0.435578
Epoch 59
Loss = 2.0506e-04, PNorm = 69.9426, GNorm = 0.2640, lr_0 = 2.6172e-04
Loss = 2.4528e-04, PNorm = 69.9467, GNorm = 0.4164, lr_0 = 2.6107e-04
Loss = 3.0548e-04, PNorm = 69.9515, GNorm = 0.1849, lr_0 = 2.6042e-04
Loss = 3.0111e-04, PNorm = 69.9580, GNorm = 0.1898, lr_0 = 2.5978e-04
Loss = 2.8201e-04, PNorm = 69.9606, GNorm = 0.1282, lr_0 = 2.5914e-04
Loss = 3.0684e-04, PNorm = 69.9718, GNorm = 0.2302, lr_0 = 2.5850e-04
Loss = 3.4569e-04, PNorm = 69.9801, GNorm = 0.2381, lr_0 = 2.5786e-04
Loss = 3.1865e-04, PNorm = 69.9857, GNorm = 0.2137, lr_0 = 2.5722e-04
Loss = 3.0496e-04, PNorm = 69.9917, GNorm = 0.3270, lr_0 = 2.5659e-04
Loss = 2.7728e-04, PNorm = 70.0029, GNorm = 0.3949, lr_0 = 2.5595e-04
Validation rmse = 0.458480
Epoch 60
Loss = 2.3412e-04, PNorm = 70.0078, GNorm = 0.2498, lr_0 = 2.5532e-04
Loss = 2.3467e-04, PNorm = 70.0131, GNorm = 0.4543, lr_0 = 2.5469e-04
Loss = 3.7712e-04, PNorm = 70.0188, GNorm = 0.4409, lr_0 = 2.5406e-04
Loss = 2.5700e-04, PNorm = 70.0263, GNorm = 1.1291, lr_0 = 2.5344e-04
Loss = 2.7258e-04, PNorm = 70.0312, GNorm = 0.3232, lr_0 = 2.5281e-04
Loss = 2.7417e-04, PNorm = 70.0354, GNorm = 0.3342, lr_0 = 2.5218e-04
Loss = 2.9233e-04, PNorm = 70.0408, GNorm = 0.3707, lr_0 = 2.5156e-04
Loss = 2.3028e-04, PNorm = 70.0435, GNorm = 0.1725, lr_0 = 2.5094e-04
Loss = 3.0368e-04, PNorm = 70.0498, GNorm = 0.4697, lr_0 = 2.5032e-04
Validation rmse = 0.460951
Epoch 61
Loss = 2.5055e-04, PNorm = 70.0550, GNorm = 0.3597, lr_0 = 2.4970e-04
Loss = 2.7634e-04, PNorm = 70.0612, GNorm = 0.8035, lr_0 = 2.4909e-04
Loss = 4.7623e-04, PNorm = 70.0725, GNorm = 0.3423, lr_0 = 2.4847e-04
Loss = 3.0864e-04, PNorm = 70.0804, GNorm = 0.3081, lr_0 = 2.4786e-04
Loss = 2.1100e-04, PNorm = 70.0869, GNorm = 0.3027, lr_0 = 2.4724e-04
Loss = 3.0815e-04, PNorm = 70.0885, GNorm = 0.5459, lr_0 = 2.4663e-04
Loss = 2.7135e-04, PNorm = 70.0929, GNorm = 0.3008, lr_0 = 2.4602e-04
Loss = 2.7272e-04, PNorm = 70.0978, GNorm = 0.1672, lr_0 = 2.4542e-04
Loss = 3.1404e-04, PNorm = 70.1049, GNorm = 0.3316, lr_0 = 2.4481e-04
Loss = 3.5740e-04, PNorm = 70.1055, GNorm = 0.5489, lr_0 = 2.4421e-04
Validation rmse = 0.451333
Epoch 62
Loss = 3.5226e-04, PNorm = 70.1156, GNorm = 0.4276, lr_0 = 2.4360e-04
Loss = 4.2198e-04, PNorm = 70.1234, GNorm = 0.1457, lr_0 = 2.4300e-04
Loss = 3.0965e-04, PNorm = 70.1341, GNorm = 0.2685, lr_0 = 2.4240e-04
Loss = 3.2562e-04, PNorm = 70.1387, GNorm = 0.5103, lr_0 = 2.4180e-04
Loss = 2.9396e-04, PNorm = 70.1455, GNorm = 0.2663, lr_0 = 2.4120e-04
Loss = 2.1736e-04, PNorm = 70.1490, GNorm = 0.4860, lr_0 = 2.4061e-04
Loss = 3.3928e-04, PNorm = 70.1534, GNorm = 0.4460, lr_0 = 2.4001e-04
Loss = 2.4869e-04, PNorm = 70.1575, GNorm = 0.2080, lr_0 = 2.3942e-04
Loss = 2.8516e-04, PNorm = 70.1628, GNorm = 0.6486, lr_0 = 2.3883e-04
Validation rmse = 0.444349
Epoch 63
Loss = 3.1682e-04, PNorm = 70.1710, GNorm = 0.2401, lr_0 = 2.3824e-04
Loss = 3.4508e-04, PNorm = 70.1734, GNorm = 0.4682, lr_0 = 2.3765e-04
Loss = 3.2220e-04, PNorm = 70.1833, GNorm = 0.6759, lr_0 = 2.3706e-04
Loss = 3.2328e-04, PNorm = 70.1885, GNorm = 0.1594, lr_0 = 2.3648e-04
Loss = 3.2459e-04, PNorm = 70.1975, GNorm = 0.5131, lr_0 = 2.3589e-04
Loss = 2.5318e-04, PNorm = 70.1996, GNorm = 0.3300, lr_0 = 2.3531e-04
Loss = 2.7598e-04, PNorm = 70.2049, GNorm = 0.2421, lr_0 = 2.3473e-04
Loss = 2.8275e-04, PNorm = 70.2113, GNorm = 0.4028, lr_0 = 2.3415e-04
Loss = 3.3999e-04, PNorm = 70.2190, GNorm = 0.1869, lr_0 = 2.3357e-04
Loss = 2.8013e-04, PNorm = 70.2247, GNorm = 0.2811, lr_0 = 2.3300e-04
Validation rmse = 0.467067
Epoch 64
Loss = 2.6924e-04, PNorm = 70.2260, GNorm = 0.1423, lr_0 = 2.3242e-04
Loss = 2.4110e-04, PNorm = 70.2308, GNorm = 0.6031, lr_0 = 2.3185e-04
Loss = 2.7843e-04, PNorm = 70.2380, GNorm = 0.1014, lr_0 = 2.3127e-04
Loss = 2.7786e-04, PNorm = 70.2430, GNorm = 0.2190, lr_0 = 2.3070e-04
Loss = 2.4087e-04, PNorm = 70.2464, GNorm = 0.2355, lr_0 = 2.3013e-04
Loss = 3.6011e-04, PNorm = 70.2510, GNorm = 0.2185, lr_0 = 2.2956e-04
Loss = 2.2622e-04, PNorm = 70.2534, GNorm = 0.2879, lr_0 = 2.2900e-04
Loss = 3.2700e-04, PNorm = 70.2590, GNorm = 0.2120, lr_0 = 2.2843e-04
Loss = 2.2836e-04, PNorm = 70.2651, GNorm = 0.1736, lr_0 = 2.2787e-04
Validation rmse = 0.492407
Epoch 65
Loss = 2.4317e-04, PNorm = 70.2692, GNorm = 0.1698, lr_0 = 2.2730e-04
Loss = 2.6699e-04, PNorm = 70.2719, GNorm = 0.3874, lr_0 = 2.2674e-04
Loss = 2.2913e-04, PNorm = 70.2793, GNorm = 0.4220, lr_0 = 2.2618e-04
Loss = 2.2945e-04, PNorm = 70.2831, GNorm = 0.2381, lr_0 = 2.2562e-04
Loss = 2.0265e-04, PNorm = 70.2890, GNorm = 0.1086, lr_0 = 2.2507e-04
Loss = 1.9477e-04, PNorm = 70.2952, GNorm = 0.2805, lr_0 = 2.2451e-04
Loss = 2.5821e-04, PNorm = 70.2964, GNorm = 0.2010, lr_0 = 2.2396e-04
Loss = 1.8844e-04, PNorm = 70.3041, GNorm = 0.1862, lr_0 = 2.2340e-04
Loss = 3.8103e-04, PNorm = 70.3097, GNorm = 0.2938, lr_0 = 2.2285e-04
Loss = 3.7811e-04, PNorm = 70.3170, GNorm = 0.1943, lr_0 = 2.2230e-04
Validation rmse = 0.468365
Epoch 66
Loss = 2.1589e-04, PNorm = 70.3230, GNorm = 0.2426, lr_0 = 2.2175e-04
Loss = 2.1861e-04, PNorm = 70.3279, GNorm = 0.2060, lr_0 = 2.2120e-04
Loss = 2.4039e-04, PNorm = 70.3339, GNorm = 0.2064, lr_0 = 2.2066e-04
Loss = 3.5534e-04, PNorm = 70.3401, GNorm = 0.1475, lr_0 = 2.2011e-04
Loss = 2.1915e-04, PNorm = 70.3452, GNorm = 0.1128, lr_0 = 2.1957e-04
Loss = 2.5873e-04, PNorm = 70.3531, GNorm = 0.7387, lr_0 = 2.1903e-04
Loss = 2.3905e-04, PNorm = 70.3572, GNorm = 0.2094, lr_0 = 2.1848e-04
Loss = 2.5630e-04, PNorm = 70.3632, GNorm = 0.2282, lr_0 = 2.1794e-04
Loss = 2.6278e-04, PNorm = 70.3639, GNorm = 0.4155, lr_0 = 2.1741e-04
Validation rmse = 0.433147
Epoch 67
Loss = 1.9678e-04, PNorm = 70.3677, GNorm = 0.2136, lr_0 = 2.1687e-04
Loss = 1.9480e-04, PNorm = 70.3714, GNorm = 0.2943, lr_0 = 2.1633e-04
Loss = 2.1803e-04, PNorm = 70.3774, GNorm = 0.6177, lr_0 = 2.1580e-04
Loss = 2.5178e-04, PNorm = 70.3825, GNorm = 0.1943, lr_0 = 2.1527e-04
Loss = 2.1850e-04, PNorm = 70.3868, GNorm = 0.1998, lr_0 = 2.1473e-04
Loss = 2.3156e-04, PNorm = 70.3911, GNorm = 0.3212, lr_0 = 2.1420e-04
Loss = 2.1538e-04, PNorm = 70.3917, GNorm = 0.2991, lr_0 = 2.1367e-04
Loss = 2.1131e-04, PNorm = 70.3953, GNorm = 0.2014, lr_0 = 2.1315e-04
Loss = 2.7624e-04, PNorm = 70.3999, GNorm = 0.6271, lr_0 = 2.1262e-04
Loss = 3.9864e-04, PNorm = 70.4028, GNorm = 0.6709, lr_0 = 2.1210e-04
Validation rmse = 0.433540
Epoch 68
Loss = 2.6312e-04, PNorm = 70.4105, GNorm = 0.2165, lr_0 = 2.1157e-04
Loss = 1.9843e-04, PNorm = 70.4148, GNorm = 0.2752, lr_0 = 2.1105e-04
Loss = 2.0209e-04, PNorm = 70.4205, GNorm = 0.3419, lr_0 = 2.1053e-04
Loss = 3.9193e-04, PNorm = 70.4278, GNorm = 0.2981, lr_0 = 2.1001e-04
Loss = 2.7431e-04, PNorm = 70.4346, GNorm = 0.2043, lr_0 = 2.0949e-04
Loss = 2.9187e-04, PNorm = 70.4416, GNorm = 0.5983, lr_0 = 2.0897e-04
Loss = 3.8971e-04, PNorm = 70.4524, GNorm = 0.3843, lr_0 = 2.0845e-04
Loss = 2.0574e-04, PNorm = 70.4585, GNorm = 0.2570, lr_0 = 2.0794e-04
Loss = 2.5959e-04, PNorm = 70.4626, GNorm = 0.2319, lr_0 = 2.0743e-04
Validation rmse = 0.433682
Epoch 69
Loss = 1.7206e-04, PNorm = 70.4658, GNorm = 0.2891, lr_0 = 2.0691e-04
Loss = 2.6510e-04, PNorm = 70.4654, GNorm = 0.2738, lr_0 = 2.0640e-04
Loss = 2.0001e-04, PNorm = 70.4694, GNorm = 0.2915, lr_0 = 2.0589e-04
Loss = 3.7830e-04, PNorm = 70.4735, GNorm = 0.7600, lr_0 = 2.0538e-04
Loss = 2.4182e-04, PNorm = 70.4756, GNorm = 0.2109, lr_0 = 2.0488e-04
Loss = 2.4029e-04, PNorm = 70.4811, GNorm = 0.6735, lr_0 = 2.0437e-04
Loss = 2.3230e-04, PNorm = 70.4839, GNorm = 0.3345, lr_0 = 2.0387e-04
Loss = 2.1556e-04, PNorm = 70.4872, GNorm = 0.1626, lr_0 = 2.0336e-04
Loss = 2.1930e-04, PNorm = 70.4920, GNorm = 0.1976, lr_0 = 2.0286e-04
Loss = 2.3550e-04, PNorm = 70.4987, GNorm = 0.2155, lr_0 = 2.0236e-04
Validation rmse = 0.457811
Epoch 70
Loss = 2.1872e-04, PNorm = 70.5019, GNorm = 0.2790, lr_0 = 2.0186e-04
Loss = 2.6172e-04, PNorm = 70.5049, GNorm = 0.1869, lr_0 = 2.0136e-04
Loss = 3.1065e-04, PNorm = 70.5102, GNorm = 0.5499, lr_0 = 2.0086e-04
Loss = 2.4605e-04, PNorm = 70.5112, GNorm = 0.6234, lr_0 = 2.0037e-04
Loss = 2.6759e-04, PNorm = 70.5149, GNorm = 0.3493, lr_0 = 1.9987e-04
Loss = 1.8402e-04, PNorm = 70.5193, GNorm = 0.3196, lr_0 = 1.9938e-04
Loss = 2.2000e-04, PNorm = 70.5224, GNorm = 0.5262, lr_0 = 1.9889e-04
Loss = 2.9834e-04, PNorm = 70.5292, GNorm = 0.2808, lr_0 = 1.9839e-04
Loss = 2.3304e-04, PNorm = 70.5342, GNorm = 0.3814, lr_0 = 1.9790e-04
Validation rmse = 0.451379
Epoch 71
Loss = 2.3483e-04, PNorm = 70.5403, GNorm = 0.2142, lr_0 = 1.9742e-04
Loss = 1.8041e-04, PNorm = 70.5445, GNorm = 0.2660, lr_0 = 1.9693e-04
Loss = 1.9349e-04, PNorm = 70.5483, GNorm = 0.1836, lr_0 = 1.9644e-04
Loss = 2.1643e-04, PNorm = 70.5510, GNorm = 0.2750, lr_0 = 1.9596e-04
Loss = 2.1480e-04, PNorm = 70.5552, GNorm = 0.4008, lr_0 = 1.9547e-04
Loss = 2.3332e-04, PNorm = 70.5575, GNorm = 0.5439, lr_0 = 1.9499e-04
Loss = 3.2526e-04, PNorm = 70.5604, GNorm = 0.1931, lr_0 = 1.9451e-04
Loss = 2.9861e-04, PNorm = 70.5665, GNorm = 0.5303, lr_0 = 1.9403e-04
Loss = 3.3902e-04, PNorm = 70.5716, GNorm = 0.1922, lr_0 = 1.9355e-04
Loss = 2.4761e-04, PNorm = 70.5779, GNorm = 0.4318, lr_0 = 1.9307e-04
Validation rmse = 0.468007
Epoch 72
Loss = 2.0823e-04, PNorm = 70.5792, GNorm = 0.3255, lr_0 = 1.9259e-04
Loss = 1.8718e-04, PNorm = 70.5824, GNorm = 0.4664, lr_0 = 1.9212e-04
Loss = 2.4205e-04, PNorm = 70.5844, GNorm = 0.2079, lr_0 = 1.9164e-04
Loss = 2.3533e-04, PNorm = 70.5878, GNorm = 0.1909, lr_0 = 1.9117e-04
Loss = 2.3657e-04, PNorm = 70.5907, GNorm = 0.3245, lr_0 = 1.9070e-04
Loss = 2.0202e-04, PNorm = 70.5951, GNorm = 0.1199, lr_0 = 1.9023e-04
Loss = 2.4165e-04, PNorm = 70.6000, GNorm = 0.3457, lr_0 = 1.8976e-04
Loss = 2.4051e-04, PNorm = 70.6031, GNorm = 0.2362, lr_0 = 1.8929e-04
Loss = 2.4205e-04, PNorm = 70.6083, GNorm = 0.5713, lr_0 = 1.8882e-04
Validation rmse = 0.434756
Epoch 73
Loss = 2.0164e-04, PNorm = 70.6116, GNorm = 0.3432, lr_0 = 1.8835e-04
Loss = 2.5346e-04, PNorm = 70.6148, GNorm = 0.2811, lr_0 = 1.8789e-04
Loss = 2.0270e-04, PNorm = 70.6191, GNorm = 0.1861, lr_0 = 1.8742e-04
Loss = 2.4306e-04, PNorm = 70.6200, GNorm = 0.2487, lr_0 = 1.8696e-04
Loss = 1.7514e-04, PNorm = 70.6220, GNorm = 0.2425, lr_0 = 1.8650e-04
Loss = 1.9514e-04, PNorm = 70.6269, GNorm = 0.3803, lr_0 = 1.8604e-04
Loss = 2.9026e-04, PNorm = 70.6330, GNorm = 0.3386, lr_0 = 1.8558e-04
Loss = 2.1848e-04, PNorm = 70.6382, GNorm = 0.4047, lr_0 = 1.8512e-04
Loss = 2.3033e-04, PNorm = 70.6410, GNorm = 0.2487, lr_0 = 1.8466e-04
Loss = 3.1221e-04, PNorm = 70.6465, GNorm = 0.3778, lr_0 = 1.8421e-04
Validation rmse = 0.452760
Epoch 74
Loss = 2.2651e-04, PNorm = 70.6525, GNorm = 0.8069, lr_0 = 1.8375e-04
Loss = 2.5110e-04, PNorm = 70.6539, GNorm = 0.2785, lr_0 = 1.8330e-04
Loss = 2.0342e-04, PNorm = 70.6564, GNorm = 0.1920, lr_0 = 1.8285e-04
Loss = 2.0840e-04, PNorm = 70.6634, GNorm = 0.4587, lr_0 = 1.8239e-04
Loss = 2.4310e-04, PNorm = 70.6692, GNorm = 0.2734, lr_0 = 1.8194e-04
Loss = 1.7749e-04, PNorm = 70.6749, GNorm = 0.1389, lr_0 = 1.8149e-04
Loss = 2.1915e-04, PNorm = 70.6801, GNorm = 0.2549, lr_0 = 1.8105e-04
Loss = 1.9041e-04, PNorm = 70.6834, GNorm = 0.1633, lr_0 = 1.8060e-04
Loss = 2.1957e-04, PNorm = 70.6875, GNorm = 0.1326, lr_0 = 1.8015e-04
Validation rmse = 0.431249
Epoch 75
Loss = 1.6535e-04, PNorm = 70.6895, GNorm = 0.2077, lr_0 = 1.7971e-04
Loss = 2.0033e-04, PNorm = 70.6949, GNorm = 0.1667, lr_0 = 1.7926e-04
Loss = 2.2793e-04, PNorm = 70.6981, GNorm = 0.3038, lr_0 = 1.7882e-04
Loss = 2.5407e-04, PNorm = 70.7020, GNorm = 0.3547, lr_0 = 1.7838e-04
Loss = 2.3711e-04, PNorm = 70.7079, GNorm = 0.2003, lr_0 = 1.7794e-04
Loss = 1.8688e-04, PNorm = 70.7113, GNorm = 0.1492, lr_0 = 1.7750e-04
Loss = 2.3897e-04, PNorm = 70.7165, GNorm = 0.1560, lr_0 = 1.7706e-04
Loss = 4.1338e-04, PNorm = 70.7191, GNorm = 0.1214, lr_0 = 1.7662e-04
Loss = 2.9048e-04, PNorm = 70.7248, GNorm = 0.4875, lr_0 = 1.7619e-04
Loss = 3.2320e-04, PNorm = 70.7310, GNorm = 0.2537, lr_0 = 1.7575e-04
Validation rmse = 0.444761
Epoch 76
Loss = 2.3524e-04, PNorm = 70.7356, GNorm = 0.2382, lr_0 = 1.7532e-04
Loss = 2.2000e-04, PNorm = 70.7398, GNorm = 0.1841, lr_0 = 1.7488e-04
Loss = 2.3090e-04, PNorm = 70.7448, GNorm = 0.2323, lr_0 = 1.7445e-04
Loss = 1.9311e-04, PNorm = 70.7507, GNorm = 0.3209, lr_0 = 1.7402e-04
Loss = 1.6905e-04, PNorm = 70.7540, GNorm = 0.2388, lr_0 = 1.7359e-04
Loss = 2.2619e-04, PNorm = 70.7574, GNorm = 0.5068, lr_0 = 1.7316e-04
Loss = 2.0932e-04, PNorm = 70.7603, GNorm = 0.3006, lr_0 = 1.7273e-04
Loss = 2.2241e-04, PNorm = 70.7633, GNorm = 0.1672, lr_0 = 1.7231e-04
Loss = 2.7319e-04, PNorm = 70.7627, GNorm = 0.3307, lr_0 = 1.7188e-04
Validation rmse = 0.440365
Epoch 77
Loss = 1.6273e-04, PNorm = 70.7667, GNorm = 0.1504, lr_0 = 1.7146e-04
Loss = 1.7504e-04, PNorm = 70.7700, GNorm = 0.1658, lr_0 = 1.7103e-04
Loss = 2.1580e-04, PNorm = 70.7754, GNorm = 0.2820, lr_0 = 1.7061e-04
Loss = 2.3668e-04, PNorm = 70.7776, GNorm = 0.1570, lr_0 = 1.7019e-04
Loss = 3.7200e-04, PNorm = 70.7835, GNorm = 0.4279, lr_0 = 1.6977e-04
Loss = 3.3174e-04, PNorm = 70.7873, GNorm = 0.4759, lr_0 = 1.6935e-04
Loss = 2.6515e-04, PNorm = 70.7938, GNorm = 0.4489, lr_0 = 1.6893e-04
Loss = 2.3644e-04, PNorm = 70.7964, GNorm = 0.2273, lr_0 = 1.6851e-04
Loss = 1.9291e-04, PNorm = 70.8030, GNorm = 0.1808, lr_0 = 1.6810e-04
Loss = 2.5924e-04, PNorm = 70.8066, GNorm = 0.3865, lr_0 = 1.6768e-04
Validation rmse = 0.465458
Epoch 78
Loss = 2.7933e-04, PNorm = 70.8133, GNorm = 0.2622, lr_0 = 1.6727e-04
Loss = 2.3248e-04, PNorm = 70.8193, GNorm = 0.2550, lr_0 = 1.6686e-04
Loss = 3.5602e-04, PNorm = 70.8294, GNorm = 0.4855, lr_0 = 1.6644e-04
Loss = 2.3626e-04, PNorm = 70.8327, GNorm = 0.2861, lr_0 = 1.6603e-04
Loss = 2.3064e-04, PNorm = 70.8347, GNorm = 0.1871, lr_0 = 1.6562e-04
Loss = 2.2488e-04, PNorm = 70.8363, GNorm = 0.1761, lr_0 = 1.6521e-04
Loss = 1.8829e-04, PNorm = 70.8424, GNorm = 0.1977, lr_0 = 1.6481e-04
Loss = 2.3487e-04, PNorm = 70.8473, GNorm = 0.2355, lr_0 = 1.6440e-04
Loss = 2.3337e-04, PNorm = 70.8517, GNorm = 0.3465, lr_0 = 1.6399e-04
Validation rmse = 0.461800
Epoch 79
Loss = 2.1094e-04, PNorm = 70.8549, GNorm = 0.1167, lr_0 = 1.6359e-04
Loss = 2.3006e-04, PNorm = 70.8561, GNorm = 0.1820, lr_0 = 1.6318e-04
Loss = 2.2876e-04, PNorm = 70.8597, GNorm = 0.2105, lr_0 = 1.6278e-04
Loss = 2.0104e-04, PNorm = 70.8641, GNorm = 0.4602, lr_0 = 1.6238e-04
Loss = 1.8839e-04, PNorm = 70.8656, GNorm = 0.2733, lr_0 = 1.6198e-04
Loss = 1.8859e-04, PNorm = 70.8681, GNorm = 0.1464, lr_0 = 1.6158e-04
Loss = 1.5710e-04, PNorm = 70.8716, GNorm = 0.0994, lr_0 = 1.6118e-04
Loss = 1.9900e-04, PNorm = 70.8759, GNorm = 0.2003, lr_0 = 1.6078e-04
Loss = 2.6775e-04, PNorm = 70.8801, GNorm = 0.4017, lr_0 = 1.6038e-04
Loss = 3.3762e-04, PNorm = 70.8863, GNorm = 0.6621, lr_0 = 1.5999e-04
Validation rmse = 0.477178
Epoch 80
Loss = 1.8991e-04, PNorm = 70.8896, GNorm = 0.2443, lr_0 = 1.5959e-04
Loss = 2.4586e-04, PNorm = 70.8925, GNorm = 0.2368, lr_0 = 1.5920e-04
Loss = 2.2459e-04, PNorm = 70.8949, GNorm = 0.2441, lr_0 = 1.5880e-04
Loss = 2.2257e-04, PNorm = 70.8975, GNorm = 0.5141, lr_0 = 1.5841e-04
Loss = 2.4667e-04, PNorm = 70.8990, GNorm = 0.2058, lr_0 = 1.5802e-04
Loss = 2.1033e-04, PNorm = 70.9034, GNorm = 0.1485, lr_0 = 1.5763e-04
Loss = 1.8666e-04, PNorm = 70.9075, GNorm = 0.1329, lr_0 = 1.5724e-04
Loss = 1.9214e-04, PNorm = 70.9130, GNorm = 0.1398, lr_0 = 1.5685e-04
Loss = 2.3880e-04, PNorm = 70.9181, GNorm = 0.1626, lr_0 = 1.5646e-04
Validation rmse = 0.463753
Epoch 81
Loss = 2.8327e-04, PNorm = 70.9206, GNorm = 0.3696, lr_0 = 1.5608e-04
Loss = 2.0327e-04, PNorm = 70.9234, GNorm = 0.1559, lr_0 = 1.5569e-04
Loss = 1.8515e-04, PNorm = 70.9251, GNorm = 0.1317, lr_0 = 1.5531e-04
Loss = 1.8037e-04, PNorm = 70.9306, GNorm = 0.1333, lr_0 = 1.5492e-04
Loss = 1.9329e-04, PNorm = 70.9369, GNorm = 0.1430, lr_0 = 1.5454e-04
Loss = 1.8341e-04, PNorm = 70.9409, GNorm = 0.3023, lr_0 = 1.5416e-04
Loss = 1.8142e-04, PNorm = 70.9432, GNorm = 0.1197, lr_0 = 1.5378e-04
Loss = 1.9076e-04, PNorm = 70.9463, GNorm = 0.1168, lr_0 = 1.5340e-04
Loss = 2.2512e-04, PNorm = 70.9493, GNorm = 0.6096, lr_0 = 1.5302e-04
Loss = 1.8051e-04, PNorm = 70.9528, GNorm = 0.1379, lr_0 = 1.5264e-04
Validation rmse = 0.451714
Epoch 82
Loss = 1.9007e-04, PNorm = 70.9545, GNorm = 0.1539, lr_0 = 1.5226e-04
Loss = 1.7889e-04, PNorm = 70.9578, GNorm = 0.3527, lr_0 = 1.5189e-04
Loss = 1.8857e-04, PNorm = 70.9585, GNorm = 0.2813, lr_0 = 1.5151e-04
Loss = 1.8303e-04, PNorm = 70.9606, GNorm = 0.2101, lr_0 = 1.5114e-04
Loss = 1.8031e-04, PNorm = 70.9632, GNorm = 0.1273, lr_0 = 1.5077e-04
Loss = 1.7479e-04, PNorm = 70.9653, GNorm = 0.1971, lr_0 = 1.5039e-04
Loss = 1.8632e-04, PNorm = 70.9684, GNorm = 0.1318, lr_0 = 1.5002e-04
Loss = 1.7830e-04, PNorm = 70.9732, GNorm = 0.2173, lr_0 = 1.4965e-04
Loss = 1.9162e-04, PNorm = 70.9783, GNorm = 0.1438, lr_0 = 1.4928e-04
Validation rmse = 0.455534
Epoch 83
Loss = 1.7028e-04, PNorm = 70.9826, GNorm = 0.3582, lr_0 = 1.4891e-04
Loss = 1.6592e-04, PNorm = 70.9840, GNorm = 0.2266, lr_0 = 1.4855e-04
Loss = 1.2317e-04, PNorm = 70.9867, GNorm = 0.1069, lr_0 = 1.4818e-04
Loss = 1.8797e-04, PNorm = 70.9879, GNorm = 0.1571, lr_0 = 1.4781e-04
Loss = 1.7313e-04, PNorm = 70.9904, GNorm = 0.3114, lr_0 = 1.4745e-04
Loss = 1.5413e-04, PNorm = 70.9936, GNorm = 0.3658, lr_0 = 1.4708e-04
Loss = 1.9936e-04, PNorm = 70.9976, GNorm = 0.4237, lr_0 = 1.4672e-04
Loss = 2.1189e-04, PNorm = 71.0006, GNorm = 0.1131, lr_0 = 1.4636e-04
Loss = 1.4662e-04, PNorm = 71.0038, GNorm = 0.1911, lr_0 = 1.4600e-04
Loss = 2.0433e-04, PNorm = 71.0080, GNorm = 0.2996, lr_0 = 1.4563e-04
Validation rmse = 0.441108
Epoch 84
Loss = 1.7782e-04, PNorm = 71.0096, GNorm = 0.1927, lr_0 = 1.4528e-04
Loss = 2.1806e-04, PNorm = 71.0139, GNorm = 0.3836, lr_0 = 1.4492e-04
Loss = 1.7498e-04, PNorm = 71.0182, GNorm = 0.1467, lr_0 = 1.4456e-04
Loss = 1.6934e-04, PNorm = 71.0221, GNorm = 0.3207, lr_0 = 1.4420e-04
Loss = 1.7529e-04, PNorm = 71.0249, GNorm = 0.1323, lr_0 = 1.4384e-04
Loss = 1.9639e-04, PNorm = 71.0255, GNorm = 0.3540, lr_0 = 1.4349e-04
Loss = 1.7553e-04, PNorm = 71.0281, GNorm = 0.1157, lr_0 = 1.4314e-04
Loss = 2.2423e-04, PNorm = 71.0330, GNorm = 0.8333, lr_0 = 1.4278e-04
Loss = 1.8775e-04, PNorm = 71.0352, GNorm = 0.2601, lr_0 = 1.4243e-04
Validation rmse = 0.480818
Epoch 85
Loss = 1.8666e-04, PNorm = 71.0372, GNorm = 0.2036, lr_0 = 1.4208e-04
Loss = 1.9307e-04, PNorm = 71.0413, GNorm = 0.2067, lr_0 = 1.4173e-04
Loss = 1.4813e-04, PNorm = 71.0432, GNorm = 0.1012, lr_0 = 1.4138e-04
Loss = 2.0583e-04, PNorm = 71.0454, GNorm = 0.3006, lr_0 = 1.4103e-04
Loss = 1.6864e-04, PNorm = 71.0481, GNorm = 0.1452, lr_0 = 1.4068e-04
Loss = 1.9998e-04, PNorm = 71.0499, GNorm = 0.2231, lr_0 = 1.4033e-04
Loss = 1.7417e-04, PNorm = 71.0550, GNorm = 0.3062, lr_0 = 1.3998e-04
Loss = 1.8749e-04, PNorm = 71.0608, GNorm = 0.2272, lr_0 = 1.3964e-04
Loss = 2.3413e-04, PNorm = 71.0616, GNorm = 0.2874, lr_0 = 1.3929e-04
Loss = 1.5899e-04, PNorm = 71.0648, GNorm = 0.2835, lr_0 = 1.3895e-04
Validation rmse = 0.459535
Epoch 86
Loss = 2.3135e-04, PNorm = 71.0665, GNorm = 0.2812, lr_0 = 1.3861e-04
Loss = 1.8431e-04, PNorm = 71.0694, GNorm = 0.2169, lr_0 = 1.3826e-04
Loss = 1.8740e-04, PNorm = 71.0732, GNorm = 0.1511, lr_0 = 1.3792e-04
Loss = 1.6867e-04, PNorm = 71.0755, GNorm = 0.2768, lr_0 = 1.3758e-04
Loss = 1.5025e-04, PNorm = 71.0781, GNorm = 0.1800, lr_0 = 1.3724e-04
Loss = 1.5306e-04, PNorm = 71.0797, GNorm = 0.1288, lr_0 = 1.3690e-04
Loss = 2.1866e-04, PNorm = 71.0815, GNorm = 0.1799, lr_0 = 1.3656e-04
Loss = 2.3374e-04, PNorm = 71.0837, GNorm = 0.3581, lr_0 = 1.3623e-04
Loss = 1.6323e-04, PNorm = 71.0882, GNorm = 0.2049, lr_0 = 1.3589e-04
Validation rmse = 0.461338
Epoch 87
Loss = 1.3441e-04, PNorm = 71.0909, GNorm = 0.1944, lr_0 = 1.3556e-04
Loss = 1.9815e-04, PNorm = 71.0934, GNorm = 0.3383, lr_0 = 1.3522e-04
Loss = 1.6008e-04, PNorm = 71.0962, GNorm = 0.0964, lr_0 = 1.3489e-04
Loss = 1.9351e-04, PNorm = 71.1006, GNorm = 0.4801, lr_0 = 1.3455e-04
Loss = 1.7399e-04, PNorm = 71.1026, GNorm = 0.2377, lr_0 = 1.3422e-04
Loss = 2.0641e-04, PNorm = 71.1030, GNorm = 0.1848, lr_0 = 1.3389e-04
Loss = 1.4819e-04, PNorm = 71.1048, GNorm = 0.0999, lr_0 = 1.3356e-04
Loss = 1.6212e-04, PNorm = 71.1064, GNorm = 0.2175, lr_0 = 1.3323e-04
Loss = 1.8717e-04, PNorm = 71.1093, GNorm = 0.2270, lr_0 = 1.3290e-04
Loss = 1.5869e-04, PNorm = 71.1118, GNorm = 0.1589, lr_0 = 1.3257e-04
Validation rmse = 0.433247
Epoch 88
Loss = 1.7509e-04, PNorm = 71.1144, GNorm = 0.1230, lr_0 = 1.3224e-04
Loss = 1.5213e-04, PNorm = 71.1164, GNorm = 0.2273, lr_0 = 1.3192e-04
Loss = 1.4273e-04, PNorm = 71.1185, GNorm = 0.1213, lr_0 = 1.3159e-04
Loss = 1.3504e-04, PNorm = 71.1216, GNorm = 0.2306, lr_0 = 1.3127e-04
Loss = 1.8530e-04, PNorm = 71.1252, GNorm = 0.2363, lr_0 = 1.3094e-04
Loss = 1.8425e-04, PNorm = 71.1288, GNorm = 0.1168, lr_0 = 1.3062e-04
Loss = 2.1535e-04, PNorm = 71.1298, GNorm = 0.2652, lr_0 = 1.3030e-04
Loss = 2.3091e-04, PNorm = 71.1334, GNorm = 0.2399, lr_0 = 1.2997e-04
Loss = 2.3115e-04, PNorm = 71.1363, GNorm = 0.2761, lr_0 = 1.2965e-04
Validation rmse = 0.449975
Epoch 89
Loss = 1.4353e-04, PNorm = 71.1390, GNorm = 0.2994, lr_0 = 1.2933e-04
Loss = 2.0460e-04, PNorm = 71.1412, GNorm = 0.3963, lr_0 = 1.2901e-04
Loss = 1.7046e-04, PNorm = 71.1425, GNorm = 0.1916, lr_0 = 1.2869e-04
Loss = 2.1353e-04, PNorm = 71.1431, GNorm = 0.1890, lr_0 = 1.2838e-04
Loss = 1.9287e-04, PNorm = 71.1455, GNorm = 0.1470, lr_0 = 1.2806e-04
Loss = 1.6685e-04, PNorm = 71.1478, GNorm = 0.1888, lr_0 = 1.2774e-04
Loss = 1.7210e-04, PNorm = 71.1507, GNorm = 0.2117, lr_0 = 1.2743e-04
Loss = 2.0503e-04, PNorm = 71.1530, GNorm = 0.2365, lr_0 = 1.2711e-04
Loss = 1.6909e-04, PNorm = 71.1551, GNorm = 0.2391, lr_0 = 1.2680e-04
Loss = 2.0883e-04, PNorm = 71.1580, GNorm = 0.1915, lr_0 = 1.2649e-04
Validation rmse = 0.431436
Epoch 90
Loss = 1.7883e-04, PNorm = 71.1626, GNorm = 0.1705, lr_0 = 1.2617e-04
Loss = 1.7262e-04, PNorm = 71.1647, GNorm = 0.0897, lr_0 = 1.2586e-04
Loss = 1.7359e-04, PNorm = 71.1672, GNorm = 0.2556, lr_0 = 1.2555e-04
Loss = 1.4842e-04, PNorm = 71.1691, GNorm = 0.2115, lr_0 = 1.2524e-04
Loss = 1.4276e-04, PNorm = 71.1700, GNorm = 0.1141, lr_0 = 1.2493e-04
Loss = 1.6781e-04, PNorm = 71.1719, GNorm = 0.1673, lr_0 = 1.2462e-04
Loss = 2.2280e-04, PNorm = 71.1742, GNorm = 0.2133, lr_0 = 1.2431e-04
Loss = 2.0630e-04, PNorm = 71.1765, GNorm = 0.4331, lr_0 = 1.2401e-04
Loss = 1.6432e-04, PNorm = 71.1796, GNorm = 0.1295, lr_0 = 1.2370e-04
Validation rmse = 0.444501
Epoch 91
Loss = 1.7922e-04, PNorm = 71.1822, GNorm = 0.1931, lr_0 = 1.2340e-04
Loss = 1.5096e-04, PNorm = 71.1866, GNorm = 0.2000, lr_0 = 1.2309e-04
Loss = 1.6526e-04, PNorm = 71.1879, GNorm = 0.1610, lr_0 = 1.2279e-04
Loss = 1.8278e-04, PNorm = 71.1927, GNorm = 0.1876, lr_0 = 1.2248e-04
Loss = 2.0878e-04, PNorm = 71.1941, GNorm = 0.2011, lr_0 = 1.2218e-04
Loss = 1.3616e-04, PNorm = 71.1980, GNorm = 0.1473, lr_0 = 1.2188e-04
Loss = 1.6261e-04, PNorm = 71.2005, GNorm = 0.2510, lr_0 = 1.2158e-04
Loss = 2.3043e-04, PNorm = 71.1998, GNorm = 0.3546, lr_0 = 1.2128e-04
Loss = 1.7991e-04, PNorm = 71.2014, GNorm = 0.2772, lr_0 = 1.2098e-04
Loss = 1.6071e-04, PNorm = 71.2027, GNorm = 0.1630, lr_0 = 1.2068e-04
Validation rmse = 0.455203
Epoch 92
Loss = 1.9141e-04, PNorm = 71.2049, GNorm = 0.1757, lr_0 = 1.2038e-04
Loss = 1.8307e-04, PNorm = 71.2084, GNorm = 0.1860, lr_0 = 1.2008e-04
Loss = 1.5648e-04, PNorm = 71.2098, GNorm = 0.1128, lr_0 = 1.1979e-04
Loss = 1.6370e-04, PNorm = 71.2127, GNorm = 0.1196, lr_0 = 1.1949e-04
Loss = 1.7612e-04, PNorm = 71.2150, GNorm = 0.2104, lr_0 = 1.1920e-04
Loss = 1.4463e-04, PNorm = 71.2169, GNorm = 0.1520, lr_0 = 1.1890e-04
Loss = 1.5626e-04, PNorm = 71.2173, GNorm = 0.2265, lr_0 = 1.1861e-04
Loss = 1.8858e-04, PNorm = 71.2228, GNorm = 0.5148, lr_0 = 1.1831e-04
Loss = 1.8435e-04, PNorm = 71.2257, GNorm = 0.3734, lr_0 = 1.1802e-04
Validation rmse = 0.450943
Epoch 93
Loss = 1.3924e-04, PNorm = 71.2287, GNorm = 0.1771, lr_0 = 1.1773e-04
Loss = 1.7542e-04, PNorm = 71.2286, GNorm = 0.2763, lr_0 = 1.1744e-04
Loss = 1.8564e-04, PNorm = 71.2302, GNorm = 0.2040, lr_0 = 1.1715e-04
Loss = 1.8858e-04, PNorm = 71.2305, GNorm = 0.2089, lr_0 = 1.1686e-04
Loss = 1.7552e-04, PNorm = 71.2322, GNorm = 0.1954, lr_0 = 1.1657e-04
Loss = 1.4415e-04, PNorm = 71.2341, GNorm = 0.1713, lr_0 = 1.1628e-04
Loss = 1.5663e-04, PNorm = 71.2372, GNorm = 0.4825, lr_0 = 1.1600e-04
Loss = 1.7414e-04, PNorm = 71.2377, GNorm = 0.2433, lr_0 = 1.1571e-04
Loss = 1.9800e-04, PNorm = 71.2402, GNorm = 0.1404, lr_0 = 1.1542e-04
Loss = 1.6053e-04, PNorm = 71.2417, GNorm = 0.2045, lr_0 = 1.1514e-04
Validation rmse = 0.427563
Epoch 94
Loss = 1.5591e-04, PNorm = 71.2438, GNorm = 0.1802, lr_0 = 1.1486e-04
Loss = 1.9822e-04, PNorm = 71.2462, GNorm = 0.0898, lr_0 = 1.1457e-04
Loss = 1.6437e-04, PNorm = 71.2488, GNorm = 0.2078, lr_0 = 1.1429e-04
Loss = 2.0968e-04, PNorm = 71.2509, GNorm = 0.5323, lr_0 = 1.1401e-04
Loss = 1.7637e-04, PNorm = 71.2525, GNorm = 0.1777, lr_0 = 1.1372e-04
Loss = 1.8165e-04, PNorm = 71.2564, GNorm = 0.1296, lr_0 = 1.1344e-04
Loss = 1.4848e-04, PNorm = 71.2601, GNorm = 0.2795, lr_0 = 1.1316e-04
Loss = 1.4330e-04, PNorm = 71.2620, GNorm = 0.1325, lr_0 = 1.1288e-04
Loss = 1.7002e-04, PNorm = 71.2642, GNorm = 0.1887, lr_0 = 1.1260e-04
Validation rmse = 0.434931
Epoch 95
Loss = 2.2142e-04, PNorm = 71.2662, GNorm = 0.3485, lr_0 = 1.1233e-04
Loss = 1.7897e-04, PNorm = 71.2664, GNorm = 0.2340, lr_0 = 1.1205e-04
Loss = 2.0791e-04, PNorm = 71.2710, GNorm = 0.2623, lr_0 = 1.1177e-04
Loss = 1.8570e-04, PNorm = 71.2729, GNorm = 0.2607, lr_0 = 1.1150e-04
Loss = 1.4704e-04, PNorm = 71.2754, GNorm = 0.1901, lr_0 = 1.1122e-04
Loss = 1.8671e-04, PNorm = 71.2783, GNorm = 0.5201, lr_0 = 1.1095e-04
Loss = 1.3700e-04, PNorm = 71.2802, GNorm = 0.1124, lr_0 = 1.1067e-04
Loss = 2.2866e-04, PNorm = 71.2831, GNorm = 0.1080, lr_0 = 1.1040e-04
Loss = 2.1060e-04, PNorm = 71.2861, GNorm = 0.4543, lr_0 = 1.1013e-04
Loss = 1.5177e-04, PNorm = 71.2878, GNorm = 0.2033, lr_0 = 1.0985e-04
Validation rmse = 0.458475
Epoch 96
Loss = 2.0050e-04, PNorm = 71.2916, GNorm = 0.1929, lr_0 = 1.0958e-04
Loss = 1.9251e-04, PNorm = 71.2931, GNorm = 0.3558, lr_0 = 1.0931e-04
Loss = 2.2915e-04, PNorm = 71.2957, GNorm = 0.2264, lr_0 = 1.0904e-04
Loss = 1.9050e-04, PNorm = 71.2993, GNorm = 0.1112, lr_0 = 1.0877e-04
Loss = 1.9020e-04, PNorm = 71.3017, GNorm = 0.5607, lr_0 = 1.0850e-04
Loss = 1.9427e-04, PNorm = 71.3059, GNorm = 0.4558, lr_0 = 1.0824e-04
Loss = 1.7790e-04, PNorm = 71.3067, GNorm = 0.3857, lr_0 = 1.0797e-04
Loss = 1.8658e-04, PNorm = 71.3100, GNorm = 0.3394, lr_0 = 1.0770e-04
Loss = 1.5911e-04, PNorm = 71.3118, GNorm = 0.4130, lr_0 = 1.0744e-04
Validation rmse = 0.442059
Epoch 97
Loss = 1.3758e-04, PNorm = 71.3140, GNorm = 0.1179, lr_0 = 1.0717e-04
Loss = 1.7638e-04, PNorm = 71.3170, GNorm = 0.1432, lr_0 = 1.0691e-04
Loss = 1.6444e-04, PNorm = 71.3183, GNorm = 0.2163, lr_0 = 1.0664e-04
Loss = 1.3102e-04, PNorm = 71.3193, GNorm = 0.1336, lr_0 = 1.0638e-04
Loss = 1.6522e-04, PNorm = 71.3195, GNorm = 0.1224, lr_0 = 1.0612e-04
Loss = 1.8244e-04, PNorm = 71.3189, GNorm = 0.2439, lr_0 = 1.0585e-04
Loss = 1.3481e-04, PNorm = 71.3189, GNorm = 0.1291, lr_0 = 1.0559e-04
Loss = 1.4573e-04, PNorm = 71.3211, GNorm = 0.1953, lr_0 = 1.0533e-04
Loss = 1.2698e-04, PNorm = 71.3222, GNorm = 0.1107, lr_0 = 1.0507e-04
Loss = 1.3394e-04, PNorm = 71.3249, GNorm = 0.2468, lr_0 = 1.0481e-04
Validation rmse = 0.427684
Epoch 98
Loss = 1.8413e-04, PNorm = 71.3257, GNorm = 0.2218, lr_0 = 1.0455e-04
Loss = 1.6527e-04, PNorm = 71.3276, GNorm = 0.3482, lr_0 = 1.0429e-04
Loss = 1.8876e-04, PNorm = 71.3305, GNorm = 0.7070, lr_0 = 1.0404e-04
Loss = 1.5999e-04, PNorm = 71.3341, GNorm = 0.2320, lr_0 = 1.0378e-04
Loss = 1.8040e-04, PNorm = 71.3346, GNorm = 0.1317, lr_0 = 1.0352e-04
Loss = 2.0304e-04, PNorm = 71.3361, GNorm = 0.2409, lr_0 = 1.0327e-04
Loss = 1.7724e-04, PNorm = 71.3359, GNorm = 0.2682, lr_0 = 1.0301e-04
Loss = 1.8170e-04, PNorm = 71.3379, GNorm = 0.2835, lr_0 = 1.0276e-04
Loss = 1.4666e-04, PNorm = 71.3390, GNorm = 0.1284, lr_0 = 1.0250e-04
Validation rmse = 0.437849
Epoch 99
Loss = 1.2104e-04, PNorm = 71.3420, GNorm = 0.1354, lr_0 = 1.0225e-04
Loss = 1.3924e-04, PNorm = 71.3431, GNorm = 0.1540, lr_0 = 1.0200e-04
Loss = 1.7775e-04, PNorm = 71.3448, GNorm = 0.2918, lr_0 = 1.0175e-04
Loss = 1.8769e-04, PNorm = 71.3462, GNorm = 0.1498, lr_0 = 1.0150e-04
Loss = 1.8239e-04, PNorm = 71.3490, GNorm = 0.3694, lr_0 = 1.0124e-04
Loss = 1.8103e-04, PNorm = 71.3499, GNorm = 0.4275, lr_0 = 1.0099e-04
Loss = 1.8464e-04, PNorm = 71.3531, GNorm = 0.2379, lr_0 = 1.0074e-04
Loss = 1.5809e-04, PNorm = 71.3554, GNorm = 0.1468, lr_0 = 1.0050e-04
Loss = 2.0037e-04, PNorm = 71.3591, GNorm = 0.2035, lr_0 = 1.0025e-04
Loss = 1.9349e-04, PNorm = 71.3632, GNorm = 0.1453, lr_0 = 1.0000e-04
Validation rmse = 0.470775
Model 0 best validation rmse = 0.427347 on epoch 42
Loading pretrained parameter "encoder.encoder_solute.cached_zero_vector".
Loading pretrained parameter "encoder.encoder_solute.W_i.weight".
Loading pretrained parameter "encoder.encoder_solute.W_h.weight".
Loading pretrained parameter "encoder.encoder_solute.W_o.weight".
Loading pretrained parameter "encoder.encoder_solute.W_o.bias".
Loading pretrained parameter "encoder.encoder_solvent.cached_zero_vector".
Loading pretrained parameter "encoder.encoder_solvent.W_i.weight".
Loading pretrained parameter "encoder.encoder_solvent.W_h.weight".
Loading pretrained parameter "encoder.encoder_solvent.W_o.weight".
Loading pretrained parameter "encoder.encoder_solvent.W_o.bias".
Loading pretrained parameter "ffn.1.weight".
Loading pretrained parameter "ffn.1.bias".
Loading pretrained parameter "ffn.4.weight".
Loading pretrained parameter "ffn.4.bias".
Loading pretrained parameter "ffn.7.weight".
Loading pretrained parameter "ffn.7.bias".
Model 0 test rmse = 0.553099
Ensemble test rmse = 0.553099
1-fold cross validation
Seed 0 ==> test rmse = 0.553099
Overall test rmse = 0.553099 +/- 0.000000
