Fold 0
{'activation': 'ReLU',
 'atom_messages': False,
 'batch_size': 50,
 'bias': False,
 'checkpoint_dir': None,
 'checkpoint_path': None,
 'checkpoint_paths': None,
 'config_path': None,
 'crossval_index_dir': None,
 'crossval_index_file': None,
 'cuda': False,
 'data_path': 'data/solvation/MNSol_compsol_wooctanol.csv',
 'dataset_type': 'regression',
 'depth': 10,
 'detailed_results': True,
 'dropout': 0.05,
 'ensemble_size': 1,
 'epochs': 100,
 'explicit_solvent_number': 2,
 'features_generator': None,
 'features_only': False,
 'features_path': None,
 'features_scaling': True,
 'ffn_hidden_size': 300,
 'ffn_num_layers': 3,
 'final_lr': 0.0001,
 'folds_file': None,
 'gpu': None,
 'hidden_size': 300,
 'init_lr': 0.0001,
 'log_frequency': 10,
 'max_data_size': None,
 'max_lr': 0.001,
 'metric': 'rmse',
 'minimize_score': True,
 'multiclass_num_classes': 3,
 'no_cache': False,
 'num_folds': 1,
 'num_lrs': 1,
 'quiet': False,
 'save_dir': 'examples/solvation_wooctanol/fold_0',
 'save_inchi_split': False,
 'save_smiles_splits': False,
 'seed': 0,
 'separate_test_features_path': None,
 'separate_test_path': None,
 'separate_val_features_path': None,
 'separate_val_path': None,
 'show_individual_scores': False,
 'solvation': True,
 'split_sizes': [0.8, 0.1, 0.1],
 'split_type': 'random',
 'test': False,
 'test_fold_index': None,
 'undirected': False,
 'use_compound_names': False,
 'use_input_features': None,
 'val_fold_index': None,
 'warmup_epochs': 2.0}
Loading data
Number of tasks = 1
Splitting data with seed 0
Total size = 5,638 | train size = 4,510 | val size = 564 | test size = 564
Fitting scaler
Building model 0
MoleculeModel(
  (encoder): MPN_solvation(
    (encoder_solute): MPNEncoder(
      (dropout_layer): Dropout(p=0.05, inplace=False)
      (act_func): ReLU()
      (W_i): Linear(in_features=117, out_features=300, bias=False)
      (W_h): Linear(in_features=300, out_features=300, bias=False)
      (W_o): Linear(in_features=403, out_features=300, bias=True)
    )
    (encoder_solvent): MPNEncoder(
      (dropout_layer): Dropout(p=0.05, inplace=False)
      (act_func): ReLU()
      (W_i): Linear(in_features=117, out_features=300, bias=False)
      (W_h): Linear(in_features=300, out_features=300, bias=False)
      (W_o): Linear(in_features=403, out_features=300, bias=True)
    )
  )
  (ffn): Sequential(
    (0): Dropout(p=0.05, inplace=False)
    (1): Linear(in_features=600, out_features=300, bias=True)
    (2): ReLU()
    (3): Dropout(p=0.05, inplace=False)
    (4): Linear(in_features=300, out_features=300, bias=True)
    (5): ReLU()
    (6): Dropout(p=0.05, inplace=False)
    (7): Linear(in_features=300, out_features=1, bias=True)
  )
)
Number of parameters = 763,501
Epoch 0
Loss = 2.3487e-02, PNorm = 48.2311, GNorm = 2.7195, lr_0 = 1.5000e-04
Loss = 1.5680e-02, PNorm = 48.2377, GNorm = 3.5320, lr_0 = 2.0000e-04
Loss = 1.0368e-02, PNorm = 48.2446, GNorm = 1.8843, lr_0 = 2.5000e-04
Loss = 1.1231e-02, PNorm = 48.2556, GNorm = 3.2057, lr_0 = 3.0000e-04
Loss = 9.8788e-03, PNorm = 48.2673, GNorm = 5.7304, lr_0 = 3.5000e-04
Loss = 7.6035e-03, PNorm = 48.2812, GNorm = 4.0322, lr_0 = 4.0000e-04
Loss = 5.3554e-03, PNorm = 48.2963, GNorm = 4.9735, lr_0 = 4.5000e-04
Loss = 6.5785e-03, PNorm = 48.3117, GNorm = 1.8795, lr_0 = 5.0000e-04
Loss = 7.2618e-03, PNorm = 48.3272, GNorm = 4.8308, lr_0 = 5.5000e-04
Validation rmse = 1.428746
Epoch 1
Loss = 7.5359e-03, PNorm = 48.3504, GNorm = 14.3512, lr_0 = 6.0000e-04
Loss = 7.9704e-03, PNorm = 48.3744, GNorm = 2.1706, lr_0 = 6.5000e-04
Loss = 7.5629e-03, PNorm = 48.4020, GNorm = 32.4862, lr_0 = 7.0000e-04
Loss = 6.5366e-03, PNorm = 48.4433, GNorm = 1.4084, lr_0 = 7.5000e-04
Loss = 4.5021e-03, PNorm = 48.4819, GNorm = 2.0694, lr_0 = 8.0000e-04
Loss = 4.7946e-03, PNorm = 48.5239, GNorm = 2.4932, lr_0 = 8.5000e-04
Loss = 4.4730e-03, PNorm = 48.5576, GNorm = 0.9289, lr_0 = 9.0000e-04
Loss = 3.9047e-03, PNorm = 48.5902, GNorm = 2.3060, lr_0 = 9.5000e-04
Loss = 4.2483e-03, PNorm = 48.6261, GNorm = 1.9047, lr_0 = 1.0000e-03
Validation rmse = 0.861374
Epoch 2
Loss = 3.4486e-03, PNorm = 48.6597, GNorm = 2.7193, lr_0 = 9.9739e-04
Loss = 3.1086e-03, PNorm = 48.6900, GNorm = 3.4274, lr_0 = 9.9479e-04
Loss = 3.2522e-03, PNorm = 48.7229, GNorm = 1.0096, lr_0 = 9.9220e-04
Loss = 3.5040e-03, PNorm = 48.7497, GNorm = 3.8069, lr_0 = 9.8961e-04
Loss = 2.6416e-03, PNorm = 48.7824, GNorm = 1.1083, lr_0 = 9.8703e-04
Loss = 2.5836e-03, PNorm = 48.8108, GNorm = 1.3506, lr_0 = 9.8446e-04
Loss = 3.2602e-03, PNorm = 48.8435, GNorm = 3.2936, lr_0 = 9.8189e-04
Loss = 5.1392e-03, PNorm = 48.8614, GNorm = 4.2580, lr_0 = 9.7933e-04
Loss = 4.0186e-03, PNorm = 48.8962, GNorm = 1.4811, lr_0 = 9.7678e-04
Validation rmse = 0.923884
Epoch 3
Loss = 3.4899e-03, PNorm = 48.9305, GNorm = 1.7653, lr_0 = 9.7423e-04
Loss = 2.8601e-03, PNorm = 48.9604, GNorm = 2.3233, lr_0 = 9.7169e-04
Loss = 2.7411e-03, PNorm = 48.9916, GNorm = 3.1107, lr_0 = 9.6916e-04
Loss = 2.3168e-03, PNorm = 49.0148, GNorm = 1.6647, lr_0 = 9.6663e-04
Loss = 2.5587e-03, PNorm = 49.0416, GNorm = 2.6313, lr_0 = 9.6411e-04
Loss = 2.0150e-03, PNorm = 49.0679, GNorm = 2.0738, lr_0 = 9.6160e-04
Loss = 2.7128e-03, PNorm = 49.0904, GNorm = 1.8476, lr_0 = 9.5909e-04
Loss = 1.7784e-03, PNorm = 49.1168, GNorm = 1.6165, lr_0 = 9.5659e-04
Loss = 3.1335e-03, PNorm = 49.1429, GNorm = 1.5352, lr_0 = 9.5410e-04
Validation rmse = 0.832351
Epoch 4
Loss = 2.1810e-03, PNorm = 49.1748, GNorm = 1.9361, lr_0 = 9.5161e-04
Loss = 1.9249e-03, PNorm = 49.1914, GNorm = 1.4339, lr_0 = 9.4913e-04
Loss = 1.7547e-03, PNorm = 49.2126, GNorm = 0.9965, lr_0 = 9.4665e-04
Loss = 1.8174e-03, PNorm = 49.2338, GNorm = 2.1200, lr_0 = 9.4418e-04
Loss = 2.1070e-03, PNorm = 49.2562, GNorm = 2.2047, lr_0 = 9.4172e-04
Loss = 2.1865e-03, PNorm = 49.2762, GNorm = 1.4892, lr_0 = 9.3927e-04
Loss = 2.4153e-03, PNorm = 49.2992, GNorm = 1.6237, lr_0 = 9.3682e-04
Loss = 1.5965e-03, PNorm = 49.3178, GNorm = 4.2231, lr_0 = 9.3438e-04
Loss = 1.9210e-03, PNorm = 49.3361, GNorm = 2.7926, lr_0 = 9.3194e-04
Validation rmse = 0.664002
Epoch 5
Loss = 1.4501e-03, PNorm = 49.3495, GNorm = 1.1708, lr_0 = 9.2951e-04
Loss = 1.9119e-03, PNorm = 49.3639, GNorm = 1.3140, lr_0 = 9.2709e-04
Loss = 1.3967e-03, PNorm = 49.3788, GNorm = 0.5414, lr_0 = 9.2467e-04
Loss = 1.5062e-03, PNorm = 49.3999, GNorm = 2.1548, lr_0 = 9.2226e-04
Loss = 1.4868e-03, PNorm = 49.4174, GNorm = 1.2324, lr_0 = 9.1985e-04
Loss = 1.5013e-03, PNorm = 49.4387, GNorm = 1.7493, lr_0 = 9.1746e-04
Loss = 1.4380e-03, PNorm = 49.4559, GNorm = 1.7469, lr_0 = 9.1506e-04
Loss = 1.7271e-03, PNorm = 49.4795, GNorm = 1.5862, lr_0 = 9.1268e-04
Loss = 1.3113e-03, PNorm = 49.4946, GNorm = 1.9658, lr_0 = 9.1030e-04
Validation rmse = 0.636214
Epoch 6
Loss = 1.4464e-03, PNorm = 49.5128, GNorm = 1.4338, lr_0 = 9.0792e-04
Loss = 1.4512e-03, PNorm = 49.5254, GNorm = 1.8285, lr_0 = 9.0556e-04
Loss = 1.1148e-03, PNorm = 49.5416, GNorm = 1.9750, lr_0 = 9.0320e-04
Loss = 1.2876e-03, PNorm = 49.5554, GNorm = 2.8765, lr_0 = 9.0084e-04
Loss = 2.0017e-03, PNorm = 49.5780, GNorm = 1.5461, lr_0 = 8.9849e-04
Loss = 1.7940e-03, PNorm = 49.5984, GNorm = 1.0954, lr_0 = 8.9615e-04
Loss = 1.0635e-03, PNorm = 49.6147, GNorm = 0.8081, lr_0 = 8.9381e-04
Loss = 1.3190e-03, PNorm = 49.6311, GNorm = 0.6505, lr_0 = 8.9148e-04
Loss = 1.6356e-03, PNorm = 49.6442, GNorm = 1.4526, lr_0 = 8.8916e-04
Validation rmse = 0.529593
Epoch 7
Loss = 2.3558e-03, PNorm = 49.6696, GNorm = 1.6491, lr_0 = 8.8684e-04
Loss = 1.8412e-03, PNorm = 49.6942, GNorm = 1.6220, lr_0 = 8.8453e-04
Loss = 1.2541e-03, PNorm = 49.7195, GNorm = 0.6878, lr_0 = 8.8222e-04
Loss = 9.2830e-04, PNorm = 49.7306, GNorm = 0.9482, lr_0 = 8.7992e-04
Loss = 1.2000e-03, PNorm = 49.7416, GNorm = 1.8880, lr_0 = 8.7763e-04
Loss = 1.3820e-03, PNorm = 49.7568, GNorm = 0.7742, lr_0 = 8.7534e-04
Loss = 1.1879e-03, PNorm = 49.7753, GNorm = 0.9031, lr_0 = 8.7306e-04
Loss = 8.4657e-04, PNorm = 49.7833, GNorm = 0.4888, lr_0 = 8.7078e-04
Loss = 1.7070e-03, PNorm = 49.7992, GNorm = 1.6802, lr_0 = 8.6851e-04
Validation rmse = 0.528859
Epoch 8
Loss = 1.4088e-03, PNorm = 49.8136, GNorm = 1.1884, lr_0 = 8.6625e-04
Loss = 1.4642e-03, PNorm = 49.8346, GNorm = 1.5325, lr_0 = 8.6399e-04
Loss = 1.1432e-03, PNorm = 49.8511, GNorm = 0.7025, lr_0 = 8.6174e-04
Loss = 8.9347e-04, PNorm = 49.8681, GNorm = 1.7444, lr_0 = 8.5949e-04
Loss = 1.2550e-03, PNorm = 49.8841, GNorm = 0.9479, lr_0 = 8.5725e-04
Loss = 1.5570e-03, PNorm = 49.8989, GNorm = 1.1312, lr_0 = 8.5501e-04
Loss = 1.2727e-03, PNorm = 49.9106, GNorm = 1.0810, lr_0 = 8.5278e-04
Loss = 1.0862e-03, PNorm = 49.9287, GNorm = 2.0859, lr_0 = 8.5056e-04
Loss = 1.3680e-03, PNorm = 49.9433, GNorm = 3.1201, lr_0 = 8.4834e-04
Validation rmse = 0.468907
Epoch 9
Loss = 9.0956e-04, PNorm = 49.9601, GNorm = 0.6859, lr_0 = 8.4613e-04
Loss = 8.3186e-04, PNorm = 49.9726, GNorm = 0.3998, lr_0 = 8.4393e-04
Loss = 8.2725e-04, PNorm = 49.9880, GNorm = 0.3835, lr_0 = 8.4172e-04
Loss = 1.3965e-03, PNorm = 50.0012, GNorm = 2.8828, lr_0 = 8.3953e-04
Loss = 1.6691e-03, PNorm = 50.0136, GNorm = 1.8216, lr_0 = 8.3734e-04
Loss = 1.8089e-03, PNorm = 50.0318, GNorm = 1.3322, lr_0 = 8.3516e-04
Loss = 1.6194e-03, PNorm = 50.0626, GNorm = 2.1546, lr_0 = 8.3298e-04
Loss = 1.4955e-03, PNorm = 50.0866, GNorm = 1.2186, lr_0 = 8.3081e-04
Loss = 1.1985e-03, PNorm = 50.1126, GNorm = 1.7575, lr_0 = 8.2864e-04
Validation rmse = 0.459424
Epoch 10
Loss = 9.5961e-04, PNorm = 50.1248, GNorm = 1.1258, lr_0 = 8.2648e-04
Loss = 8.8915e-04, PNorm = 50.1405, GNorm = 0.7755, lr_0 = 8.2433e-04
Loss = 1.5907e-03, PNorm = 50.1427, GNorm = 2.1926, lr_0 = 8.2218e-04
Loss = 1.3052e-03, PNorm = 50.1590, GNorm = 0.7279, lr_0 = 8.2003e-04
Loss = 8.0739e-04, PNorm = 50.1778, GNorm = 0.6573, lr_0 = 8.1790e-04
Loss = 9.8967e-04, PNorm = 50.1912, GNorm = 1.2982, lr_0 = 8.1576e-04
Loss = 8.7646e-04, PNorm = 50.2082, GNorm = 0.7237, lr_0 = 8.1364e-04
Loss = 1.0763e-03, PNorm = 50.2162, GNorm = 1.3211, lr_0 = 8.1152e-04
Loss = 9.7585e-04, PNorm = 50.2298, GNorm = 0.6672, lr_0 = 8.0940e-04
Validation rmse = 0.464207
Epoch 11
Loss = 8.7001e-04, PNorm = 50.2453, GNorm = 0.4589, lr_0 = 8.0729e-04
Loss = 9.9989e-04, PNorm = 50.2498, GNorm = 1.0141, lr_0 = 8.0519e-04
Loss = 7.4463e-04, PNorm = 50.2633, GNorm = 1.0638, lr_0 = 8.0309e-04
Loss = 9.8419e-04, PNorm = 50.2782, GNorm = 2.4607, lr_0 = 8.0099e-04
Loss = 1.1513e-03, PNorm = 50.2908, GNorm = 0.9141, lr_0 = 7.9890e-04
Loss = 1.4849e-03, PNorm = 50.3113, GNorm = 2.5638, lr_0 = 7.9682e-04
Loss = 1.0191e-03, PNorm = 50.3215, GNorm = 0.6797, lr_0 = 7.9474e-04
Loss = 1.0124e-03, PNorm = 50.3315, GNorm = 0.8701, lr_0 = 7.9267e-04
Loss = 9.9768e-04, PNorm = 50.3443, GNorm = 1.0176, lr_0 = 7.9060e-04
Validation rmse = 0.452281
Epoch 12
Loss = 8.2806e-04, PNorm = 50.3563, GNorm = 0.7456, lr_0 = 7.8854e-04
Loss = 1.1024e-03, PNorm = 50.3718, GNorm = 1.4314, lr_0 = 7.8649e-04
Loss = 7.3799e-04, PNorm = 50.3866, GNorm = 0.7650, lr_0 = 7.8444e-04
Loss = 8.4787e-04, PNorm = 50.3993, GNorm = 1.5645, lr_0 = 7.8239e-04
Loss = 8.1733e-04, PNorm = 50.4131, GNorm = 0.3627, lr_0 = 7.8035e-04
Loss = 8.3590e-04, PNorm = 50.4223, GNorm = 0.5009, lr_0 = 7.7832e-04
Loss = 8.4686e-04, PNorm = 50.4358, GNorm = 0.4764, lr_0 = 7.7629e-04
Loss = 1.5802e-03, PNorm = 50.4479, GNorm = 0.8724, lr_0 = 7.7426e-04
Loss = 1.1774e-03, PNorm = 50.4708, GNorm = 0.6857, lr_0 = 7.7224e-04
Validation rmse = 0.445723
Epoch 13
Loss = 1.1894e-03, PNorm = 50.4906, GNorm = 0.8793, lr_0 = 7.7023e-04
Loss = 7.7952e-04, PNorm = 50.5059, GNorm = 1.0700, lr_0 = 7.6822e-04
Loss = 1.1712e-03, PNorm = 50.5204, GNorm = 2.8791, lr_0 = 7.6622e-04
Loss = 7.7301e-04, PNorm = 50.5342, GNorm = 0.7388, lr_0 = 7.6422e-04
Loss = 1.1642e-03, PNorm = 50.5467, GNorm = 0.5432, lr_0 = 7.6223e-04
Loss = 1.0416e-03, PNorm = 50.5593, GNorm = 0.4220, lr_0 = 7.6024e-04
Loss = 7.2279e-04, PNorm = 50.5735, GNorm = 0.4537, lr_0 = 7.5826e-04
Loss = 7.8492e-04, PNorm = 50.5821, GNorm = 0.6345, lr_0 = 7.5628e-04
Loss = 9.3587e-04, PNorm = 50.5983, GNorm = 0.5084, lr_0 = 7.5431e-04
Validation rmse = 0.542879
Epoch 14
Loss = 1.3292e-03, PNorm = 50.6136, GNorm = 0.3974, lr_0 = 7.5235e-04
Loss = 8.6216e-04, PNorm = 50.6320, GNorm = 0.9659, lr_0 = 7.5038e-04
Loss = 1.1711e-03, PNorm = 50.6512, GNorm = 0.6376, lr_0 = 7.4843e-04
Loss = 9.0821e-04, PNorm = 50.6651, GNorm = 1.0449, lr_0 = 7.4648e-04
Loss = 5.2263e-04, PNorm = 50.6754, GNorm = 0.3559, lr_0 = 7.4453e-04
Loss = 9.5365e-04, PNorm = 50.6840, GNorm = 1.0811, lr_0 = 7.4259e-04
Loss = 6.0106e-04, PNorm = 50.6918, GNorm = 0.4351, lr_0 = 7.4065e-04
Loss = 7.8036e-04, PNorm = 50.7068, GNorm = 0.9169, lr_0 = 7.3872e-04
Loss = 9.1494e-04, PNorm = 50.7190, GNorm = 1.0741, lr_0 = 7.3680e-04
Validation rmse = 0.420570
Epoch 15
Loss = 7.4187e-04, PNorm = 50.7266, GNorm = 0.5522, lr_0 = 7.3487e-04
Loss = 5.3668e-04, PNorm = 50.7414, GNorm = 0.3760, lr_0 = 7.3296e-04
Loss = 9.4152e-04, PNorm = 50.7506, GNorm = 2.2009, lr_0 = 7.3105e-04
Loss = 7.7159e-04, PNorm = 50.7606, GNorm = 1.0881, lr_0 = 7.2914e-04
Loss = 8.5231e-04, PNorm = 50.7713, GNorm = 0.2908, lr_0 = 7.2724e-04
Loss = 8.7174e-04, PNorm = 50.7825, GNorm = 0.8825, lr_0 = 7.2534e-04
Loss = 7.1711e-04, PNorm = 50.7919, GNorm = 0.8525, lr_0 = 7.2345e-04
Loss = 1.1011e-03, PNorm = 50.8103, GNorm = 1.4131, lr_0 = 7.2157e-04
Loss = 1.1630e-03, PNorm = 50.8248, GNorm = 1.6970, lr_0 = 7.1969e-04
Validation rmse = 0.613678
Epoch 16
Loss = 9.5260e-04, PNorm = 50.8467, GNorm = 0.6157, lr_0 = 7.1781e-04
Loss = 8.1679e-04, PNorm = 50.8578, GNorm = 0.8835, lr_0 = 7.1594e-04
Loss = 9.3680e-04, PNorm = 50.8765, GNorm = 1.1781, lr_0 = 7.1407e-04
Loss = 6.2190e-04, PNorm = 50.8815, GNorm = 0.9055, lr_0 = 7.1221e-04
Loss = 1.2470e-03, PNorm = 50.8969, GNorm = 4.4804, lr_0 = 7.1035e-04
Loss = 9.8385e-04, PNorm = 50.9018, GNorm = 0.9820, lr_0 = 7.0850e-04
Loss = 7.6930e-04, PNorm = 50.9228, GNorm = 0.5175, lr_0 = 7.0665e-04
Loss = 7.5547e-04, PNorm = 50.9309, GNorm = 0.4526, lr_0 = 7.0481e-04
Loss = 5.0026e-04, PNorm = 50.9436, GNorm = 0.6127, lr_0 = 7.0297e-04
Validation rmse = 0.391437
Epoch 17
Loss = 6.6458e-04, PNorm = 50.9541, GNorm = 0.2322, lr_0 = 7.0114e-04
Loss = 6.5317e-04, PNorm = 50.9603, GNorm = 0.3450, lr_0 = 6.9931e-04
Loss = 6.8824e-04, PNorm = 50.9675, GNorm = 1.1680, lr_0 = 6.9749e-04
Loss = 9.4542e-04, PNorm = 50.9803, GNorm = 0.9177, lr_0 = 6.9567e-04
Loss = 8.5948e-04, PNorm = 50.9945, GNorm = 1.4873, lr_0 = 6.9386e-04
Loss = 6.8090e-04, PNorm = 51.0083, GNorm = 0.6788, lr_0 = 6.9205e-04
Loss = 7.0025e-04, PNorm = 51.0184, GNorm = 0.8234, lr_0 = 6.9024e-04
Loss = 5.1308e-04, PNorm = 51.0270, GNorm = 0.4873, lr_0 = 6.8844e-04
Loss = 4.4365e-04, PNorm = 51.0342, GNorm = 0.1854, lr_0 = 6.8665e-04
Validation rmse = 0.371409
Epoch 18
Loss = 5.9405e-04, PNorm = 51.0415, GNorm = 0.5425, lr_0 = 6.8486e-04
Loss = 8.0364e-04, PNorm = 51.0532, GNorm = 0.6432, lr_0 = 6.8307e-04
Loss = 6.8500e-04, PNorm = 51.0616, GNorm = 1.3673, lr_0 = 6.8129e-04
Loss = 8.6806e-04, PNorm = 51.0707, GNorm = 0.4841, lr_0 = 6.7952e-04
Loss = 5.9868e-04, PNorm = 51.0832, GNorm = 0.7012, lr_0 = 6.7774e-04
Loss = 7.5529e-04, PNorm = 51.0967, GNorm = 0.5408, lr_0 = 6.7598e-04
Loss = 7.4952e-04, PNorm = 51.1071, GNorm = 0.5135, lr_0 = 6.7421e-04
Loss = 6.9532e-04, PNorm = 51.1179, GNorm = 0.4669, lr_0 = 6.7246e-04
Loss = 5.9693e-04, PNorm = 51.1266, GNorm = 0.6390, lr_0 = 6.7070e-04
Validation rmse = 0.458847
Epoch 19
Loss = 6.6521e-04, PNorm = 51.1431, GNorm = 0.5217, lr_0 = 6.6895e-04
Loss = 6.0241e-04, PNorm = 51.1481, GNorm = 0.6552, lr_0 = 6.6721e-04
Loss = 1.1911e-03, PNorm = 51.1666, GNorm = 1.4489, lr_0 = 6.6547e-04
Loss = 8.0706e-04, PNorm = 51.1719, GNorm = 0.7302, lr_0 = 6.6374e-04
Loss = 7.4062e-04, PNorm = 51.1904, GNorm = 0.4783, lr_0 = 6.6201e-04
Loss = 5.7575e-04, PNorm = 51.2013, GNorm = 0.5225, lr_0 = 6.6028e-04
Loss = 8.2985e-04, PNorm = 51.2137, GNorm = 0.5291, lr_0 = 6.5856e-04
Loss = 6.2786e-04, PNorm = 51.2229, GNorm = 0.4317, lr_0 = 6.5684e-04
Loss = 6.6520e-04, PNorm = 51.2397, GNorm = 0.7692, lr_0 = 6.5513e-04
Validation rmse = 0.408632
Epoch 20
Loss = 5.8991e-04, PNorm = 51.2483, GNorm = 0.2570, lr_0 = 6.5342e-04
Loss = 7.2804e-04, PNorm = 51.2561, GNorm = 0.4689, lr_0 = 6.5172e-04
Loss = 5.0067e-04, PNorm = 51.2654, GNorm = 0.4505, lr_0 = 6.5002e-04
Loss = 7.7499e-04, PNorm = 51.2748, GNorm = 1.0318, lr_0 = 6.4832e-04
Loss = 6.1618e-04, PNorm = 51.2836, GNorm = 0.5130, lr_0 = 6.4663e-04
Loss = 8.3194e-04, PNorm = 51.2959, GNorm = 0.3974, lr_0 = 6.4495e-04
Loss = 7.6104e-04, PNorm = 51.3050, GNorm = 1.0518, lr_0 = 6.4327e-04
Loss = 6.1667e-04, PNorm = 51.3170, GNorm = 0.5558, lr_0 = 6.4159e-04
Loss = 7.2178e-04, PNorm = 51.3272, GNorm = 0.6795, lr_0 = 6.3992e-04
Validation rmse = 0.372263
Epoch 21
Loss = 5.1970e-04, PNorm = 51.3383, GNorm = 0.2973, lr_0 = 6.3825e-04
Loss = 4.7972e-04, PNorm = 51.3446, GNorm = 0.4146, lr_0 = 6.3658e-04
Loss = 6.3660e-04, PNorm = 51.3504, GNorm = 1.9676, lr_0 = 6.3492e-04
Loss = 5.1902e-04, PNorm = 51.3627, GNorm = 0.3652, lr_0 = 6.3327e-04
Loss = 4.9448e-04, PNorm = 51.3715, GNorm = 0.5957, lr_0 = 6.3162e-04
Loss = 7.5700e-04, PNorm = 51.3878, GNorm = 0.9027, lr_0 = 6.2997e-04
Loss = 6.4481e-04, PNorm = 51.4060, GNorm = 1.1180, lr_0 = 6.2833e-04
Loss = 7.8599e-04, PNorm = 51.4156, GNorm = 1.5290, lr_0 = 6.2669e-04
Loss = 1.3042e-03, PNorm = 51.4253, GNorm = 1.0839, lr_0 = 6.2506e-04
Validation rmse = 0.571918
Epoch 22
Loss = 9.8085e-04, PNorm = 51.4410, GNorm = 1.1680, lr_0 = 6.2343e-04
Loss = 5.4578e-04, PNorm = 51.4542, GNorm = 0.5157, lr_0 = 6.2180e-04
Loss = 6.7935e-04, PNorm = 51.4657, GNorm = 0.9965, lr_0 = 6.2018e-04
Loss = 6.6529e-04, PNorm = 51.4742, GNorm = 0.4582, lr_0 = 6.1856e-04
Loss = 6.2450e-04, PNorm = 51.4899, GNorm = 0.9034, lr_0 = 6.1695e-04
Loss = 7.3998e-04, PNorm = 51.5003, GNorm = 1.0019, lr_0 = 6.1534e-04
Loss = 7.6566e-04, PNorm = 51.5065, GNorm = 0.5309, lr_0 = 6.1374e-04
Loss = 5.3732e-04, PNorm = 51.5204, GNorm = 0.8283, lr_0 = 6.1214e-04
Loss = 7.5297e-04, PNorm = 51.5307, GNorm = 0.4907, lr_0 = 6.1054e-04
Validation rmse = 0.387649
Epoch 23
Loss = 4.2608e-04, PNorm = 51.5419, GNorm = 0.2055, lr_0 = 6.0895e-04
Loss = 6.2605e-04, PNorm = 51.5519, GNorm = 0.7591, lr_0 = 6.0736e-04
Loss = 5.4658e-04, PNorm = 51.5590, GNorm = 0.6852, lr_0 = 6.0578e-04
Loss = 4.2537e-04, PNorm = 51.5674, GNorm = 0.5087, lr_0 = 6.0420e-04
Loss = 5.3861e-04, PNorm = 51.5748, GNorm = 0.3522, lr_0 = 6.0262e-04
Loss = 6.2454e-04, PNorm = 51.5858, GNorm = 0.3909, lr_0 = 6.0105e-04
Loss = 8.3491e-04, PNorm = 51.6007, GNorm = 0.6093, lr_0 = 5.9948e-04
Loss = 6.2396e-04, PNorm = 51.6126, GNorm = 0.7602, lr_0 = 5.9792e-04
Loss = 7.6444e-04, PNorm = 51.6252, GNorm = 1.3483, lr_0 = 5.9636e-04
Validation rmse = 0.442827
Epoch 24
Loss = 4.8657e-04, PNorm = 51.6382, GNorm = 0.4788, lr_0 = 5.9481e-04
Loss = 5.4870e-04, PNorm = 51.6437, GNorm = 0.3824, lr_0 = 5.9326e-04
Loss = 4.0798e-04, PNorm = 51.6563, GNorm = 0.5315, lr_0 = 5.9171e-04
Loss = 4.7738e-04, PNorm = 51.6636, GNorm = 0.4402, lr_0 = 5.9017e-04
Loss = 7.2477e-04, PNorm = 51.6672, GNorm = 0.3493, lr_0 = 5.8863e-04
Loss = 4.6438e-04, PNorm = 51.6721, GNorm = 0.8818, lr_0 = 5.8709e-04
Loss = 4.7659e-04, PNorm = 51.6810, GNorm = 0.5736, lr_0 = 5.8556e-04
Loss = 5.0681e-04, PNorm = 51.6870, GNorm = 0.6548, lr_0 = 5.8404e-04
Loss = 5.8576e-04, PNorm = 51.6962, GNorm = 0.4140, lr_0 = 5.8251e-04
Validation rmse = 0.393777
Epoch 25
Loss = 5.5867e-04, PNorm = 51.7080, GNorm = 0.2615, lr_0 = 5.8099e-04
Loss = 3.6213e-04, PNorm = 51.7177, GNorm = 0.8045, lr_0 = 5.7948e-04
Loss = 5.3157e-04, PNorm = 51.7258, GNorm = 0.9155, lr_0 = 5.7797e-04
Loss = 5.5922e-04, PNorm = 51.7337, GNorm = 0.5067, lr_0 = 5.7646e-04
Loss = 5.1875e-04, PNorm = 51.7397, GNorm = 0.3773, lr_0 = 5.7496e-04
Loss = 7.5719e-04, PNorm = 51.7500, GNorm = 0.3353, lr_0 = 5.7346e-04
Loss = 4.1064e-04, PNorm = 51.7592, GNorm = 0.2588, lr_0 = 5.7197e-04
Loss = 5.0600e-04, PNorm = 51.7657, GNorm = 0.5025, lr_0 = 5.7047e-04
Loss = 5.4959e-04, PNorm = 51.7724, GNorm = 0.6096, lr_0 = 5.6899e-04
Validation rmse = 0.389878
Epoch 26
Loss = 3.8545e-04, PNorm = 51.7794, GNorm = 0.7583, lr_0 = 5.6750e-04
Loss = 5.9812e-04, PNorm = 51.7890, GNorm = 0.3849, lr_0 = 5.6602e-04
Loss = 5.4454e-04, PNorm = 51.7987, GNorm = 0.6261, lr_0 = 5.6455e-04
Loss = 7.0187e-04, PNorm = 51.8117, GNorm = 1.9603, lr_0 = 5.6308e-04
Loss = 4.8057e-04, PNorm = 51.8231, GNorm = 0.4016, lr_0 = 5.6161e-04
Loss = 4.7103e-04, PNorm = 51.8331, GNorm = 1.9984, lr_0 = 5.6014e-04
Loss = 4.3228e-04, PNorm = 51.8414, GNorm = 0.2583, lr_0 = 5.5868e-04
Loss = 6.1946e-04, PNorm = 51.8472, GNorm = 0.4595, lr_0 = 5.5723e-04
Loss = 5.1561e-04, PNorm = 51.8580, GNorm = 0.5857, lr_0 = 5.5577e-04
Validation rmse = 0.365476
Epoch 27
Loss = 3.2920e-04, PNorm = 51.8618, GNorm = 0.4456, lr_0 = 5.5432e-04
Loss = 3.5394e-04, PNorm = 51.8690, GNorm = 0.2202, lr_0 = 5.5288e-04
Loss = 4.2201e-04, PNorm = 51.8751, GNorm = 0.6956, lr_0 = 5.5144e-04
Loss = 4.4876e-04, PNorm = 51.8846, GNorm = 0.3091, lr_0 = 5.5000e-04
Loss = 4.7564e-04, PNorm = 51.8926, GNorm = 0.3537, lr_0 = 5.4857e-04
Loss = 3.7261e-04, PNorm = 51.9016, GNorm = 0.3773, lr_0 = 5.4714e-04
Loss = 3.7813e-04, PNorm = 51.9066, GNorm = 0.3435, lr_0 = 5.4571e-04
Loss = 4.6587e-04, PNorm = 51.9158, GNorm = 0.2921, lr_0 = 5.4429e-04
Loss = 6.9357e-04, PNorm = 51.9205, GNorm = 0.3305, lr_0 = 5.4287e-04
Validation rmse = 0.424664
Epoch 28
Loss = 4.5311e-04, PNorm = 51.9298, GNorm = 0.4027, lr_0 = 5.4145e-04
Loss = 5.7594e-04, PNorm = 51.9450, GNorm = 0.4260, lr_0 = 5.4004e-04
Loss = 6.4033e-04, PNorm = 51.9497, GNorm = 0.5170, lr_0 = 5.3863e-04
Loss = 4.9263e-04, PNorm = 51.9636, GNorm = 0.4273, lr_0 = 5.3723e-04
Loss = 4.0128e-04, PNorm = 51.9735, GNorm = 0.2718, lr_0 = 5.3583e-04
Loss = 4.3467e-04, PNorm = 51.9854, GNorm = 0.5101, lr_0 = 5.3443e-04
Loss = 3.7924e-04, PNorm = 51.9953, GNorm = 0.5129, lr_0 = 5.3304e-04
Loss = 4.6793e-04, PNorm = 51.9966, GNorm = 0.8807, lr_0 = 5.3165e-04
Loss = 5.5967e-04, PNorm = 52.0012, GNorm = 0.3099, lr_0 = 5.3026e-04
Validation rmse = 0.383444
Epoch 29
Loss = 5.0936e-04, PNorm = 52.0139, GNorm = 1.0559, lr_0 = 5.2888e-04
Loss = 5.8181e-04, PNorm = 52.0208, GNorm = 0.5833, lr_0 = 5.2750e-04
Loss = 6.3118e-04, PNorm = 52.0312, GNorm = 1.1602, lr_0 = 5.2612e-04
Loss = 1.0918e-03, PNorm = 52.0484, GNorm = 1.0877, lr_0 = 5.2475e-04
Loss = 6.8855e-04, PNorm = 52.0563, GNorm = 0.5604, lr_0 = 5.2338e-04
Loss = 5.4240e-04, PNorm = 52.0679, GNorm = 0.6840, lr_0 = 5.2202e-04
Loss = 5.1828e-04, PNorm = 52.0772, GNorm = 0.3704, lr_0 = 5.2066e-04
Loss = 5.2951e-04, PNorm = 52.0839, GNorm = 1.0206, lr_0 = 5.1930e-04
Loss = 6.7135e-04, PNorm = 52.1035, GNorm = 0.4612, lr_0 = 5.1795e-04
Validation rmse = 0.443678
Epoch 30
Loss = 3.7414e-04, PNorm = 52.1146, GNorm = 0.7679, lr_0 = 5.1660e-04
Loss = 7.4123e-04, PNorm = 52.1212, GNorm = 0.5675, lr_0 = 5.1525e-04
Loss = 5.6803e-04, PNorm = 52.1326, GNorm = 0.4586, lr_0 = 5.1391e-04
Loss = 4.9020e-04, PNorm = 52.1368, GNorm = 0.5229, lr_0 = 5.1257e-04
Loss = 3.6088e-04, PNorm = 52.1459, GNorm = 0.4526, lr_0 = 5.1123e-04
Loss = 4.4851e-04, PNorm = 52.1505, GNorm = 0.2477, lr_0 = 5.0990e-04
Loss = 4.4283e-04, PNorm = 52.1628, GNorm = 0.5194, lr_0 = 5.0857e-04
Loss = 4.7634e-04, PNorm = 52.1696, GNorm = 0.3397, lr_0 = 5.0724e-04
Loss = 4.8340e-04, PNorm = 52.1826, GNorm = 0.4509, lr_0 = 5.0592e-04
Validation rmse = 0.362263
Epoch 31
Loss = 2.6706e-04, PNorm = 52.1918, GNorm = 0.2448, lr_0 = 5.0460e-04
Loss = 4.5714e-04, PNorm = 52.1942, GNorm = 0.5764, lr_0 = 5.0329e-04
Loss = 4.4380e-04, PNorm = 52.2045, GNorm = 0.4405, lr_0 = 5.0197e-04
Loss = 4.9196e-04, PNorm = 52.2096, GNorm = 0.6701, lr_0 = 5.0066e-04
Loss = 4.3120e-04, PNorm = 52.2174, GNorm = 0.4830, lr_0 = 4.9936e-04
Loss = 4.1394e-04, PNorm = 52.2248, GNorm = 0.5096, lr_0 = 4.9806e-04
Loss = 4.8704e-04, PNorm = 52.2290, GNorm = 0.7462, lr_0 = 4.9676e-04
Loss = 3.7091e-04, PNorm = 52.2379, GNorm = 0.4442, lr_0 = 4.9546e-04
Loss = 6.6724e-04, PNorm = 52.2451, GNorm = 0.3453, lr_0 = 4.9417e-04
Validation rmse = 0.438582
Epoch 32
Loss = 4.4452e-04, PNorm = 52.2554, GNorm = 0.2760, lr_0 = 4.9288e-04
Loss = 4.6399e-04, PNorm = 52.2618, GNorm = 0.4992, lr_0 = 4.9160e-04
Loss = 3.4775e-04, PNorm = 52.2724, GNorm = 0.6508, lr_0 = 4.9032e-04
Loss = 3.8760e-04, PNorm = 52.2822, GNorm = 0.5742, lr_0 = 4.8904e-04
Loss = 3.3978e-04, PNorm = 52.2894, GNorm = 0.4505, lr_0 = 4.8776e-04
Loss = 4.7104e-04, PNorm = 52.2979, GNorm = 0.2178, lr_0 = 4.8649e-04
Loss = 4.7303e-04, PNorm = 52.3036, GNorm = 0.5448, lr_0 = 4.8522e-04
Loss = 4.0493e-04, PNorm = 52.3133, GNorm = 0.8217, lr_0 = 4.8396e-04
Loss = 4.7436e-04, PNorm = 52.3173, GNorm = 0.5752, lr_0 = 4.8270e-04
Validation rmse = 0.374276
Epoch 33
Loss = 3.2790e-04, PNorm = 52.3224, GNorm = 0.5047, lr_0 = 4.8144e-04
Loss = 3.6933e-04, PNorm = 52.3303, GNorm = 0.2174, lr_0 = 4.8018e-04
Loss = 4.3414e-04, PNorm = 52.3331, GNorm = 0.6246, lr_0 = 4.7893e-04
Loss = 3.5677e-04, PNorm = 52.3410, GNorm = 0.3614, lr_0 = 4.7768e-04
Loss = 4.6834e-04, PNorm = 52.3488, GNorm = 0.3396, lr_0 = 4.7644e-04
Loss = 5.1122e-04, PNorm = 52.3552, GNorm = 0.2034, lr_0 = 4.7519e-04
Loss = 3.3503e-04, PNorm = 52.3643, GNorm = 0.2272, lr_0 = 4.7395e-04
Loss = 4.9697e-04, PNorm = 52.3754, GNorm = 1.0623, lr_0 = 4.7272e-04
Loss = 7.3927e-04, PNorm = 52.3821, GNorm = 0.8346, lr_0 = 4.7149e-04
Validation rmse = 0.466259
Epoch 34
Loss = 4.6413e-04, PNorm = 52.3899, GNorm = 0.2417, lr_0 = 4.7026e-04
Loss = 4.2388e-04, PNorm = 52.3982, GNorm = 0.4145, lr_0 = 4.6903e-04
Loss = 4.1983e-04, PNorm = 52.4077, GNorm = 0.6111, lr_0 = 4.6781e-04
Loss = 4.4278e-04, PNorm = 52.4130, GNorm = 0.5769, lr_0 = 4.6659e-04
Loss = 5.2775e-04, PNorm = 52.4222, GNorm = 0.3574, lr_0 = 4.6537e-04
Loss = 4.1480e-04, PNorm = 52.4359, GNorm = 0.6163, lr_0 = 4.6416e-04
Loss = 4.2665e-04, PNorm = 52.4429, GNorm = 0.5351, lr_0 = 4.6295e-04
Loss = 3.5314e-04, PNorm = 52.4515, GNorm = 0.2241, lr_0 = 4.6174e-04
Loss = 4.3311e-04, PNorm = 52.4557, GNorm = 0.1797, lr_0 = 4.6054e-04
Validation rmse = 0.401802
Epoch 35
Loss = 4.5717e-04, PNorm = 52.4615, GNorm = 0.4097, lr_0 = 4.5934e-04
Loss = 4.7919e-04, PNorm = 52.4662, GNorm = 1.4470, lr_0 = 4.5814e-04
Loss = 4.2454e-04, PNorm = 52.4748, GNorm = 0.5491, lr_0 = 4.5695e-04
Loss = 7.0799e-04, PNorm = 52.4796, GNorm = 0.7555, lr_0 = 4.5575e-04
Loss = 4.1269e-04, PNorm = 52.4896, GNorm = 0.4866, lr_0 = 4.5457e-04
Loss = 3.3795e-04, PNorm = 52.5013, GNorm = 0.4780, lr_0 = 4.5338e-04
Loss = 3.8702e-04, PNorm = 52.5086, GNorm = 0.5005, lr_0 = 4.5220e-04
Loss = 3.9266e-04, PNorm = 52.5167, GNorm = 0.5621, lr_0 = 4.5102e-04
Loss = 3.2743e-04, PNorm = 52.5243, GNorm = 0.5960, lr_0 = 4.4984e-04
Validation rmse = 0.378118
Epoch 36
Loss = 2.3717e-04, PNorm = 52.5278, GNorm = 0.3048, lr_0 = 4.4867e-04
Loss = 3.6832e-04, PNorm = 52.5388, GNorm = 0.2700, lr_0 = 4.4750e-04
Loss = 3.5127e-04, PNorm = 52.5404, GNorm = 0.4122, lr_0 = 4.4633e-04
Loss = 3.8697e-04, PNorm = 52.5521, GNorm = 0.3313, lr_0 = 4.4517e-04
Loss = 3.0400e-04, PNorm = 52.5583, GNorm = 0.3590, lr_0 = 4.4401e-04
Loss = 4.5025e-04, PNorm = 52.5621, GNorm = 0.2688, lr_0 = 4.4285e-04
Loss = 4.1932e-04, PNorm = 52.5716, GNorm = 0.3008, lr_0 = 4.4170e-04
Loss = 4.8822e-04, PNorm = 52.5800, GNorm = 0.8924, lr_0 = 4.4055e-04
Loss = 3.7339e-04, PNorm = 52.5861, GNorm = 0.2889, lr_0 = 4.3940e-04
Validation rmse = 0.368871
Epoch 37
Loss = 3.2045e-04, PNorm = 52.5949, GNorm = 0.7340, lr_0 = 4.3825e-04
Loss = 3.7309e-04, PNorm = 52.5986, GNorm = 0.9753, lr_0 = 4.3711e-04
Loss = 3.8501e-04, PNorm = 52.6059, GNorm = 0.2755, lr_0 = 4.3597e-04
Loss = 3.3226e-04, PNorm = 52.6120, GNorm = 0.6632, lr_0 = 4.3483e-04
Loss = 4.8243e-04, PNorm = 52.6162, GNorm = 0.6861, lr_0 = 4.3370e-04
Loss = 4.0600e-04, PNorm = 52.6209, GNorm = 0.1501, lr_0 = 4.3257e-04
Loss = 4.9931e-04, PNorm = 52.6315, GNorm = 0.3911, lr_0 = 4.3144e-04
Loss = 4.5363e-04, PNorm = 52.6419, GNorm = 1.7493, lr_0 = 4.3032e-04
Loss = 6.5611e-04, PNorm = 52.6548, GNorm = 3.5367, lr_0 = 4.2919e-04
Validation rmse = 0.377294
Epoch 38
Loss = 6.7444e-04, PNorm = 52.6681, GNorm = 1.8329, lr_0 = 4.2807e-04
Loss = 4.6420e-04, PNorm = 52.6739, GNorm = 0.4228, lr_0 = 4.2696e-04
Loss = 3.2883e-04, PNorm = 52.6853, GNorm = 0.4452, lr_0 = 4.2585e-04
Loss = 4.6377e-04, PNorm = 52.6936, GNorm = 0.3885, lr_0 = 4.2473e-04
Loss = 3.4325e-04, PNorm = 52.6991, GNorm = 0.2938, lr_0 = 4.2363e-04
Loss = 3.5512e-04, PNorm = 52.7085, GNorm = 0.8918, lr_0 = 4.2252e-04
Loss = 4.1747e-04, PNorm = 52.7158, GNorm = 0.3651, lr_0 = 4.2142e-04
Loss = 2.6469e-04, PNorm = 52.7175, GNorm = 0.3452, lr_0 = 4.2032e-04
Loss = 3.5098e-04, PNorm = 52.7246, GNorm = 0.2852, lr_0 = 4.1923e-04
Validation rmse = 0.377677
Epoch 39
Loss = 5.8403e-04, PNorm = 52.7268, GNorm = 0.5999, lr_0 = 4.1813e-04
Loss = 6.1267e-04, PNorm = 52.7445, GNorm = 0.7053, lr_0 = 4.1704e-04
Loss = 4.1369e-04, PNorm = 52.7487, GNorm = 0.4276, lr_0 = 4.1596e-04
Loss = 2.9342e-04, PNorm = 52.7593, GNorm = 0.4382, lr_0 = 4.1487e-04
Loss = 2.9518e-04, PNorm = 52.7657, GNorm = 0.3858, lr_0 = 4.1379e-04
Loss = 2.8098e-04, PNorm = 52.7710, GNorm = 0.7109, lr_0 = 4.1271e-04
Loss = 3.6103e-04, PNorm = 52.7732, GNorm = 0.3899, lr_0 = 4.1164e-04
Loss = 3.2925e-04, PNorm = 52.7765, GNorm = 0.1974, lr_0 = 4.1056e-04
Loss = 3.2852e-04, PNorm = 52.7813, GNorm = 1.3363, lr_0 = 4.0949e-04
Validation rmse = 0.353573
Epoch 40
Loss = 3.2296e-04, PNorm = 52.7878, GNorm = 0.3921, lr_0 = 4.0842e-04
Loss = 4.4179e-04, PNorm = 52.8005, GNorm = 0.3974, lr_0 = 4.0736e-04
Loss = 4.2713e-04, PNorm = 52.8033, GNorm = 0.4038, lr_0 = 4.0630e-04
Loss = 3.2373e-04, PNorm = 52.8074, GNorm = 0.7886, lr_0 = 4.0524e-04
Loss = 3.2842e-04, PNorm = 52.8161, GNorm = 0.2878, lr_0 = 4.0418e-04
Loss = 3.1748e-04, PNorm = 52.8238, GNorm = 0.4254, lr_0 = 4.0313e-04
Loss = 3.5857e-04, PNorm = 52.8309, GNorm = 0.4823, lr_0 = 4.0208e-04
Loss = 2.7446e-04, PNorm = 52.8333, GNorm = 0.2320, lr_0 = 4.0103e-04
Loss = 5.6989e-04, PNorm = 52.8380, GNorm = 0.2649, lr_0 = 3.9998e-04
Validation rmse = 0.366521
Epoch 41
Loss = 3.3154e-04, PNorm = 52.8464, GNorm = 0.3575, lr_0 = 3.9894e-04
Loss = 5.0066e-04, PNorm = 52.8511, GNorm = 1.0522, lr_0 = 3.9790e-04
Loss = 3.9972e-04, PNorm = 52.8589, GNorm = 0.4769, lr_0 = 3.9686e-04
Loss = 5.1964e-04, PNorm = 52.8691, GNorm = 0.2656, lr_0 = 3.9583e-04
Loss = 4.4819e-04, PNorm = 52.8709, GNorm = 0.6540, lr_0 = 3.9480e-04
Loss = 4.4191e-04, PNorm = 52.8824, GNorm = 0.4102, lr_0 = 3.9377e-04
Loss = 2.9001e-04, PNorm = 52.8863, GNorm = 0.1988, lr_0 = 3.9274e-04
Loss = 4.0874e-04, PNorm = 52.8958, GNorm = 0.3644, lr_0 = 3.9172e-04
Loss = 6.0821e-04, PNorm = 52.8999, GNorm = 0.8883, lr_0 = 3.9069e-04
Validation rmse = 0.392437
Epoch 42
Loss = 3.9521e-04, PNorm = 52.9086, GNorm = 0.4085, lr_0 = 3.8968e-04
Loss = 4.4945e-04, PNorm = 52.9168, GNorm = 0.8496, lr_0 = 3.8866e-04
Loss = 3.4804e-04, PNorm = 52.9211, GNorm = 0.3507, lr_0 = 3.8765e-04
Loss = 2.8959e-04, PNorm = 52.9295, GNorm = 0.1936, lr_0 = 3.8664e-04
Loss = 3.6423e-04, PNorm = 52.9367, GNorm = 0.3372, lr_0 = 3.8563e-04
Loss = 3.7392e-04, PNorm = 52.9425, GNorm = 0.2309, lr_0 = 3.8462e-04
Loss = 3.1825e-04, PNorm = 52.9482, GNorm = 0.3437, lr_0 = 3.8362e-04
Loss = 4.8718e-04, PNorm = 52.9529, GNorm = 0.3471, lr_0 = 3.8262e-04
Loss = 3.4565e-04, PNorm = 52.9610, GNorm = 0.2764, lr_0 = 3.8162e-04
Validation rmse = 0.355828
Epoch 43
Loss = 2.9613e-04, PNorm = 52.9700, GNorm = 0.4005, lr_0 = 3.8063e-04
Loss = 2.5233e-04, PNorm = 52.9735, GNorm = 0.2442, lr_0 = 3.7963e-04
Loss = 2.3357e-04, PNorm = 52.9758, GNorm = 0.4118, lr_0 = 3.7864e-04
Loss = 3.3599e-04, PNorm = 52.9786, GNorm = 0.4087, lr_0 = 3.7766e-04
Loss = 3.0157e-04, PNorm = 52.9837, GNorm = 0.2107, lr_0 = 3.7667e-04
Loss = 2.8651e-04, PNorm = 52.9895, GNorm = 0.8530, lr_0 = 3.7569e-04
Loss = 5.0769e-04, PNorm = 52.9925, GNorm = 0.3079, lr_0 = 3.7471e-04
Loss = 3.2292e-04, PNorm = 53.0018, GNorm = 0.4031, lr_0 = 3.7373e-04
Loss = 3.0326e-04, PNorm = 53.0052, GNorm = 0.2612, lr_0 = 3.7276e-04
Validation rmse = 0.348619
Epoch 44
Loss = 2.5997e-04, PNorm = 53.0108, GNorm = 0.3388, lr_0 = 3.7179e-04
Loss = 2.6966e-04, PNorm = 53.0188, GNorm = 0.1620, lr_0 = 3.7082e-04
Loss = 2.7795e-04, PNorm = 53.0227, GNorm = 0.3964, lr_0 = 3.6985e-04
Loss = 3.1631e-04, PNorm = 53.0276, GNorm = 0.3151, lr_0 = 3.6889e-04
Loss = 3.4999e-04, PNorm = 53.0314, GNorm = 0.3109, lr_0 = 3.6793e-04
Loss = 4.6727e-04, PNorm = 53.0391, GNorm = 0.3742, lr_0 = 3.6697e-04
Loss = 3.3396e-04, PNorm = 53.0424, GNorm = 0.2189, lr_0 = 3.6601e-04
Loss = 2.9116e-04, PNorm = 53.0518, GNorm = 0.5316, lr_0 = 3.6505e-04
Loss = 3.6130e-04, PNorm = 53.0544, GNorm = 0.3284, lr_0 = 3.6410e-04
Validation rmse = 0.407722
Epoch 45
Loss = 4.1742e-04, PNorm = 53.0687, GNorm = 0.3860, lr_0 = 3.6315e-04
Loss = 3.8204e-04, PNorm = 53.0753, GNorm = 0.3814, lr_0 = 3.6221e-04
Loss = 2.9246e-04, PNorm = 53.0801, GNorm = 0.2864, lr_0 = 3.6126e-04
Loss = 4.7518e-04, PNorm = 53.0871, GNorm = 1.3182, lr_0 = 3.6032e-04
Loss = 4.7674e-04, PNorm = 53.0909, GNorm = 1.6791, lr_0 = 3.5938e-04
Loss = 3.2855e-04, PNorm = 53.0999, GNorm = 0.2200, lr_0 = 3.5844e-04
Loss = 3.1170e-04, PNorm = 53.1039, GNorm = 0.3355, lr_0 = 3.5751e-04
Loss = 2.7330e-04, PNorm = 53.1076, GNorm = 0.4475, lr_0 = 3.5658e-04
Loss = 3.7007e-04, PNorm = 53.1129, GNorm = 0.7961, lr_0 = 3.5565e-04
Validation rmse = 0.392678
Epoch 46
Loss = 4.4033e-04, PNorm = 53.1246, GNorm = 0.6319, lr_0 = 3.5472e-04
Loss = 5.4970e-04, PNorm = 53.1315, GNorm = 0.9433, lr_0 = 3.5380e-04
Loss = 3.7536e-04, PNorm = 53.1442, GNorm = 0.3832, lr_0 = 3.5287e-04
Loss = 5.0145e-04, PNorm = 53.1504, GNorm = 0.1990, lr_0 = 3.5195e-04
Loss = 3.6392e-04, PNorm = 53.1561, GNorm = 0.1633, lr_0 = 3.5104e-04
Loss = 2.6016e-04, PNorm = 53.1618, GNorm = 0.2019, lr_0 = 3.5012e-04
Loss = 3.6387e-04, PNorm = 53.1658, GNorm = 0.2199, lr_0 = 3.4921e-04
Loss = 3.0323e-04, PNorm = 53.1725, GNorm = 0.2341, lr_0 = 3.4830e-04
Loss = 3.3684e-04, PNorm = 53.1814, GNorm = 0.2495, lr_0 = 3.4739e-04
Validation rmse = 0.427053
Epoch 47
Loss = 3.6862e-04, PNorm = 53.1841, GNorm = 0.2247, lr_0 = 3.4648e-04
Loss = 3.0942e-04, PNorm = 53.1905, GNorm = 0.5607, lr_0 = 3.4558e-04
Loss = 3.3916e-04, PNorm = 53.1926, GNorm = 0.3102, lr_0 = 3.4468e-04
Loss = 2.6074e-04, PNorm = 53.2013, GNorm = 0.4586, lr_0 = 3.4378e-04
Loss = 2.9037e-04, PNorm = 53.2059, GNorm = 0.2864, lr_0 = 3.4288e-04
Loss = 2.6779e-04, PNorm = 53.2154, GNorm = 0.1455, lr_0 = 3.4199e-04
Loss = 3.3260e-04, PNorm = 53.2210, GNorm = 0.2803, lr_0 = 3.4110e-04
Loss = 2.9453e-04, PNorm = 53.2272, GNorm = 0.2169, lr_0 = 3.4021e-04
Loss = 4.6498e-04, PNorm = 53.2283, GNorm = 0.2136, lr_0 = 3.3932e-04
Validation rmse = 0.366264
Epoch 48
Loss = 3.3970e-04, PNorm = 53.2343, GNorm = 0.3493, lr_0 = 3.3844e-04
Loss = 4.0066e-04, PNorm = 53.2374, GNorm = 0.3047, lr_0 = 3.3756e-04
Loss = 2.4551e-04, PNorm = 53.2460, GNorm = 0.2641, lr_0 = 3.3668e-04
Loss = 2.8670e-04, PNorm = 53.2479, GNorm = 0.3079, lr_0 = 3.3580e-04
Loss = 2.6101e-04, PNorm = 53.2543, GNorm = 0.2752, lr_0 = 3.3492e-04
Loss = 2.7146e-04, PNorm = 53.2551, GNorm = 0.4840, lr_0 = 3.3405e-04
Loss = 3.6443e-04, PNorm = 53.2594, GNorm = 0.5013, lr_0 = 3.3318e-04
Loss = 3.6937e-04, PNorm = 53.2651, GNorm = 0.1814, lr_0 = 3.3231e-04
Loss = 2.9613e-04, PNorm = 53.2702, GNorm = 0.3970, lr_0 = 3.3144e-04
Validation rmse = 0.366319
Epoch 49
Loss = 2.3154e-04, PNorm = 53.2763, GNorm = 0.2918, lr_0 = 3.3058e-04
Loss = 2.8213e-04, PNorm = 53.2832, GNorm = 0.5153, lr_0 = 3.2972e-04
Loss = 2.7090e-04, PNorm = 53.2883, GNorm = 0.4083, lr_0 = 3.2886e-04
Loss = 2.0229e-04, PNorm = 53.2904, GNorm = 0.1458, lr_0 = 3.2800e-04
Loss = 2.9174e-04, PNorm = 53.2941, GNorm = 0.1733, lr_0 = 3.2714e-04
Loss = 3.2301e-04, PNorm = 53.2979, GNorm = 0.2698, lr_0 = 3.2629e-04
Loss = 3.8053e-04, PNorm = 53.3008, GNorm = 0.3571, lr_0 = 3.2544e-04
Loss = 3.0553e-04, PNorm = 53.3047, GNorm = 1.3781, lr_0 = 3.2459e-04
Loss = 4.2890e-04, PNorm = 53.3093, GNorm = 0.4689, lr_0 = 3.2375e-04
Validation rmse = 0.398395
Epoch 50
Loss = 2.8147e-04, PNorm = 53.3178, GNorm = 0.5482, lr_0 = 3.2290e-04
Loss = 1.8367e-04, PNorm = 53.3225, GNorm = 0.2127, lr_0 = 3.2206e-04
Loss = 3.8669e-04, PNorm = 53.3277, GNorm = 0.8450, lr_0 = 3.2122e-04
Loss = 3.1743e-04, PNorm = 53.3329, GNorm = 0.3266, lr_0 = 3.2038e-04
Loss = 2.6896e-04, PNorm = 53.3352, GNorm = 0.4135, lr_0 = 3.1955e-04
Loss = 5.0820e-04, PNorm = 53.3420, GNorm = 0.5857, lr_0 = 3.1871e-04
Loss = 2.5401e-04, PNorm = 53.3514, GNorm = 0.2041, lr_0 = 3.1788e-04
Loss = 2.8620e-04, PNorm = 53.3579, GNorm = 0.2148, lr_0 = 3.1705e-04
Loss = 2.5911e-04, PNorm = 53.3644, GNorm = 0.1918, lr_0 = 3.1623e-04
Validation rmse = 0.355274
Epoch 51
Loss = 5.5847e-04, PNorm = 53.3678, GNorm = 0.5171, lr_0 = 3.1540e-04
Loss = 3.2408e-04, PNorm = 53.3737, GNorm = 0.2879, lr_0 = 3.1458e-04
Loss = 3.0092e-04, PNorm = 53.3823, GNorm = 0.1722, lr_0 = 3.1376e-04
Loss = 2.6158e-04, PNorm = 53.3885, GNorm = 0.2626, lr_0 = 3.1294e-04
Loss = 2.1239e-04, PNorm = 53.3912, GNorm = 0.3554, lr_0 = 3.1213e-04
Loss = 2.7486e-04, PNorm = 53.3972, GNorm = 0.4018, lr_0 = 3.1131e-04
Loss = 2.6163e-04, PNorm = 53.3988, GNorm = 0.1579, lr_0 = 3.1050e-04
Loss = 2.9385e-04, PNorm = 53.4045, GNorm = 0.2489, lr_0 = 3.0969e-04
Loss = 2.8904e-04, PNorm = 53.4090, GNorm = 0.2650, lr_0 = 3.0888e-04
Validation rmse = 0.349567
Epoch 52
Loss = 2.0340e-04, PNorm = 53.4136, GNorm = 0.3884, lr_0 = 3.0808e-04
Loss = 3.4367e-04, PNorm = 53.4151, GNorm = 0.6902, lr_0 = 3.0728e-04
Loss = 3.8347e-04, PNorm = 53.4218, GNorm = 0.4140, lr_0 = 3.0647e-04
Loss = 2.4475e-04, PNorm = 53.4255, GNorm = 0.2852, lr_0 = 3.0568e-04
Loss = 3.2740e-04, PNorm = 53.4329, GNorm = 0.1217, lr_0 = 3.0488e-04
Loss = 2.6747e-04, PNorm = 53.4327, GNorm = 0.3053, lr_0 = 3.0408e-04
Loss = 3.7558e-04, PNorm = 53.4386, GNorm = 0.6930, lr_0 = 3.0329e-04
Loss = 3.2610e-04, PNorm = 53.4422, GNorm = 0.5859, lr_0 = 3.0250e-04
Loss = 3.6137e-04, PNorm = 53.4500, GNorm = 0.2278, lr_0 = 3.0171e-04
Validation rmse = 0.372293
Epoch 53
Loss = 2.6415e-04, PNorm = 53.4553, GNorm = 0.6103, lr_0 = 3.0092e-04
Loss = 2.2807e-04, PNorm = 53.4618, GNorm = 0.4657, lr_0 = 3.0014e-04
Loss = 4.2733e-04, PNorm = 53.4666, GNorm = 0.3207, lr_0 = 2.9936e-04
Loss = 2.8740e-04, PNorm = 53.4672, GNorm = 0.3795, lr_0 = 2.9858e-04
Loss = 3.0683e-04, PNorm = 53.4745, GNorm = 0.4352, lr_0 = 2.9780e-04
Loss = 2.0949e-04, PNorm = 53.4774, GNorm = 0.7497, lr_0 = 2.9702e-04
Loss = 2.5200e-04, PNorm = 53.4831, GNorm = 0.7400, lr_0 = 2.9625e-04
Loss = 2.3716e-04, PNorm = 53.4908, GNorm = 0.2780, lr_0 = 2.9548e-04
Loss = 2.4657e-04, PNorm = 53.4993, GNorm = 0.4893, lr_0 = 2.9471e-04
Validation rmse = 0.396288
Epoch 54
Loss = 2.7812e-04, PNorm = 53.5035, GNorm = 2.3293, lr_0 = 2.9394e-04
Loss = 2.7258e-04, PNorm = 53.5068, GNorm = 0.2022, lr_0 = 2.9317e-04
Loss = 2.9997e-04, PNorm = 53.5132, GNorm = 0.6045, lr_0 = 2.9241e-04
Loss = 2.9909e-04, PNorm = 53.5188, GNorm = 0.1938, lr_0 = 2.9164e-04
Loss = 3.4095e-04, PNorm = 53.5286, GNorm = 0.2186, lr_0 = 2.9088e-04
Loss = 3.2870e-04, PNorm = 53.5336, GNorm = 1.2432, lr_0 = 2.9012e-04
Loss = 2.1260e-04, PNorm = 53.5359, GNorm = 0.2429, lr_0 = 2.8937e-04
Loss = 4.2292e-04, PNorm = 53.5408, GNorm = 0.3714, lr_0 = 2.8861e-04
Loss = 2.6521e-04, PNorm = 53.5457, GNorm = 0.3329, lr_0 = 2.8786e-04
Validation rmse = 0.366782
Epoch 55
Loss = 2.1801e-04, PNorm = 53.5521, GNorm = 0.2318, lr_0 = 2.8711e-04
Loss = 2.4886e-04, PNorm = 53.5535, GNorm = 0.4312, lr_0 = 2.8636e-04
Loss = 2.8554e-04, PNorm = 53.5587, GNorm = 0.5458, lr_0 = 2.8562e-04
Loss = 2.7493e-04, PNorm = 53.5596, GNorm = 0.2735, lr_0 = 2.8487e-04
Loss = 3.7809e-04, PNorm = 53.5669, GNorm = 0.3187, lr_0 = 2.8413e-04
Loss = 2.2328e-04, PNorm = 53.5711, GNorm = 0.1659, lr_0 = 2.8339e-04
Loss = 2.5101e-04, PNorm = 53.5750, GNorm = 0.4148, lr_0 = 2.8265e-04
Loss = 1.8361e-04, PNorm = 53.5757, GNorm = 0.1115, lr_0 = 2.8191e-04
Loss = 2.6935e-04, PNorm = 53.5816, GNorm = 0.2785, lr_0 = 2.8118e-04
Validation rmse = 0.374920
Epoch 56
Loss = 3.7170e-04, PNorm = 53.5848, GNorm = 0.7353, lr_0 = 2.8044e-04
Loss = 3.8550e-04, PNorm = 53.5929, GNorm = 0.2855, lr_0 = 2.7971e-04
Loss = 2.4751e-04, PNorm = 53.5974, GNorm = 0.4345, lr_0 = 2.7898e-04
Loss = 2.7896e-04, PNorm = 53.6031, GNorm = 0.2941, lr_0 = 2.7826e-04
Loss = 2.1499e-04, PNorm = 53.6036, GNorm = 0.3211, lr_0 = 2.7753e-04
Loss = 2.2053e-04, PNorm = 53.6072, GNorm = 0.1973, lr_0 = 2.7681e-04
Loss = 2.3724e-04, PNorm = 53.6106, GNorm = 0.3079, lr_0 = 2.7609e-04
Loss = 2.5845e-04, PNorm = 53.6181, GNorm = 0.1533, lr_0 = 2.7537e-04
Loss = 2.5144e-04, PNorm = 53.6228, GNorm = 0.3591, lr_0 = 2.7465e-04
Validation rmse = 0.353843
Epoch 57
Loss = 3.1769e-04, PNorm = 53.6227, GNorm = 0.6004, lr_0 = 2.7393e-04
Loss = 2.1754e-04, PNorm = 53.6270, GNorm = 0.2360, lr_0 = 2.7322e-04
Loss = 2.2166e-04, PNorm = 53.6321, GNorm = 0.3746, lr_0 = 2.7250e-04
Loss = 2.1589e-04, PNorm = 53.6370, GNorm = 0.3337, lr_0 = 2.7179e-04
Loss = 1.7319e-04, PNorm = 53.6361, GNorm = 0.2385, lr_0 = 2.7109e-04
Loss = 3.9211e-04, PNorm = 53.6402, GNorm = 0.5454, lr_0 = 2.7038e-04
Loss = 3.9034e-04, PNorm = 53.6442, GNorm = 0.5505, lr_0 = 2.6967e-04
Loss = 2.2504e-04, PNorm = 53.6505, GNorm = 0.2124, lr_0 = 2.6897e-04
Loss = 2.1761e-04, PNorm = 53.6539, GNorm = 0.3926, lr_0 = 2.6827e-04
Validation rmse = 0.357446
Epoch 58
Loss = 1.9678e-04, PNorm = 53.6609, GNorm = 0.4119, lr_0 = 2.6757e-04
Loss = 2.0750e-04, PNorm = 53.6640, GNorm = 0.3761, lr_0 = 2.6687e-04
Loss = 2.1806e-04, PNorm = 53.6664, GNorm = 0.2285, lr_0 = 2.6618e-04
Loss = 1.6563e-04, PNorm = 53.6695, GNorm = 0.2003, lr_0 = 2.6548e-04
Loss = 2.3203e-04, PNorm = 53.6713, GNorm = 0.1610, lr_0 = 2.6479e-04
Loss = 3.0932e-04, PNorm = 53.6778, GNorm = 0.2567, lr_0 = 2.6410e-04
Loss = 2.6250e-04, PNorm = 53.6842, GNorm = 0.1588, lr_0 = 2.6341e-04
Loss = 3.7218e-04, PNorm = 53.6896, GNorm = 0.4989, lr_0 = 2.6272e-04
Loss = 2.7184e-04, PNorm = 53.6977, GNorm = 0.2716, lr_0 = 2.6204e-04
Validation rmse = 0.358523
Epoch 59
Loss = 2.5538e-04, PNorm = 53.6998, GNorm = 0.4457, lr_0 = 2.6136e-04
Loss = 2.3169e-04, PNorm = 53.7024, GNorm = 0.3883, lr_0 = 2.6068e-04
Loss = 2.1280e-04, PNorm = 53.7058, GNorm = 0.3131, lr_0 = 2.6000e-04
Loss = 2.4077e-04, PNorm = 53.7073, GNorm = 0.4629, lr_0 = 2.5932e-04
Loss = 2.4306e-04, PNorm = 53.7138, GNorm = 0.2559, lr_0 = 2.5864e-04
Loss = 2.2543e-04, PNorm = 53.7198, GNorm = 0.1583, lr_0 = 2.5797e-04
Loss = 2.4131e-04, PNorm = 53.7224, GNorm = 0.2331, lr_0 = 2.5729e-04
Loss = 2.4972e-04, PNorm = 53.7254, GNorm = 0.2287, lr_0 = 2.5662e-04
Loss = 4.1262e-04, PNorm = 53.7294, GNorm = 0.2680, lr_0 = 2.5595e-04
Validation rmse = 0.368570
Epoch 60
Loss = 2.6435e-04, PNorm = 53.7367, GNorm = 0.2394, lr_0 = 2.5529e-04
Loss = 2.5970e-04, PNorm = 53.7399, GNorm = 0.6294, lr_0 = 2.5462e-04
Loss = 2.5673e-04, PNorm = 53.7411, GNorm = 0.3339, lr_0 = 2.5396e-04
Loss = 2.5588e-04, PNorm = 53.7462, GNorm = 0.3433, lr_0 = 2.5330e-04
Loss = 2.0684e-04, PNorm = 53.7482, GNorm = 0.1802, lr_0 = 2.5264e-04
Loss = 2.6807e-04, PNorm = 53.7541, GNorm = 0.2068, lr_0 = 2.5198e-04
Loss = 2.1130e-04, PNorm = 53.7600, GNorm = 0.1689, lr_0 = 2.5132e-04
Loss = 3.4880e-04, PNorm = 53.7619, GNorm = 0.3565, lr_0 = 2.5066e-04
Loss = 2.5769e-04, PNorm = 53.7643, GNorm = 0.1674, lr_0 = 2.5001e-04
Validation rmse = 0.350062
Epoch 61
Loss = 3.1076e-04, PNorm = 53.7682, GNorm = 0.3253, lr_0 = 2.4936e-04
Loss = 2.2648e-04, PNorm = 53.7723, GNorm = 0.2871, lr_0 = 2.4871e-04
Loss = 2.6548e-04, PNorm = 53.7775, GNorm = 0.2170, lr_0 = 2.4806e-04
Loss = 2.4786e-04, PNorm = 53.7803, GNorm = 0.3256, lr_0 = 2.4741e-04
Loss = 2.5015e-04, PNorm = 53.7847, GNorm = 0.6036, lr_0 = 2.4677e-04
Loss = 2.4532e-04, PNorm = 53.7910, GNorm = 0.6597, lr_0 = 2.4613e-04
Loss = 2.9746e-04, PNorm = 53.7915, GNorm = 0.3567, lr_0 = 2.4548e-04
Loss = 3.2938e-04, PNorm = 53.7968, GNorm = 0.9322, lr_0 = 2.4484e-04
Loss = 2.4750e-04, PNorm = 53.7979, GNorm = 0.3976, lr_0 = 2.4421e-04
Validation rmse = 0.383803
Epoch 62
Loss = 3.3940e-04, PNorm = 53.8052, GNorm = 0.1383, lr_0 = 2.4357e-04
Loss = 2.1519e-04, PNorm = 53.8089, GNorm = 0.3984, lr_0 = 2.4293e-04
Loss = 1.6939e-04, PNorm = 53.8128, GNorm = 0.4398, lr_0 = 2.4230e-04
Loss = 1.6460e-04, PNorm = 53.8136, GNorm = 0.2460, lr_0 = 2.4167e-04
Loss = 2.1557e-04, PNorm = 53.8170, GNorm = 0.2684, lr_0 = 2.4104e-04
Loss = 2.6217e-04, PNorm = 53.8182, GNorm = 0.3187, lr_0 = 2.4041e-04
Loss = 3.3218e-04, PNorm = 53.8206, GNorm = 1.2959, lr_0 = 2.3978e-04
Loss = 2.0983e-04, PNorm = 53.8262, GNorm = 0.4322, lr_0 = 2.3916e-04
Loss = 2.9337e-04, PNorm = 53.8324, GNorm = 0.3901, lr_0 = 2.3853e-04
Validation rmse = 0.369638
Epoch 63
Loss = 3.1051e-04, PNorm = 53.8350, GNorm = 0.5523, lr_0 = 2.3791e-04
Loss = 1.8715e-04, PNorm = 53.8381, GNorm = 0.1073, lr_0 = 2.3729e-04
Loss = 1.8953e-04, PNorm = 53.8415, GNorm = 0.1752, lr_0 = 2.3667e-04
Loss = 2.0386e-04, PNorm = 53.8424, GNorm = 0.2132, lr_0 = 2.3606e-04
Loss = 2.4595e-04, PNorm = 53.8434, GNorm = 0.9980, lr_0 = 2.3544e-04
Loss = 3.0681e-04, PNorm = 53.8465, GNorm = 0.4479, lr_0 = 2.3483e-04
Loss = 2.0500e-04, PNorm = 53.8518, GNorm = 0.6785, lr_0 = 2.3421e-04
Loss = 2.0726e-04, PNorm = 53.8565, GNorm = 0.1880, lr_0 = 2.3360e-04
Loss = 2.2187e-04, PNorm = 53.8620, GNorm = 0.5220, lr_0 = 2.3300e-04
Validation rmse = 0.356289
Epoch 64
Loss = 2.2091e-04, PNorm = 53.8643, GNorm = 0.2896, lr_0 = 2.3239e-04
Loss = 1.7050e-04, PNorm = 53.8684, GNorm = 0.2102, lr_0 = 2.3178e-04
Loss = 2.1547e-04, PNorm = 53.8687, GNorm = 0.3010, lr_0 = 2.3118e-04
Loss = 2.4046e-04, PNorm = 53.8716, GNorm = 0.3767, lr_0 = 2.3057e-04
Loss = 2.1065e-04, PNorm = 53.8747, GNorm = 0.1954, lr_0 = 2.2997e-04
Loss = 2.5890e-04, PNorm = 53.8782, GNorm = 0.3970, lr_0 = 2.2937e-04
Loss = 2.5185e-04, PNorm = 53.8817, GNorm = 0.6398, lr_0 = 2.2878e-04
Loss = 2.7774e-04, PNorm = 53.8857, GNorm = 0.2320, lr_0 = 2.2818e-04
Loss = 1.8592e-04, PNorm = 53.8912, GNorm = 0.4908, lr_0 = 2.2758e-04
Validation rmse = 0.351718
Epoch 65
Loss = 2.6804e-04, PNorm = 53.8922, GNorm = 0.2983, lr_0 = 2.2699e-04
Loss = 1.6527e-04, PNorm = 53.8952, GNorm = 0.2250, lr_0 = 2.2640e-04
Loss = 2.1621e-04, PNorm = 53.8985, GNorm = 0.4414, lr_0 = 2.2581e-04
Loss = 1.9214e-04, PNorm = 53.9013, GNorm = 0.3843, lr_0 = 2.2522e-04
Loss = 1.8394e-04, PNorm = 53.9014, GNorm = 0.2786, lr_0 = 2.2463e-04
Loss = 1.8009e-04, PNorm = 53.9031, GNorm = 0.1094, lr_0 = 2.2405e-04
Loss = 2.1291e-04, PNorm = 53.9050, GNorm = 0.1716, lr_0 = 2.2346e-04
Loss = 4.0921e-04, PNorm = 53.9100, GNorm = 0.3993, lr_0 = 2.2288e-04
Loss = 2.4873e-04, PNorm = 53.9137, GNorm = 0.4775, lr_0 = 2.2230e-04
Validation rmse = 0.355550
Epoch 66
Loss = 2.1367e-04, PNorm = 53.9194, GNorm = 0.1487, lr_0 = 2.2172e-04
Loss = 2.2174e-04, PNorm = 53.9202, GNorm = 0.2387, lr_0 = 2.2114e-04
Loss = 2.0407e-04, PNorm = 53.9255, GNorm = 0.1542, lr_0 = 2.2057e-04
Loss = 2.1457e-04, PNorm = 53.9284, GNorm = 0.4620, lr_0 = 2.1999e-04
Loss = 2.1678e-04, PNorm = 53.9331, GNorm = 0.5265, lr_0 = 2.1942e-04
Loss = 2.5834e-04, PNorm = 53.9355, GNorm = 0.8693, lr_0 = 2.1884e-04
Loss = 2.1120e-04, PNorm = 53.9408, GNorm = 0.3418, lr_0 = 2.1827e-04
Loss = 1.9086e-04, PNorm = 53.9435, GNorm = 0.1122, lr_0 = 2.1771e-04
Loss = 2.1956e-04, PNorm = 53.9461, GNorm = 0.3078, lr_0 = 2.1714e-04
Validation rmse = 0.358950
Epoch 67
Loss = 2.3857e-04, PNorm = 53.9502, GNorm = 0.2685, lr_0 = 2.1657e-04
Loss = 2.8979e-04, PNorm = 53.9525, GNorm = 0.3735, lr_0 = 2.1601e-04
Loss = 2.1715e-04, PNorm = 53.9551, GNorm = 0.3124, lr_0 = 2.1544e-04
Loss = 1.8837e-04, PNorm = 53.9558, GNorm = 0.3127, lr_0 = 2.1488e-04
Loss = 1.9959e-04, PNorm = 53.9599, GNorm = 0.2629, lr_0 = 2.1432e-04
Loss = 1.6620e-04, PNorm = 53.9642, GNorm = 0.1689, lr_0 = 2.1376e-04
Loss = 1.8519e-04, PNorm = 53.9685, GNorm = 0.1854, lr_0 = 2.1321e-04
Loss = 1.8190e-04, PNorm = 53.9687, GNorm = 0.4204, lr_0 = 2.1265e-04
Loss = 1.8541e-04, PNorm = 53.9733, GNorm = 0.2243, lr_0 = 2.1210e-04
Validation rmse = 0.371282
Epoch 68
Loss = 1.5225e-04, PNorm = 53.9750, GNorm = 0.2367, lr_0 = 2.1154e-04
Loss = 1.8316e-04, PNorm = 53.9785, GNorm = 0.2102, lr_0 = 2.1099e-04
Loss = 2.2314e-04, PNorm = 53.9806, GNorm = 0.1707, lr_0 = 2.1044e-04
Loss = 1.9702e-04, PNorm = 53.9822, GNorm = 0.1975, lr_0 = 2.0989e-04
Loss = 1.9685e-04, PNorm = 53.9849, GNorm = 0.1308, lr_0 = 2.0934e-04
Loss = 2.4885e-04, PNorm = 53.9898, GNorm = 0.6429, lr_0 = 2.0880e-04
Loss = 1.7879e-04, PNorm = 53.9919, GNorm = 0.2741, lr_0 = 2.0825e-04
Loss = 2.0198e-04, PNorm = 53.9970, GNorm = 0.3100, lr_0 = 2.0771e-04
Loss = 2.7417e-04, PNorm = 54.0010, GNorm = 0.2351, lr_0 = 2.0717e-04
Validation rmse = 0.363338
Epoch 69
Loss = 2.6493e-04, PNorm = 54.0086, GNorm = 0.2899, lr_0 = 2.0663e-04
Loss = 1.6265e-04, PNorm = 54.0108, GNorm = 0.2651, lr_0 = 2.0609e-04
Loss = 2.1927e-04, PNorm = 54.0128, GNorm = 0.6883, lr_0 = 2.0555e-04
Loss = 1.9967e-04, PNorm = 54.0140, GNorm = 0.3169, lr_0 = 2.0502e-04
Loss = 2.2700e-04, PNorm = 54.0157, GNorm = 0.2761, lr_0 = 2.0448e-04
Loss = 2.0995e-04, PNorm = 54.0208, GNorm = 0.2762, lr_0 = 2.0395e-04
Loss = 2.0502e-04, PNorm = 54.0244, GNorm = 0.4955, lr_0 = 2.0342e-04
Loss = 2.4997e-04, PNorm = 54.0294, GNorm = 0.2390, lr_0 = 2.0289e-04
Loss = 2.5988e-04, PNorm = 54.0320, GNorm = 0.3561, lr_0 = 2.0236e-04
Validation rmse = 0.386767
Epoch 70
Loss = 1.9143e-04, PNorm = 54.0357, GNorm = 0.3175, lr_0 = 2.0183e-04
Loss = 3.1372e-04, PNorm = 54.0377, GNorm = 0.3796, lr_0 = 2.0131e-04
Loss = 2.0294e-04, PNorm = 54.0431, GNorm = 0.3090, lr_0 = 2.0078e-04
Loss = 2.1411e-04, PNorm = 54.0456, GNorm = 0.1689, lr_0 = 2.0026e-04
Loss = 1.7053e-04, PNorm = 54.0490, GNorm = 0.1033, lr_0 = 1.9973e-04
Loss = 1.9893e-04, PNorm = 54.0518, GNorm = 0.2388, lr_0 = 1.9921e-04
Loss = 2.2134e-04, PNorm = 54.0550, GNorm = 0.1638, lr_0 = 1.9869e-04
Loss = 2.0085e-04, PNorm = 54.0589, GNorm = 0.3129, lr_0 = 1.9818e-04
Loss = 2.0380e-04, PNorm = 54.0616, GNorm = 0.4793, lr_0 = 1.9766e-04
Validation rmse = 0.362826
Epoch 71
Loss = 1.9284e-04, PNorm = 54.0650, GNorm = 0.1630, lr_0 = 1.9714e-04
Loss = 1.6348e-04, PNorm = 54.0650, GNorm = 0.1993, lr_0 = 1.9663e-04
Loss = 1.4982e-04, PNorm = 54.0677, GNorm = 0.3930, lr_0 = 1.9612e-04
Loss = 1.9918e-04, PNorm = 54.0700, GNorm = 0.2383, lr_0 = 1.9561e-04
Loss = 1.6364e-04, PNorm = 54.0720, GNorm = 0.2606, lr_0 = 1.9510e-04
Loss = 1.8130e-04, PNorm = 54.0741, GNorm = 0.1244, lr_0 = 1.9459e-04
Loss = 1.6754e-04, PNorm = 54.0761, GNorm = 0.1452, lr_0 = 1.9408e-04
Loss = 2.6351e-04, PNorm = 54.0802, GNorm = 0.6469, lr_0 = 1.9357e-04
Loss = 1.8741e-04, PNorm = 54.0807, GNorm = 0.1937, lr_0 = 1.9307e-04
Validation rmse = 0.357943
Epoch 72
Loss = 1.6895e-04, PNorm = 54.0830, GNorm = 0.2273, lr_0 = 1.9257e-04
Loss = 2.0489e-04, PNorm = 54.0841, GNorm = 0.1798, lr_0 = 1.9206e-04
Loss = 1.7884e-04, PNorm = 54.0862, GNorm = 0.1751, lr_0 = 1.9156e-04
Loss = 1.9067e-04, PNorm = 54.0883, GNorm = 0.3644, lr_0 = 1.9106e-04
Loss = 2.4374e-04, PNorm = 54.0904, GNorm = 0.5836, lr_0 = 1.9057e-04
Loss = 1.7745e-04, PNorm = 54.0942, GNorm = 0.1881, lr_0 = 1.9007e-04
Loss = 2.2930e-04, PNorm = 54.0976, GNorm = 0.2336, lr_0 = 1.8957e-04
Loss = 1.9482e-04, PNorm = 54.1015, GNorm = 0.2904, lr_0 = 1.8908e-04
Loss = 2.1929e-04, PNorm = 54.1031, GNorm = 0.5968, lr_0 = 1.8859e-04
Validation rmse = 0.368980
Epoch 73
Loss = 2.1644e-04, PNorm = 54.1056, GNorm = 1.0264, lr_0 = 1.8809e-04
Loss = 1.8572e-04, PNorm = 54.1118, GNorm = 0.1559, lr_0 = 1.8760e-04
Loss = 1.9840e-04, PNorm = 54.1146, GNorm = 0.2869, lr_0 = 1.8712e-04
Loss = 2.1789e-04, PNorm = 54.1197, GNorm = 0.5643, lr_0 = 1.8663e-04
Loss = 1.9631e-04, PNorm = 54.1225, GNorm = 0.2599, lr_0 = 1.8614e-04
Loss = 2.2880e-04, PNorm = 54.1281, GNorm = 0.9135, lr_0 = 1.8566e-04
Loss = 2.3262e-04, PNorm = 54.1307, GNorm = 0.2645, lr_0 = 1.8517e-04
Loss = 2.6498e-04, PNorm = 54.1371, GNorm = 0.2408, lr_0 = 1.8469e-04
Loss = 2.3300e-04, PNorm = 54.1372, GNorm = 0.2001, lr_0 = 1.8421e-04
Validation rmse = 0.365914
Epoch 74
Loss = 2.1078e-04, PNorm = 54.1398, GNorm = 0.2763, lr_0 = 1.8373e-04
Loss = 1.8988e-04, PNorm = 54.1431, GNorm = 0.1315, lr_0 = 1.8325e-04
Loss = 1.7923e-04, PNorm = 54.1454, GNorm = 0.5365, lr_0 = 1.8277e-04
Loss = 1.7356e-04, PNorm = 54.1464, GNorm = 0.2824, lr_0 = 1.8229e-04
Loss = 1.4021e-04, PNorm = 54.1485, GNorm = 0.1560, lr_0 = 1.8182e-04
Loss = 2.8174e-04, PNorm = 54.1513, GNorm = 0.2667, lr_0 = 1.8134e-04
Loss = 2.9253e-04, PNorm = 54.1568, GNorm = 0.4944, lr_0 = 1.8087e-04
Loss = 2.6642e-04, PNorm = 54.1592, GNorm = 0.3634, lr_0 = 1.8040e-04
Loss = 2.5452e-04, PNorm = 54.1636, GNorm = 0.2386, lr_0 = 1.7993e-04
Validation rmse = 0.364729
Epoch 75
Loss = 2.2158e-04, PNorm = 54.1650, GNorm = 0.3268, lr_0 = 1.7946e-04
Loss = 1.6259e-04, PNorm = 54.1701, GNorm = 0.1897, lr_0 = 1.7899e-04
Loss = 1.9244e-04, PNorm = 54.1730, GNorm = 0.1231, lr_0 = 1.7853e-04
Loss = 1.6824e-04, PNorm = 54.1746, GNorm = 0.1469, lr_0 = 1.7806e-04
Loss = 1.8585e-04, PNorm = 54.1752, GNorm = 0.2753, lr_0 = 1.7760e-04
Loss = 1.9234e-04, PNorm = 54.1769, GNorm = 0.2045, lr_0 = 1.7713e-04
Loss = 1.3758e-04, PNorm = 54.1812, GNorm = 0.4988, lr_0 = 1.7667e-04
Loss = 1.5499e-04, PNorm = 54.1818, GNorm = 0.4265, lr_0 = 1.7621e-04
Loss = 2.0062e-04, PNorm = 54.1859, GNorm = 0.2657, lr_0 = 1.7575e-04
Validation rmse = 0.357448
Epoch 76
Loss = 1.6062e-04, PNorm = 54.1901, GNorm = 0.2226, lr_0 = 1.7529e-04
Loss = 1.6852e-04, PNorm = 54.1930, GNorm = 0.4922, lr_0 = 1.7484e-04
Loss = 1.7443e-04, PNorm = 54.1935, GNorm = 0.0987, lr_0 = 1.7438e-04
Loss = 1.7399e-04, PNorm = 54.1971, GNorm = 0.2249, lr_0 = 1.7393e-04
Loss = 2.0222e-04, PNorm = 54.1970, GNorm = 0.2301, lr_0 = 1.7347e-04
Loss = 2.4320e-04, PNorm = 54.1993, GNorm = 0.5771, lr_0 = 1.7302e-04
Loss = 1.6426e-04, PNorm = 54.2010, GNorm = 0.1959, lr_0 = 1.7257e-04
Loss = 1.5060e-04, PNorm = 54.2035, GNorm = 0.1875, lr_0 = 1.7212e-04
Loss = 1.8173e-04, PNorm = 54.2057, GNorm = 0.1419, lr_0 = 1.7167e-04
Validation rmse = 0.354699
Epoch 77
Loss = 1.6173e-04, PNorm = 54.2074, GNorm = 0.0808, lr_0 = 1.7122e-04
Loss = 1.7047e-04, PNorm = 54.2085, GNorm = 0.2193, lr_0 = 1.7078e-04
Loss = 1.8121e-04, PNorm = 54.2090, GNorm = 0.1084, lr_0 = 1.7033e-04
Loss = 1.4735e-04, PNorm = 54.2104, GNorm = 0.1101, lr_0 = 1.6989e-04
Loss = 1.9758e-04, PNorm = 54.2135, GNorm = 0.1290, lr_0 = 1.6944e-04
Loss = 1.4575e-04, PNorm = 54.2137, GNorm = 0.1629, lr_0 = 1.6900e-04
Loss = 1.5744e-04, PNorm = 54.2159, GNorm = 0.1949, lr_0 = 1.6856e-04
Loss = 1.9108e-04, PNorm = 54.2177, GNorm = 0.3424, lr_0 = 1.6812e-04
Loss = 2.0021e-04, PNorm = 54.2193, GNorm = 0.2631, lr_0 = 1.6768e-04
Validation rmse = 0.351030
Epoch 78
Loss = 1.8707e-04, PNorm = 54.2206, GNorm = 0.1951, lr_0 = 1.6725e-04
Loss = 1.5774e-04, PNorm = 54.2230, GNorm = 0.2580, lr_0 = 1.6681e-04
Loss = 1.4524e-04, PNorm = 54.2252, GNorm = 0.3177, lr_0 = 1.6638e-04
Loss = 1.6990e-04, PNorm = 54.2255, GNorm = 0.1583, lr_0 = 1.6594e-04
Loss = 2.1548e-04, PNorm = 54.2283, GNorm = 0.1677, lr_0 = 1.6551e-04
Loss = 2.3635e-04, PNorm = 54.2313, GNorm = 0.7088, lr_0 = 1.6508e-04
Loss = 2.1719e-04, PNorm = 54.2355, GNorm = 0.2601, lr_0 = 1.6465e-04
Loss = 2.0855e-04, PNorm = 54.2369, GNorm = 0.2340, lr_0 = 1.6422e-04
Loss = 2.6270e-04, PNorm = 54.2392, GNorm = 0.7038, lr_0 = 1.6379e-04
Validation rmse = 0.364566
Epoch 79
Loss = 2.3244e-04, PNorm = 54.2432, GNorm = 0.2352, lr_0 = 1.6336e-04
Loss = 1.6857e-04, PNorm = 54.2463, GNorm = 0.1900, lr_0 = 1.6294e-04
Loss = 1.2943e-04, PNorm = 54.2490, GNorm = 0.2691, lr_0 = 1.6251e-04
Loss = 1.7109e-04, PNorm = 54.2524, GNorm = 0.3495, lr_0 = 1.6209e-04
Loss = 1.5806e-04, PNorm = 54.2539, GNorm = 0.5627, lr_0 = 1.6167e-04
Loss = 2.0569e-04, PNorm = 54.2574, GNorm = 0.5353, lr_0 = 1.6124e-04
Loss = 2.4426e-04, PNorm = 54.2604, GNorm = 0.2014, lr_0 = 1.6082e-04
Loss = 2.0117e-04, PNorm = 54.2629, GNorm = 0.8137, lr_0 = 1.6040e-04
Loss = 1.7369e-04, PNorm = 54.2657, GNorm = 0.2472, lr_0 = 1.5999e-04
Validation rmse = 0.356754
Epoch 80
Loss = 2.0607e-04, PNorm = 54.2663, GNorm = 0.2046, lr_0 = 1.5957e-04
Loss = 1.7973e-04, PNorm = 54.2676, GNorm = 0.2556, lr_0 = 1.5915e-04
Loss = 2.3122e-04, PNorm = 54.2711, GNorm = 0.2114, lr_0 = 1.5874e-04
Loss = 1.9850e-04, PNorm = 54.2730, GNorm = 0.1299, lr_0 = 1.5832e-04
Loss = 1.6616e-04, PNorm = 54.2763, GNorm = 0.1819, lr_0 = 1.5791e-04
Loss = 2.2509e-04, PNorm = 54.2793, GNorm = 0.1241, lr_0 = 1.5750e-04
Loss = 2.0020e-04, PNorm = 54.2829, GNorm = 0.3662, lr_0 = 1.5709e-04
Loss = 2.2519e-04, PNorm = 54.2839, GNorm = 0.2331, lr_0 = 1.5668e-04
Loss = 1.8231e-04, PNorm = 54.2845, GNorm = 0.3683, lr_0 = 1.5627e-04
Validation rmse = 0.357761
Epoch 81
Loss = 1.5825e-04, PNorm = 54.2881, GNorm = 0.2599, lr_0 = 1.5586e-04
Loss = 2.2083e-04, PNorm = 54.2875, GNorm = 0.5170, lr_0 = 1.5546e-04
Loss = 1.8688e-04, PNorm = 54.2920, GNorm = 0.1799, lr_0 = 1.5505e-04
Loss = 1.9713e-04, PNorm = 54.2943, GNorm = 0.4008, lr_0 = 1.5465e-04
Loss = 1.6754e-04, PNorm = 54.2986, GNorm = 0.2331, lr_0 = 1.5424e-04
Loss = 1.6569e-04, PNorm = 54.3021, GNorm = 0.3005, lr_0 = 1.5384e-04
Loss = 2.5208e-04, PNorm = 54.3063, GNorm = 0.5092, lr_0 = 1.5344e-04
Loss = 1.6891e-04, PNorm = 54.3101, GNorm = 0.1361, lr_0 = 1.5304e-04
Loss = 1.4161e-04, PNorm = 54.3107, GNorm = 0.2124, lr_0 = 1.5264e-04
Validation rmse = 0.357330
Epoch 82
Loss = 2.2432e-04, PNorm = 54.3109, GNorm = 0.2446, lr_0 = 1.5224e-04
Loss = 2.0180e-04, PNorm = 54.3148, GNorm = 0.1407, lr_0 = 1.5185e-04
Loss = 1.4652e-04, PNorm = 54.3180, GNorm = 0.1467, lr_0 = 1.5145e-04
Loss = 1.9058e-04, PNorm = 54.3194, GNorm = 0.1597, lr_0 = 1.5106e-04
Loss = 1.9670e-04, PNorm = 54.3209, GNorm = 0.1412, lr_0 = 1.5066e-04
Loss = 1.9629e-04, PNorm = 54.3239, GNorm = 0.2847, lr_0 = 1.5027e-04
Loss = 1.5204e-04, PNorm = 54.3281, GNorm = 0.2933, lr_0 = 1.4988e-04
Loss = 1.5941e-04, PNorm = 54.3305, GNorm = 0.5372, lr_0 = 1.4949e-04
Loss = 1.4205e-04, PNorm = 54.3312, GNorm = 0.2733, lr_0 = 1.4910e-04
Validation rmse = 0.350492
Epoch 83
Loss = 1.6232e-04, PNorm = 54.3320, GNorm = 0.2342, lr_0 = 1.4871e-04
Loss = 1.3280e-04, PNorm = 54.3333, GNorm = 0.2659, lr_0 = 1.4832e-04
Loss = 1.7008e-04, PNorm = 54.3335, GNorm = 0.2186, lr_0 = 1.4793e-04
Loss = 1.1113e-04, PNorm = 54.3352, GNorm = 0.1499, lr_0 = 1.4755e-04
Loss = 1.6399e-04, PNorm = 54.3364, GNorm = 0.3983, lr_0 = 1.4716e-04
Loss = 1.9201e-04, PNorm = 54.3387, GNorm = 0.3909, lr_0 = 1.4678e-04
Loss = 2.0743e-04, PNorm = 54.3420, GNorm = 0.3222, lr_0 = 1.4640e-04
Loss = 1.8152e-04, PNorm = 54.3435, GNorm = 0.1240, lr_0 = 1.4602e-04
Loss = 1.7749e-04, PNorm = 54.3473, GNorm = 0.1372, lr_0 = 1.4563e-04
Validation rmse = 0.350120
Epoch 84
Loss = 1.4357e-04, PNorm = 54.3486, GNorm = 0.1827, lr_0 = 1.4526e-04
Loss = 1.6023e-04, PNorm = 54.3500, GNorm = 0.5902, lr_0 = 1.4488e-04
Loss = 1.3031e-04, PNorm = 54.3520, GNorm = 0.1109, lr_0 = 1.4450e-04
Loss = 1.7031e-04, PNorm = 54.3541, GNorm = 0.3987, lr_0 = 1.4412e-04
Loss = 1.5885e-04, PNorm = 54.3549, GNorm = 0.2151, lr_0 = 1.4375e-04
Loss = 1.8272e-04, PNorm = 54.3578, GNorm = 0.1548, lr_0 = 1.4337e-04
Loss = 1.8561e-04, PNorm = 54.3591, GNorm = 0.1942, lr_0 = 1.4300e-04
Loss = 1.5172e-04, PNorm = 54.3603, GNorm = 0.1045, lr_0 = 1.4262e-04
Loss = 2.1231e-04, PNorm = 54.3626, GNorm = 0.2623, lr_0 = 1.4225e-04
Validation rmse = 0.360613
Epoch 85
Loss = 1.6518e-04, PNorm = 54.3635, GNorm = 0.2323, lr_0 = 1.4188e-04
Loss = 1.4508e-04, PNorm = 54.3669, GNorm = 0.2079, lr_0 = 1.4151e-04
Loss = 1.8563e-04, PNorm = 54.3681, GNorm = 0.6346, lr_0 = 1.4114e-04
Loss = 2.1879e-04, PNorm = 54.3694, GNorm = 0.8000, lr_0 = 1.4078e-04
Loss = 1.7890e-04, PNorm = 54.3719, GNorm = 0.5721, lr_0 = 1.4041e-04
Loss = 1.5859e-04, PNorm = 54.3735, GNorm = 0.3516, lr_0 = 1.4004e-04
Loss = 1.5242e-04, PNorm = 54.3745, GNorm = 0.3780, lr_0 = 1.3968e-04
Loss = 1.4179e-04, PNorm = 54.3768, GNorm = 0.2571, lr_0 = 1.3931e-04
Loss = 1.6263e-04, PNorm = 54.3788, GNorm = 0.1194, lr_0 = 1.3895e-04
Validation rmse = 0.362374
Epoch 86
Loss = 1.4902e-04, PNorm = 54.3824, GNorm = 0.1056, lr_0 = 1.3859e-04
Loss = 1.6944e-04, PNorm = 54.3842, GNorm = 0.2143, lr_0 = 1.3823e-04
Loss = 1.9573e-04, PNorm = 54.3878, GNorm = 0.4272, lr_0 = 1.3787e-04
Loss = 2.2371e-04, PNorm = 54.3873, GNorm = 0.7558, lr_0 = 1.3751e-04
Loss = 1.8604e-04, PNorm = 54.3904, GNorm = 0.2438, lr_0 = 1.3715e-04
Loss = 1.8114e-04, PNorm = 54.3910, GNorm = 0.2460, lr_0 = 1.3679e-04
Loss = 1.9828e-04, PNorm = 54.3953, GNorm = 0.1968, lr_0 = 1.3643e-04
Loss = 1.5504e-04, PNorm = 54.3975, GNorm = 0.2921, lr_0 = 1.3608e-04
Loss = 1.6986e-04, PNorm = 54.4008, GNorm = 0.2496, lr_0 = 1.3572e-04
Validation rmse = 0.353331
Epoch 87
Loss = 1.9189e-04, PNorm = 54.4024, GNorm = 0.2859, lr_0 = 1.3537e-04
Loss = 1.5523e-04, PNorm = 54.4031, GNorm = 0.3423, lr_0 = 1.3502e-04
Loss = 1.4342e-04, PNorm = 54.4034, GNorm = 0.3314, lr_0 = 1.3466e-04
Loss = 1.8816e-04, PNorm = 54.4067, GNorm = 0.5177, lr_0 = 1.3431e-04
Loss = 1.5309e-04, PNorm = 54.4106, GNorm = 0.1233, lr_0 = 1.3396e-04
Loss = 1.8113e-04, PNorm = 54.4112, GNorm = 0.1532, lr_0 = 1.3361e-04
Loss = 1.7176e-04, PNorm = 54.4132, GNorm = 0.2335, lr_0 = 1.3327e-04
Loss = 1.4075e-04, PNorm = 54.4152, GNorm = 0.7910, lr_0 = 1.3292e-04
Loss = 1.4352e-04, PNorm = 54.4173, GNorm = 0.1780, lr_0 = 1.3257e-04
Validation rmse = 0.359045
Epoch 88
Loss = 1.5678e-04, PNorm = 54.4197, GNorm = 0.2371, lr_0 = 1.3223e-04
Loss = 1.6279e-04, PNorm = 54.4198, GNorm = 0.2249, lr_0 = 1.3188e-04
Loss = 1.2268e-04, PNorm = 54.4212, GNorm = 0.0928, lr_0 = 1.3154e-04
Loss = 1.8522e-04, PNorm = 54.4238, GNorm = 0.3931, lr_0 = 1.3119e-04
Loss = 1.5446e-04, PNorm = 54.4247, GNorm = 0.2544, lr_0 = 1.3085e-04
Loss = 1.4114e-04, PNorm = 54.4258, GNorm = 0.1636, lr_0 = 1.3051e-04
Loss = 1.4632e-04, PNorm = 54.4258, GNorm = 0.1267, lr_0 = 1.3017e-04
Loss = 1.9237e-04, PNorm = 54.4304, GNorm = 0.3297, lr_0 = 1.2983e-04
Loss = 2.1409e-04, PNorm = 54.4313, GNorm = 0.1772, lr_0 = 1.2949e-04
Validation rmse = 0.379562
Epoch 89
Loss = 1.5786e-04, PNorm = 54.4347, GNorm = 0.2591, lr_0 = 1.2915e-04
Loss = 2.1657e-04, PNorm = 54.4347, GNorm = 0.1978, lr_0 = 1.2882e-04
Loss = 2.1165e-04, PNorm = 54.4379, GNorm = 0.4229, lr_0 = 1.2848e-04
Loss = 1.5445e-04, PNorm = 54.4400, GNorm = 0.1684, lr_0 = 1.2815e-04
Loss = 1.7348e-04, PNorm = 54.4434, GNorm = 0.2026, lr_0 = 1.2781e-04
Loss = 1.5731e-04, PNorm = 54.4452, GNorm = 0.1994, lr_0 = 1.2748e-04
Loss = 1.7750e-04, PNorm = 54.4466, GNorm = 0.2317, lr_0 = 1.2715e-04
Loss = 2.1155e-04, PNorm = 54.4487, GNorm = 0.4959, lr_0 = 1.2682e-04
Loss = 1.7219e-04, PNorm = 54.4493, GNorm = 0.1545, lr_0 = 1.2649e-04
Validation rmse = 0.357894
Epoch 90
Loss = 1.6454e-04, PNorm = 54.4525, GNorm = 0.4211, lr_0 = 1.2616e-04
Loss = 2.3045e-04, PNorm = 54.4541, GNorm = 0.5082, lr_0 = 1.2583e-04
Loss = 1.5865e-04, PNorm = 54.4590, GNorm = 0.1769, lr_0 = 1.2550e-04
Loss = 1.5479e-04, PNorm = 54.4614, GNorm = 0.1669, lr_0 = 1.2517e-04
Loss = 1.8470e-04, PNorm = 54.4623, GNorm = 0.2826, lr_0 = 1.2485e-04
Loss = 1.7591e-04, PNorm = 54.4644, GNorm = 0.1260, lr_0 = 1.2452e-04
Loss = 1.8900e-04, PNorm = 54.4661, GNorm = 0.1811, lr_0 = 1.2420e-04
Loss = 1.6330e-04, PNorm = 54.4673, GNorm = 0.1020, lr_0 = 1.2387e-04
Loss = 1.5976e-04, PNorm = 54.4666, GNorm = 0.1692, lr_0 = 1.2355e-04
Validation rmse = 0.364320
Epoch 91
Loss = 1.6581e-04, PNorm = 54.4679, GNorm = 0.3855, lr_0 = 1.2323e-04
Loss = 1.7205e-04, PNorm = 54.4690, GNorm = 0.1546, lr_0 = 1.2290e-04
Loss = 1.2289e-04, PNorm = 54.4699, GNorm = 0.2200, lr_0 = 1.2258e-04
Loss = 1.3398e-04, PNorm = 54.4713, GNorm = 0.2164, lr_0 = 1.2226e-04
Loss = 1.7514e-04, PNorm = 54.4733, GNorm = 0.3563, lr_0 = 1.2195e-04
Loss = 1.8320e-04, PNorm = 54.4758, GNorm = 0.2316, lr_0 = 1.2163e-04
Loss = 1.6590e-04, PNorm = 54.4787, GNorm = 0.1404, lr_0 = 1.2131e-04
Loss = 1.5529e-04, PNorm = 54.4805, GNorm = 0.2122, lr_0 = 1.2099e-04
Loss = 1.4925e-04, PNorm = 54.4830, GNorm = 0.2405, lr_0 = 1.2068e-04
Validation rmse = 0.352088
Epoch 92
Loss = 1.3207e-04, PNorm = 54.4840, GNorm = 0.1811, lr_0 = 1.2036e-04
Loss = 1.7057e-04, PNorm = 54.4841, GNorm = 0.2413, lr_0 = 1.2005e-04
Loss = 1.3854e-04, PNorm = 54.4847, GNorm = 0.2097, lr_0 = 1.1974e-04
Loss = 1.1594e-04, PNorm = 54.4867, GNorm = 0.2236, lr_0 = 1.1943e-04
Loss = 1.8516e-04, PNorm = 54.4886, GNorm = 0.1574, lr_0 = 1.1911e-04
Loss = 1.5729e-04, PNorm = 54.4898, GNorm = 0.1490, lr_0 = 1.1880e-04
Loss = 1.5272e-04, PNorm = 54.4919, GNorm = 0.1655, lr_0 = 1.1849e-04
Loss = 1.3494e-04, PNorm = 54.4924, GNorm = 0.3422, lr_0 = 1.1818e-04
Loss = 1.1766e-04, PNorm = 54.4932, GNorm = 0.4010, lr_0 = 1.1788e-04
Validation rmse = 0.337515
Epoch 93
Loss = 1.4960e-04, PNorm = 54.4951, GNorm = 0.1580, lr_0 = 1.1757e-04
Loss = 1.7225e-04, PNorm = 54.4984, GNorm = 0.3816, lr_0 = 1.1726e-04
Loss = 1.3939e-04, PNorm = 54.5003, GNorm = 0.4445, lr_0 = 1.1696e-04
Loss = 1.7017e-04, PNorm = 54.5015, GNorm = 0.4608, lr_0 = 1.1665e-04
Loss = 1.9920e-04, PNorm = 54.5035, GNorm = 0.1946, lr_0 = 1.1635e-04
Loss = 1.5515e-04, PNorm = 54.5037, GNorm = 0.5370, lr_0 = 1.1604e-04
Loss = 1.4924e-04, PNorm = 54.5043, GNorm = 0.1429, lr_0 = 1.1574e-04
Loss = 1.3778e-04, PNorm = 54.5068, GNorm = 0.1599, lr_0 = 1.1544e-04
Loss = 1.2025e-04, PNorm = 54.5072, GNorm = 0.1693, lr_0 = 1.1514e-04
Validation rmse = 0.348574
Epoch 94
Loss = 1.3015e-04, PNorm = 54.5085, GNorm = 0.1501, lr_0 = 1.1484e-04
Loss = 1.2338e-04, PNorm = 54.5092, GNorm = 0.0908, lr_0 = 1.1454e-04
Loss = 1.9293e-04, PNorm = 54.5110, GNorm = 0.3923, lr_0 = 1.1424e-04
Loss = 1.5444e-04, PNorm = 54.5128, GNorm = 0.2053, lr_0 = 1.1394e-04
Loss = 1.4260e-04, PNorm = 54.5132, GNorm = 0.1013, lr_0 = 1.1365e-04
Loss = 1.3611e-04, PNorm = 54.5150, GNorm = 0.1771, lr_0 = 1.1335e-04
Loss = 1.3362e-04, PNorm = 54.5164, GNorm = 0.1846, lr_0 = 1.1305e-04
Loss = 2.0281e-04, PNorm = 54.5180, GNorm = 0.2020, lr_0 = 1.1276e-04
Loss = 1.6163e-04, PNorm = 54.5196, GNorm = 0.1485, lr_0 = 1.1247e-04
Validation rmse = 0.345781
Epoch 95
Loss = 1.6841e-04, PNorm = 54.5218, GNorm = 0.4189, lr_0 = 1.1217e-04
Loss = 1.8200e-04, PNorm = 54.5245, GNorm = 0.2562, lr_0 = 1.1188e-04
Loss = 1.7076e-04, PNorm = 54.5250, GNorm = 0.1931, lr_0 = 1.1159e-04
Loss = 1.4533e-04, PNorm = 54.5267, GNorm = 0.1766, lr_0 = 1.1130e-04
Loss = 1.1215e-04, PNorm = 54.5285, GNorm = 0.2447, lr_0 = 1.1101e-04
Loss = 1.4470e-04, PNorm = 54.5272, GNorm = 0.2841, lr_0 = 1.1072e-04
Loss = 1.5801e-04, PNorm = 54.5297, GNorm = 0.1561, lr_0 = 1.1043e-04
Loss = 1.3355e-04, PNorm = 54.5317, GNorm = 0.2147, lr_0 = 1.1014e-04
Loss = 1.5514e-04, PNorm = 54.5330, GNorm = 0.2341, lr_0 = 1.0985e-04
Validation rmse = 0.346676
Epoch 96
Loss = 1.6735e-04, PNorm = 54.5348, GNorm = 0.2029, lr_0 = 1.0957e-04
Loss = 1.5484e-04, PNorm = 54.5369, GNorm = 0.2084, lr_0 = 1.0928e-04
Loss = 1.1223e-04, PNorm = 54.5390, GNorm = 0.1084, lr_0 = 1.0900e-04
Loss = 1.6416e-04, PNorm = 54.5406, GNorm = 0.5750, lr_0 = 1.0871e-04
Loss = 1.3110e-04, PNorm = 54.5426, GNorm = 0.1393, lr_0 = 1.0843e-04
Loss = 1.2890e-04, PNorm = 54.5434, GNorm = 0.1466, lr_0 = 1.0815e-04
Loss = 1.6406e-04, PNorm = 54.5442, GNorm = 0.2182, lr_0 = 1.0786e-04
Loss = 1.4938e-04, PNorm = 54.5461, GNorm = 0.2291, lr_0 = 1.0758e-04
Loss = 1.2282e-04, PNorm = 54.5487, GNorm = 0.1574, lr_0 = 1.0730e-04
Validation rmse = 0.346267
Epoch 97
Loss = 1.3421e-04, PNorm = 54.5495, GNorm = 0.1820, lr_0 = 1.0702e-04
Loss = 1.0735e-04, PNorm = 54.5501, GNorm = 0.1261, lr_0 = 1.0674e-04
Loss = 1.5477e-04, PNorm = 54.5489, GNorm = 0.2487, lr_0 = 1.0647e-04
Loss = 1.4437e-04, PNorm = 54.5503, GNorm = 0.1547, lr_0 = 1.0619e-04
Loss = 1.7736e-04, PNorm = 54.5523, GNorm = 0.2336, lr_0 = 1.0591e-04
Loss = 1.4643e-04, PNorm = 54.5540, GNorm = 0.2800, lr_0 = 1.0564e-04
Loss = 1.2309e-04, PNorm = 54.5551, GNorm = 0.3276, lr_0 = 1.0536e-04
Loss = 1.2651e-04, PNorm = 54.5570, GNorm = 0.1402, lr_0 = 1.0509e-04
Loss = 1.9115e-04, PNorm = 54.5598, GNorm = 0.7878, lr_0 = 1.0481e-04
Validation rmse = 0.342418
Epoch 98
Loss = 1.2408e-04, PNorm = 54.5625, GNorm = 0.1614, lr_0 = 1.0454e-04
Loss = 1.3307e-04, PNorm = 54.5645, GNorm = 0.1208, lr_0 = 1.0427e-04
Loss = 1.7009e-04, PNorm = 54.5652, GNorm = 0.2156, lr_0 = 1.0399e-04
Loss = 1.5649e-04, PNorm = 54.5679, GNorm = 0.1177, lr_0 = 1.0372e-04
Loss = 1.4461e-04, PNorm = 54.5678, GNorm = 0.1807, lr_0 = 1.0345e-04
Loss = 2.3875e-04, PNorm = 54.5710, GNorm = 0.3399, lr_0 = 1.0318e-04
Loss = 1.3256e-04, PNorm = 54.5716, GNorm = 0.1875, lr_0 = 1.0291e-04
Loss = 1.2526e-04, PNorm = 54.5730, GNorm = 0.1775, lr_0 = 1.0265e-04
Loss = 1.6103e-04, PNorm = 54.5746, GNorm = 0.1275, lr_0 = 1.0238e-04
Validation rmse = 0.349165
Epoch 99
Loss = 1.6595e-04, PNorm = 54.5759, GNorm = 0.3607, lr_0 = 1.0211e-04
Loss = 1.8228e-04, PNorm = 54.5769, GNorm = 0.2905, lr_0 = 1.0184e-04
Loss = 1.2126e-04, PNorm = 54.5773, GNorm = 0.0894, lr_0 = 1.0158e-04
Loss = 1.5503e-04, PNorm = 54.5789, GNorm = 0.2075, lr_0 = 1.0131e-04
Loss = 1.2601e-04, PNorm = 54.5797, GNorm = 0.1731, lr_0 = 1.0105e-04
Loss = 1.6684e-04, PNorm = 54.5793, GNorm = 0.2062, lr_0 = 1.0079e-04
Loss = 1.3853e-04, PNorm = 54.5826, GNorm = 0.4187, lr_0 = 1.0052e-04
Loss = 1.4985e-04, PNorm = 54.5849, GNorm = 0.1977, lr_0 = 1.0026e-04
Loss = 1.6057e-04, PNorm = 54.5853, GNorm = 0.1387, lr_0 = 1.0000e-04
Validation rmse = 0.355545
Model 0 best validation rmse = 0.337515 on epoch 92
Loading pretrained parameter "encoder.encoder_solute.cached_zero_vector".
Loading pretrained parameter "encoder.encoder_solute.W_i.weight".
Loading pretrained parameter "encoder.encoder_solute.W_h.weight".
Loading pretrained parameter "encoder.encoder_solute.W_o.weight".
Loading pretrained parameter "encoder.encoder_solute.W_o.bias".
Loading pretrained parameter "encoder.encoder_solvent.cached_zero_vector".
Loading pretrained parameter "encoder.encoder_solvent.W_i.weight".
Loading pretrained parameter "encoder.encoder_solvent.W_h.weight".
Loading pretrained parameter "encoder.encoder_solvent.W_o.weight".
Loading pretrained parameter "encoder.encoder_solvent.W_o.bias".
Loading pretrained parameter "ffn.1.weight".
Loading pretrained parameter "ffn.1.bias".
Loading pretrained parameter "ffn.4.weight".
Loading pretrained parameter "ffn.4.bias".
Loading pretrained parameter "ffn.7.weight".
Loading pretrained parameter "ffn.7.bias".
Model 0 test rmse = 0.406700
Ensemble test rmse = 0.406700
1-fold cross validation
Seed 0 ==> test rmse = 0.406700
Overall test rmse = 0.406700 +/- 0.000000
