Fold 0
{'Tmelt': True,
 'activation': 'ReLU',
 'atom_messages': False,
 'batch_size': 500,
 'bias': False,
 'checkpoint_dir': None,
 'checkpoint_path': None,
 'checkpoint_paths': None,
 'config_path': None,
 'crossval_index_dir': None,
 'crossval_index_file': None,
 'cuda': False,
 'data_path': 'data/Tmelt/20191107_Tmelt.csv',
 'dataset_type': 'regression',
 'depth': 3,
 'detailed_results': True,
 'dropout': 0.1,
 'ensemble_size': 1,
 'epochs': 100,
 'explicit_solvent_number': 2,
 'features_generator': None,
 'features_only': False,
 'features_path': None,
 'features_scaling': True,
 'ffn_hidden_size': 100,
 'ffn_num_layers': 3,
 'final_lr': 0.0001,
 'folds_file': None,
 'gpu': None,
 'hidden_size': 100,
 'init_lr': 0.0001,
 'log_frequency': 10,
 'max_data_size': None,
 'max_lr': 0.001,
 'metric': 'rmse',
 'minimize_score': True,
 'multiclass_num_classes': 3,
 'no_cache': False,
 'num_folds': 3,
 'num_lrs': 1,
 'quiet': False,
 'save_dir': 'examples/Tmelt/fold_0',
 'save_inchi_split': False,
 'save_smiles_splits': False,
 'seed': 0,
 'separate_test_features_path': None,
 'separate_test_path': None,
 'separate_val_features_path': None,
 'separate_val_path': None,
 'show_individual_scores': False,
 'solvation': False,
 'split_sizes': [0.8, 0.1, 0.1],
 'split_type': 'random',
 'test': False,
 'test_fold_index': None,
 'undirected': False,
 'use_compound_names': False,
 'use_input_features': None,
 'val_fold_index': None,
 'warmup_epochs': 2.0}
Loading data
Fold 0
{'Tmelt': True,
 'activation': 'ReLU',
 'atom_messages': False,
 'batch_size': 500,
 'bias': False,
 'checkpoint_dir': None,
 'checkpoint_path': None,
 'checkpoint_paths': None,
 'config_path': None,
 'crossval_index_dir': None,
 'crossval_index_file': None,
 'cuda': False,
 'data_path': 'data/Tmelt/20191107_Tmelt.csv',
 'dataset_type': 'regression',
 'depth': 3,
 'detailed_results': True,
 'dropout': 0.1,
 'ensemble_size': 1,
 'epochs': 100,
 'explicit_solvent_number': 2,
 'features_generator': None,
 'features_only': False,
 'features_path': None,
 'features_scaling': True,
 'ffn_hidden_size': 100,
 'ffn_num_layers': 3,
 'final_lr': 0.0001,
 'folds_file': None,
 'gpu': None,
 'hidden_size': 100,
 'init_lr': 0.0001,
 'log_frequency': 10,
 'max_data_size': None,
 'max_lr': 0.001,
 'metric': 'rmse',
 'minimize_score': True,
 'multiclass_num_classes': 3,
 'no_cache': False,
 'num_folds': 3,
 'num_lrs': 1,
 'quiet': False,
 'save_dir': 'examples/Tmelt/fold_0',
 'save_inchi_split': False,
 'save_smiles_splits': False,
 'seed': 0,
 'separate_test_features_path': None,
 'separate_test_path': None,
 'separate_val_features_path': None,
 'separate_val_path': None,
 'show_individual_scores': False,
 'solvation': False,
 'split_sizes': [0.8, 0.1, 0.1],
 'split_type': 'random',
 'test': False,
 'test_fold_index': None,
 'undirected': False,
 'use_compound_names': False,
 'use_input_features': None,
 'val_fold_index': None,
 'warmup_epochs': 2.0}
Loading data
Fold 0
{'Tmelt': True,
 'activation': 'ReLU',
 'atom_messages': False,
 'batch_size': 500,
 'bias': False,
 'checkpoint_dir': None,
 'checkpoint_path': None,
 'checkpoint_paths': None,
 'config_path': None,
 'crossval_index_dir': None,
 'crossval_index_file': None,
 'cuda': False,
 'data_path': 'data/Tmelt/20191107_Tmelt.csv',
 'dataset_type': 'regression',
 'depth': 3,
 'detailed_results': True,
 'dropout': 0.1,
 'ensemble_size': 1,
 'epochs': 100,
 'explicit_solvent_number': 2,
 'features_generator': None,
 'features_only': False,
 'features_path': None,
 'features_scaling': True,
 'ffn_hidden_size': 100,
 'ffn_num_layers': 3,
 'final_lr': 0.0001,
 'folds_file': None,
 'gpu': None,
 'hidden_size': 100,
 'init_lr': 0.0001,
 'log_frequency': 10,
 'max_data_size': None,
 'max_lr': 0.001,
 'metric': 'rmse',
 'minimize_score': True,
 'multiclass_num_classes': 3,
 'no_cache': False,
 'num_folds': 3,
 'num_lrs': 1,
 'quiet': False,
 'save_dir': 'examples/Tmelt/fold_0',
 'save_inchi_split': False,
 'save_smiles_splits': False,
 'seed': 0,
 'separate_test_features_path': None,
 'separate_test_path': None,
 'separate_val_features_path': None,
 'separate_val_path': None,
 'show_individual_scores': False,
 'solvation': False,
 'split_sizes': [0.8, 0.1, 0.1],
 'split_type': 'random',
 'test': False,
 'test_fold_index': None,
 'undirected': False,
 'use_compound_names': False,
 'use_input_features': None,
 'val_fold_index': None,
 'warmup_epochs': 2.0}
Loading data
Fold 0
{'Tmelt': True,
 'activation': 'ReLU',
 'atom_messages': False,
 'batch_size': 500,
 'bias': False,
 'checkpoint_dir': None,
 'checkpoint_path': None,
 'checkpoint_paths': None,
 'config_path': None,
 'crossval_index_dir': None,
 'crossval_index_file': None,
 'cuda': False,
 'data_path': 'data/Tmelt/20191107_Tmelt.csv',
 'dataset_type': 'regression',
 'depth': 3,
 'detailed_results': True,
 'dropout': 0.1,
 'ensemble_size': 1,
 'epochs': 100,
 'explicit_solvent_number': 2,
 'features_generator': None,
 'features_only': False,
 'features_path': None,
 'features_scaling': True,
 'ffn_hidden_size': 100,
 'ffn_num_layers': 3,
 'final_lr': 0.0001,
 'folds_file': None,
 'gpu': None,
 'hidden_size': 100,
 'init_lr': 0.0001,
 'log_frequency': 10,
 'max_data_size': None,
 'max_lr': 0.001,
 'metric': 'rmse',
 'minimize_score': True,
 'multiclass_num_classes': 3,
 'no_cache': False,
 'num_folds': 3,
 'num_lrs': 1,
 'quiet': False,
 'save_dir': 'examples/Tmelt/fold_0',
 'save_inchi_split': False,
 'save_smiles_splits': False,
 'seed': 0,
 'separate_test_features_path': None,
 'separate_test_path': None,
 'separate_val_features_path': None,
 'separate_val_path': None,
 'show_individual_scores': False,
 'solvation': False,
 'split_sizes': [0.8, 0.1, 0.1],
 'split_type': 'random',
 'test': False,
 'test_fold_index': None,
 'undirected': False,
 'use_compound_names': False,
 'use_input_features': None,
 'val_fold_index': None,
 'warmup_epochs': 2.0}
Loading data
Number of tasks = 1
Splitting data with seed 0
Total size = 21,490 | train size = 17,192 | val size = 2,149 | test size = 2,149
Fitting scaler
Building model 0
MoleculeModel(
  (encoder): MPN(
    (encoder): MPNEncoder(
      (dropout_layer): Dropout(p=0.1, inplace=False)
      (act_func): ReLU()
      (W_i): Linear(in_features=87, out_features=100, bias=False)
      (W_h): Linear(in_features=100, out_features=100, bias=False)
      (W_o): Linear(in_features=173, out_features=100, bias=True)
    )
  )
  (ffn): Sequential(
    (0): Dropout(p=0.1, inplace=False)
    (1): Linear(in_features=102, out_features=100, bias=True)
    (2): ReLU()
    (3): Dropout(p=0.1, inplace=False)
    (4): Linear(in_features=100, out_features=100, bias=True)
    (5): ReLU()
    (6): Dropout(p=0.1, inplace=False)
    (7): Linear(in_features=100, out_features=1, bias=True)
  )
)
Number of parameters = 56,601
Epoch 0
Loss = 2.5308e-03, PNorm = 22.8755, GNorm = 1.6156, lr_0 = 2.3235e-04
Loss = 1.9757e-03, PNorm = 22.8752, GNorm = 2.0266, lr_0 = 3.6471e-04
Loss = 1.5983e-03, PNorm = 22.8801, GNorm = 1.0728, lr_0 = 4.9706e-04
Validation rmse = 90.568989
Epoch 1
Loss = 1.6047e-03, PNorm = 22.8925, GNorm = 0.9662, lr_0 = 6.2941e-04
Loss = 1.2457e-03, PNorm = 22.9085, GNorm = 1.0595, lr_0 = 7.6176e-04
Loss = 1.1662e-03, PNorm = 22.9364, GNorm = 0.6143, lr_0 = 8.9412e-04
Validation rmse = 76.994464
Epoch 2
Loss = 1.0308e-03, PNorm = 22.9706, GNorm = 2.2285, lr_0 = 9.9862e-04
Loss = 9.8518e-04, PNorm = 23.0023, GNorm = 2.4217, lr_0 = 9.9174e-04
Loss = 9.2049e-04, PNorm = 23.0351, GNorm = 0.5174, lr_0 = 9.8491e-04
Loss = 9.0633e-04, PNorm = 23.0661, GNorm = 2.2286, lr_0 = 9.7813e-04
Validation rmse = 70.631455
Epoch 3
Loss = 8.1434e-04, PNorm = 23.0970, GNorm = 1.9852, lr_0 = 9.7139e-04
Loss = 8.7090e-04, PNorm = 23.1311, GNorm = 2.2609, lr_0 = 9.6470e-04
Loss = 8.4479e-04, PNorm = 23.1605, GNorm = 1.5210, lr_0 = 9.5806e-04
Validation rmse = 66.699771
Epoch 4
Loss = 6.8090e-04, PNorm = 23.1924, GNorm = 1.0259, lr_0 = 9.5146e-04
Loss = 7.5579e-04, PNorm = 23.2318, GNorm = 0.3689, lr_0 = 9.4491e-04
Loss = 7.1221e-04, PNorm = 23.2678, GNorm = 0.8995, lr_0 = 9.3840e-04
Loss = 8.1059e-04, PNorm = 23.3023, GNorm = 0.5349, lr_0 = 9.3194e-04
Validation rmse = 63.266646
Epoch 5
Loss = 6.5771e-04, PNorm = 23.3382, GNorm = 1.6991, lr_0 = 9.2552e-04
Loss = 5.8368e-04, PNorm = 23.3705, GNorm = 1.3068, lr_0 = 9.1915e-04
Loss = 8.6024e-04, PNorm = 23.4142, GNorm = 0.9186, lr_0 = 9.1282e-04
Validation rmse = 60.437323
Epoch 6
Loss = 6.8875e-04, PNorm = 23.4608, GNorm = 1.4275, lr_0 = 9.0653e-04
Loss = 6.0497e-04, PNorm = 23.4875, GNorm = 0.8082, lr_0 = 9.0029e-04
Loss = 5.9548e-04, PNorm = 23.5238, GNorm = 1.6482, lr_0 = 8.9409e-04
Validation rmse = 59.419714
Epoch 7
Loss = 5.4022e-04, PNorm = 23.5540, GNorm = 0.6469, lr_0 = 8.8793e-04
Loss = 5.7399e-04, PNorm = 23.5817, GNorm = 0.9323, lr_0 = 8.8182e-04
Loss = 6.3308e-04, PNorm = 23.6176, GNorm = 0.5916, lr_0 = 8.7574e-04
Loss = 6.7204e-04, PNorm = 23.6514, GNorm = 1.5793, lr_0 = 8.6971e-04
Validation rmse = 58.714713
Epoch 8
Loss = 5.6940e-04, PNorm = 23.6887, GNorm = 0.5730, lr_0 = 8.6372e-04
Loss = 6.1054e-04, PNorm = 23.7205, GNorm = 1.2407, lr_0 = 8.5777e-04
Loss = 5.8735e-04, PNorm = 23.7556, GNorm = 2.2018, lr_0 = 8.5187e-04
Validation rmse = 58.390046
Epoch 9
Loss = 5.5279e-04, PNorm = 23.7846, GNorm = 0.5762, lr_0 = 8.4600e-04
Loss = 5.6883e-04, PNorm = 23.8116, GNorm = 0.8321, lr_0 = 8.4017e-04
Loss = 5.8575e-04, PNorm = 23.8435, GNorm = 1.3727, lr_0 = 8.3439e-04
Loss = 5.8490e-04, PNorm = 23.8708, GNorm = 0.8870, lr_0 = 8.2864e-04
Validation rmse = 57.633609
Epoch 10
Loss = 5.9814e-04, PNorm = 23.9074, GNorm = 0.6618, lr_0 = 8.2294e-04
Loss = 5.7899e-04, PNorm = 23.9421, GNorm = 0.8042, lr_0 = 8.1727e-04
Loss = 5.1404e-04, PNorm = 23.9620, GNorm = 0.8269, lr_0 = 8.1164e-04
Validation rmse = 57.466895
Epoch 11
Loss = 4.9269e-04, PNorm = 23.9906, GNorm = 2.0462, lr_0 = 8.0605e-04
Loss = 5.9218e-04, PNorm = 24.0229, GNorm = 0.5647, lr_0 = 8.0050e-04
Loss = 4.9975e-04, PNorm = 24.0439, GNorm = 0.3109, lr_0 = 7.9499e-04
Validation rmse = 56.978579
Epoch 12
Loss = 4.6968e-04, PNorm = 24.0739, GNorm = 0.9439, lr_0 = 7.8951e-04
Loss = 4.9031e-04, PNorm = 24.1059, GNorm = 0.6523, lr_0 = 7.8408e-04
Loss = 5.9217e-04, PNorm = 24.1382, GNorm = 1.7807, lr_0 = 7.7868e-04
Loss = 5.3873e-04, PNorm = 24.1719, GNorm = 1.3714, lr_0 = 7.7331e-04
Validation rmse = 56.517551
Epoch 13
Loss = 5.3935e-04, PNorm = 24.1937, GNorm = 0.6266, lr_0 = 7.6799e-04
Loss = 5.4161e-04, PNorm = 24.2173, GNorm = 0.7013, lr_0 = 7.6270e-04
Loss = 4.6115e-04, PNorm = 24.2333, GNorm = 1.3557, lr_0 = 7.5745e-04
Validation rmse = 56.562886
Epoch 14
Loss = 4.9297e-04, PNorm = 24.2588, GNorm = 1.3009, lr_0 = 7.5223e-04
Loss = 4.9309e-04, PNorm = 24.2850, GNorm = 1.4376, lr_0 = 7.4705e-04
Loss = 5.7542e-04, PNorm = 24.3122, GNorm = 0.5844, lr_0 = 7.4190e-04
Loss = 5.3110e-04, PNorm = 24.3342, GNorm = 0.4044, lr_0 = 7.3680e-04
Validation rmse = 56.660578
Epoch 15
Loss = 5.1994e-04, PNorm = 24.3602, GNorm = 0.5760, lr_0 = 7.3172e-04
Loss = 5.2262e-04, PNorm = 24.3850, GNorm = 0.5895, lr_0 = 7.2668e-04
Loss = 4.3787e-04, PNorm = 24.4075, GNorm = 0.9545, lr_0 = 7.2168e-04
Validation rmse = 55.973994
Epoch 16
Loss = 5.0867e-04, PNorm = 24.4331, GNorm = 1.4483, lr_0 = 7.1671e-04
Loss = 4.9210e-04, PNorm = 24.4626, GNorm = 0.8526, lr_0 = 7.1177e-04
Loss = 5.1990e-04, PNorm = 24.4779, GNorm = 1.3246, lr_0 = 7.0687e-04
Validation rmse = 56.524939
Epoch 17
Loss = 4.7009e-04, PNorm = 24.4953, GNorm = 0.8819, lr_0 = 7.0200e-04
Loss = 4.7724e-04, PNorm = 24.5202, GNorm = 2.5891, lr_0 = 6.9717e-04
Loss = 4.9814e-04, PNorm = 24.5330, GNorm = 1.1342, lr_0 = 6.9237e-04
Loss = 4.9257e-04, PNorm = 24.5494, GNorm = 0.9179, lr_0 = 6.8760e-04
Validation rmse = 56.447082
Epoch 18
Loss = 4.7221e-04, PNorm = 24.5776, GNorm = 0.8205, lr_0 = 6.8286e-04
Loss = 4.5275e-04, PNorm = 24.5993, GNorm = 1.2814, lr_0 = 6.7816e-04
Loss = 4.9595e-04, PNorm = 24.6203, GNorm = 1.1633, lr_0 = 6.7349e-04
Fold 0
{'Tmelt': True,
 'activation': 'ReLU',
 'atom_messages': False,
 'batch_size': 500,
 'bias': False,
 'checkpoint_dir': None,
 'checkpoint_path': None,
 'checkpoint_paths': None,
 'config_path': None,
 'crossval_index_dir': None,
 'crossval_index_file': None,
 'cuda': False,
 'data_path': 'data/Tmelt/20191107_Tmelt.csv',
 'dataset_type': 'regression',
 'depth': 3,
 'detailed_results': True,
 'dropout': 0.1,
 'ensemble_size': 1,
 'epochs': 100,
 'features_generator': None,
 'features_only': False,
 'features_path': None,
 'features_scaling': True,
 'ffn_hidden_size': 100,
 'ffn_num_layers': 3,
 'final_lr': 0.0001,
 'folds_file': None,
 'gpu': None,
 'hidden_size': 100,
 'init_lr': 0.0001,
 'log_frequency': 10,
 'max_data_size': None,
 'max_lr': 0.001,
 'metric': 'rmse',
 'minimize_score': True,
 'multiclass_num_classes': 3,
 'no_cache': False,
 'num_folds': 3,
 'num_lrs': 1,
 'quiet': False,
 'save_dir': 'examples/Tmelt/fold_0',
 'save_inchi_split': False,
 'save_smiles_splits': False,
 'seed': 0,
 'separate_test_features_path': None,
 'separate_test_path': None,
 'separate_val_features_path': None,
 'separate_val_path': None,
 'show_individual_scores': False,
 'solvation': False,
 'split_sizes': [0.8, 0.1, 0.1],
 'split_type': 'random',
 'test': False,
 'test_fold_index': None,
 'undirected': False,
 'use_compound_names': False,
 'use_input_features': None,
 'val_fold_index': None,
 'warmup_epochs': 2.0}
Loading data
Number of tasks = 1
Splitting data with seed 0
Total size = 21,490 | train size = 17,192 | val size = 2,149 | test size = 2,149
Fitting scaler
Building model 0
MoleculeModel(
  (encoder): MPN(
    (encoder): MPNEncoder(
      (dropout_layer): Dropout(p=0.1, inplace=False)
      (act_func): ReLU()
      (W_i): Linear(in_features=87, out_features=100, bias=False)
      (W_h): Linear(in_features=100, out_features=100, bias=False)
      (W_o): Linear(in_features=173, out_features=100, bias=True)
    )
  )
  (ffn): Sequential(
    (0): Dropout(p=0.1, inplace=False)
    (1): Linear(in_features=102, out_features=100, bias=True)
    (2): ReLU()
    (3): Dropout(p=0.1, inplace=False)
    (4): Linear(in_features=100, out_features=100, bias=True)
    (5): ReLU()
    (6): Dropout(p=0.1, inplace=False)
    (7): Linear(in_features=100, out_features=1, bias=True)
  )
)
Number of parameters = 56,601
Epoch 0
Fold 0
{'Tmelt': True,
 'activation': 'ReLU',
 'atom_messages': False,
 'batch_size': 500,
 'bias': False,
 'checkpoint_dir': None,
 'checkpoint_path': None,
 'checkpoint_paths': None,
 'config_path': None,
 'crossval_index_dir': None,
 'crossval_index_file': None,
 'cuda': False,
 'data_path': 'data/Tmelt/20191107_Tmelt.csv',
 'dataset_type': 'regression',
 'depth': 3,
 'detailed_results': True,
 'dropout': 0.1,
 'ensemble_size': 1,
 'epochs': 100,
 'features_generator': None,
 'features_only': False,
 'features_path': None,
 'features_scaling': True,
 'ffn_hidden_size': 100,
 'ffn_num_layers': 3,
 'final_lr': 0.0001,
 'folds_file': None,
 'gpu': None,
 'hidden_size': 100,
 'init_lr': 0.0001,
 'log_frequency': 10,
 'max_data_size': None,
 'max_lr': 0.001,
 'metric': 'rmse',
 'minimize_score': True,
 'multiclass_num_classes': 3,
 'no_cache': False,
 'num_folds': 3,
 'num_lrs': 1,
 'quiet': False,
 'save_dir': 'examples/Tmelt/fold_0',
 'save_inchi_split': False,
 'save_smiles_splits': False,
 'seed': 0,
 'separate_test_features_path': None,
 'separate_test_path': None,
 'separate_val_features_path': None,
 'separate_val_path': None,
 'show_individual_scores': False,
 'solvation': False,
 'split_sizes': [0.8, 0.1, 0.1],
 'split_type': 'random',
 'test': False,
 'test_fold_index': None,
 'undirected': False,
 'use_compound_names': False,
 'use_input_features': None,
 'val_fold_index': None,
 'warmup_epochs': 2.0}
Loading data
Number of tasks = 1
Splitting data with seed 0
Total size = 21,490 | train size = 17,192 | val size = 2,149 | test size = 2,149
Fitting scaler
Building model 0
MoleculeModel(
  (encoder): MPN(
    (encoder): MPNEncoder(
      (dropout_layer): Dropout(p=0.1, inplace=False)
      (act_func): ReLU()
      (W_i): Linear(in_features=87, out_features=100, bias=False)
      (W_h): Linear(in_features=100, out_features=100, bias=False)
      (W_o): Linear(in_features=173, out_features=100, bias=True)
    )
  )
  (ffn): Sequential(
    (0): Dropout(p=0.1, inplace=False)
    (1): Linear(in_features=102, out_features=100, bias=True)
    (2): ReLU()
    (3): Dropout(p=0.1, inplace=False)
    (4): Linear(in_features=100, out_features=100, bias=True)
    (5): ReLU()
    (6): Dropout(p=0.1, inplace=False)
    (7): Linear(in_features=100, out_features=1, bias=True)
  )
)
Number of parameters = 56,601
Epoch 0
