Fold 0
{'activation': 'ReLU',
 'atom_messages': False,
 'batch_size': 50,
 'bias': False,
 'checkpoint_dir': None,
 'checkpoint_path': None,
 'checkpoint_paths': None,
 'config_path': None,
 'crossval_index_dir': None,
 'crossval_index_file': None,
 'cuda': False,
 'data_path': 'data/solvation/compsol_H.csv',
 'dataset_type': 'regression',
 'depth': 10,
 'detailed_results': True,
 'dropout': 0.05,
 'ensemble_size': 1,
 'epochs': 100,
 'explicit_solvent_number': 2,
 'features_generator': None,
 'features_only': False,
 'features_path': None,
 'features_scaling': True,
 'ffn_hidden_size': 100,
 'ffn_num_layers': 2,
 'final_lr': 0.0001,
 'folds_file': None,
 'gpu': None,
 'hidden_size': 100,
 'init_lr': 0.0001,
 'log_frequency': 10,
 'max_data_size': None,
 'max_lr': 0.001,
 'metric': 'rmse',
 'minimize_score': True,
 'multiclass_num_classes': 3,
 'no_cache': False,
 'num_folds': 1,
 'num_lrs': 1,
 'quiet': False,
 'save_dir': 'examples/solvation_H/fold_0',
 'save_inchi_split': False,
 'save_smiles_splits': False,
 'seed': 0,
 'separate_test_features_path': None,
 'separate_test_path': None,
 'separate_val_features_path': None,
 'separate_val_path': None,
 'show_individual_scores': False,
 'solvation': True,
 'split_sizes': [0.8, 0.1, 0.1],
 'split_type': 'random',
 'test': False,
 'test_fold_index': None,
 'undirected': False,
 'use_compound_names': False,
 'use_input_features': None,
 'val_fold_index': None,
 'warmup_epochs': 2.0}
Loading data
Number of tasks = 1
Splitting data with seed 0
Total size = 2,449 | train size = 1,959 | val size = 245 | test size = 245
Fitting scaler
Building model 0
MoleculeModel(
  (encoder): MPN_solvation_attention(
    (encoder): MPNEncoder_attention(
      (dropout_layer): Dropout(p=0.05, inplace=False)
      (act_func): ReLU()
      (W_i): Linear(in_features=117, out_features=100, bias=False)
      (W_h): Linear(in_features=100, out_features=100, bias=False)
      (W_o): Linear(in_features=203, out_features=100, bias=True)
    )
    (attention): Attention(
      (sigm): Sigmoid()
      (act_func): ReLU()
      (att_1): Linear(in_features=200, out_features=200, bias=True)
      (att_2): Linear(in_features=200, out_features=1, bias=True)
    )
  )
  (ffn): Sequential(
    (0): Dropout(p=0.05, inplace=False)
    (1): Linear(in_features=400, out_features=100, bias=True)
    (2): ReLU()
    (3): Dropout(p=0.05, inplace=False)
    (4): Linear(in_features=100, out_features=1, bias=True)
  )
)
Number of parameters = 122,702
Epoch 0
Loss = 1.7978e-02, PNorm = 26.5246, GNorm = 1.9660, lr_0 = 2.1538e-04
Loss = 1.8933e-02, PNorm = 26.5277, GNorm = 2.4900, lr_0 = 3.3077e-04
Loss = 1.4241e-02, PNorm = 26.5344, GNorm = 1.7641, lr_0 = 4.4615e-04
Validation rmse = 2.233862
Epoch 1
Loss = 1.5615e-02, PNorm = 26.5478, GNorm = 6.7179, lr_0 = 5.6154e-04
Loss = 1.2277e-02, PNorm = 26.5732, GNorm = 1.7381, lr_0 = 6.7692e-04
Loss = 8.2445e-03, PNorm = 26.6064, GNorm = 1.1550, lr_0 = 7.9231e-04
Loss = 8.2984e-03, PNorm = 26.6448, GNorm = 4.2258, lr_0 = 9.0769e-04
Validation rmse = 1.653790
Epoch 2
Loss = 5.8819e-03, PNorm = 26.6769, GNorm = 2.3278, lr_0 = 9.9880e-04
Loss = 7.4945e-03, PNorm = 26.7064, GNorm = 4.4086, lr_0 = 9.9280e-04
Loss = 6.9837e-03, PNorm = 26.7383, GNorm = 4.2691, lr_0 = 9.8683e-04
Loss = 5.6570e-03, PNorm = 26.7640, GNorm = 2.2269, lr_0 = 9.8091e-04
Validation rmse = 1.451260
Epoch 3
Loss = 4.3509e-03, PNorm = 26.7907, GNorm = 1.0045, lr_0 = 9.7501e-04
Loss = 4.8510e-03, PNorm = 26.8120, GNorm = 1.5969, lr_0 = 9.6916e-04
Loss = 5.4381e-03, PNorm = 26.8435, GNorm = 1.6882, lr_0 = 9.6334e-04
Loss = 4.5269e-03, PNorm = 26.8571, GNorm = 1.3638, lr_0 = 9.5755e-04
Validation rmse = 1.448214
Epoch 4
Loss = 5.5136e-03, PNorm = 26.8770, GNorm = 3.1284, lr_0 = 9.5180e-04
Loss = 4.7592e-03, PNorm = 26.8992, GNorm = 3.0463, lr_0 = 9.4608e-04
Loss = 4.0289e-03, PNorm = 26.9139, GNorm = 1.6045, lr_0 = 9.4040e-04
Loss = 5.0312e-03, PNorm = 26.9329, GNorm = 1.4035, lr_0 = 9.3475e-04
Validation rmse = 1.524091
Epoch 5
Loss = 4.8843e-03, PNorm = 26.9500, GNorm = 2.7352, lr_0 = 9.2914e-04
Loss = 4.0691e-03, PNorm = 26.9661, GNorm = 1.3585, lr_0 = 9.2356e-04
Loss = 3.7846e-03, PNorm = 26.9867, GNorm = 1.4826, lr_0 = 9.1801e-04
Loss = 4.2798e-03, PNorm = 27.0032, GNorm = 1.3962, lr_0 = 9.1249e-04
Validation rmse = 1.412460
Epoch 6
Loss = 3.4849e-03, PNorm = 27.0217, GNorm = 0.7959, lr_0 = 9.0701e-04
Loss = 3.3284e-03, PNorm = 27.0471, GNorm = 1.4632, lr_0 = 9.0157e-04
Loss = 4.7059e-03, PNorm = 27.0614, GNorm = 1.5413, lr_0 = 8.9615e-04
Loss = 4.3967e-03, PNorm = 27.0913, GNorm = 2.1415, lr_0 = 8.9077e-04
Validation rmse = 1.437177
Epoch 7
Loss = 4.5445e-03, PNorm = 27.1217, GNorm = 1.1311, lr_0 = 8.8542e-04
Loss = 4.5059e-03, PNorm = 27.1292, GNorm = 3.3704, lr_0 = 8.8010e-04
Loss = 4.3144e-03, PNorm = 27.1546, GNorm = 1.8688, lr_0 = 8.7481e-04
Loss = 3.6092e-03, PNorm = 27.1835, GNorm = 1.2235, lr_0 = 8.6956e-04
Validation rmse = 1.483536
Epoch 8
Loss = 3.4536e-03, PNorm = 27.2074, GNorm = 1.6073, lr_0 = 8.6434e-04
Loss = 3.6925e-03, PNorm = 27.2330, GNorm = 1.9870, lr_0 = 8.5914e-04
Loss = 4.1903e-03, PNorm = 27.2490, GNorm = 1.5933, lr_0 = 8.5398e-04
Loss = 3.8801e-03, PNorm = 27.2669, GNorm = 2.4007, lr_0 = 8.4885e-04
Validation rmse = 1.401770
Epoch 9
Loss = 3.3146e-03, PNorm = 27.2897, GNorm = 1.3676, lr_0 = 8.4376e-04
Loss = 3.4545e-03, PNorm = 27.3087, GNorm = 0.7508, lr_0 = 8.3869e-04
Loss = 4.0843e-03, PNorm = 27.3295, GNorm = 0.9896, lr_0 = 8.3365e-04
Loss = 3.1243e-03, PNorm = 27.3533, GNorm = 0.7368, lr_0 = 8.2864e-04
Validation rmse = 1.387349
Epoch 10
Loss = 3.9288e-03, PNorm = 27.3723, GNorm = 1.0011, lr_0 = 8.2367e-04
Loss = 2.7333e-03, PNorm = 27.3886, GNorm = 2.3103, lr_0 = 8.1872e-04
Loss = 3.3239e-03, PNorm = 27.4067, GNorm = 0.7832, lr_0 = 8.1380e-04
Validation rmse = 1.347559
Epoch 11
Loss = 3.1239e-03, PNorm = 27.4238, GNorm = 1.5153, lr_0 = 8.0891e-04
Loss = 2.6981e-03, PNorm = 27.4431, GNorm = 1.6707, lr_0 = 8.0405e-04
Loss = 3.3811e-03, PNorm = 27.4597, GNorm = 1.2750, lr_0 = 7.9922e-04
Loss = 3.7658e-03, PNorm = 27.4830, GNorm = 2.7568, lr_0 = 7.9442e-04
Validation rmse = 1.374721
Epoch 12
Loss = 3.4154e-03, PNorm = 27.4918, GNorm = 1.7409, lr_0 = 7.8965e-04
Loss = 3.0383e-03, PNorm = 27.5077, GNorm = 1.2379, lr_0 = 7.8491e-04
Loss = 3.3216e-03, PNorm = 27.5264, GNorm = 2.1018, lr_0 = 7.8019e-04
Loss = 3.5616e-03, PNorm = 27.5493, GNorm = 1.7579, lr_0 = 7.7551e-04
Validation rmse = 1.351118
Epoch 13
Loss = 2.7634e-03, PNorm = 27.5651, GNorm = 1.1252, lr_0 = 7.7085e-04
Loss = 2.7866e-03, PNorm = 27.5845, GNorm = 0.8479, lr_0 = 7.6622e-04
Loss = 3.2963e-03, PNorm = 27.6058, GNorm = 2.1698, lr_0 = 7.6162e-04
Loss = 3.9899e-03, PNorm = 27.6273, GNorm = 1.9383, lr_0 = 7.5704e-04
Validation rmse = 1.391855
Epoch 14
Loss = 2.7375e-03, PNorm = 27.6291, GNorm = 0.6417, lr_0 = 7.5250e-04
Loss = 3.5551e-03, PNorm = 27.6492, GNorm = 1.2813, lr_0 = 7.4798e-04
Loss = 3.0073e-03, PNorm = 27.6782, GNorm = 2.3492, lr_0 = 7.4348e-04
Loss = 3.1714e-03, PNorm = 27.6970, GNorm = 1.9949, lr_0 = 7.3902e-04
Validation rmse = 1.343498
Epoch 15
Loss = 2.5888e-03, PNorm = 27.7095, GNorm = 1.2182, lr_0 = 7.3458e-04
Loss = 2.5118e-03, PNorm = 27.7208, GNorm = 1.0404, lr_0 = 7.3017e-04
Loss = 3.0040e-03, PNorm = 27.7310, GNorm = 2.0240, lr_0 = 7.2578e-04
Loss = 2.8166e-03, PNorm = 27.7480, GNorm = 1.2907, lr_0 = 7.2142e-04
Validation rmse = 1.376353
Epoch 16
Loss = 2.3477e-03, PNorm = 27.7698, GNorm = 1.8583, lr_0 = 7.1709e-04
Loss = 2.3665e-03, PNorm = 27.7887, GNorm = 0.8147, lr_0 = 7.1278e-04
Loss = 3.0711e-03, PNorm = 27.8043, GNorm = 1.1803, lr_0 = 7.0850e-04
Loss = 2.5427e-03, PNorm = 27.8093, GNorm = 1.2708, lr_0 = 7.0424e-04
Validation rmse = 1.334000
Epoch 17
Loss = 3.3629e-03, PNorm = 27.8237, GNorm = 1.2416, lr_0 = 7.0001e-04
Loss = 2.4092e-03, PNorm = 27.8418, GNorm = 0.7894, lr_0 = 6.9581e-04
Loss = 1.9962e-03, PNorm = 27.8575, GNorm = 0.6257, lr_0 = 6.9163e-04
Loss = 2.7923e-03, PNorm = 27.8656, GNorm = 0.9624, lr_0 = 6.8748e-04
Validation rmse = 1.379446
Epoch 18
Loss = 2.7440e-03, PNorm = 27.8783, GNorm = 1.2879, lr_0 = 6.8335e-04
Loss = 2.4613e-03, PNorm = 27.8940, GNorm = 1.0150, lr_0 = 6.7924e-04
Loss = 2.4575e-03, PNorm = 27.9070, GNorm = 0.9796, lr_0 = 6.7516e-04
Loss = 2.8354e-03, PNorm = 27.9184, GNorm = 0.7873, lr_0 = 6.7111e-04
Validation rmse = 1.327753
Epoch 19
Loss = 2.2299e-03, PNorm = 27.9325, GNorm = 0.8216, lr_0 = 6.6708e-04
Loss = 2.2179e-03, PNorm = 27.9419, GNorm = 1.2624, lr_0 = 6.6307e-04
Loss = 2.9272e-03, PNorm = 27.9560, GNorm = 2.2645, lr_0 = 6.5909e-04
Loss = 2.7369e-03, PNorm = 27.9719, GNorm = 0.8560, lr_0 = 6.5513e-04
Validation rmse = 1.338385
Epoch 20
Loss = 1.9353e-03, PNorm = 27.9903, GNorm = 0.9623, lr_0 = 6.5119e-04
Loss = 2.8458e-03, PNorm = 27.9999, GNorm = 2.4586, lr_0 = 6.4728e-04
Loss = 2.9739e-03, PNorm = 28.0229, GNorm = 0.9207, lr_0 = 6.4339e-04
Validation rmse = 1.318880
Epoch 21
Loss = 1.5402e-03, PNorm = 28.0386, GNorm = 0.7907, lr_0 = 6.3953e-04
Loss = 2.7390e-03, PNorm = 28.0485, GNorm = 1.1224, lr_0 = 6.3569e-04
Loss = 2.1222e-03, PNorm = 28.0691, GNorm = 1.9779, lr_0 = 6.3187e-04
Loss = 3.1032e-03, PNorm = 28.0829, GNorm = 1.1919, lr_0 = 6.2808e-04
Validation rmse = 1.326088
Epoch 22
Loss = 1.1848e-03, PNorm = 28.1052, GNorm = 1.1320, lr_0 = 6.2430e-04
Loss = 2.6367e-03, PNorm = 28.1179, GNorm = 1.6788, lr_0 = 6.2055e-04
Loss = 2.9132e-03, PNorm = 28.1262, GNorm = 1.7743, lr_0 = 6.1683e-04
Loss = 3.2539e-03, PNorm = 28.1337, GNorm = 1.3429, lr_0 = 6.1312e-04
Validation rmse = 1.327793
Epoch 23
Loss = 1.7703e-03, PNorm = 28.1566, GNorm = 1.1128, lr_0 = 6.0944e-04
Loss = 1.9037e-03, PNorm = 28.1698, GNorm = 0.7709, lr_0 = 6.0578e-04
Loss = 2.2599e-03, PNorm = 28.1792, GNorm = 0.9037, lr_0 = 6.0214e-04
Loss = 2.7608e-03, PNorm = 28.1929, GNorm = 1.0154, lr_0 = 5.9852e-04
Validation rmse = 1.324581
Epoch 24
Loss = 1.9699e-03, PNorm = 28.2125, GNorm = 0.8627, lr_0 = 5.9493e-04
Loss = 2.4931e-03, PNorm = 28.2224, GNorm = 0.7028, lr_0 = 5.9135e-04
Loss = 2.1350e-03, PNorm = 28.2384, GNorm = 1.0552, lr_0 = 5.8780e-04
Loss = 2.5337e-03, PNorm = 28.2494, GNorm = 1.9078, lr_0 = 5.8427e-04
Validation rmse = 1.264893
Epoch 25
Loss = 1.6659e-03, PNorm = 28.2601, GNorm = 0.7730, lr_0 = 5.8076e-04
Loss = 2.2924e-03, PNorm = 28.2674, GNorm = 0.6125, lr_0 = 5.7727e-04
Loss = 2.2961e-03, PNorm = 28.2856, GNorm = 1.5641, lr_0 = 5.7381e-04
Loss = 2.6679e-03, PNorm = 28.3000, GNorm = 0.7206, lr_0 = 5.7036e-04
Validation rmse = 1.346918
Epoch 26
Loss = 2.2509e-03, PNorm = 28.3101, GNorm = 1.4624, lr_0 = 5.6693e-04
Loss = 2.4102e-03, PNorm = 28.3280, GNorm = 0.7411, lr_0 = 5.6353e-04
Loss = 1.9727e-03, PNorm = 28.3355, GNorm = 1.1572, lr_0 = 5.6014e-04
Loss = 2.5581e-03, PNorm = 28.3488, GNorm = 1.1693, lr_0 = 5.5678e-04
Validation rmse = 1.301650
Epoch 27
Loss = 3.3411e-03, PNorm = 28.3610, GNorm = 0.9990, lr_0 = 5.5343e-04
Loss = 1.9431e-03, PNorm = 28.3705, GNorm = 1.0403, lr_0 = 5.5011e-04
Loss = 1.7230e-03, PNorm = 28.3837, GNorm = 0.6184, lr_0 = 5.4681e-04
Loss = 2.4998e-03, PNorm = 28.3962, GNorm = 1.0522, lr_0 = 5.4352e-04
Validation rmse = 1.261775
Epoch 28
Loss = 1.9492e-03, PNorm = 28.4057, GNorm = 1.0109, lr_0 = 5.4026e-04
Loss = 1.9041e-03, PNorm = 28.4142, GNorm = 1.1561, lr_0 = 5.3701e-04
Loss = 2.1220e-03, PNorm = 28.4319, GNorm = 0.6553, lr_0 = 5.3379e-04
Loss = 2.2304e-03, PNorm = 28.4449, GNorm = 0.8399, lr_0 = 5.3058e-04
Validation rmse = 1.301789
Epoch 29
Loss = 2.1466e-03, PNorm = 28.4559, GNorm = 1.3269, lr_0 = 5.2739e-04
Loss = 2.0493e-03, PNorm = 28.4643, GNorm = 0.9276, lr_0 = 5.2423e-04
Loss = 2.4325e-03, PNorm = 28.4771, GNorm = 0.8213, lr_0 = 5.2108e-04
Loss = 1.7956e-03, PNorm = 28.4895, GNorm = 0.8970, lr_0 = 5.1795e-04
Validation rmse = 1.290639
Epoch 30
Loss = 1.8231e-03, PNorm = 28.5030, GNorm = 1.1298, lr_0 = 5.1484e-04
Loss = 2.3541e-03, PNorm = 28.5174, GNorm = 1.5170, lr_0 = 5.1174e-04
Loss = 2.2625e-03, PNorm = 28.5317, GNorm = 1.0839, lr_0 = 5.0867e-04
Validation rmse = 1.271245
Epoch 31
Loss = 1.3992e-03, PNorm = 28.5393, GNorm = 0.6641, lr_0 = 5.0562e-04
Loss = 1.8777e-03, PNorm = 28.5528, GNorm = 0.7726, lr_0 = 5.0258e-04
Loss = 2.2042e-03, PNorm = 28.5685, GNorm = 1.0943, lr_0 = 4.9956e-04
Loss = 2.0982e-03, PNorm = 28.5816, GNorm = 1.2093, lr_0 = 4.9656e-04
Validation rmse = 1.291192
Epoch 32
Loss = 1.7441e-03, PNorm = 28.5901, GNorm = 0.7358, lr_0 = 4.9358e-04
Loss = 1.5927e-03, PNorm = 28.6050, GNorm = 0.7665, lr_0 = 4.9061e-04
Loss = 2.0216e-03, PNorm = 28.6225, GNorm = 0.8500, lr_0 = 4.8766e-04
Loss = 2.5285e-03, PNorm = 28.6328, GNorm = 1.4953, lr_0 = 4.8474e-04
Validation rmse = 1.278439
Epoch 33
Loss = 1.4996e-03, PNorm = 28.6471, GNorm = 0.6375, lr_0 = 4.8182e-04
Loss = 1.9402e-03, PNorm = 28.6569, GNorm = 0.8439, lr_0 = 4.7893e-04
Loss = 2.5813e-03, PNorm = 28.6722, GNorm = 1.3582, lr_0 = 4.7605e-04
Loss = 2.1183e-03, PNorm = 28.6838, GNorm = 1.0489, lr_0 = 4.7319e-04
Validation rmse = 1.286051
Epoch 34
Loss = 1.7569e-03, PNorm = 28.6960, GNorm = 0.7918, lr_0 = 4.7035e-04
Loss = 1.6592e-03, PNorm = 28.7058, GNorm = 0.5228, lr_0 = 4.6753e-04
Loss = 1.8966e-03, PNorm = 28.7176, GNorm = 1.3822, lr_0 = 4.6472e-04
Fold 0
{'activation': 'ReLU',
 'atom_messages': False,
 'batch_size': 50,
 'bias': False,
 'checkpoint_dir': None,
 'checkpoint_path': None,
 'checkpoint_paths': None,
 'config_path': None,
 'crossval_index_dir': None,
 'crossval_index_file': None,
 'cuda': False,
 'data_path': 'data/solvation/compsol_H.csv',
 'dataset_type': 'regression',
 'depth': 10,
 'detailed_results': True,
 'dropout': 0.05,
 'ensemble_size': 1,
 'epochs': 100,
 'explicit_solvent_number': 2,
 'features_generator': None,
 'features_only': False,
 'features_path': None,
 'features_scaling': True,
 'ffn_hidden_size': 100,
 'ffn_num_layers': 2,
 'final_lr': 0.0001,
 'folds_file': None,
 'gpu': None,
 'hidden_size': 100,
 'init_lr': 0.0001,
 'log_frequency': 10,
 'max_data_size': None,
 'max_lr': 0.001,
 'metric': 'rmse',
 'minimize_score': True,
 'multiclass_num_classes': 3,
 'no_cache': False,
 'num_folds': 1,
 'num_lrs': 1,
 'quiet': False,
 'save_dir': 'examples/solvation_H/fold_0',
 'save_inchi_split': False,
 'save_smiles_splits': False,
 'seed': 0,
 'separate_test_features_path': None,
 'separate_test_path': None,
 'separate_val_features_path': None,
 'separate_val_path': None,
 'show_individual_scores': False,
 'solvation': True,
 'split_sizes': [0.8, 0.1, 0.1],
 'split_type': 'random',
 'test': False,
 'test_fold_index': None,
 'undirected': False,
 'use_compound_names': False,
 'use_input_features': None,
 'val_fold_index': None,
 'warmup_epochs': 2.0}
Loading data
Number of tasks = 1
Splitting data with seed 0
Total size = 2,449 | train size = 1,959 | val size = 245 | test size = 245
Fitting scaler
Building model 0
MoleculeModel(
  (encoder): MPN_solvation(
    (encoder_solute): MPNEncoder(
      (dropout_layer): Dropout(p=0.05, inplace=False)
      (act_func): ReLU()
      (W_i): Linear(in_features=117, out_features=100, bias=False)
      (W_h): Linear(in_features=100, out_features=100, bias=False)
      (W_o): Linear(in_features=203, out_features=100, bias=True)
    )
    (encoder_solvent): MPNEncoder(
      (dropout_layer): Dropout(p=0.05, inplace=False)
      (act_func): ReLU()
      (W_i): Linear(in_features=117, out_features=100, bias=False)
      (W_h): Linear(in_features=100, out_features=100, bias=False)
      (W_o): Linear(in_features=203, out_features=100, bias=True)
    )
  )
  (ffn): Sequential(
    (0): Dropout(p=0.05, inplace=False)
    (1): Linear(in_features=200, out_features=100, bias=True)
    (2): ReLU()
    (3): Dropout(p=0.05, inplace=False)
    (4): Linear(in_features=100, out_features=1, bias=True)
  )
)
Number of parameters = 104,401
Epoch 0
Loss = 1.9809e-02, PNorm = 28.6291, GNorm = 1.5537, lr_0 = 2.1538e-04
Loss = 1.9815e-02, PNorm = 28.6307, GNorm = 2.1224, lr_0 = 3.3077e-04
Loss = 1.4019e-02, PNorm = 28.6355, GNorm = 2.5925, lr_0 = 4.4615e-04
Validation rmse = 2.193666
Epoch 1
Loss = 1.4863e-02, PNorm = 28.6413, GNorm = 3.7836, lr_0 = 5.6154e-04
Loss = 1.2905e-02, PNorm = 28.6542, GNorm = 2.8360, lr_0 = 6.7692e-04
Loss = 8.8128e-03, PNorm = 28.6695, GNorm = 1.8816, lr_0 = 7.9231e-04
Loss = 8.8442e-03, PNorm = 28.6917, GNorm = 1.9662, lr_0 = 9.0769e-04
Validation rmse = 1.707192
Epoch 2
Loss = 7.7808e-03, PNorm = 28.7198, GNorm = 4.4833, lr_0 = 9.9880e-04
Loss = 7.0999e-03, PNorm = 28.7441, GNorm = 2.0453, lr_0 = 9.9280e-04
Loss = 6.1723e-03, PNorm = 28.7706, GNorm = 2.3050, lr_0 = 9.8683e-04
Loss = 5.5541e-03, PNorm = 28.7916, GNorm = 3.0560, lr_0 = 9.8091e-04
Validation rmse = 1.515753
Epoch 3
Loss = 4.5913e-03, PNorm = 28.8065, GNorm = 1.3734, lr_0 = 9.7501e-04
Loss = 5.4258e-03, PNorm = 28.8215, GNorm = 1.7572, lr_0 = 9.6916e-04
Loss = 5.7981e-03, PNorm = 28.8422, GNorm = 2.3775, lr_0 = 9.6334e-04
Loss = 4.3581e-03, PNorm = 28.8591, GNorm = 1.5287, lr_0 = 9.5755e-04
Validation rmse = 1.417218
Epoch 4
Loss = 5.5061e-03, PNorm = 28.8708, GNorm = 1.7795, lr_0 = 9.5180e-04
Loss = 4.5310e-03, PNorm = 28.8841, GNorm = 1.8883, lr_0 = 9.4608e-04
Loss = 4.4971e-03, PNorm = 28.8934, GNorm = 2.9472, lr_0 = 9.4040e-04
Loss = 5.2148e-03, PNorm = 28.9036, GNorm = 1.5773, lr_0 = 9.3475e-04
Validation rmse = 1.514529
Epoch 5
Loss = 5.3433e-03, PNorm = 28.9107, GNorm = 4.5492, lr_0 = 9.2914e-04
Loss = 4.0626e-03, PNorm = 28.9225, GNorm = 1.4636, lr_0 = 9.2356e-04
Loss = 3.7989e-03, PNorm = 28.9382, GNorm = 1.1818, lr_0 = 9.1801e-04
Loss = 4.5685e-03, PNorm = 28.9541, GNorm = 1.4950, lr_0 = 9.1249e-04
Validation rmse = 1.438865
Epoch 6
Loss = 3.4662e-03, PNorm = 28.9639, GNorm = 0.9286, lr_0 = 9.0701e-04
Loss = 3.2619e-03, PNorm = 28.9736, GNorm = 2.6860, lr_0 = 9.0157e-04
Loss = 4.6903e-03, PNorm = 28.9818, GNorm = 1.2317, lr_0 = 8.9615e-04
Loss = 4.0257e-03, PNorm = 29.0050, GNorm = 0.8076, lr_0 = 8.9077e-04
Validation rmse = 1.421612
Epoch 7
Loss = 4.2431e-03, PNorm = 29.0170, GNorm = 1.3253, lr_0 = 8.8542e-04
Loss = 4.4572e-03, PNorm = 29.0295, GNorm = 2.8394, lr_0 = 8.8010e-04
Loss = 4.2116e-03, PNorm = 29.0433, GNorm = 1.6220, lr_0 = 8.7481e-04
Loss = 3.4235e-03, PNorm = 29.0576, GNorm = 2.3783, lr_0 = 8.6956e-04
Validation rmse = 1.448413
Epoch 8
Loss = 2.8912e-03, PNorm = 29.0743, GNorm = 0.8724, lr_0 = 8.6434e-04
Loss = 4.0009e-03, PNorm = 29.0911, GNorm = 1.6603, lr_0 = 8.5914e-04
Loss = 4.3781e-03, PNorm = 29.1079, GNorm = 2.9864, lr_0 = 8.5398e-04
Loss = 3.8747e-03, PNorm = 29.1209, GNorm = 1.7895, lr_0 = 8.4885e-04
Validation rmse = 1.449233
Epoch 9
Loss = 3.4291e-03, PNorm = 29.1348, GNorm = 1.2821, lr_0 = 8.4376e-04
Loss = 3.3688e-03, PNorm = 29.1458, GNorm = 1.4018, lr_0 = 8.3869e-04
Loss = 4.2211e-03, PNorm = 29.1568, GNorm = 2.1227, lr_0 = 8.3365e-04
Loss = 3.0710e-03, PNorm = 29.1745, GNorm = 0.9470, lr_0 = 8.2864e-04
Validation rmse = 1.457532
Epoch 10
Loss = 4.0067e-03, PNorm = 29.1814, GNorm = 1.1138, lr_0 = 8.2367e-04
Loss = 2.5060e-03, PNorm = 29.1924, GNorm = 2.5512, lr_0 = 8.1872e-04
Loss = 3.1723e-03, PNorm = 29.2030, GNorm = 1.1336, lr_0 = 8.1380e-04
Validation rmse = 1.381022
Epoch 11
Loss = 2.7736e-03, PNorm = 29.2174, GNorm = 2.1108, lr_0 = 8.0891e-04
Loss = 2.6573e-03, PNorm = 29.2261, GNorm = 1.9968, lr_0 = 8.0405e-04
Loss = 3.5809e-03, PNorm = 29.2430, GNorm = 1.6757, lr_0 = 7.9922e-04
Loss = 3.4007e-03, PNorm = 29.2575, GNorm = 3.0889, lr_0 = 7.9442e-04
Validation rmse = 1.409136
Epoch 12
Loss = 2.8459e-03, PNorm = 29.2658, GNorm = 0.8977, lr_0 = 7.8965e-04
Loss = 3.3779e-03, PNorm = 29.2767, GNorm = 2.0385, lr_0 = 7.8491e-04
Loss = 3.2140e-03, PNorm = 29.2890, GNorm = 1.8362, lr_0 = 7.8019e-04
Loss = 3.4107e-03, PNorm = 29.3055, GNorm = 1.2008, lr_0 = 7.7551e-04
Validation rmse = 1.383545
Epoch 13
Loss = 3.4733e-03, PNorm = 29.3152, GNorm = 3.3904, lr_0 = 7.7085e-04
Loss = 2.8656e-03, PNorm = 29.3286, GNorm = 0.7761, lr_0 = 7.6622e-04
Loss = 2.9669e-03, PNorm = 29.3399, GNorm = 1.1837, lr_0 = 7.6162e-04
Loss = 3.2266e-03, PNorm = 29.3472, GNorm = 1.0386, lr_0 = 7.5704e-04
Validation rmse = 1.359021
Epoch 14
Loss = 2.4743e-03, PNorm = 29.3599, GNorm = 1.1744, lr_0 = 7.5250e-04
Loss = 2.8585e-03, PNorm = 29.3693, GNorm = 1.4202, lr_0 = 7.4798e-04
Loss = 3.0464e-03, PNorm = 29.3818, GNorm = 0.7999, lr_0 = 7.4348e-04
Loss = 2.8549e-03, PNorm = 29.3945, GNorm = 1.4289, lr_0 = 7.3902e-04
Validation rmse = 1.359727
Epoch 15
Loss = 2.2618e-03, PNorm = 29.4024, GNorm = 0.7837, lr_0 = 7.3458e-04
Loss = 2.2971e-03, PNorm = 29.4066, GNorm = 1.0739, lr_0 = 7.3017e-04
Loss = 3.0067e-03, PNorm = 29.4129, GNorm = 1.6535, lr_0 = 7.2578e-04
Loss = 2.5345e-03, PNorm = 29.4270, GNorm = 0.9443, lr_0 = 7.2142e-04
Validation rmse = 1.376735
Epoch 16
Loss = 2.0570e-03, PNorm = 29.4375, GNorm = 2.1055, lr_0 = 7.1709e-04
Loss = 2.1794e-03, PNorm = 29.4476, GNorm = 0.7936, lr_0 = 7.1278e-04
Loss = 3.3141e-03, PNorm = 29.4558, GNorm = 1.1138, lr_0 = 7.0850e-04
Loss = 2.8144e-03, PNorm = 29.4615, GNorm = 1.4350, lr_0 = 7.0424e-04
Validation rmse = 1.347753
Epoch 17
Loss = 3.1946e-03, PNorm = 29.4727, GNorm = 0.8788, lr_0 = 7.0001e-04
Loss = 2.6404e-03, PNorm = 29.4844, GNorm = 1.6523, lr_0 = 6.9581e-04
Loss = 2.1528e-03, PNorm = 29.4972, GNorm = 1.1780, lr_0 = 6.9163e-04
Loss = 2.7210e-03, PNorm = 29.5074, GNorm = 0.6026, lr_0 = 6.8748e-04
Validation rmse = 1.347664
Epoch 18
Loss = 2.8894e-03, PNorm = 29.5162, GNorm = 0.9791, lr_0 = 6.8335e-04
Loss = 2.5107e-03, PNorm = 29.5266, GNorm = 1.4877, lr_0 = 6.7924e-04
Loss = 2.4330e-03, PNorm = 29.5345, GNorm = 1.8142, lr_0 = 6.7516e-04
Loss = 2.9699e-03, PNorm = 29.5460, GNorm = 1.2007, lr_0 = 6.7111e-04
Validation rmse = 1.348638
Epoch 19
Loss = 2.1524e-03, PNorm = 29.5561, GNorm = 1.2397, lr_0 = 6.6708e-04
Loss = 2.2020e-03, PNorm = 29.5619, GNorm = 0.6396, lr_0 = 6.6307e-04
Loss = 3.1027e-03, PNorm = 29.5706, GNorm = 2.6355, lr_0 = 6.5909e-04
Loss = 2.8155e-03, PNorm = 29.5830, GNorm = 1.0090, lr_0 = 6.5513e-04
Validation rmse = 1.371201
Epoch 20
Loss = 2.1180e-03, PNorm = 29.5947, GNorm = 0.8358, lr_0 = 6.5119e-04
Loss = 2.6315e-03, PNorm = 29.6051, GNorm = 2.5237, lr_0 = 6.4728e-04
Loss = 2.7235e-03, PNorm = 29.6194, GNorm = 0.9677, lr_0 = 6.4339e-04
Validation rmse = 1.365046
Epoch 21
Loss = 1.2694e-03, PNorm = 29.6308, GNorm = 1.1393, lr_0 = 6.3953e-04
Loss = 2.4915e-03, PNorm = 29.6406, GNorm = 1.6640, lr_0 = 6.3569e-04
Loss = 2.0082e-03, PNorm = 29.6529, GNorm = 2.0853, lr_0 = 6.3187e-04
Loss = 3.1820e-03, PNorm = 29.6605, GNorm = 0.8635, lr_0 = 6.2808e-04
Validation rmse = 1.334190
Epoch 22
Loss = 1.0258e-03, PNorm = 29.6711, GNorm = 0.5379, lr_0 = 6.2430e-04
Loss = 2.4800e-03, PNorm = 29.6799, GNorm = 1.7084, lr_0 = 6.2055e-04
Loss = 2.8455e-03, PNorm = 29.6916, GNorm = 2.7132, lr_0 = 6.1683e-04
Loss = 3.2918e-03, PNorm = 29.7013, GNorm = 1.6678, lr_0 = 6.1312e-04
Validation rmse = 1.336165
Epoch 23
Loss = 1.4704e-03, PNorm = 29.7089, GNorm = 0.8085, lr_0 = 6.0944e-04
Loss = 1.8483e-03, PNorm = 29.7187, GNorm = 0.7759, lr_0 = 6.0578e-04
Loss = 2.3512e-03, PNorm = 29.7264, GNorm = 0.8094, lr_0 = 6.0214e-04
Loss = 2.6902e-03, PNorm = 29.7344, GNorm = 0.7375, lr_0 = 5.9852e-04
Validation rmse = 1.319123
Epoch 24
Loss = 2.1550e-03, PNorm = 29.7483, GNorm = 1.5133, lr_0 = 5.9493e-04
Loss = 2.4251e-03, PNorm = 29.7581, GNorm = 0.6038, lr_0 = 5.9135e-04
Loss = 2.1002e-03, PNorm = 29.7676, GNorm = 1.2656, lr_0 = 5.8780e-04
Loss = 2.5931e-03, PNorm = 29.7774, GNorm = 1.2532, lr_0 = 5.8427e-04
Validation rmse = 1.288773
Epoch 25
Loss = 1.9071e-03, PNorm = 29.7877, GNorm = 1.2674, lr_0 = 5.8076e-04
Loss = 2.1508e-03, PNorm = 29.7979, GNorm = 1.2295, lr_0 = 5.7727e-04
Loss = 2.3277e-03, PNorm = 29.8082, GNorm = 1.6694, lr_0 = 5.7381e-04
Loss = 2.7383e-03, PNorm = 29.8162, GNorm = 0.7730, lr_0 = 5.7036e-04
Validation rmse = 1.319731
Epoch 26
Loss = 2.3491e-03, PNorm = 29.8274, GNorm = 1.5821, lr_0 = 5.6693e-04
Loss = 2.3654e-03, PNorm = 29.8359, GNorm = 1.2041, lr_0 = 5.6353e-04
Loss = 1.9518e-03, PNorm = 29.8431, GNorm = 0.9816, lr_0 = 5.6014e-04
Loss = 2.6410e-03, PNorm = 29.8519, GNorm = 1.0970, lr_0 = 5.5678e-04
Validation rmse = 1.290245
Epoch 27
Loss = 3.3111e-03, PNorm = 29.8653, GNorm = 1.4401, lr_0 = 5.5343e-04
Loss = 2.1173e-03, PNorm = 29.8750, GNorm = 0.7624, lr_0 = 5.5011e-04
Loss = 1.6041e-03, PNorm = 29.8827, GNorm = 1.2104, lr_0 = 5.4681e-04
Loss = 2.4062e-03, PNorm = 29.8941, GNorm = 1.2596, lr_0 = 5.4352e-04
Validation rmse = 1.301401
Epoch 28
Loss = 1.8202e-03, PNorm = 29.9064, GNorm = 1.6084, lr_0 = 5.4026e-04
Loss = 2.0350e-03, PNorm = 29.9140, GNorm = 1.7713, lr_0 = 5.3701e-04
Loss = 2.2061e-03, PNorm = 29.9242, GNorm = 0.5393, lr_0 = 5.3379e-04
Loss = 2.3150e-03, PNorm = 29.9333, GNorm = 1.2474, lr_0 = 5.3058e-04
Validation rmse = 1.276979
Epoch 29
Loss = 1.9118e-03, PNorm = 29.9413, GNorm = 0.8353, lr_0 = 5.2739e-04
Loss = 2.1436e-03, PNorm = 29.9493, GNorm = 0.9090, lr_0 = 5.2423e-04
Loss = 2.3652e-03, PNorm = 29.9590, GNorm = 0.8579, lr_0 = 5.2108e-04
Loss = 1.8775e-03, PNorm = 29.9695, GNorm = 0.9847, lr_0 = 5.1795e-04
Validation rmse = 1.306164
Epoch 30
Loss = 1.8191e-03, PNorm = 29.9798, GNorm = 1.2166, lr_0 = 5.1484e-04
Loss = 2.3098e-03, PNorm = 29.9856, GNorm = 1.1035, lr_0 = 5.1174e-04
Loss = 2.3081e-03, PNorm = 29.9934, GNorm = 0.9103, lr_0 = 5.0867e-04
Validation rmse = 1.328069
Epoch 31
Loss = 1.6551e-03, PNorm = 30.0022, GNorm = 1.0704, lr_0 = 5.0562e-04
Loss = 1.8869e-03, PNorm = 30.0107, GNorm = 0.9291, lr_0 = 5.0258e-04
Loss = 1.9765e-03, PNorm = 30.0184, GNorm = 0.7462, lr_0 = 4.9956e-04
Loss = 1.8874e-03, PNorm = 30.0292, GNorm = 0.9858, lr_0 = 4.9656e-04
Validation rmse = 1.301293
Epoch 32
Loss = 2.0336e-03, PNorm = 30.0371, GNorm = 0.6558, lr_0 = 4.9358e-04
Loss = 1.9313e-03, PNorm = 30.0462, GNorm = 1.6441, lr_0 = 4.9061e-04
Loss = 2.0995e-03, PNorm = 30.0566, GNorm = 0.7226, lr_0 = 4.8766e-04
Loss = 2.2282e-03, PNorm = 30.0595, GNorm = 1.7161, lr_0 = 4.8474e-04
Validation rmse = 1.321322
Epoch 33
Loss = 1.5568e-03, PNorm = 30.0677, GNorm = 0.7440, lr_0 = 4.8182e-04
Loss = 1.9055e-03, PNorm = 30.0766, GNorm = 0.6365, lr_0 = 4.7893e-04
Loss = 2.4672e-03, PNorm = 30.0855, GNorm = 1.1298, lr_0 = 4.7605e-04
Loss = 2.1311e-03, PNorm = 30.0966, GNorm = 0.7670, lr_0 = 4.7319e-04
Validation rmse = 1.292542
Epoch 34
Loss = 1.9821e-03, PNorm = 30.1044, GNorm = 1.0452, lr_0 = 4.7035e-04
Loss = 1.6004e-03, PNorm = 30.1124, GNorm = 0.4045, lr_0 = 4.6753e-04
Loss = 1.7773e-03, PNorm = 30.1200, GNorm = 1.2228, lr_0 = 4.6472e-04
Loss = 1.7391e-03, PNorm = 30.1254, GNorm = 1.1757, lr_0 = 4.6193e-04
Validation rmse = 1.291434
Epoch 35
Loss = 1.2515e-03, PNorm = 30.1334, GNorm = 0.6546, lr_0 = 4.5915e-04
Loss = 2.2220e-03, PNorm = 30.1419, GNorm = 1.1713, lr_0 = 4.5639e-04
Loss = 1.8753e-03, PNorm = 30.1518, GNorm = 0.7622, lr_0 = 4.5365e-04
Loss = 2.3666e-03, PNorm = 30.1598, GNorm = 1.2103, lr_0 = 4.5093e-04
Validation rmse = 1.297526
Epoch 36
Loss = 2.0187e-03, PNorm = 30.1661, GNorm = 1.1560, lr_0 = 4.4822e-04
Loss = 1.6194e-03, PNorm = 30.1755, GNorm = 0.5140, lr_0 = 4.4553e-04
Loss = 2.0088e-03, PNorm = 30.1827, GNorm = 1.5241, lr_0 = 4.4285e-04
Loss = 2.1011e-03, PNorm = 30.1956, GNorm = 0.7929, lr_0 = 4.4019e-04
Validation rmse = 1.350594
Epoch 37
Loss = 2.3454e-03, PNorm = 30.1995, GNorm = 1.7004, lr_0 = 4.3755e-04
Loss = 1.9067e-03, PNorm = 30.2078, GNorm = 0.5676, lr_0 = 4.3492e-04
Loss = 1.7711e-03, PNorm = 30.2178, GNorm = 0.5191, lr_0 = 4.3231e-04
Loss = 1.6494e-03, PNorm = 30.2267, GNorm = 1.0480, lr_0 = 4.2971e-04
Validation rmse = 1.283258
Epoch 38
Loss = 1.9295e-03, PNorm = 30.2304, GNorm = 0.9111, lr_0 = 4.2713e-04
Loss = 2.2312e-03, PNorm = 30.2389, GNorm = 1.1845, lr_0 = 4.2456e-04
Loss = 1.6351e-03, PNorm = 30.2488, GNorm = 1.0320, lr_0 = 4.2201e-04
Loss = 1.4902e-03, PNorm = 30.2558, GNorm = 0.9541, lr_0 = 4.1948e-04
Validation rmse = 1.318298
Epoch 39
Loss = 1.5126e-03, PNorm = 30.2623, GNorm = 0.8132, lr_0 = 4.1696e-04
Loss = 2.1511e-03, PNorm = 30.2707, GNorm = 1.2119, lr_0 = 4.1446e-04
Loss = 2.0010e-03, PNorm = 30.2786, GNorm = 1.8443, lr_0 = 4.1197e-04
Loss = 1.9093e-03, PNorm = 30.2829, GNorm = 0.7822, lr_0 = 4.0949e-04
Validation rmse = 1.303150
Epoch 40
Loss = 2.0458e-03, PNorm = 30.2914, GNorm = 0.9454, lr_0 = 4.0703e-04
Loss = 1.8914e-03, PNorm = 30.2976, GNorm = 0.8535, lr_0 = 4.0459e-04
Loss = 1.6176e-03, PNorm = 30.3058, GNorm = 0.5956, lr_0 = 4.0216e-04
Validation rmse = 1.318393
Epoch 41
Loss = 1.3820e-03, PNorm = 30.3138, GNorm = 0.6439, lr_0 = 3.9974e-04
Loss = 1.4028e-03, PNorm = 30.3173, GNorm = 0.5581, lr_0 = 3.9734e-04
Loss = 1.8757e-03, PNorm = 30.3225, GNorm = 0.9742, lr_0 = 3.9495e-04
Loss = 1.8845e-03, PNorm = 30.3312, GNorm = 1.8053, lr_0 = 3.9258e-04
Validation rmse = 1.303224
Epoch 42
Loss = 1.7841e-03, PNorm = 30.3376, GNorm = 0.8112, lr_0 = 3.9022e-04
Loss = 1.7183e-03, PNorm = 30.3449, GNorm = 0.4568, lr_0 = 3.8788e-04
Loss = 1.6659e-03, PNorm = 30.3494, GNorm = 0.5552, lr_0 = 3.8555e-04
Loss = 1.8642e-03, PNorm = 30.3556, GNorm = 0.8762, lr_0 = 3.8323e-04
Validation rmse = 1.312975
Epoch 43
Loss = 1.8877e-03, PNorm = 30.3647, GNorm = 0.9656, lr_0 = 3.8093e-04
Loss = 2.1012e-03, PNorm = 30.3729, GNorm = 0.8960, lr_0 = 3.7864e-04
Loss = 1.6285e-03, PNorm = 30.3831, GNorm = 1.2801, lr_0 = 3.7637e-04
Loss = 2.1889e-03, PNorm = 30.3895, GNorm = 1.0877, lr_0 = 3.7411e-04
Validation rmse = 1.283544
Epoch 44
Loss = 1.3711e-03, PNorm = 30.3935, GNorm = 0.9831, lr_0 = 3.7186e-04
Loss = 1.8903e-03, PNorm = 30.3994, GNorm = 0.8522, lr_0 = 3.6963e-04
Loss = 2.3464e-03, PNorm = 30.4047, GNorm = 1.4566, lr_0 = 3.6741e-04
Loss = 1.5365e-03, PNorm = 30.4117, GNorm = 0.9433, lr_0 = 3.6520e-04
Validation rmse = 1.261572
Epoch 45
Loss = 1.2648e-03, PNorm = 30.4164, GNorm = 0.7423, lr_0 = 3.6301e-04
Loss = 1.7948e-03, PNorm = 30.4225, GNorm = 1.1642, lr_0 = 3.6083e-04
Loss = 2.0977e-03, PNorm = 30.4313, GNorm = 1.3161, lr_0 = 3.5866e-04
Loss = 1.5148e-03, PNorm = 30.4358, GNorm = 0.5705, lr_0 = 3.5651e-04
Validation rmse = 1.300873
Epoch 46
Loss = 1.3668e-03, PNorm = 30.4416, GNorm = 0.4041, lr_0 = 3.5436e-04
Loss = 1.8571e-03, PNorm = 30.4477, GNorm = 0.9237, lr_0 = 3.5224e-04
Loss = 1.8438e-03, PNorm = 30.4510, GNorm = 0.8742, lr_0 = 3.5012e-04
Loss = 1.6230e-03, PNorm = 30.4535, GNorm = 0.8027, lr_0 = 3.4802e-04
Validation rmse = 1.261632
Epoch 47
Loss = 1.7458e-03, PNorm = 30.4610, GNorm = 1.0470, lr_0 = 3.4593e-04
Loss = 1.8360e-03, PNorm = 30.4681, GNorm = 1.0800, lr_0 = 3.4385e-04
Loss = 1.6857e-03, PNorm = 30.4744, GNorm = 0.9282, lr_0 = 3.4178e-04
Loss = 1.5012e-03, PNorm = 30.4779, GNorm = 0.6680, lr_0 = 3.3973e-04
Validation rmse = 1.294000
Epoch 48
Loss = 1.5929e-03, PNorm = 30.4857, GNorm = 0.9172, lr_0 = 3.3769e-04
Loss = 1.5913e-03, PNorm = 30.4915, GNorm = 0.7970, lr_0 = 3.3566e-04
Loss = 1.8468e-03, PNorm = 30.4956, GNorm = 2.0215, lr_0 = 3.3365e-04
Loss = 1.7489e-03, PNorm = 30.4992, GNorm = 0.5131, lr_0 = 3.3164e-04
Validation rmse = 1.277310
Epoch 49
Loss = 1.5453e-03, PNorm = 30.5042, GNorm = 0.8075, lr_0 = 3.2965e-04
Loss = 1.6043e-03, PNorm = 30.5085, GNorm = 0.7639, lr_0 = 3.2767e-04
Loss = 1.5527e-03, PNorm = 30.5140, GNorm = 0.5182, lr_0 = 3.2570e-04
Loss = 1.8524e-03, PNorm = 30.5167, GNorm = 0.7212, lr_0 = 3.2375e-04
Validation rmse = 1.274167
Epoch 50
Loss = 1.4107e-03, PNorm = 30.5249, GNorm = 0.8553, lr_0 = 3.2180e-04
Loss = 1.5548e-03, PNorm = 30.5319, GNorm = 2.2999, lr_0 = 3.1987e-04
Loss = 2.0359e-03, PNorm = 30.5350, GNorm = 0.7493, lr_0 = 3.1795e-04
Validation rmse = 1.284356
Epoch 51
Loss = 2.5425e-03, PNorm = 30.5381, GNorm = 1.0066, lr_0 = 3.1604e-04
Loss = 1.5448e-03, PNorm = 30.5451, GNorm = 0.9759, lr_0 = 3.1414e-04
Loss = 2.2330e-03, PNorm = 30.5528, GNorm = 0.6670, lr_0 = 3.1225e-04
Loss = 1.4137e-03, PNorm = 30.5572, GNorm = 0.7540, lr_0 = 3.1038e-04
Validation rmse = 1.269309
Epoch 52
Loss = 1.9446e-03, PNorm = 30.5602, GNorm = 2.5707, lr_0 = 3.0851e-04
Loss = 1.4762e-03, PNorm = 30.5646, GNorm = 0.9099, lr_0 = 3.0666e-04
Loss = 1.7998e-03, PNorm = 30.5712, GNorm = 0.8690, lr_0 = 3.0482e-04
Loss = 1.4284e-03, PNorm = 30.5768, GNorm = 0.8673, lr_0 = 3.0299e-04
Validation rmse = 1.266946
Epoch 53
Loss = 1.6691e-03, PNorm = 30.5820, GNorm = 0.6273, lr_0 = 3.0117e-04
Loss = 1.7751e-03, PNorm = 30.5865, GNorm = 0.8262, lr_0 = 2.9936e-04
Loss = 1.4997e-03, PNorm = 30.5903, GNorm = 0.4672, lr_0 = 2.9756e-04
Loss = 1.5921e-03, PNorm = 30.5952, GNorm = 2.4324, lr_0 = 2.9577e-04
Validation rmse = 1.258183
Epoch 54
Loss = 1.6096e-03, PNorm = 30.6010, GNorm = 1.9277, lr_0 = 2.9400e-04
Loss = 2.1700e-03, PNorm = 30.6049, GNorm = 1.8132, lr_0 = 2.9223e-04
Loss = 1.6352e-03, PNorm = 30.6107, GNorm = 0.6996, lr_0 = 2.9047e-04
Loss = 1.4201e-03, PNorm = 30.6152, GNorm = 0.8139, lr_0 = 2.8873e-04
Validation rmse = 1.260790
Epoch 55
Loss = 1.3369e-03, PNorm = 30.6196, GNorm = 1.8377, lr_0 = 2.8700e-04
Loss = 1.7982e-03, PNorm = 30.6260, GNorm = 1.0138, lr_0 = 2.8527e-04
Loss = 1.6099e-03, PNorm = 30.6302, GNorm = 0.9452, lr_0 = 2.8356e-04
Loss = 1.4963e-03, PNorm = 30.6342, GNorm = 0.6863, lr_0 = 2.8186e-04
Validation rmse = 1.293999
Epoch 56
Loss = 1.9770e-03, PNorm = 30.6391, GNorm = 0.6033, lr_0 = 2.8016e-04
Loss = 1.3098e-03, PNorm = 30.6439, GNorm = 0.8812, lr_0 = 2.7848e-04
Loss = 1.7553e-03, PNorm = 30.6474, GNorm = 0.8866, lr_0 = 2.7681e-04
Loss = 1.5119e-03, PNorm = 30.6543, GNorm = 0.9691, lr_0 = 2.7514e-04
Validation rmse = 1.272444
Epoch 57
Loss = 1.6749e-03, PNorm = 30.6568, GNorm = 0.5355, lr_0 = 2.7349e-04
Loss = 1.5437e-03, PNorm = 30.6608, GNorm = 0.5845, lr_0 = 2.7185e-04
Loss = 1.5603e-03, PNorm = 30.6650, GNorm = 1.2941, lr_0 = 2.7022e-04
Loss = 1.3475e-03, PNorm = 30.6702, GNorm = 0.4898, lr_0 = 2.6859e-04
Validation rmse = 1.262876
Epoch 58
Loss = 1.5377e-03, PNorm = 30.6739, GNorm = 1.4687, lr_0 = 2.6698e-04
Loss = 1.7355e-03, PNorm = 30.6761, GNorm = 0.5450, lr_0 = 2.6538e-04
Loss = 1.4433e-03, PNorm = 30.6812, GNorm = 2.0440, lr_0 = 2.6378e-04
Loss = 1.4873e-03, PNorm = 30.6829, GNorm = 0.6689, lr_0 = 2.6220e-04
Validation rmse = 1.286929
Epoch 59
Loss = 1.6691e-03, PNorm = 30.6874, GNorm = 0.5752, lr_0 = 2.6062e-04
Loss = 1.2712e-03, PNorm = 30.6923, GNorm = 0.6188, lr_0 = 2.5906e-04
Loss = 1.7400e-03, PNorm = 30.6946, GNorm = 0.4858, lr_0 = 2.5750e-04
Loss = 1.3405e-03, PNorm = 30.6987, GNorm = 0.8122, lr_0 = 2.5595e-04
Validation rmse = 1.276802
Epoch 60
Loss = 1.4664e-03, PNorm = 30.7015, GNorm = 1.1589, lr_0 = 2.5442e-04
Loss = 1.3594e-03, PNorm = 30.7037, GNorm = 0.4597, lr_0 = 2.5289e-04
Loss = 1.4615e-03, PNorm = 30.7079, GNorm = 1.6127, lr_0 = 2.5137e-04
Validation rmse = 1.258881
Epoch 61
Loss = 1.7614e-03, PNorm = 30.7123, GNorm = 0.6482, lr_0 = 2.4986e-04
Loss = 1.2813e-03, PNorm = 30.7150, GNorm = 0.5802, lr_0 = 2.4836e-04
Loss = 1.5062e-03, PNorm = 30.7201, GNorm = 1.0551, lr_0 = 2.4687e-04
Loss = 1.3362e-03, PNorm = 30.7253, GNorm = 1.0037, lr_0 = 2.4539e-04
Validation rmse = 1.274804
Epoch 62
Loss = 1.5488e-03, PNorm = 30.7279, GNorm = 1.0701, lr_0 = 2.4391e-04
Loss = 1.2315e-03, PNorm = 30.7316, GNorm = 0.6059, lr_0 = 2.4245e-04
Loss = 1.3349e-03, PNorm = 30.7373, GNorm = 1.7902, lr_0 = 2.4099e-04
Loss = 1.8136e-03, PNorm = 30.7408, GNorm = 0.5762, lr_0 = 2.3954e-04
Validation rmse = 1.303279
Epoch 63
Loss = 1.3400e-03, PNorm = 30.7427, GNorm = 1.7479, lr_0 = 2.3810e-04
Loss = 1.6124e-03, PNorm = 30.7460, GNorm = 0.5440, lr_0 = 2.3667e-04
Loss = 1.6446e-03, PNorm = 30.7496, GNorm = 1.1057, lr_0 = 2.3525e-04
Loss = 1.4070e-03, PNorm = 30.7548, GNorm = 0.6828, lr_0 = 2.3384e-04
Validation rmse = 1.282258
Epoch 64
Loss = 1.9647e-03, PNorm = 30.7586, GNorm = 0.7732, lr_0 = 2.3243e-04
Loss = 1.3026e-03, PNorm = 30.7620, GNorm = 1.0174, lr_0 = 2.3104e-04
Loss = 1.4336e-03, PNorm = 30.7664, GNorm = 1.0146, lr_0 = 2.2965e-04
Loss = 1.4491e-03, PNorm = 30.7695, GNorm = 1.1548, lr_0 = 2.2827e-04
Validation rmse = 1.292689
Epoch 65
Loss = 1.1176e-03, PNorm = 30.7716, GNorm = 0.9874, lr_0 = 2.2690e-04
Loss = 1.2885e-03, PNorm = 30.7747, GNorm = 1.4160, lr_0 = 2.2554e-04
Loss = 1.4493e-03, PNorm = 30.7781, GNorm = 0.5355, lr_0 = 2.2418e-04
Loss = 1.6970e-03, PNorm = 30.7806, GNorm = 0.7977, lr_0 = 2.2284e-04
Validation rmse = 1.285185
Epoch 66
Loss = 1.5289e-03, PNorm = 30.7847, GNorm = 0.8573, lr_0 = 2.2150e-04
Loss = 1.4456e-03, PNorm = 30.7903, GNorm = 1.7498, lr_0 = 2.2017e-04
Loss = 1.4774e-03, PNorm = 30.7937, GNorm = 0.8048, lr_0 = 2.1884e-04
Loss = 1.4143e-03, PNorm = 30.7963, GNorm = 1.1258, lr_0 = 2.1753e-04
Validation rmse = 1.246151
Epoch 67
Loss = 1.1071e-03, PNorm = 30.8017, GNorm = 0.5884, lr_0 = 2.1622e-04
Loss = 1.6865e-03, PNorm = 30.8068, GNorm = 1.0706, lr_0 = 2.1492e-04
Loss = 1.2985e-03, PNorm = 30.8090, GNorm = 0.7207, lr_0 = 2.1363e-04
Loss = 1.2433e-03, PNorm = 30.8102, GNorm = 0.9246, lr_0 = 2.1235e-04
Validation rmse = 1.263990
Epoch 68
Loss = 1.4075e-03, PNorm = 30.8143, GNorm = 1.3551, lr_0 = 2.1108e-04
Loss = 1.3378e-03, PNorm = 30.8178, GNorm = 0.9353, lr_0 = 2.0981e-04
Loss = 1.4019e-03, PNorm = 30.8200, GNorm = 0.6732, lr_0 = 2.0855e-04
Loss = 1.6872e-03, PNorm = 30.8225, GNorm = 0.6171, lr_0 = 2.0729e-04
Validation rmse = 1.272935
Epoch 69
Loss = 1.0875e-03, PNorm = 30.8253, GNorm = 0.6929, lr_0 = 2.0605e-04
Loss = 1.1915e-03, PNorm = 30.8283, GNorm = 1.4559, lr_0 = 2.0481e-04
Loss = 1.5463e-03, PNorm = 30.8323, GNorm = 1.0108, lr_0 = 2.0358e-04
Loss = 1.7258e-03, PNorm = 30.8366, GNorm = 0.8516, lr_0 = 2.0236e-04
Validation rmse = 1.255698
Epoch 70
Loss = 1.2666e-03, PNorm = 30.8391, GNorm = 0.5846, lr_0 = 2.0114e-04
Loss = 1.2162e-03, PNorm = 30.8406, GNorm = 0.8634, lr_0 = 1.9994e-04
Loss = 1.5197e-03, PNorm = 30.8428, GNorm = 0.9261, lr_0 = 1.9873e-04
Validation rmse = 1.251089
Epoch 71
Loss = 1.4954e-03, PNorm = 30.8452, GNorm = 1.4434, lr_0 = 1.9754e-04
Loss = 1.1832e-03, PNorm = 30.8485, GNorm = 0.4974, lr_0 = 1.9635e-04
Loss = 1.3530e-03, PNorm = 30.8516, GNorm = 0.7180, lr_0 = 1.9517e-04
Loss = 1.4083e-03, PNorm = 30.8533, GNorm = 0.9400, lr_0 = 1.9400e-04
Validation rmse = 1.241415
Epoch 72
Loss = 1.1986e-03, PNorm = 30.8570, GNorm = 0.7789, lr_0 = 1.9284e-04
Loss = 1.3178e-03, PNorm = 30.8596, GNorm = 0.6923, lr_0 = 1.9168e-04
Loss = 1.3661e-03, PNorm = 30.8627, GNorm = 0.7510, lr_0 = 1.9053e-04
Loss = 1.6595e-03, PNorm = 30.8663, GNorm = 1.5330, lr_0 = 1.8938e-04
Validation rmse = 1.256524
Epoch 73
Loss = 1.0624e-03, PNorm = 30.8685, GNorm = 0.8613, lr_0 = 1.8825e-04
Loss = 1.0938e-03, PNorm = 30.8710, GNorm = 0.5242, lr_0 = 1.8712e-04
Loss = 1.2650e-03, PNorm = 30.8735, GNorm = 0.5164, lr_0 = 1.8599e-04
Loss = 1.7654e-03, PNorm = 30.8752, GNorm = 0.5165, lr_0 = 1.8487e-04
Validation rmse = 1.289466
Epoch 74
Loss = 1.2268e-03, PNorm = 30.8768, GNorm = 1.3312, lr_0 = 1.8376e-04
Loss = 1.5577e-03, PNorm = 30.8792, GNorm = 0.7448, lr_0 = 1.8266e-04
Loss = 1.1493e-03, PNorm = 30.8813, GNorm = 0.3631, lr_0 = 1.8156e-04
Loss = 1.4973e-03, PNorm = 30.8848, GNorm = 0.5290, lr_0 = 1.8047e-04
Validation rmse = 1.260844
Epoch 75
Loss = 1.0089e-03, PNorm = 30.8889, GNorm = 1.5131, lr_0 = 1.7939e-04
Loss = 1.0992e-03, PNorm = 30.8905, GNorm = 0.9888, lr_0 = 1.7831e-04
Loss = 1.4332e-03, PNorm = 30.8923, GNorm = 0.5578, lr_0 = 1.7724e-04
Loss = 1.5013e-03, PNorm = 30.8950, GNorm = 0.8896, lr_0 = 1.7618e-04
Validation rmse = 1.271479
Epoch 76
Loss = 1.2919e-03, PNorm = 30.8994, GNorm = 1.1913, lr_0 = 1.7512e-04
Loss = 1.1637e-03, PNorm = 30.9009, GNorm = 0.6141, lr_0 = 1.7407e-04
Loss = 1.6149e-03, PNorm = 30.9024, GNorm = 1.5326, lr_0 = 1.7302e-04
Loss = 1.5627e-03, PNorm = 30.9074, GNorm = 0.8876, lr_0 = 1.7198e-04
Validation rmse = 1.282937
Epoch 77
Loss = 1.0522e-03, PNorm = 30.9094, GNorm = 0.8371, lr_0 = 1.7095e-04
Loss = 1.7009e-03, PNorm = 30.9119, GNorm = 0.7251, lr_0 = 1.6992e-04
Loss = 1.4072e-03, PNorm = 30.9142, GNorm = 0.7449, lr_0 = 1.6890e-04
Loss = 1.1474e-03, PNorm = 30.9164, GNorm = 0.5620, lr_0 = 1.6789e-04
Validation rmse = 1.272357
Epoch 78
Loss = 1.8346e-03, PNorm = 30.9188, GNorm = 1.0482, lr_0 = 1.6688e-04
Loss = 1.0656e-03, PNorm = 30.9200, GNorm = 0.7284, lr_0 = 1.6587e-04
Loss = 1.2617e-03, PNorm = 30.9230, GNorm = 0.5391, lr_0 = 1.6488e-04
Loss = 1.2386e-03, PNorm = 30.9266, GNorm = 0.8629, lr_0 = 1.6389e-04
Validation rmse = 1.274431
Epoch 79
Loss = 1.2098e-03, PNorm = 30.9287, GNorm = 0.5104, lr_0 = 1.6290e-04
Loss = 1.5057e-03, PNorm = 30.9301, GNorm = 0.4159, lr_0 = 1.6193e-04
Loss = 1.0537e-03, PNorm = 30.9307, GNorm = 0.3622, lr_0 = 1.6095e-04
Loss = 1.6460e-03, PNorm = 30.9323, GNorm = 1.3813, lr_0 = 1.5999e-04
Validation rmse = 1.280368
Epoch 80
Loss = 1.2178e-03, PNorm = 30.9351, GNorm = 0.6513, lr_0 = 1.5902e-04
Loss = 1.0377e-03, PNorm = 30.9370, GNorm = 0.4953, lr_0 = 1.5807e-04
Loss = 1.5086e-03, PNorm = 30.9391, GNorm = 0.9150, lr_0 = 1.5712e-04
Validation rmse = 1.280246
Epoch 81
Loss = 1.8474e-03, PNorm = 30.9415, GNorm = 0.8152, lr_0 = 1.5618e-04
Loss = 1.0378e-03, PNorm = 30.9439, GNorm = 0.6843, lr_0 = 1.5524e-04
Loss = 1.4750e-03, PNorm = 30.9475, GNorm = 0.5034, lr_0 = 1.5431e-04
Loss = 1.4348e-03, PNorm = 30.9507, GNorm = 0.7672, lr_0 = 1.5338e-04
Validation rmse = 1.275874
Epoch 82
Loss = 8.9396e-04, PNorm = 30.9522, GNorm = 0.6544, lr_0 = 1.5246e-04
Loss = 9.9520e-04, PNorm = 30.9541, GNorm = 0.4869, lr_0 = 1.5154e-04
Loss = 1.6129e-03, PNorm = 30.9565, GNorm = 0.7239, lr_0 = 1.5063e-04
Loss = 1.2967e-03, PNorm = 30.9586, GNorm = 1.5026, lr_0 = 1.4973e-04
Validation rmse = 1.278567
Epoch 83
Loss = 1.4959e-03, PNorm = 30.9598, GNorm = 0.5453, lr_0 = 1.4883e-04
Loss = 1.3209e-03, PNorm = 30.9618, GNorm = 0.5785, lr_0 = 1.4793e-04
Loss = 1.1818e-03, PNorm = 30.9635, GNorm = 0.6515, lr_0 = 1.4705e-04
Loss = 1.3948e-03, PNorm = 30.9658, GNorm = 0.3891, lr_0 = 1.4616e-04
Validation rmse = 1.268861
Epoch 84
Loss = 1.1830e-03, PNorm = 30.9674, GNorm = 0.6558, lr_0 = 1.4528e-04
Loss = 1.1986e-03, PNorm = 30.9695, GNorm = 0.7113, lr_0 = 1.4441e-04
Loss = 1.0854e-03, PNorm = 30.9709, GNorm = 0.8112, lr_0 = 1.4354e-04
Loss = 1.3268e-03, PNorm = 30.9733, GNorm = 0.4915, lr_0 = 1.4268e-04
Validation rmse = 1.277234
Epoch 85
Loss = 1.9350e-03, PNorm = 30.9748, GNorm = 0.8560, lr_0 = 1.4183e-04
Loss = 1.2253e-03, PNorm = 30.9777, GNorm = 1.1733, lr_0 = 1.4097e-04
Loss = 1.0899e-03, PNorm = 30.9795, GNorm = 0.6587, lr_0 = 1.4013e-04
Loss = 1.2055e-03, PNorm = 30.9811, GNorm = 0.7160, lr_0 = 1.3928e-04
Validation rmse = 1.274219
Epoch 86
Loss = 1.0579e-03, PNorm = 30.9834, GNorm = 0.3727, lr_0 = 1.3845e-04
Loss = 9.8027e-04, PNorm = 30.9849, GNorm = 0.7818, lr_0 = 1.3762e-04
Loss = 1.2702e-03, PNorm = 30.9863, GNorm = 0.8334, lr_0 = 1.3679e-04
Loss = 1.6554e-03, PNorm = 30.9875, GNorm = 0.8226, lr_0 = 1.3597e-04
Validation rmse = 1.270533
Epoch 87
Loss = 1.0969e-03, PNorm = 30.9895, GNorm = 0.7082, lr_0 = 1.3515e-04
Loss = 1.6641e-03, PNorm = 30.9917, GNorm = 0.5509, lr_0 = 1.3434e-04
Loss = 1.0330e-03, PNorm = 30.9941, GNorm = 0.4682, lr_0 = 1.3353e-04
Loss = 1.2722e-03, PNorm = 30.9956, GNorm = 0.9140, lr_0 = 1.3273e-04
Validation rmse = 1.272547
Epoch 88
Loss = 1.5518e-03, PNorm = 30.9966, GNorm = 0.7727, lr_0 = 1.3193e-04
Loss = 1.1395e-03, PNorm = 30.9995, GNorm = 0.7677, lr_0 = 1.3114e-04
Loss = 1.1984e-03, PNorm = 31.0021, GNorm = 0.6714, lr_0 = 1.3035e-04
Loss = 1.1160e-03, PNorm = 31.0030, GNorm = 0.9066, lr_0 = 1.2957e-04
Validation rmse = 1.282322
Epoch 89
Loss = 1.1076e-03, PNorm = 31.0049, GNorm = 0.9422, lr_0 = 1.2879e-04
Loss = 1.1739e-03, PNorm = 31.0063, GNorm = 0.6596, lr_0 = 1.2802e-04
Loss = 1.3314e-03, PNorm = 31.0082, GNorm = 0.6139, lr_0 = 1.2725e-04
Loss = 1.6032e-03, PNorm = 31.0105, GNorm = 1.2038, lr_0 = 1.2649e-04
Validation rmse = 1.264965
Epoch 90
Loss = 1.4951e-03, PNorm = 31.0126, GNorm = 0.5023, lr_0 = 1.2573e-04
Loss = 1.1173e-03, PNorm = 31.0144, GNorm = 0.5994, lr_0 = 1.2497e-04
Loss = 1.1773e-03, PNorm = 31.0159, GNorm = 0.5294, lr_0 = 1.2422e-04
Validation rmse = 1.278011
Epoch 91
Loss = 1.2397e-03, PNorm = 31.0181, GNorm = 0.6924, lr_0 = 1.2347e-04
Loss = 1.2764e-03, PNorm = 31.0200, GNorm = 0.7697, lr_0 = 1.2273e-04
Loss = 1.3382e-03, PNorm = 31.0225, GNorm = 0.7315, lr_0 = 1.2200e-04
Loss = 1.1282e-03, PNorm = 31.0240, GNorm = 0.4607, lr_0 = 1.2126e-04
Validation rmse = 1.273439
Epoch 92
Loss = 1.0790e-03, PNorm = 31.0247, GNorm = 0.6054, lr_0 = 1.2053e-04
Loss = 1.2029e-03, PNorm = 31.0262, GNorm = 0.9054, lr_0 = 1.1981e-04
Loss = 1.2150e-03, PNorm = 31.0289, GNorm = 1.8446, lr_0 = 1.1909e-04
Loss = 1.5056e-03, PNorm = 31.0313, GNorm = 0.4412, lr_0 = 1.1838e-04
Validation rmse = 1.273034
Epoch 93
Loss = 1.1367e-03, PNorm = 31.0336, GNorm = 0.6005, lr_0 = 1.1766e-04
Loss = 1.5144e-03, PNorm = 31.0351, GNorm = 0.6820, lr_0 = 1.1696e-04
Loss = 9.4380e-04, PNorm = 31.0365, GNorm = 0.5906, lr_0 = 1.1625e-04
Loss = 1.1280e-03, PNorm = 31.0381, GNorm = 1.1423, lr_0 = 1.1556e-04
Validation rmse = 1.270321
Epoch 94
Loss = 1.2666e-03, PNorm = 31.0390, GNorm = 1.0707, lr_0 = 1.1486e-04
Loss = 1.1119e-03, PNorm = 31.0396, GNorm = 0.4819, lr_0 = 1.1417e-04
Loss = 1.0506e-03, PNorm = 31.0404, GNorm = 0.5873, lr_0 = 1.1349e-04
Loss = 1.4346e-03, PNorm = 31.0417, GNorm = 0.6450, lr_0 = 1.1281e-04
Validation rmse = 1.274431
Epoch 95
Loss = 1.3310e-03, PNorm = 31.0441, GNorm = 0.7485, lr_0 = 1.1213e-04
Loss = 1.3149e-03, PNorm = 31.0454, GNorm = 0.7443, lr_0 = 1.1145e-04
Loss = 1.2181e-03, PNorm = 31.0467, GNorm = 0.9776, lr_0 = 1.1078e-04
Loss = 1.2914e-03, PNorm = 31.0491, GNorm = 0.9051, lr_0 = 1.1012e-04
Validation rmse = 1.284181
Epoch 96
Loss = 1.2070e-03, PNorm = 31.0498, GNorm = 1.0542, lr_0 = 1.0946e-04
Loss = 1.5083e-03, PNorm = 31.0511, GNorm = 0.5982, lr_0 = 1.0880e-04
Loss = 1.2891e-03, PNorm = 31.0524, GNorm = 0.4727, lr_0 = 1.0815e-04
Loss = 1.1779e-03, PNorm = 31.0534, GNorm = 0.7653, lr_0 = 1.0750e-04
Validation rmse = 1.270986
Epoch 97
Loss = 1.3727e-03, PNorm = 31.0553, GNorm = 0.6999, lr_0 = 1.0685e-04
Loss = 1.4622e-03, PNorm = 31.0568, GNorm = 0.5815, lr_0 = 1.0621e-04
Loss = 1.0465e-03, PNorm = 31.0587, GNorm = 0.8816, lr_0 = 1.0557e-04
Loss = 1.3316e-03, PNorm = 31.0601, GNorm = 0.7511, lr_0 = 1.0494e-04
Validation rmse = 1.277351
Epoch 98
Loss = 1.0123e-03, PNorm = 31.0613, GNorm = 0.6056, lr_0 = 1.0431e-04
Loss = 1.1610e-03, PNorm = 31.0628, GNorm = 0.5683, lr_0 = 1.0368e-04
Loss = 1.4256e-03, PNorm = 31.0650, GNorm = 1.0978, lr_0 = 1.0306e-04
Loss = 1.3529e-03, PNorm = 31.0659, GNorm = 0.4903, lr_0 = 1.0244e-04
Validation rmse = 1.260894
Epoch 99
Loss = 9.4733e-04, PNorm = 31.0666, GNorm = 0.5323, lr_0 = 1.0182e-04
Loss = 1.3663e-03, PNorm = 31.0682, GNorm = 0.4115, lr_0 = 1.0121e-04
Loss = 1.1773e-03, PNorm = 31.0704, GNorm = 0.7189, lr_0 = 1.0060e-04
Loss = 1.2144e-03, PNorm = 31.0721, GNorm = 0.3834, lr_0 = 1.0000e-04
Validation rmse = 1.260480
Model 0 best validation rmse = 1.241415 on epoch 71
Loading pretrained parameter "encoder.encoder_solute.cached_zero_vector".
Loading pretrained parameter "encoder.encoder_solute.W_i.weight".
Loading pretrained parameter "encoder.encoder_solute.W_h.weight".
Loading pretrained parameter "encoder.encoder_solute.W_o.weight".
Loading pretrained parameter "encoder.encoder_solute.W_o.bias".
Loading pretrained parameter "encoder.encoder_solvent.cached_zero_vector".
Loading pretrained parameter "encoder.encoder_solvent.W_i.weight".
Loading pretrained parameter "encoder.encoder_solvent.W_h.weight".
Loading pretrained parameter "encoder.encoder_solvent.W_o.weight".
Loading pretrained parameter "encoder.encoder_solvent.W_o.bias".
Loading pretrained parameter "ffn.1.weight".
Loading pretrained parameter "ffn.1.bias".
Loading pretrained parameter "ffn.4.weight".
Loading pretrained parameter "ffn.4.bias".
Model 0 test rmse = 1.236681
Ensemble test rmse = 1.236681
1-fold cross validation
Seed 0 ==> test rmse = 1.236681
Overall test rmse = 1.236681 +/- 0.000000
Fold 0
{'activation': 'ReLU',
 'atom_messages': False,
 'batch_size': 50,
 'bias': False,
 'checkpoint_dir': None,
 'checkpoint_path': None,
 'checkpoint_paths': None,
 'config_path': None,
 'crossval_index_dir': None,
 'crossval_index_file': None,
 'cuda': False,
 'data_path': 'data/solvation/compsol_H.csv',
 'dataset_type': 'regression',
 'depth': 10,
 'detailed_results': True,
 'dropout': 0.05,
 'ensemble_size': 1,
 'epochs': 100,
 'explicit_solvent_number': 2,
 'features_generator': None,
 'features_only': False,
 'features_path': None,
 'features_scaling': True,
 'ffn_hidden_size': 300,
 'ffn_num_layers': 3,
 'final_lr': 0.0001,
 'folds_file': None,
 'gpu': None,
 'hidden_size': 300,
 'init_lr': 0.0001,
 'log_frequency': 10,
 'max_data_size': None,
 'max_lr': 0.001,
 'metric': 'rmse',
 'minimize_score': True,
 'multiclass_num_classes': 3,
 'no_cache': False,
 'num_folds': 1,
 'num_lrs': 1,
 'quiet': False,
 'save_dir': 'examples/solvation_H/fold_0',
 'save_inchi_split': False,
 'save_smiles_splits': False,
 'seed': 0,
 'separate_test_features_path': None,
 'separate_test_path': None,
 'separate_val_features_path': None,
 'separate_val_path': None,
 'show_individual_scores': False,
 'solvation': True,
 'split_sizes': [0.8, 0.1, 0.1],
 'split_type': 'random',
 'test': False,
 'test_fold_index': None,
 'undirected': False,
 'use_compound_names': False,
 'use_input_features': None,
 'val_fold_index': None,
 'warmup_epochs': 2.0}
Loading data
Number of tasks = 1
Splitting data with seed 0
Total size = 2,449 | train size = 1,959 | val size = 245 | test size = 245
Fitting scaler
Building model 0
MoleculeModel(
  (encoder): MPN_solvation(
    (encoder_solute): MPNEncoder(
      (dropout_layer): Dropout(p=0.05, inplace=False)
      (act_func): ReLU()
      (W_i): Linear(in_features=117, out_features=300, bias=False)
      (W_h): Linear(in_features=300, out_features=300, bias=False)
      (W_o): Linear(in_features=403, out_features=300, bias=True)
    )
    (encoder_solvent): MPNEncoder(
      (dropout_layer): Dropout(p=0.05, inplace=False)
      (act_func): ReLU()
      (W_i): Linear(in_features=117, out_features=300, bias=False)
      (W_h): Linear(in_features=300, out_features=300, bias=False)
      (W_o): Linear(in_features=403, out_features=300, bias=True)
    )
  )
  (ffn): Sequential(
    (0): Dropout(p=0.05, inplace=False)
    (1): Linear(in_features=600, out_features=300, bias=True)
    (2): ReLU()
    (3): Dropout(p=0.05, inplace=False)
    (4): Linear(in_features=300, out_features=300, bias=True)
    (5): ReLU()
    (6): Dropout(p=0.05, inplace=False)
    (7): Linear(in_features=300, out_features=1, bias=True)
  )
)
Number of parameters = 763,501
Epoch 0
Loss = 1.5529e-02, PNorm = 48.2723, GNorm = 4.2331, lr_0 = 2.1538e-04
Loss = 1.4793e-02, PNorm = 48.2781, GNorm = 2.8173, lr_0 = 3.3077e-04
Loss = 9.9185e-03, PNorm = 48.2922, GNorm = 5.1363, lr_0 = 4.4615e-04
Validation rmse = 1.762309
Epoch 1
Loss = 7.8421e-03, PNorm = 48.3173, GNorm = 3.3306, lr_0 = 5.6154e-04
Loss = 9.6302e-03, PNorm = 48.3486, GNorm = 3.2963, lr_0 = 6.7692e-04
Loss = 5.6477e-03, PNorm = 48.3823, GNorm = 3.3228, lr_0 = 7.9231e-04
Loss = 5.6869e-03, PNorm = 48.4164, GNorm = 3.2363, lr_0 = 9.0769e-04
Validation rmse = 1.469239
Epoch 2
Loss = 5.7732e-03, PNorm = 48.4567, GNorm = 6.0284, lr_0 = 9.9880e-04
Loss = 5.9297e-03, PNorm = 48.4923, GNorm = 2.0682, lr_0 = 9.9280e-04
Loss = 5.1421e-03, PNorm = 48.5263, GNorm = 3.5367, lr_0 = 9.8683e-04
Loss = 4.3770e-03, PNorm = 48.5571, GNorm = 1.7563, lr_0 = 9.8091e-04
Validation rmse = 1.529339
Epoch 3
Loss = 3.8826e-03, PNorm = 48.5773, GNorm = 1.5730, lr_0 = 9.7501e-04
Loss = 4.1022e-03, PNorm = 48.6081, GNorm = 2.2416, lr_0 = 9.6916e-04
Loss = 4.9605e-03, PNorm = 48.6371, GNorm = 2.2817, lr_0 = 9.6334e-04
Loss = 4.1768e-03, PNorm = 48.6586, GNorm = 1.1940, lr_0 = 9.5755e-04
Validation rmse = 1.439230
Epoch 4
Loss = 5.3259e-03, PNorm = 48.6863, GNorm = 2.0593, lr_0 = 9.5180e-04
Loss = 3.6646e-03, PNorm = 48.7188, GNorm = 2.5021, lr_0 = 9.4608e-04
Loss = 3.4461e-03, PNorm = 48.7518, GNorm = 1.5888, lr_0 = 9.4040e-04
Loss = 4.8035e-03, PNorm = 48.7717, GNorm = 1.0523, lr_0 = 9.3475e-04
Validation rmse = 1.487443
Epoch 5
Loss = 4.3169e-03, PNorm = 48.7952, GNorm = 1.9500, lr_0 = 9.2914e-04
Loss = 3.3883e-03, PNorm = 48.8265, GNorm = 2.9491, lr_0 = 9.2356e-04
Loss = 3.0605e-03, PNorm = 48.8534, GNorm = 2.0048, lr_0 = 9.1801e-04
Loss = 4.0385e-03, PNorm = 48.8763, GNorm = 1.2725, lr_0 = 9.1249e-04
Validation rmse = 1.439462
Epoch 6
Loss = 3.3839e-03, PNorm = 48.8980, GNorm = 1.1662, lr_0 = 9.0701e-04
Loss = 2.8876e-03, PNorm = 48.9226, GNorm = 1.8703, lr_0 = 9.0157e-04
Loss = 3.7790e-03, PNorm = 48.9481, GNorm = 2.8622, lr_0 = 8.9615e-04
Loss = 3.5778e-03, PNorm = 48.9768, GNorm = 1.5701, lr_0 = 8.9077e-04
Validation rmse = 1.422365
Epoch 7
Loss = 3.1972e-03, PNorm = 49.0031, GNorm = 1.6990, lr_0 = 8.8542e-04
Loss = 3.7361e-03, PNorm = 49.0252, GNorm = 2.6385, lr_0 = 8.8010e-04
Loss = 3.4169e-03, PNorm = 49.0634, GNorm = 1.3953, lr_0 = 8.7481e-04
Loss = 2.4321e-03, PNorm = 49.0831, GNorm = 0.9223, lr_0 = 8.6956e-04
Validation rmse = 1.407568
Epoch 8
Loss = 2.7994e-03, PNorm = 49.1133, GNorm = 1.4214, lr_0 = 8.6434e-04
Loss = 3.3007e-03, PNorm = 49.1380, GNorm = 1.8440, lr_0 = 8.5914e-04
Loss = 3.8303e-03, PNorm = 49.1600, GNorm = 1.4061, lr_0 = 8.5398e-04
Loss = 3.1783e-03, PNorm = 49.1903, GNorm = 1.4170, lr_0 = 8.4885e-04
Validation rmse = 1.390044
Epoch 9
Loss = 2.5007e-03, PNorm = 49.2220, GNorm = 1.2305, lr_0 = 8.4376e-04
Loss = 2.6981e-03, PNorm = 49.2472, GNorm = 1.0179, lr_0 = 8.3869e-04
Loss = 3.1707e-03, PNorm = 49.2740, GNorm = 1.0890, lr_0 = 8.3365e-04
Loss = 2.4233e-03, PNorm = 49.3046, GNorm = 1.3708, lr_0 = 8.2864e-04
Validation rmse = 1.389464
Epoch 10
Loss = 3.3838e-03, PNorm = 49.3327, GNorm = 1.0524, lr_0 = 8.2367e-04
Loss = 2.2934e-03, PNorm = 49.3596, GNorm = 1.2645, lr_0 = 8.1872e-04
Loss = 2.1812e-03, PNorm = 49.3954, GNorm = 0.5451, lr_0 = 8.1380e-04
Validation rmse = 1.424389
Epoch 11
Loss = 1.7235e-03, PNorm = 49.4203, GNorm = 0.9474, lr_0 = 8.0891e-04
Loss = 2.0391e-03, PNorm = 49.4524, GNorm = 1.0129, lr_0 = 8.0405e-04
Loss = 2.6914e-03, PNorm = 49.4852, GNorm = 0.8420, lr_0 = 7.9922e-04
Loss = 2.9701e-03, PNorm = 49.5167, GNorm = 3.1269, lr_0 = 7.9442e-04
Validation rmse = 1.326181
Epoch 12
Loss = 2.8865e-03, PNorm = 49.5352, GNorm = 1.5569, lr_0 = 7.8965e-04
Loss = 2.3388e-03, PNorm = 49.5621, GNorm = 1.1077, lr_0 = 7.8491e-04
Loss = 2.5899e-03, PNorm = 49.5938, GNorm = 1.2133, lr_0 = 7.8019e-04
Loss = 2.6184e-03, PNorm = 49.6230, GNorm = 0.7848, lr_0 = 7.7551e-04
Validation rmse = 1.336391
Epoch 13
Loss = 2.0331e-03, PNorm = 49.6449, GNorm = 1.8723, lr_0 = 7.7085e-04
Loss = 2.4232e-03, PNorm = 49.6695, GNorm = 1.5347, lr_0 = 7.6622e-04
Loss = 2.2774e-03, PNorm = 49.6996, GNorm = 0.8889, lr_0 = 7.6162e-04
Loss = 2.5334e-03, PNorm = 49.7214, GNorm = 0.7984, lr_0 = 7.5704e-04
Validation rmse = 1.317976
Epoch 14
Loss = 2.0310e-03, PNorm = 49.7531, GNorm = 1.6649, lr_0 = 7.5250e-04
Loss = 2.1304e-03, PNorm = 49.7781, GNorm = 1.0672, lr_0 = 7.4798e-04
Loss = 2.2518e-03, PNorm = 49.8069, GNorm = 0.7485, lr_0 = 7.4348e-04
Loss = 1.9613e-03, PNorm = 49.8313, GNorm = 0.8438, lr_0 = 7.3902e-04
Validation rmse = 1.284205
Epoch 15
Loss = 1.5543e-03, PNorm = 49.8536, GNorm = 0.7590, lr_0 = 7.3458e-04
Loss = 1.9379e-03, PNorm = 49.8699, GNorm = 0.7867, lr_0 = 7.3017e-04
Loss = 1.9558e-03, PNorm = 49.8927, GNorm = 1.2005, lr_0 = 7.2578e-04
Loss = 2.0546e-03, PNorm = 49.9161, GNorm = 1.4214, lr_0 = 7.2142e-04
Validation rmse = 1.334646
Epoch 16
Loss = 1.7671e-03, PNorm = 49.9397, GNorm = 0.9591, lr_0 = 7.1709e-04
Loss = 1.6857e-03, PNorm = 49.9659, GNorm = 0.6186, lr_0 = 7.1278e-04
Loss = 2.6111e-03, PNorm = 49.9944, GNorm = 0.8678, lr_0 = 7.0850e-04
Loss = 2.3904e-03, PNorm = 50.0174, GNorm = 2.2979, lr_0 = 7.0424e-04
Validation rmse = 1.342348
Epoch 17
Loss = 2.7950e-03, PNorm = 50.0561, GNorm = 1.1480, lr_0 = 7.0001e-04
Loss = 2.1110e-03, PNorm = 50.0859, GNorm = 1.2598, lr_0 = 6.9581e-04
Loss = 1.6812e-03, PNorm = 50.1129, GNorm = 0.9336, lr_0 = 6.9163e-04
Loss = 1.8310e-03, PNorm = 50.1424, GNorm = 0.9631, lr_0 = 6.8748e-04
Validation rmse = 1.299568
Epoch 18
Loss = 1.7472e-03, PNorm = 50.1600, GNorm = 1.3641, lr_0 = 6.8335e-04
Loss = 1.5781e-03, PNorm = 50.1874, GNorm = 0.9440, lr_0 = 6.7924e-04
Loss = 1.5541e-03, PNorm = 50.2142, GNorm = 0.5420, lr_0 = 6.7516e-04
Loss = 2.3428e-03, PNorm = 50.2356, GNorm = 0.7856, lr_0 = 6.7111e-04
Validation rmse = 1.261301
Epoch 19
Loss = 1.6008e-03, PNorm = 50.2587, GNorm = 1.6350, lr_0 = 6.6708e-04
Loss = 1.7475e-03, PNorm = 50.2811, GNorm = 1.2544, lr_0 = 6.6307e-04
Loss = 1.7975e-03, PNorm = 50.3046, GNorm = 0.8364, lr_0 = 6.5909e-04
Loss = 2.0389e-03, PNorm = 50.3257, GNorm = 1.2851, lr_0 = 6.5513e-04
Validation rmse = 1.336945
Epoch 20
Loss = 1.5085e-03, PNorm = 50.3496, GNorm = 0.6791, lr_0 = 6.5119e-04
Loss = 1.6883e-03, PNorm = 50.3781, GNorm = 2.0347, lr_0 = 6.4728e-04
Loss = 2.0710e-03, PNorm = 50.3956, GNorm = 1.3236, lr_0 = 6.4339e-04
Validation rmse = 1.277637
Epoch 21
Loss = 8.4664e-04, PNorm = 50.4206, GNorm = 0.5724, lr_0 = 6.3953e-04
Loss = 1.7611e-03, PNorm = 50.4491, GNorm = 0.7948, lr_0 = 6.3569e-04
Loss = 1.6379e-03, PNorm = 50.4732, GNorm = 0.4352, lr_0 = 6.3187e-04
Loss = 1.8322e-03, PNorm = 50.5038, GNorm = 0.5757, lr_0 = 6.2808e-04
Validation rmse = 1.312727
Epoch 22
Loss = 9.7289e-04, PNorm = 50.5239, GNorm = 0.7197, lr_0 = 6.2430e-04
Loss = 1.5756e-03, PNorm = 50.5420, GNorm = 0.8490, lr_0 = 6.2055e-04
Loss = 1.9919e-03, PNorm = 50.5711, GNorm = 1.6696, lr_0 = 6.1683e-04
Loss = 2.2246e-03, PNorm = 50.5959, GNorm = 1.0993, lr_0 = 6.1312e-04
Validation rmse = 1.246036
Epoch 23
Loss = 1.0484e-03, PNorm = 50.6206, GNorm = 0.5034, lr_0 = 6.0944e-04
Loss = 1.0918e-03, PNorm = 50.6424, GNorm = 0.4528, lr_0 = 6.0578e-04
Loss = 1.5500e-03, PNorm = 50.6570, GNorm = 0.6571, lr_0 = 6.0214e-04
Loss = 1.8467e-03, PNorm = 50.6812, GNorm = 0.7382, lr_0 = 5.9852e-04
Validation rmse = 1.234004
Epoch 24
Loss = 1.2974e-03, PNorm = 50.7112, GNorm = 0.8992, lr_0 = 5.9493e-04
Loss = 1.3571e-03, PNorm = 50.7356, GNorm = 0.5954, lr_0 = 5.9135e-04
Loss = 1.2438e-03, PNorm = 50.7538, GNorm = 0.7868, lr_0 = 5.8780e-04
Loss = 1.8509e-03, PNorm = 50.7722, GNorm = 0.9868, lr_0 = 5.8427e-04
Validation rmse = 1.257366
Epoch 25
Loss = 1.0822e-03, PNorm = 50.7919, GNorm = 0.4626, lr_0 = 5.8076e-04
Loss = 1.3559e-03, PNorm = 50.8129, GNorm = 0.7009, lr_0 = 5.7727e-04
Loss = 1.5094e-03, PNorm = 50.8288, GNorm = 1.9637, lr_0 = 5.7381e-04
Loss = 1.7512e-03, PNorm = 50.8501, GNorm = 0.6565, lr_0 = 5.7036e-04
Validation rmse = 1.230996
Epoch 26
Loss = 1.4204e-03, PNorm = 50.8651, GNorm = 0.3582, lr_0 = 5.6693e-04
Loss = 1.3744e-03, PNorm = 50.8836, GNorm = 0.4485, lr_0 = 5.6353e-04
Loss = 1.2898e-03, PNorm = 50.8971, GNorm = 0.8325, lr_0 = 5.6014e-04
Loss = 1.7392e-03, PNorm = 50.9132, GNorm = 1.4881, lr_0 = 5.5678e-04
Validation rmse = 1.256610
Epoch 27
Loss = 1.9317e-03, PNorm = 50.9364, GNorm = 0.5828, lr_0 = 5.5343e-04
Loss = 1.0447e-03, PNorm = 50.9546, GNorm = 0.4825, lr_0 = 5.5011e-04
Loss = 1.1918e-03, PNorm = 50.9665, GNorm = 0.9656, lr_0 = 5.4681e-04
Loss = 1.2592e-03, PNorm = 50.9838, GNorm = 0.6836, lr_0 = 5.4352e-04
Validation rmse = 1.237092
Epoch 28
Loss = 1.0815e-03, PNorm = 51.0028, GNorm = 1.1498, lr_0 = 5.4026e-04
Loss = 1.0070e-03, PNorm = 51.0150, GNorm = 0.9970, lr_0 = 5.3701e-04
Loss = 1.3483e-03, PNorm = 51.0333, GNorm = 0.5331, lr_0 = 5.3379e-04
Loss = 1.6038e-03, PNorm = 51.0429, GNorm = 0.9978, lr_0 = 5.3058e-04
Validation rmse = 1.254610
Epoch 29
Loss = 1.1415e-03, PNorm = 51.0623, GNorm = 0.5972, lr_0 = 5.2739e-04
Loss = 1.3816e-03, PNorm = 51.0769, GNorm = 0.6391, lr_0 = 5.2423e-04
Loss = 1.3546e-03, PNorm = 51.0960, GNorm = 0.6854, lr_0 = 5.2108e-04
Loss = 1.1000e-03, PNorm = 51.1143, GNorm = 0.7223, lr_0 = 5.1795e-04
Validation rmse = 1.250720
Epoch 30
Loss = 9.7724e-04, PNorm = 51.1294, GNorm = 0.5427, lr_0 = 5.1484e-04
Loss = 1.3802e-03, PNorm = 51.1436, GNorm = 0.6681, lr_0 = 5.1174e-04
Loss = 1.2251e-03, PNorm = 51.1573, GNorm = 0.7709, lr_0 = 5.0867e-04
Validation rmse = 1.240890
Epoch 31
Loss = 5.5656e-04, PNorm = 51.1736, GNorm = 0.4706, lr_0 = 5.0562e-04
Loss = 9.6003e-04, PNorm = 51.1898, GNorm = 0.7371, lr_0 = 5.0258e-04
Loss = 9.9636e-04, PNorm = 51.2017, GNorm = 0.4478, lr_0 = 4.9956e-04
Loss = 1.1371e-03, PNorm = 51.2213, GNorm = 0.4802, lr_0 = 4.9656e-04
Validation rmse = 1.235770
Epoch 32
Loss = 9.8710e-04, PNorm = 51.2284, GNorm = 0.4764, lr_0 = 4.9358e-04
Loss = 8.7528e-04, PNorm = 51.2429, GNorm = 0.6510, lr_0 = 4.9061e-04
Loss = 1.2605e-03, PNorm = 51.2560, GNorm = 0.9201, lr_0 = 4.8766e-04
Loss = 1.4272e-03, PNorm = 51.2693, GNorm = 0.7372, lr_0 = 4.8474e-04
Validation rmse = 1.263673
Epoch 33
Loss = 9.5119e-04, PNorm = 51.2864, GNorm = 0.6443, lr_0 = 4.8182e-04
Loss = 1.0549e-03, PNorm = 51.3020, GNorm = 0.3449, lr_0 = 4.7893e-04
Loss = 1.1761e-03, PNorm = 51.3184, GNorm = 0.4371, lr_0 = 4.7605e-04
Loss = 1.1139e-03, PNorm = 51.3325, GNorm = 0.9754, lr_0 = 4.7319e-04
Validation rmse = 1.261819
Epoch 34
Loss = 1.1630e-03, PNorm = 51.3435, GNorm = 0.5957, lr_0 = 4.7035e-04
Loss = 9.4891e-04, PNorm = 51.3562, GNorm = 0.4639, lr_0 = 4.6753e-04
Loss = 1.0280e-03, PNorm = 51.3712, GNorm = 0.5339, lr_0 = 4.6472e-04
Loss = 9.2865e-04, PNorm = 51.3850, GNorm = 0.5162, lr_0 = 4.6193e-04
Validation rmse = 1.245177
Epoch 35
Loss = 8.1327e-04, PNorm = 51.3954, GNorm = 0.5705, lr_0 = 4.5915e-04
Loss = 1.2524e-03, PNorm = 51.4108, GNorm = 0.5659, lr_0 = 4.5639e-04
Loss = 9.1790e-04, PNorm = 51.4257, GNorm = 0.4727, lr_0 = 4.5365e-04
Loss = 9.6595e-04, PNorm = 51.4416, GNorm = 0.5327, lr_0 = 4.5093e-04
Validation rmse = 1.221293
Epoch 36
Loss = 1.2422e-03, PNorm = 51.4555, GNorm = 0.7947, lr_0 = 4.4822e-04
Loss = 7.9306e-04, PNorm = 51.4646, GNorm = 0.2699, lr_0 = 4.4553e-04
Loss = 1.0050e-03, PNorm = 51.4771, GNorm = 0.9827, lr_0 = 4.4285e-04
Loss = 1.0007e-03, PNorm = 51.4935, GNorm = 0.5028, lr_0 = 4.4019e-04
Validation rmse = 1.269719
Epoch 37
Loss = 1.2398e-03, PNorm = 51.5062, GNorm = 1.5929, lr_0 = 4.3755e-04
Loss = 7.6061e-04, PNorm = 51.5204, GNorm = 0.5608, lr_0 = 4.3492e-04
Loss = 8.8009e-04, PNorm = 51.5331, GNorm = 0.4062, lr_0 = 4.3231e-04
Loss = 8.3429e-04, PNorm = 51.5428, GNorm = 0.5437, lr_0 = 4.2971e-04
Validation rmse = 1.225096
Epoch 38
Loss = 8.6554e-04, PNorm = 51.5591, GNorm = 0.6406, lr_0 = 4.2713e-04
Loss = 1.1637e-03, PNorm = 51.5743, GNorm = 0.5697, lr_0 = 4.2456e-04
Loss = 9.3998e-04, PNorm = 51.5864, GNorm = 0.9934, lr_0 = 4.2201e-04
Loss = 9.9149e-04, PNorm = 51.5955, GNorm = 0.6274, lr_0 = 4.1948e-04
Validation rmse = 1.233968
Epoch 39
Loss = 8.3407e-04, PNorm = 51.6046, GNorm = 0.5925, lr_0 = 4.1696e-04
Loss = 1.0379e-03, PNorm = 51.6127, GNorm = 0.3056, lr_0 = 4.1446e-04
Loss = 8.1180e-04, PNorm = 51.6276, GNorm = 0.6930, lr_0 = 4.1197e-04
Loss = 1.2079e-03, PNorm = 51.6377, GNorm = 0.4599, lr_0 = 4.0949e-04
Validation rmse = 1.221926
Epoch 40
Loss = 9.9297e-04, PNorm = 51.6545, GNorm = 0.4191, lr_0 = 4.0703e-04
Loss = 9.2637e-04, PNorm = 51.6705, GNorm = 0.5494, lr_0 = 4.0459e-04
Loss = 1.1685e-03, PNorm = 51.6894, GNorm = 0.5367, lr_0 = 4.0216e-04
Validation rmse = 1.263351
Epoch 41
Loss = 8.8044e-04, PNorm = 51.7045, GNorm = 1.1671, lr_0 = 3.9974e-04
Loss = 9.7004e-04, PNorm = 51.7165, GNorm = 0.6673, lr_0 = 3.9734e-04
Loss = 9.9104e-04, PNorm = 51.7329, GNorm = 0.5344, lr_0 = 3.9495e-04
Loss = 1.1010e-03, PNorm = 51.7474, GNorm = 0.2834, lr_0 = 3.9258e-04
Validation rmse = 1.251152
Epoch 42
Loss = 1.0358e-03, PNorm = 51.7595, GNorm = 0.6530, lr_0 = 3.9022e-04
Loss = 9.4107e-04, PNorm = 51.7715, GNorm = 0.6687, lr_0 = 3.8788e-04
Loss = 9.2533e-04, PNorm = 51.7823, GNorm = 0.4877, lr_0 = 3.8555e-04
Loss = 9.1543e-04, PNorm = 51.7940, GNorm = 0.5908, lr_0 = 3.8323e-04
Validation rmse = 1.219028
Epoch 43
Loss = 6.8137e-04, PNorm = 51.8073, GNorm = 0.5367, lr_0 = 3.8093e-04
Loss = 9.6330e-04, PNorm = 51.8187, GNorm = 0.5514, lr_0 = 3.7864e-04
Loss = 6.5476e-04, PNorm = 51.8313, GNorm = 0.8422, lr_0 = 3.7637e-04
Loss = 1.2529e-03, PNorm = 51.8411, GNorm = 1.0517, lr_0 = 3.7411e-04
Validation rmse = 1.236344
Epoch 44
Loss = 8.3390e-04, PNorm = 51.8498, GNorm = 0.3711, lr_0 = 3.7186e-04
Loss = 7.4213e-04, PNorm = 51.8586, GNorm = 0.3120, lr_0 = 3.6963e-04
Loss = 9.7433e-04, PNorm = 51.8698, GNorm = 0.6894, lr_0 = 3.6741e-04
Loss = 8.0179e-04, PNorm = 51.8784, GNorm = 0.3459, lr_0 = 3.6520e-04
Validation rmse = 1.227954
Epoch 45
Loss = 4.4393e-04, PNorm = 51.8889, GNorm = 0.3440, lr_0 = 3.6301e-04
Loss = 6.7731e-04, PNorm = 51.8953, GNorm = 0.4874, lr_0 = 3.6083e-04
Loss = 1.0390e-03, PNorm = 51.9079, GNorm = 0.4681, lr_0 = 3.5866e-04
Loss = 6.9520e-04, PNorm = 51.9175, GNorm = 0.6255, lr_0 = 3.5651e-04
Validation rmse = 1.218371
Epoch 46
Loss = 5.8374e-04, PNorm = 51.9276, GNorm = 0.3912, lr_0 = 3.5436e-04
Loss = 7.1675e-04, PNorm = 51.9339, GNorm = 0.6173, lr_0 = 3.5224e-04
Loss = 9.2572e-04, PNorm = 51.9405, GNorm = 1.1089, lr_0 = 3.5012e-04
Loss = 7.6076e-04, PNorm = 51.9502, GNorm = 0.5452, lr_0 = 3.4802e-04
Validation rmse = 1.191782
Epoch 47
Loss = 8.2100e-04, PNorm = 51.9608, GNorm = 0.6799, lr_0 = 3.4593e-04
Loss = 8.6626e-04, PNorm = 51.9686, GNorm = 0.4560, lr_0 = 3.4385e-04
Loss = 7.0418e-04, PNorm = 51.9807, GNorm = 0.3794, lr_0 = 3.4178e-04
Loss = 6.6822e-04, PNorm = 51.9909, GNorm = 0.2783, lr_0 = 3.3973e-04
Validation rmse = 1.259107
Epoch 48
Loss = 7.5358e-04, PNorm = 52.0021, GNorm = 0.6497, lr_0 = 3.3769e-04
Loss = 7.6059e-04, PNorm = 52.0102, GNorm = 0.4212, lr_0 = 3.3566e-04
Loss = 9.0353e-04, PNorm = 52.0161, GNorm = 1.1282, lr_0 = 3.3365e-04
Loss = 7.3082e-04, PNorm = 52.0238, GNorm = 0.4877, lr_0 = 3.3164e-04
Validation rmse = 1.214977
Epoch 49
Loss = 6.2878e-04, PNorm = 52.0308, GNorm = 0.5752, lr_0 = 3.2965e-04
Loss = 7.5493e-04, PNorm = 52.0414, GNorm = 0.5508, lr_0 = 3.2767e-04
Loss = 6.2868e-04, PNorm = 52.0463, GNorm = 0.3251, lr_0 = 3.2570e-04
Loss = 8.1740e-04, PNorm = 52.0559, GNorm = 0.5288, lr_0 = 3.2375e-04
Validation rmse = 1.224321
Epoch 50
Loss = 6.1078e-04, PNorm = 52.0633, GNorm = 0.5409, lr_0 = 3.2180e-04
Loss = 6.8551e-04, PNorm = 52.0742, GNorm = 1.5026, lr_0 = 3.1987e-04
Loss = 8.8612e-04, PNorm = 52.0783, GNorm = 0.4336, lr_0 = 3.1795e-04
Validation rmse = 1.209066
Epoch 51
Loss = 1.0149e-03, PNorm = 52.0856, GNorm = 0.7183, lr_0 = 3.1604e-04
Loss = 7.4511e-04, PNorm = 52.0975, GNorm = 0.5882, lr_0 = 3.1414e-04
Loss = 8.6746e-04, PNorm = 52.1096, GNorm = 0.2869, lr_0 = 3.1225e-04
Loss = 6.7626e-04, PNorm = 52.1193, GNorm = 0.2404, lr_0 = 3.1038e-04
Validation rmse = 1.212474
Epoch 52
Loss = 8.1644e-04, PNorm = 52.1271, GNorm = 1.3676, lr_0 = 3.0851e-04
Loss = 6.4313e-04, PNorm = 52.1353, GNorm = 0.4821, lr_0 = 3.0666e-04
Loss = 8.8803e-04, PNorm = 52.1436, GNorm = 0.6304, lr_0 = 3.0482e-04
Loss = 5.6705e-04, PNorm = 52.1478, GNorm = 0.4741, lr_0 = 3.0299e-04
Validation rmse = 1.225016
Epoch 53
Loss = 6.2453e-04, PNorm = 52.1542, GNorm = 0.5147, lr_0 = 3.0117e-04
Loss = 5.6992e-04, PNorm = 52.1608, GNorm = 0.3497, lr_0 = 2.9936e-04
Loss = 6.2368e-04, PNorm = 52.1662, GNorm = 0.4554, lr_0 = 2.9756e-04
Loss = 6.2750e-04, PNorm = 52.1729, GNorm = 1.0178, lr_0 = 2.9577e-04
Validation rmse = 1.233611
Epoch 54
Loss = 7.4587e-04, PNorm = 52.1826, GNorm = 0.6993, lr_0 = 2.9400e-04
Loss = 8.5258e-04, PNorm = 52.1909, GNorm = 1.2616, lr_0 = 2.9223e-04
Loss = 5.7944e-04, PNorm = 52.2007, GNorm = 0.4268, lr_0 = 2.9047e-04
Loss = 6.1958e-04, PNorm = 52.2066, GNorm = 0.8971, lr_0 = 2.8873e-04
Validation rmse = 1.200111
Epoch 55
Loss = 5.8728e-04, PNorm = 52.2109, GNorm = 1.1685, lr_0 = 2.8700e-04
Loss = 5.8037e-04, PNorm = 52.2156, GNorm = 0.3290, lr_0 = 2.8527e-04
Loss = 6.6447e-04, PNorm = 52.2220, GNorm = 0.3200, lr_0 = 2.8356e-04
Loss = 5.2114e-04, PNorm = 52.2291, GNorm = 0.1970, lr_0 = 2.8186e-04
Validation rmse = 1.230190
Epoch 56
Loss = 6.6080e-04, PNorm = 52.2364, GNorm = 0.3647, lr_0 = 2.8016e-04
Loss = 4.7732e-04, PNorm = 52.2396, GNorm = 0.4083, lr_0 = 2.7848e-04
Loss = 7.4764e-04, PNorm = 52.2456, GNorm = 0.4885, lr_0 = 2.7681e-04
Loss = 5.4541e-04, PNorm = 52.2520, GNorm = 0.3873, lr_0 = 2.7514e-04
Validation rmse = 1.227958
Epoch 57
Loss = 6.7491e-04, PNorm = 52.2582, GNorm = 0.7171, lr_0 = 2.7349e-04
Loss = 5.5869e-04, PNorm = 52.2646, GNorm = 0.4958, lr_0 = 2.7185e-04
Loss = 4.9060e-04, PNorm = 52.2713, GNorm = 0.3177, lr_0 = 2.7022e-04
Loss = 5.6651e-04, PNorm = 52.2774, GNorm = 0.4129, lr_0 = 2.6859e-04
Validation rmse = 1.208865
Epoch 58
Loss = 5.3349e-04, PNorm = 52.2852, GNorm = 0.5303, lr_0 = 2.6698e-04
Loss = 7.5515e-04, PNorm = 52.2918, GNorm = 0.5399, lr_0 = 2.6538e-04
Loss = 6.7551e-04, PNorm = 52.2963, GNorm = 0.6869, lr_0 = 2.6378e-04
Loss = 5.0455e-04, PNorm = 52.3019, GNorm = 0.6297, lr_0 = 2.6220e-04
Validation rmse = 1.258658
Epoch 59
Loss = 6.1686e-04, PNorm = 52.3091, GNorm = 0.3887, lr_0 = 2.6062e-04
Loss = 4.9965e-04, PNorm = 52.3150, GNorm = 0.4742, lr_0 = 2.5906e-04
Loss = 6.9531e-04, PNorm = 52.3211, GNorm = 0.3367, lr_0 = 2.5750e-04
Loss = 5.6629e-04, PNorm = 52.3261, GNorm = 0.3904, lr_0 = 2.5595e-04
Validation rmse = 1.236232
Epoch 60
Loss = 5.9874e-04, PNorm = 52.3308, GNorm = 0.5877, lr_0 = 2.5442e-04
Loss = 5.9115e-04, PNorm = 52.3355, GNorm = 0.5126, lr_0 = 2.5289e-04
Loss = 5.8421e-04, PNorm = 52.3408, GNorm = 1.2748, lr_0 = 2.5137e-04
Validation rmse = 1.219909
Epoch 61
Loss = 4.0289e-04, PNorm = 52.3477, GNorm = 0.3074, lr_0 = 2.4986e-04
Loss = 5.3554e-04, PNorm = 52.3548, GNorm = 0.3511, lr_0 = 2.4836e-04
Loss = 5.9869e-04, PNorm = 52.3628, GNorm = 0.5231, lr_0 = 2.4687e-04
Loss = 5.2847e-04, PNorm = 52.3670, GNorm = 0.7108, lr_0 = 2.4539e-04
Validation rmse = 1.240511
Epoch 62
Loss = 7.9464e-04, PNorm = 52.3728, GNorm = 0.5711, lr_0 = 2.4391e-04
Loss = 4.6937e-04, PNorm = 52.3790, GNorm = 0.3964, lr_0 = 2.4245e-04
Loss = 4.8622e-04, PNorm = 52.3832, GNorm = 0.5152, lr_0 = 2.4099e-04
Loss = 7.4256e-04, PNorm = 52.3856, GNorm = 0.3204, lr_0 = 2.3954e-04
Validation rmse = 1.226757
Epoch 63
Loss = 4.6397e-04, PNorm = 52.3898, GNorm = 0.4083, lr_0 = 2.3810e-04
Loss = 6.6737e-04, PNorm = 52.3951, GNorm = 0.4103, lr_0 = 2.3667e-04
Loss = 6.2850e-04, PNorm = 52.4014, GNorm = 0.5617, lr_0 = 2.3525e-04
Loss = 5.0628e-04, PNorm = 52.4058, GNorm = 0.4849, lr_0 = 2.3384e-04
Validation rmse = 1.226569
Epoch 64
Loss = 8.7683e-04, PNorm = 52.4123, GNorm = 0.5035, lr_0 = 2.3243e-04
Loss = 5.1842e-04, PNorm = 52.4182, GNorm = 0.4616, lr_0 = 2.3104e-04
Loss = 6.0463e-04, PNorm = 52.4238, GNorm = 0.6248, lr_0 = 2.2965e-04
Loss = 5.2908e-04, PNorm = 52.4291, GNorm = 0.4348, lr_0 = 2.2827e-04
Validation rmse = 1.226239
Epoch 65
Loss = 3.9455e-04, PNorm = 52.4319, GNorm = 0.3598, lr_0 = 2.2690e-04
Loss = 4.7057e-04, PNorm = 52.4379, GNorm = 0.9329, lr_0 = 2.2554e-04
Loss = 5.9219e-04, PNorm = 52.4439, GNorm = 0.6494, lr_0 = 2.2418e-04
Loss = 6.4472e-04, PNorm = 52.4499, GNorm = 0.4789, lr_0 = 2.2284e-04
Validation rmse = 1.228223
Epoch 66
Loss = 5.8380e-04, PNorm = 52.4537, GNorm = 0.3585, lr_0 = 2.2150e-04
Loss = 5.3706e-04, PNorm = 52.4595, GNorm = 0.4481, lr_0 = 2.2017e-04
Loss = 4.7451e-04, PNorm = 52.4633, GNorm = 0.3022, lr_0 = 2.1884e-04
Loss = 5.6831e-04, PNorm = 52.4692, GNorm = 0.4282, lr_0 = 2.1753e-04
Validation rmse = 1.205865
Epoch 67
Loss = 4.1241e-04, PNorm = 52.4720, GNorm = 0.3179, lr_0 = 2.1622e-04
Loss = 6.2874e-04, PNorm = 52.4756, GNorm = 0.5387, lr_0 = 2.1492e-04
Loss = 4.8782e-04, PNorm = 52.4800, GNorm = 0.4028, lr_0 = 2.1363e-04
Loss = 5.3551e-04, PNorm = 52.4875, GNorm = 0.5409, lr_0 = 2.1235e-04
Validation rmse = 1.222895
Epoch 68
Loss = 5.8527e-04, PNorm = 52.4908, GNorm = 0.8762, lr_0 = 2.1108e-04
Loss = 4.9091e-04, PNorm = 52.4959, GNorm = 0.6556, lr_0 = 2.0981e-04
Loss = 4.7723e-04, PNorm = 52.5007, GNorm = 0.4802, lr_0 = 2.0855e-04
Loss = 6.1346e-04, PNorm = 52.5056, GNorm = 0.6739, lr_0 = 2.0729e-04
Validation rmse = 1.229121
Epoch 69
Loss = 4.2966e-04, PNorm = 52.5101, GNorm = 0.2535, lr_0 = 2.0605e-04
Loss = 4.1653e-04, PNorm = 52.5134, GNorm = 0.6140, lr_0 = 2.0481e-04
Loss = 5.1195e-04, PNorm = 52.5176, GNorm = 0.4527, lr_0 = 2.0358e-04
Loss = 6.4288e-04, PNorm = 52.5226, GNorm = 0.5292, lr_0 = 2.0236e-04
Validation rmse = 1.227050
Epoch 70
Loss = 3.9532e-04, PNorm = 52.5257, GNorm = 0.3979, lr_0 = 2.0114e-04
Loss = 4.3034e-04, PNorm = 52.5297, GNorm = 0.2704, lr_0 = 1.9994e-04
Loss = 4.3187e-04, PNorm = 52.5362, GNorm = 0.3643, lr_0 = 1.9873e-04
Validation rmse = 1.245170
Epoch 71
Loss = 1.3696e-03, PNorm = 52.5407, GNorm = 1.6326, lr_0 = 1.9754e-04
Loss = 4.6250e-04, PNorm = 52.5436, GNorm = 0.3555, lr_0 = 1.9635e-04
Loss = 5.1913e-04, PNorm = 52.5497, GNorm = 0.5019, lr_0 = 1.9517e-04
Loss = 5.0953e-04, PNorm = 52.5541, GNorm = 0.4123, lr_0 = 1.9400e-04
Validation rmse = 1.227664
Epoch 72
Loss = 5.2269e-04, PNorm = 52.5596, GNorm = 1.0564, lr_0 = 1.9284e-04
Loss = 4.6486e-04, PNorm = 52.5612, GNorm = 0.3588, lr_0 = 1.9168e-04
Loss = 4.4960e-04, PNorm = 52.5640, GNorm = 0.2930, lr_0 = 1.9053e-04
Loss = 5.0569e-04, PNorm = 52.5683, GNorm = 1.0729, lr_0 = 1.8938e-04
Validation rmse = 1.239694
Epoch 73
Loss = 4.9006e-04, PNorm = 52.5719, GNorm = 0.3884, lr_0 = 1.8825e-04
Loss = 3.9522e-04, PNorm = 52.5754, GNorm = 0.3476, lr_0 = 1.8712e-04
Loss = 4.0978e-04, PNorm = 52.5788, GNorm = 0.4980, lr_0 = 1.8599e-04
Loss = 5.8098e-04, PNorm = 52.5812, GNorm = 0.6091, lr_0 = 1.8487e-04
Validation rmse = 1.267515
Epoch 74
Loss = 4.0755e-04, PNorm = 52.5854, GNorm = 0.2072, lr_0 = 1.8376e-04
Loss = 5.7791e-04, PNorm = 52.5903, GNorm = 0.2824, lr_0 = 1.8266e-04
Loss = 4.2396e-04, PNorm = 52.5951, GNorm = 0.2472, lr_0 = 1.8156e-04
Loss = 4.4996e-04, PNorm = 52.5990, GNorm = 0.3329, lr_0 = 1.8047e-04
Validation rmse = 1.237798
Epoch 75
Loss = 3.5998e-04, PNorm = 52.6014, GNorm = 0.3184, lr_0 = 1.7939e-04
Loss = 3.9740e-04, PNorm = 52.6033, GNorm = 0.4075, lr_0 = 1.7831e-04
Loss = 3.9499e-04, PNorm = 52.6059, GNorm = 0.2336, lr_0 = 1.7724e-04
Loss = 5.2978e-04, PNorm = 52.6102, GNorm = 0.3640, lr_0 = 1.7618e-04
Validation rmse = 1.239606
Epoch 76
Loss = 3.7106e-04, PNorm = 52.6153, GNorm = 0.4762, lr_0 = 1.7512e-04
Loss = 4.1313e-04, PNorm = 52.6185, GNorm = 0.3622, lr_0 = 1.7407e-04
Loss = 4.5861e-04, PNorm = 52.6229, GNorm = 0.4222, lr_0 = 1.7302e-04
Loss = 4.3342e-04, PNorm = 52.6265, GNorm = 0.3375, lr_0 = 1.7198e-04
Validation rmse = 1.231281
Epoch 77
Loss = 3.0876e-04, PNorm = 52.6302, GNorm = 0.2834, lr_0 = 1.7095e-04
Loss = 4.7581e-04, PNorm = 52.6333, GNorm = 0.4522, lr_0 = 1.6992e-04
Loss = 4.0134e-04, PNorm = 52.6365, GNorm = 0.2145, lr_0 = 1.6890e-04
Loss = 4.1445e-04, PNorm = 52.6392, GNorm = 0.3090, lr_0 = 1.6789e-04
Validation rmse = 1.233979
Epoch 78
Loss = 4.6253e-04, PNorm = 52.6420, GNorm = 0.3784, lr_0 = 1.6688e-04
Loss = 3.4137e-04, PNorm = 52.6441, GNorm = 0.4726, lr_0 = 1.6587e-04
Loss = 4.5153e-04, PNorm = 52.6486, GNorm = 0.5782, lr_0 = 1.6488e-04
Loss = 4.5123e-04, PNorm = 52.6526, GNorm = 0.5733, lr_0 = 1.6389e-04
Validation rmse = 1.241754
Epoch 79
Loss = 4.1433e-04, PNorm = 52.6523, GNorm = 0.4221, lr_0 = 1.6290e-04
Loss = 5.0407e-04, PNorm = 52.6565, GNorm = 0.3317, lr_0 = 1.6193e-04
Loss = 3.7963e-04, PNorm = 52.6566, GNorm = 0.2795, lr_0 = 1.6095e-04
Loss = 5.3387e-04, PNorm = 52.6593, GNorm = 0.4280, lr_0 = 1.5999e-04
Validation rmse = 1.244041
Epoch 80
Loss = 3.8855e-04, PNorm = 52.6627, GNorm = 0.2964, lr_0 = 1.5902e-04
Loss = 3.7103e-04, PNorm = 52.6666, GNorm = 0.2173, lr_0 = 1.5807e-04
Loss = 4.5311e-04, PNorm = 52.6696, GNorm = 0.4539, lr_0 = 1.5712e-04
Validation rmse = 1.256572
Epoch 81
Loss = 4.8347e-04, PNorm = 52.6730, GNorm = 0.2806, lr_0 = 1.5618e-04
Loss = 3.7117e-04, PNorm = 52.6778, GNorm = 0.2332, lr_0 = 1.5524e-04
Loss = 4.9072e-04, PNorm = 52.6826, GNorm = 0.3421, lr_0 = 1.5431e-04
Loss = 3.9144e-04, PNorm = 52.6840, GNorm = 0.4185, lr_0 = 1.5338e-04
Validation rmse = 1.237710
Epoch 82
Loss = 3.1966e-04, PNorm = 52.6866, GNorm = 0.2828, lr_0 = 1.5246e-04
Loss = 3.5636e-04, PNorm = 52.6896, GNorm = 0.3356, lr_0 = 1.5154e-04
Loss = 5.5155e-04, PNorm = 52.6924, GNorm = 0.4879, lr_0 = 1.5063e-04
Loss = 3.6571e-04, PNorm = 52.6939, GNorm = 1.0945, lr_0 = 1.4973e-04
Validation rmse = 1.210116
Epoch 83
Loss = 2.4230e-04, PNorm = 52.6976, GNorm = 0.3516, lr_0 = 1.4883e-04
Loss = 4.3812e-04, PNorm = 52.7014, GNorm = 0.3059, lr_0 = 1.4793e-04
Loss = 3.6824e-04, PNorm = 52.7041, GNorm = 0.3283, lr_0 = 1.4705e-04
Loss = 4.6560e-04, PNorm = 52.7069, GNorm = 0.3271, lr_0 = 1.4616e-04
Validation rmse = 1.234021
Epoch 84
Loss = 3.4015e-04, PNorm = 52.7091, GNorm = 0.2911, lr_0 = 1.4528e-04
Loss = 4.4296e-04, PNorm = 52.7102, GNorm = 0.3211, lr_0 = 1.4441e-04
Loss = 3.1524e-04, PNorm = 52.7147, GNorm = 0.2835, lr_0 = 1.4354e-04
Loss = 3.8620e-04, PNorm = 52.7173, GNorm = 0.2667, lr_0 = 1.4268e-04
Validation rmse = 1.228790
Epoch 85
Loss = 5.6324e-04, PNorm = 52.7204, GNorm = 0.4685, lr_0 = 1.4183e-04
Loss = 3.6123e-04, PNorm = 52.7256, GNorm = 0.4335, lr_0 = 1.4097e-04
Loss = 4.1253e-04, PNorm = 52.7271, GNorm = 0.4876, lr_0 = 1.4013e-04
Loss = 3.7952e-04, PNorm = 52.7304, GNorm = 0.5389, lr_0 = 1.3928e-04
Validation rmse = 1.229318
Epoch 86
Loss = 3.2180e-04, PNorm = 52.7305, GNorm = 0.2079, lr_0 = 1.3845e-04
Loss = 3.3627e-04, PNorm = 52.7315, GNorm = 0.3492, lr_0 = 1.3762e-04
Loss = 4.3539e-04, PNorm = 52.7326, GNorm = 0.4328, lr_0 = 1.3679e-04
Loss = 4.1342e-04, PNorm = 52.7359, GNorm = 0.3480, lr_0 = 1.3597e-04
Validation rmse = 1.214956
Epoch 87
Loss = 3.3056e-04, PNorm = 52.7394, GNorm = 0.2912, lr_0 = 1.3515e-04
Loss = 3.9803e-04, PNorm = 52.7430, GNorm = 0.2624, lr_0 = 1.3434e-04
Loss = 3.5069e-04, PNorm = 52.7446, GNorm = 0.3719, lr_0 = 1.3353e-04
Loss = 4.3624e-04, PNorm = 52.7480, GNorm = 0.3357, lr_0 = 1.3273e-04
Validation rmse = 1.230702
Epoch 88
Loss = 4.1395e-04, PNorm = 52.7518, GNorm = 0.3203, lr_0 = 1.3193e-04
Loss = 3.3582e-04, PNorm = 52.7543, GNorm = 0.2306, lr_0 = 1.3114e-04
Loss = 3.3604e-04, PNorm = 52.7567, GNorm = 0.2783, lr_0 = 1.3035e-04
Loss = 3.4283e-04, PNorm = 52.7599, GNorm = 0.2442, lr_0 = 1.2957e-04
Validation rmse = 1.238187
Epoch 89
Loss = 3.7992e-04, PNorm = 52.7629, GNorm = 0.3377, lr_0 = 1.2879e-04
Loss = 3.6847e-04, PNorm = 52.7650, GNorm = 0.3338, lr_0 = 1.2802e-04
Loss = 3.5451e-04, PNorm = 52.7662, GNorm = 0.2702, lr_0 = 1.2725e-04
Loss = 4.9578e-04, PNorm = 52.7697, GNorm = 0.3497, lr_0 = 1.2649e-04
Validation rmse = 1.228915
Epoch 90
Loss = 3.4925e-04, PNorm = 52.7722, GNorm = 0.2607, lr_0 = 1.2573e-04
Loss = 3.9187e-04, PNorm = 52.7740, GNorm = 0.4153, lr_0 = 1.2497e-04
Loss = 4.5785e-04, PNorm = 52.7778, GNorm = 0.5491, lr_0 = 1.2422e-04
Validation rmse = 1.266136
Epoch 91
Loss = 2.8615e-04, PNorm = 52.7799, GNorm = 0.2345, lr_0 = 1.2347e-04
Loss = 4.8444e-04, PNorm = 52.7816, GNorm = 0.2536, lr_0 = 1.2273e-04
Loss = 3.7461e-04, PNorm = 52.7852, GNorm = 0.6286, lr_0 = 1.2200e-04
Loss = 4.0070e-04, PNorm = 52.7859, GNorm = 0.2840, lr_0 = 1.2126e-04
Validation rmse = 1.231875
Epoch 92
Loss = 3.0627e-04, PNorm = 52.7872, GNorm = 0.3232, lr_0 = 1.2053e-04
Loss = 3.9151e-04, PNorm = 52.7893, GNorm = 0.2732, lr_0 = 1.1981e-04
Loss = 4.0164e-04, PNorm = 52.7912, GNorm = 0.9957, lr_0 = 1.1909e-04
Loss = 4.3694e-04, PNorm = 52.7937, GNorm = 0.1886, lr_0 = 1.1838e-04
Validation rmse = 1.248819
Epoch 93
Loss = 3.5355e-04, PNorm = 52.7951, GNorm = 0.3451, lr_0 = 1.1766e-04
Loss = 3.9094e-04, PNorm = 52.7989, GNorm = 0.2731, lr_0 = 1.1696e-04
Loss = 3.5413e-04, PNorm = 52.8015, GNorm = 0.5417, lr_0 = 1.1625e-04
Loss = 3.4815e-04, PNorm = 52.8037, GNorm = 0.5227, lr_0 = 1.1556e-04
Validation rmse = 1.241309
Epoch 94
Loss = 4.7969e-04, PNorm = 52.8049, GNorm = 0.6772, lr_0 = 1.1486e-04
Loss = 3.3959e-04, PNorm = 52.8086, GNorm = 0.2807, lr_0 = 1.1417e-04
Loss = 3.1056e-04, PNorm = 52.8107, GNorm = 0.3784, lr_0 = 1.1349e-04
Loss = 3.8434e-04, PNorm = 52.8121, GNorm = 0.2769, lr_0 = 1.1281e-04
Validation rmse = 1.238400
Epoch 95
Loss = 3.1108e-04, PNorm = 52.8154, GNorm = 0.4259, lr_0 = 1.1213e-04
Loss = 3.5991e-04, PNorm = 52.8153, GNorm = 0.2485, lr_0 = 1.1145e-04
Loss = 3.1201e-04, PNorm = 52.8175, GNorm = 0.3427, lr_0 = 1.1078e-04
Loss = 3.5864e-04, PNorm = 52.8209, GNorm = 0.3019, lr_0 = 1.1012e-04
Validation rmse = 1.242695
Epoch 96
Loss = 3.1438e-04, PNorm = 52.8226, GNorm = 0.3128, lr_0 = 1.0946e-04
Loss = 3.6136e-04, PNorm = 52.8265, GNorm = 0.3647, lr_0 = 1.0880e-04
Loss = 3.8972e-04, PNorm = 52.8291, GNorm = 0.3908, lr_0 = 1.0815e-04
Loss = 3.4567e-04, PNorm = 52.8310, GNorm = 0.3595, lr_0 = 1.0750e-04
Validation rmse = 1.233551
Epoch 97
Loss = 3.3254e-04, PNorm = 52.8329, GNorm = 0.4308, lr_0 = 1.0685e-04
Loss = 3.8253e-04, PNorm = 52.8341, GNorm = 0.3206, lr_0 = 1.0621e-04
Loss = 3.0918e-04, PNorm = 52.8362, GNorm = 0.6080, lr_0 = 1.0557e-04
Loss = 4.3306e-04, PNorm = 52.8358, GNorm = 0.3154, lr_0 = 1.0494e-04
Validation rmse = 1.232342
Epoch 98
Loss = 3.2145e-04, PNorm = 52.8367, GNorm = 0.3219, lr_0 = 1.0431e-04
Loss = 3.3181e-04, PNorm = 52.8384, GNorm = 0.6368, lr_0 = 1.0368e-04
Loss = 3.4249e-04, PNorm = 52.8388, GNorm = 0.3335, lr_0 = 1.0306e-04
Loss = 3.5919e-04, PNorm = 52.8409, GNorm = 0.2929, lr_0 = 1.0244e-04
Validation rmse = 1.229937
Epoch 99
Loss = 3.0395e-04, PNorm = 52.8425, GNorm = 0.3101, lr_0 = 1.0182e-04
Loss = 3.6268e-04, PNorm = 52.8448, GNorm = 0.3304, lr_0 = 1.0121e-04
Loss = 3.8651e-04, PNorm = 52.8476, GNorm = 0.4037, lr_0 = 1.0060e-04
Loss = 3.7207e-04, PNorm = 52.8498, GNorm = 0.4398, lr_0 = 1.0000e-04
Validation rmse = 1.231874
Model 0 best validation rmse = 1.191782 on epoch 46
Loading pretrained parameter "encoder.encoder_solute.cached_zero_vector".
Loading pretrained parameter "encoder.encoder_solute.W_i.weight".
Loading pretrained parameter "encoder.encoder_solute.W_h.weight".
Loading pretrained parameter "encoder.encoder_solute.W_o.weight".
Loading pretrained parameter "encoder.encoder_solute.W_o.bias".
Loading pretrained parameter "encoder.encoder_solvent.cached_zero_vector".
Loading pretrained parameter "encoder.encoder_solvent.W_i.weight".
Loading pretrained parameter "encoder.encoder_solvent.W_h.weight".
Loading pretrained parameter "encoder.encoder_solvent.W_o.weight".
Loading pretrained parameter "encoder.encoder_solvent.W_o.bias".
Loading pretrained parameter "ffn.1.weight".
Loading pretrained parameter "ffn.1.bias".
Loading pretrained parameter "ffn.4.weight".
Loading pretrained parameter "ffn.4.bias".
Loading pretrained parameter "ffn.7.weight".
Loading pretrained parameter "ffn.7.bias".
Model 0 test rmse = 1.185373
Ensemble test rmse = 1.185373
1-fold cross validation
Seed 0 ==> test rmse = 1.185373
Overall test rmse = 1.185373 +/- 0.000000
