Fold 0
Fold 0
Model 0 best validation rmse = 0.952833 on epoch 27
Model 0 test rmse = 1.104586
Ensemble test rmse = 1.104586
1-fold cross validation
Seed 0 ==> test rmse = 1.104586
Overall test rmse = 1.104586 +/- 0.000000
Fold 0
Model 0 best validation rmse = 0.493662 on epoch 29
Model 0 test rmse = 0.641542
Ensemble test rmse = 0.641542
1-fold cross validation
Seed 0 ==> test rmse = 0.641542
Overall test rmse = 0.641542 +/- 0.000000
Fold 0
Fold 0
Fold 0
Model 0 best validation rmse = 1.046760 on epoch 28
Model 0 test rmse = 1.220262
Ensemble test rmse = 1.220262
1-fold cross validation
Seed 0 ==> test rmse = 1.220262
Overall test rmse = 1.220262 +/- 0.000000
Fold 0
Model 0 best validation rmse = 5.681537 on epoch 29
Model 0 test rmse = 1.983779
Ensemble test rmse = 1.983779
1-fold cross validation
Seed 0 ==> test rmse = 1.983779
Overall test rmse = 1.983779 +/- 0.000000
Fold 0
Fold 0
Fold 0
Fold 0
Fold 0
Fold 0
Fold 0
Model 0 best validation rmse = 5.033074 on epoch 29
Model 0 test rmse = 1.942924
Ensemble test rmse = 1.942924
1-fold cross validation
Seed 0 ==> test rmse = 1.942924
Overall test rmse = 1.942924 +/- 0.000000
Fold 0
Model 0 best validation rmse = 4.938460 on epoch 14
Model 0 test rmse = 1.915385
Ensemble test rmse = 1.915385
1-fold cross validation
Seed 0 ==> test rmse = 1.915385
Overall test rmse = 1.915385 +/- 0.000000
Fold 0
Model 0 best validation rmse = 4.691850 on epoch 0
Model 0 test rmse = 1.894765
Ensemble test rmse = 1.894765
1-fold cross validation
Seed 0 ==> test rmse = 1.894765
Overall test rmse = 1.894765 +/- 0.000000
Fold 0
Fold 0
Fold 0
Fold 0
Fold 0
Fold 0
Fold 0
Fold 0
Model 0 best validation rmse = 1.039838 on epoch 28
Model 0 test rmse = 1.236421
Ensemble test rmse = 1.236421
1-fold cross validation
Seed 0 ==> test rmse = 1.236421
Overall test rmse = 1.236421 +/- 0.000000
Fold 0
Model 0 best validation rmse = 4.605894 on epoch 0
Model 0 test rmse = 2.161894
Ensemble test rmse = 2.161894
1-fold cross validation
Seed 0 ==> test rmse = 2.161894
Overall test rmse = 2.161894 +/- 0.000000
Fold 0
Fold 0
Model 0 best validation rmse = 4.783583 on epoch 0
Model 0 test rmse = 1.943657
Ensemble test rmse = 1.943657
1-fold cross validation
Seed 0 ==> test rmse = 1.943657
Overall test rmse = 1.943657 +/- 0.000000
Fold 0
Model 0 best validation rmse = 4.736229 on epoch 0
Model 0 test rmse = 1.935646
Ensemble test rmse = 1.935646
1-fold cross validation
Seed 0 ==> test rmse = 1.935646
Overall test rmse = 1.935646 +/- 0.000000
Fold 0
Fold 0
Fold 0
Fold 0
Fold 0
Model 0 best validation rmse = 4.734276 on epoch 21
Model 0 test rmse = 1.913334
Ensemble test rmse = 1.913334
1-fold cross validation
Seed 0 ==> test rmse = 1.913334
Overall test rmse = 1.913334 +/- 0.000000
Fold 0
Fold 0
Model 0 best validation rmse = 4.932369 on epoch 29
Model 0 test rmse = 2.022507
Ensemble test rmse = 2.022507
1-fold cross validation
Seed 0 ==> test rmse = 2.022507
Overall test rmse = 2.022507 +/- 0.000000
Fold 0
Fold 0
Fold 0
Model 0 best validation rmse = 0.727217 on epoch 29
Model 0 test rmse = 0.842880
Ensemble test rmse = 0.842880
1-fold cross validation
Seed 0 ==> test rmse = 0.842880
Overall test rmse = 0.842880 +/- 0.000000
Fold 0
Model 0 best validation rmse = 0.453181 on epoch 23
Model 0 test rmse = 0.590256
Ensemble test rmse = 0.590256
1-fold cross validation
Seed 0 ==> test rmse = 0.590256
Overall test rmse = 0.590256 +/- 0.000000
