Fold 0
{'activation': 'ReLU',
 'atom_messages': False,
 'batch_size': 50,
 'bias': False,
 'checkpoint_dir': None,
 'checkpoint_path': None,
 'checkpoint_paths': None,
 'config_path': None,
 'crossval_index_dir': None,
 'crossval_index_file': None,
 'cuda': False,
 'data_path': 'data/solvation/MNSol_compsol_wosolvent.csv',
 'dataset_type': 'regression',
 'depth': 10,
 'detailed_results': True,
 'dropout': 0.05,
 'ensemble_size': 1,
 'epochs': 100,
 'explicit_solvent_number': 2,
 'features_generator': None,
 'features_only': False,
 'features_path': None,
 'features_scaling': True,
 'ffn_hidden_size': 300,
 'ffn_num_layers': 3,
 'final_lr': 0.0001,
 'folds_file': None,
 'gpu': None,
 'hidden_size': 300,
 'init_lr': 0.0001,
 'log_frequency': 10,
 'max_data_size': None,
 'max_lr': 0.001,
 'metric': 'rmse',
 'minimize_score': True,
 'multiclass_num_classes': 3,
 'no_cache': False,
 'num_folds': 1,
 'num_lrs': 1,
 'quiet': False,
 'save_dir': 'examples/solvation_woWater/fold_0',
 'save_inchi_split': False,
 'save_smiles_splits': False,
 'seed': 0,
 'separate_test_features_path': None,
 'separate_test_path': None,
 'separate_val_features_path': None,
 'separate_val_path': None,
 'show_individual_scores': False,
 'solvation': True,
 'split_sizes': [0.8, 0.1, 0.1],
 'split_type': 'random',
 'test': False,
 'test_fold_index': None,
 'undirected': False,
 'use_compound_names': False,
 'use_input_features': None,
 'val_fold_index': None,
 'warmup_epochs': 2.0}
Loading data
Number of tasks = 1
Splitting data with seed 0
Total size = 5,368 | train size = 4,294 | val size = 537 | test size = 537
Fitting scaler
Building model 0
MoleculeModel(
  (encoder): MPN_solvation(
    (encoder_solute): MPNEncoder(
      (dropout_layer): Dropout(p=0.05, inplace=False)
      (act_func): ReLU()
      (W_i): Linear(in_features=117, out_features=300, bias=False)
      (W_h): Linear(in_features=300, out_features=300, bias=False)
      (W_o): Linear(in_features=403, out_features=300, bias=True)
    )
    (encoder_solvent): MPNEncoder(
      (dropout_layer): Dropout(p=0.05, inplace=False)
      (act_func): ReLU()
      (W_i): Linear(in_features=117, out_features=300, bias=False)
      (W_h): Linear(in_features=300, out_features=300, bias=False)
      (W_o): Linear(in_features=403, out_features=300, bias=True)
    )
  )
  (ffn): Sequential(
    (0): Dropout(p=0.05, inplace=False)
    (1): Linear(in_features=600, out_features=300, bias=True)
    (2): ReLU()
    (3): Dropout(p=0.05, inplace=False)
    (4): Linear(in_features=300, out_features=300, bias=True)
    (5): ReLU()
    (6): Dropout(p=0.05, inplace=False)
    (7): Linear(in_features=300, out_features=1, bias=True)
  )
)
Number of parameters = 763,501
Epoch 0
Loss = 2.0192e-02, PNorm = 48.2138, GNorm = 3.0634, lr_0 = 1.5294e-04
Loss = 1.4364e-02, PNorm = 48.2192, GNorm = 4.1563, lr_0 = 2.0588e-04
Loss = 1.0804e-02, PNorm = 48.2269, GNorm = 3.1317, lr_0 = 2.5882e-04
Loss = 1.3601e-02, PNorm = 48.2346, GNorm = 5.4822, lr_0 = 3.1176e-04
Loss = 1.0260e-02, PNorm = 48.2473, GNorm = 3.3017, lr_0 = 3.6471e-04
Loss = 8.0007e-03, PNorm = 48.2646, GNorm = 3.2065, lr_0 = 4.1765e-04
Loss = 7.6853e-03, PNorm = 48.2834, GNorm = 3.2127, lr_0 = 4.7059e-04
Loss = 6.4194e-03, PNorm = 48.3071, GNorm = 3.3459, lr_0 = 5.2353e-04
Validation rmse = 1.161990
Epoch 1
Loss = 5.3523e-03, PNorm = 48.3279, GNorm = 2.4358, lr_0 = 5.7647e-04
Loss = 3.5013e-03, PNorm = 48.3553, GNorm = 2.7100, lr_0 = 6.2941e-04
Loss = 4.2584e-03, PNorm = 48.3793, GNorm = 1.4538, lr_0 = 6.8235e-04
Loss = 3.2159e-03, PNorm = 48.4037, GNorm = 1.7721, lr_0 = 7.3529e-04
Loss = 3.4037e-03, PNorm = 48.4312, GNorm = 1.2789, lr_0 = 7.8824e-04
Loss = 3.6390e-03, PNorm = 48.4628, GNorm = 2.2954, lr_0 = 8.4118e-04
Loss = 9.4528e-03, PNorm = 48.4872, GNorm = 4.5549, lr_0 = 8.9412e-04
Loss = 7.6433e-03, PNorm = 48.5564, GNorm = 1.3569, lr_0 = 9.4706e-04
Loss = 6.5409e-03, PNorm = 48.6267, GNorm = 4.9646, lr_0 = 1.0000e-03
Validation rmse = 1.179247
Epoch 2
Loss = 8.0400e-03, PNorm = 48.6916, GNorm = 1.9802, lr_0 = 9.9724e-04
Loss = 4.1195e-03, PNorm = 48.7571, GNorm = 1.0557, lr_0 = 9.9449e-04
Loss = 4.1617e-03, PNorm = 48.7908, GNorm = 2.1175, lr_0 = 9.9174e-04
Loss = 2.7709e-03, PNorm = 48.8326, GNorm = 1.9011, lr_0 = 9.8900e-04
Loss = 2.6070e-03, PNorm = 48.8642, GNorm = 2.6098, lr_0 = 9.8627e-04
Loss = 3.4882e-03, PNorm = 48.8909, GNorm = 0.7096, lr_0 = 9.8355e-04
Loss = 1.9644e-03, PNorm = 48.9147, GNorm = 1.4675, lr_0 = 9.8084e-04
Loss = 2.6647e-03, PNorm = 48.9369, GNorm = 2.3994, lr_0 = 9.7813e-04
Validation rmse = 1.236623
Epoch 3
Loss = 6.2434e-03, PNorm = 48.9638, GNorm = 1.6225, lr_0 = 9.7543e-04
Loss = 3.9086e-03, PNorm = 49.0036, GNorm = 2.4139, lr_0 = 9.7274e-04
Loss = 2.8573e-03, PNorm = 49.0469, GNorm = 2.3285, lr_0 = 9.7005e-04
Loss = 2.5735e-03, PNorm = 49.0726, GNorm = 1.1346, lr_0 = 9.6737e-04
Loss = 2.1289e-03, PNorm = 49.0978, GNorm = 1.5852, lr_0 = 9.6470e-04
Loss = 2.1873e-03, PNorm = 49.1229, GNorm = 3.0273, lr_0 = 9.6204e-04
Loss = 3.3217e-03, PNorm = 49.1497, GNorm = 3.6721, lr_0 = 9.5938e-04
Loss = 3.7762e-03, PNorm = 49.1807, GNorm = 3.5456, lr_0 = 9.5674e-04
Loss = 2.3207e-03, PNorm = 49.2116, GNorm = 1.1539, lr_0 = 9.5410e-04
Validation rmse = 0.811077
Epoch 4
Loss = 1.9844e-03, PNorm = 49.2403, GNorm = 1.3721, lr_0 = 9.5146e-04
Loss = 1.8621e-03, PNorm = 49.2563, GNorm = 0.6760, lr_0 = 9.4884e-04
Loss = 2.1326e-03, PNorm = 49.2790, GNorm = 2.0311, lr_0 = 9.4622e-04
Loss = 1.7051e-03, PNorm = 49.3004, GNorm = 0.7473, lr_0 = 9.4360e-04
Loss = 1.7891e-03, PNorm = 49.3221, GNorm = 2.0966, lr_0 = 9.4100e-04
Loss = 2.3159e-03, PNorm = 49.3465, GNorm = 3.3651, lr_0 = 9.3840e-04
Loss = 1.5267e-03, PNorm = 49.3587, GNorm = 0.8382, lr_0 = 9.3581e-04
Loss = 2.7152e-03, PNorm = 49.3866, GNorm = 2.6057, lr_0 = 9.3323e-04
Validation rmse = 0.700507
Epoch 5
Loss = 1.7951e-03, PNorm = 49.4052, GNorm = 1.7317, lr_0 = 9.3065e-04
Loss = 1.4914e-03, PNorm = 49.4222, GNorm = 2.6014, lr_0 = 9.2808e-04
Loss = 1.3589e-03, PNorm = 49.4373, GNorm = 0.7579, lr_0 = 9.2552e-04
Loss = 1.3745e-03, PNorm = 49.4523, GNorm = 0.5728, lr_0 = 9.2297e-04
Loss = 1.1101e-03, PNorm = 49.4676, GNorm = 0.5989, lr_0 = 9.2042e-04
Loss = 1.1374e-03, PNorm = 49.4765, GNorm = 0.8778, lr_0 = 9.1788e-04
Loss = 8.8774e-04, PNorm = 49.4871, GNorm = 0.7440, lr_0 = 9.1534e-04
Loss = 1.3836e-03, PNorm = 49.5017, GNorm = 1.3028, lr_0 = 9.1282e-04
Loss = 1.3631e-03, PNorm = 49.5194, GNorm = 1.8901, lr_0 = 9.1030e-04
Validation rmse = 0.634009
Epoch 6
Loss = 1.2421e-03, PNorm = 49.5329, GNorm = 1.3691, lr_0 = 9.0779e-04
Loss = 1.1355e-03, PNorm = 49.5422, GNorm = 0.5483, lr_0 = 9.0528e-04
Loss = 1.0046e-03, PNorm = 49.5571, GNorm = 1.3070, lr_0 = 9.0278e-04
Loss = 1.1955e-03, PNorm = 49.5722, GNorm = 0.5907, lr_0 = 9.0029e-04
Loss = 1.3000e-03, PNorm = 49.5852, GNorm = 0.6508, lr_0 = 8.9780e-04
Loss = 1.1171e-03, PNorm = 49.5977, GNorm = 1.4671, lr_0 = 8.9533e-04
Loss = 1.2753e-03, PNorm = 49.6139, GNorm = 1.0480, lr_0 = 8.9285e-04
Loss = 1.1730e-03, PNorm = 49.6262, GNorm = 1.1602, lr_0 = 8.9039e-04
Validation rmse = 0.509603
Epoch 7
Loss = 8.2127e-04, PNorm = 49.6391, GNorm = 0.5180, lr_0 = 8.8793e-04
Loss = 9.8115e-04, PNorm = 49.6572, GNorm = 0.6418, lr_0 = 8.8548e-04
Loss = 9.7676e-04, PNorm = 49.6661, GNorm = 0.4230, lr_0 = 8.8304e-04
Loss = 9.5907e-04, PNorm = 49.6755, GNorm = 1.1331, lr_0 = 8.8060e-04
Loss = 8.1153e-04, PNorm = 49.6847, GNorm = 0.4525, lr_0 = 8.7817e-04
Loss = 9.6481e-04, PNorm = 49.6937, GNorm = 0.7158, lr_0 = 8.7574e-04
Loss = 1.4093e-03, PNorm = 49.7078, GNorm = 3.9881, lr_0 = 8.7333e-04
Loss = 1.2397e-03, PNorm = 49.7218, GNorm = 1.1205, lr_0 = 8.7092e-04
Loss = 1.0842e-03, PNorm = 49.7314, GNorm = 0.5866, lr_0 = 8.6851e-04
Validation rmse = 0.478208
Epoch 8
Loss = 1.0617e-03, PNorm = 49.7466, GNorm = 1.1760, lr_0 = 8.6611e-04
Loss = 9.4107e-04, PNorm = 49.7574, GNorm = 1.9628, lr_0 = 8.6372e-04
Loss = 8.0700e-04, PNorm = 49.7693, GNorm = 0.4592, lr_0 = 8.6134e-04
Loss = 7.1028e-04, PNorm = 49.7831, GNorm = 0.4159, lr_0 = 8.5896e-04
Loss = 7.3926e-04, PNorm = 49.7963, GNorm = 0.5254, lr_0 = 8.5659e-04
Loss = 9.5994e-04, PNorm = 49.8074, GNorm = 0.9729, lr_0 = 8.5423e-04
Loss = 7.7817e-04, PNorm = 49.8155, GNorm = 0.7967, lr_0 = 8.5187e-04
Loss = 9.6082e-04, PNorm = 49.8216, GNorm = 0.5320, lr_0 = 8.4952e-04
Validation rmse = 0.500332
Epoch 9
Loss = 6.9388e-04, PNorm = 49.8322, GNorm = 0.6450, lr_0 = 8.4717e-04
Loss = 6.8000e-04, PNorm = 49.8418, GNorm = 0.4878, lr_0 = 8.4483e-04
Loss = 7.8367e-04, PNorm = 49.8501, GNorm = 1.0739, lr_0 = 8.4250e-04
Loss = 9.0807e-04, PNorm = 49.8672, GNorm = 0.2886, lr_0 = 8.4017e-04
Loss = 1.1399e-03, PNorm = 49.8812, GNorm = 1.1184, lr_0 = 8.3786e-04
Loss = 1.1032e-03, PNorm = 49.8913, GNorm = 0.9200, lr_0 = 8.3554e-04
Loss = 8.7543e-04, PNorm = 49.9110, GNorm = 0.5556, lr_0 = 8.3324e-04
Loss = 7.1109e-04, PNorm = 49.9226, GNorm = 0.2193, lr_0 = 8.3094e-04
Loss = 7.0020e-04, PNorm = 49.9327, GNorm = 1.2322, lr_0 = 8.2864e-04
Validation rmse = 0.472277
Epoch 10
Loss = 5.5497e-04, PNorm = 49.9496, GNorm = 0.8593, lr_0 = 8.2636e-04
Loss = 6.5319e-04, PNorm = 49.9620, GNorm = 0.4257, lr_0 = 8.2407e-04
Loss = 6.6733e-04, PNorm = 49.9704, GNorm = 0.6884, lr_0 = 8.2180e-04
Loss = 7.7507e-04, PNorm = 49.9841, GNorm = 0.4342, lr_0 = 8.1953e-04
Loss = 7.7395e-04, PNorm = 49.9951, GNorm = 1.1575, lr_0 = 8.1727e-04
Loss = 6.5370e-04, PNorm = 50.0016, GNorm = 0.6270, lr_0 = 8.1501e-04
Loss = 7.8258e-04, PNorm = 50.0131, GNorm = 0.6200, lr_0 = 8.1276e-04
Loss = 6.4687e-04, PNorm = 50.0255, GNorm = 0.6254, lr_0 = 8.1052e-04
Validation rmse = 0.423913
Epoch 11
Loss = 7.1302e-04, PNorm = 50.0302, GNorm = 0.4651, lr_0 = 8.0828e-04
Loss = 8.0735e-04, PNorm = 50.0416, GNorm = 3.2405, lr_0 = 8.0605e-04
Loss = 6.5666e-04, PNorm = 50.0515, GNorm = 1.0145, lr_0 = 8.0383e-04
Loss = 1.0777e-03, PNorm = 50.0653, GNorm = 1.1121, lr_0 = 8.0161e-04
Loss = 8.8335e-04, PNorm = 50.0769, GNorm = 2.6165, lr_0 = 7.9939e-04
Loss = 6.1445e-04, PNorm = 50.0906, GNorm = 0.3996, lr_0 = 7.9719e-04
Loss = 6.2301e-04, PNorm = 50.0998, GNorm = 0.3559, lr_0 = 7.9499e-04
Loss = 9.0400e-04, PNorm = 50.1139, GNorm = 0.6896, lr_0 = 7.9279e-04
Loss = 7.2027e-04, PNorm = 50.1214, GNorm = 0.8013, lr_0 = 7.9060e-04
Validation rmse = 0.480792
Epoch 12
Loss = 6.2243e-04, PNorm = 50.1301, GNorm = 0.4331, lr_0 = 7.8842e-04
Loss = 7.2713e-04, PNorm = 50.1419, GNorm = 0.8904, lr_0 = 7.8625e-04
Loss = 5.4533e-04, PNorm = 50.1550, GNorm = 1.1563, lr_0 = 7.8408e-04
Loss = 6.7215e-04, PNorm = 50.1626, GNorm = 0.9710, lr_0 = 7.8191e-04
Loss = 8.0237e-04, PNorm = 50.1729, GNorm = 0.9747, lr_0 = 7.7975e-04
Loss = 6.2850e-04, PNorm = 50.1856, GNorm = 0.3752, lr_0 = 7.7760e-04
Loss = 9.0363e-04, PNorm = 50.1953, GNorm = 1.1492, lr_0 = 7.7545e-04
Loss = 9.4190e-04, PNorm = 50.2080, GNorm = 0.4487, lr_0 = 7.7331e-04
Validation rmse = 0.433192
Epoch 13
Loss = 7.4907e-04, PNorm = 50.2238, GNorm = 0.4269, lr_0 = 7.7118e-04
Loss = 5.2974e-04, PNorm = 50.2333, GNorm = 0.6851, lr_0 = 7.6905e-04
Loss = 5.0031e-04, PNorm = 50.2434, GNorm = 0.2861, lr_0 = 7.6693e-04
Loss = 5.0356e-04, PNorm = 50.2473, GNorm = 0.5990, lr_0 = 7.6481e-04
Loss = 5.8280e-04, PNorm = 50.2527, GNorm = 0.9389, lr_0 = 7.6270e-04
Loss = 5.7169e-04, PNorm = 50.2598, GNorm = 0.3500, lr_0 = 7.6059e-04
Loss = 4.9252e-04, PNorm = 50.2711, GNorm = 0.4785, lr_0 = 7.5849e-04
Loss = 8.3967e-04, PNorm = 50.2842, GNorm = 0.3851, lr_0 = 7.5640e-04
Loss = 6.9774e-04, PNorm = 50.2915, GNorm = 0.4945, lr_0 = 7.5431e-04
Validation rmse = 0.569576
Epoch 14
Loss = 7.3475e-04, PNorm = 50.3036, GNorm = 1.7250, lr_0 = 7.5223e-04
Loss = 6.9136e-04, PNorm = 50.3143, GNorm = 1.1083, lr_0 = 7.5015e-04
Loss = 6.9100e-04, PNorm = 50.3251, GNorm = 0.3944, lr_0 = 7.4808e-04
Loss = 5.0829e-04, PNorm = 50.3360, GNorm = 0.4419, lr_0 = 7.4602e-04
Loss = 6.0594e-04, PNorm = 50.3438, GNorm = 0.4660, lr_0 = 7.4396e-04
Loss = 4.6001e-04, PNorm = 50.3572, GNorm = 0.4553, lr_0 = 7.4190e-04
Loss = 9.6892e-04, PNorm = 50.3729, GNorm = 2.5729, lr_0 = 7.3986e-04
Loss = 7.4050e-04, PNorm = 50.3836, GNorm = 0.5545, lr_0 = 7.3781e-04
Validation rmse = 0.457111
Epoch 15
Loss = 7.9955e-04, PNorm = 50.3900, GNorm = 1.3818, lr_0 = 7.3578e-04
Loss = 6.5977e-04, PNorm = 50.3996, GNorm = 1.7605, lr_0 = 7.3375e-04
Loss = 7.7707e-04, PNorm = 50.4121, GNorm = 0.6400, lr_0 = 7.3172e-04
Loss = 6.0514e-04, PNorm = 50.4295, GNorm = 1.1417, lr_0 = 7.2970e-04
Loss = 8.0556e-04, PNorm = 50.4333, GNorm = 0.4933, lr_0 = 7.2769e-04
Loss = 5.4943e-04, PNorm = 50.4485, GNorm = 0.4037, lr_0 = 7.2568e-04
Loss = 7.0000e-04, PNorm = 50.4589, GNorm = 1.1391, lr_0 = 7.2368e-04
Loss = 7.1460e-04, PNorm = 50.4670, GNorm = 0.7351, lr_0 = 7.2168e-04
Loss = 5.3734e-04, PNorm = 50.4832, GNorm = 0.6540, lr_0 = 7.1969e-04
Validation rmse = 0.491767
Epoch 16
Loss = 5.7133e-04, PNorm = 50.4921, GNorm = 0.8509, lr_0 = 7.1770e-04
Loss = 6.0143e-04, PNorm = 50.5031, GNorm = 0.3589, lr_0 = 7.1572e-04
Loss = 5.9141e-04, PNorm = 50.5120, GNorm = 0.6243, lr_0 = 7.1374e-04
Loss = 5.3476e-04, PNorm = 50.5188, GNorm = 0.4979, lr_0 = 7.1177e-04
Loss = 6.5408e-04, PNorm = 50.5315, GNorm = 1.4790, lr_0 = 7.0981e-04
Loss = 7.8991e-04, PNorm = 50.5394, GNorm = 2.2597, lr_0 = 7.0785e-04
Loss = 7.5834e-04, PNorm = 50.5505, GNorm = 0.5608, lr_0 = 7.0589e-04
Loss = 5.4406e-04, PNorm = 50.5534, GNorm = 1.1655, lr_0 = 7.0395e-04
Validation rmse = 0.500286
Epoch 17
Loss = 6.0460e-04, PNorm = 50.5704, GNorm = 1.6974, lr_0 = 7.0200e-04
Loss = 6.5162e-04, PNorm = 50.5766, GNorm = 0.3323, lr_0 = 7.0006e-04
Loss = 5.2670e-04, PNorm = 50.5871, GNorm = 0.3261, lr_0 = 6.9813e-04
Loss = 1.0928e-03, PNorm = 50.5971, GNorm = 0.7479, lr_0 = 6.9620e-04
Loss = 8.9729e-04, PNorm = 50.6141, GNorm = 0.3977, lr_0 = 6.9428e-04
Loss = 6.9427e-04, PNorm = 50.6328, GNorm = 0.4359, lr_0 = 6.9237e-04
Loss = 6.0930e-04, PNorm = 50.6412, GNorm = 0.3101, lr_0 = 6.9046e-04
Loss = 5.7020e-04, PNorm = 50.6455, GNorm = 0.9076, lr_0 = 6.8855e-04
Loss = 4.1789e-04, PNorm = 50.6522, GNorm = 0.4433, lr_0 = 6.8665e-04
Validation rmse = 0.391978
Epoch 18
Loss = 4.0572e-04, PNorm = 50.6596, GNorm = 0.8251, lr_0 = 6.8475e-04
Loss = 4.8016e-04, PNorm = 50.6658, GNorm = 4.1790, lr_0 = 6.8286e-04
Loss = 8.2930e-04, PNorm = 50.6706, GNorm = 1.1035, lr_0 = 6.8098e-04
Loss = 5.0874e-04, PNorm = 50.6776, GNorm = 0.2286, lr_0 = 6.7910e-04
Loss = 5.3157e-04, PNorm = 50.6873, GNorm = 0.6119, lr_0 = 6.7722e-04
Loss = 4.2544e-04, PNorm = 50.7002, GNorm = 0.2122, lr_0 = 6.7535e-04
Loss = 5.4229e-04, PNorm = 50.7098, GNorm = 1.8443, lr_0 = 6.7349e-04
Loss = 6.1140e-04, PNorm = 50.7204, GNorm = 0.6995, lr_0 = 6.7163e-04
Validation rmse = 0.448070
Epoch 19
Loss = 4.6361e-04, PNorm = 50.7302, GNorm = 0.4745, lr_0 = 6.6978e-04
Loss = 3.9833e-04, PNorm = 50.7308, GNorm = 0.3936, lr_0 = 6.6793e-04
Loss = 4.1494e-04, PNorm = 50.7379, GNorm = 0.7267, lr_0 = 6.6608e-04
Loss = 6.1308e-04, PNorm = 50.7486, GNorm = 0.5425, lr_0 = 6.6425e-04
Loss = 6.6414e-04, PNorm = 50.7570, GNorm = 1.5913, lr_0 = 6.6241e-04
Loss = 6.8954e-04, PNorm = 50.7637, GNorm = 2.2351, lr_0 = 6.6058e-04
Loss = 6.5501e-04, PNorm = 50.7731, GNorm = 1.1830, lr_0 = 6.5876e-04
Loss = 4.4257e-04, PNorm = 50.7880, GNorm = 0.3551, lr_0 = 6.5694e-04
Loss = 3.9676e-04, PNorm = 50.7965, GNorm = 0.4043, lr_0 = 6.5513e-04
Validation rmse = 0.417281
Epoch 20
Loss = 3.7821e-04, PNorm = 50.8041, GNorm = 0.8227, lr_0 = 6.5332e-04
Loss = 5.9107e-04, PNorm = 50.8160, GNorm = 2.2419, lr_0 = 6.5152e-04
Loss = 3.9153e-04, PNorm = 50.8262, GNorm = 0.4722, lr_0 = 6.4972e-04
Loss = 5.1290e-04, PNorm = 50.8333, GNorm = 0.6538, lr_0 = 6.4792e-04
Loss = 5.2482e-04, PNorm = 50.8393, GNorm = 0.6858, lr_0 = 6.4614e-04
Loss = 4.6971e-04, PNorm = 50.8523, GNorm = 0.3256, lr_0 = 6.4435e-04
Loss = 3.8636e-04, PNorm = 50.8579, GNorm = 0.3620, lr_0 = 6.4257e-04
Loss = 6.5696e-04, PNorm = 50.8669, GNorm = 5.0127, lr_0 = 6.4080e-04
Validation rmse = 0.546631
Epoch 21
Loss = 1.1708e-03, PNorm = 50.8798, GNorm = 1.4421, lr_0 = 6.3903e-04
Loss = 7.8095e-04, PNorm = 50.8903, GNorm = 0.9751, lr_0 = 6.3727e-04
Loss = 6.8025e-04, PNorm = 50.9076, GNorm = 1.3741, lr_0 = 6.3551e-04
Loss = 5.1502e-04, PNorm = 50.9168, GNorm = 0.8678, lr_0 = 6.3375e-04
Loss = 5.8918e-04, PNorm = 50.9255, GNorm = 0.4100, lr_0 = 6.3200e-04
Loss = 5.0518e-04, PNorm = 50.9358, GNorm = 0.4601, lr_0 = 6.3026e-04
Loss = 4.2774e-04, PNorm = 50.9411, GNorm = 0.5115, lr_0 = 6.2852e-04
Loss = 5.8217e-04, PNorm = 50.9546, GNorm = 0.2998, lr_0 = 6.2679e-04
Loss = 4.6995e-04, PNorm = 50.9655, GNorm = 0.2118, lr_0 = 6.2506e-04
Validation rmse = 0.451089
Epoch 22
Loss = 4.1707e-04, PNorm = 50.9791, GNorm = 1.0614, lr_0 = 6.2333e-04
Loss = 3.3443e-04, PNorm = 50.9815, GNorm = 0.5489, lr_0 = 6.2161e-04
Loss = 3.9736e-04, PNorm = 50.9900, GNorm = 1.2258, lr_0 = 6.1989e-04
Loss = 6.1287e-04, PNorm = 50.9948, GNorm = 0.3999, lr_0 = 6.1818e-04
Loss = 4.5691e-04, PNorm = 51.0034, GNorm = 0.3627, lr_0 = 6.1648e-04
Loss = 4.9841e-04, PNorm = 51.0147, GNorm = 1.0177, lr_0 = 6.1477e-04
Loss = 5.3284e-04, PNorm = 51.0230, GNorm = 1.1013, lr_0 = 6.1308e-04
Loss = 5.9849e-04, PNorm = 51.0284, GNorm = 1.5823, lr_0 = 6.1138e-04
Validation rmse = 0.452792
Epoch 23
Loss = 4.4776e-04, PNorm = 51.0442, GNorm = 0.3407, lr_0 = 6.0970e-04
Loss = 4.8252e-04, PNorm = 51.0530, GNorm = 0.7903, lr_0 = 6.0801e-04
Loss = 4.5497e-04, PNorm = 51.0596, GNorm = 0.5041, lr_0 = 6.0634e-04
Loss = 4.6736e-04, PNorm = 51.0663, GNorm = 0.9078, lr_0 = 6.0466e-04
Loss = 6.9201e-04, PNorm = 51.0753, GNorm = 0.3924, lr_0 = 6.0299e-04
Loss = 5.1790e-04, PNorm = 51.0839, GNorm = 0.2966, lr_0 = 6.0133e-04
Loss = 5.3086e-04, PNorm = 51.0953, GNorm = 0.2830, lr_0 = 5.9967e-04
Loss = 6.4089e-04, PNorm = 51.1045, GNorm = 0.5365, lr_0 = 5.9801e-04
Loss = 3.3189e-04, PNorm = 51.1125, GNorm = 0.3633, lr_0 = 5.9636e-04
Validation rmse = 0.387582
Epoch 24
Loss = 3.3590e-04, PNorm = 51.1212, GNorm = 0.4052, lr_0 = 5.9472e-04
Loss = 3.9700e-04, PNorm = 51.1262, GNorm = 0.4972, lr_0 = 5.9307e-04
Loss = 5.4417e-04, PNorm = 51.1377, GNorm = 1.0472, lr_0 = 5.9144e-04
Loss = 7.1642e-04, PNorm = 51.1456, GNorm = 0.2685, lr_0 = 5.8980e-04
Loss = 5.8800e-04, PNorm = 51.1546, GNorm = 0.4450, lr_0 = 5.8818e-04
Loss = 4.4901e-04, PNorm = 51.1663, GNorm = 0.7158, lr_0 = 5.8655e-04
Loss = 5.2062e-04, PNorm = 51.1788, GNorm = 0.9900, lr_0 = 5.8493e-04
Loss = 4.0741e-04, PNorm = 51.1788, GNorm = 0.7234, lr_0 = 5.8332e-04
Validation rmse = 0.416629
Epoch 25
Loss = 4.6702e-04, PNorm = 51.1871, GNorm = 0.7723, lr_0 = 5.8171e-04
Loss = 4.6381e-04, PNorm = 51.1965, GNorm = 1.0958, lr_0 = 5.8010e-04
Loss = 4.8789e-04, PNorm = 51.2082, GNorm = 0.3305, lr_0 = 5.7850e-04
Loss = 3.4102e-04, PNorm = 51.2167, GNorm = 0.3456, lr_0 = 5.7691e-04
Loss = 4.1365e-04, PNorm = 51.2266, GNorm = 0.3203, lr_0 = 5.7531e-04
Loss = 3.4150e-04, PNorm = 51.2352, GNorm = 0.3601, lr_0 = 5.7372e-04
Loss = 4.4306e-04, PNorm = 51.2410, GNorm = 0.3152, lr_0 = 5.7214e-04
Loss = 3.4750e-04, PNorm = 51.2487, GNorm = 0.5528, lr_0 = 5.7056e-04
Loss = 4.0185e-04, PNorm = 51.2518, GNorm = 0.3794, lr_0 = 5.6899e-04
Validation rmse = 0.392127
Epoch 26
Loss = 3.7476e-04, PNorm = 51.2613, GNorm = 0.2720, lr_0 = 5.6742e-04
Loss = 3.3669e-04, PNorm = 51.2681, GNorm = 0.3953, lr_0 = 5.6585e-04
Loss = 4.6836e-04, PNorm = 51.2762, GNorm = 0.5800, lr_0 = 5.6429e-04
Loss = 3.7643e-04, PNorm = 51.2830, GNorm = 0.7147, lr_0 = 5.6273e-04
Loss = 3.0480e-04, PNorm = 51.2900, GNorm = 0.5870, lr_0 = 5.6118e-04
Loss = 5.4852e-04, PNorm = 51.3009, GNorm = 0.2483, lr_0 = 5.5963e-04
Loss = 3.4749e-04, PNorm = 51.3049, GNorm = 0.6924, lr_0 = 5.5808e-04
Loss = 4.2581e-04, PNorm = 51.3125, GNorm = 0.2034, lr_0 = 5.5654e-04
Validation rmse = 0.402205
Epoch 27
Loss = 2.9117e-04, PNorm = 51.3150, GNorm = 0.2783, lr_0 = 5.5501e-04
Loss = 4.5277e-04, PNorm = 51.3215, GNorm = 0.5939, lr_0 = 5.5347e-04
Loss = 3.3633e-04, PNorm = 51.3279, GNorm = 1.4761, lr_0 = 5.5195e-04
Loss = 3.5211e-04, PNorm = 51.3373, GNorm = 1.2612, lr_0 = 5.5042e-04
Loss = 4.6564e-04, PNorm = 51.3459, GNorm = 0.3455, lr_0 = 5.4890e-04
Loss = 4.7540e-04, PNorm = 51.3516, GNorm = 0.5144, lr_0 = 5.4739e-04
Loss = 4.2321e-04, PNorm = 51.3641, GNorm = 0.2801, lr_0 = 5.4588e-04
Loss = 4.7696e-04, PNorm = 51.3670, GNorm = 0.5543, lr_0 = 5.4437e-04
Loss = 5.5783e-04, PNorm = 51.3734, GNorm = 0.2782, lr_0 = 5.4287e-04
Validation rmse = 0.416108
Epoch 28
Loss = 4.5974e-04, PNorm = 51.3807, GNorm = 0.4192, lr_0 = 5.4137e-04
Loss = 3.7836e-04, PNorm = 51.3855, GNorm = 0.5906, lr_0 = 5.3987e-04
Loss = 3.8988e-04, PNorm = 51.3891, GNorm = 0.3734, lr_0 = 5.3838e-04
Loss = 3.7989e-04, PNorm = 51.3986, GNorm = 0.1840, lr_0 = 5.3690e-04
Loss = 4.2901e-04, PNorm = 51.4047, GNorm = 1.2820, lr_0 = 5.3542e-04
Loss = 3.9473e-04, PNorm = 51.4114, GNorm = 0.5291, lr_0 = 5.3394e-04
Loss = 4.2564e-04, PNorm = 51.4180, GNorm = 0.6944, lr_0 = 5.3246e-04
Loss = 4.1637e-04, PNorm = 51.4297, GNorm = 0.6556, lr_0 = 5.3099e-04
Validation rmse = 0.492134
Epoch 29
Loss = 3.3137e-04, PNorm = 51.4390, GNorm = 0.2466, lr_0 = 5.2953e-04
Loss = 4.0307e-04, PNorm = 51.4449, GNorm = 1.2348, lr_0 = 5.2807e-04
Loss = 4.5732e-04, PNorm = 51.4574, GNorm = 0.3226, lr_0 = 5.2661e-04
Loss = 4.7384e-04, PNorm = 51.4648, GNorm = 0.8449, lr_0 = 5.2516e-04
Loss = 3.6475e-04, PNorm = 51.4744, GNorm = 1.0879, lr_0 = 5.2371e-04
Loss = 3.4911e-04, PNorm = 51.4767, GNorm = 0.1671, lr_0 = 5.2226e-04
Loss = 3.7958e-04, PNorm = 51.4841, GNorm = 1.2818, lr_0 = 5.2082e-04
Loss = 4.1933e-04, PNorm = 51.4927, GNorm = 0.3771, lr_0 = 5.1938e-04
Loss = 3.8490e-04, PNorm = 51.4976, GNorm = 0.9065, lr_0 = 5.1795e-04
Validation rmse = 0.401417
Epoch 30
Loss = 4.9076e-04, PNorm = 51.5066, GNorm = 1.5733, lr_0 = 5.1652e-04
Loss = 4.8191e-04, PNorm = 51.5145, GNorm = 0.4009, lr_0 = 5.1509e-04
Loss = 3.9620e-04, PNorm = 51.5281, GNorm = 0.3777, lr_0 = 5.1367e-04
Loss = 3.6221e-04, PNorm = 51.5316, GNorm = 0.6169, lr_0 = 5.1225e-04
Loss = 4.4629e-04, PNorm = 51.5420, GNorm = 0.2126, lr_0 = 5.1084e-04
Loss = 4.5212e-04, PNorm = 51.5431, GNorm = 0.6301, lr_0 = 5.0943e-04
Loss = 4.1721e-04, PNorm = 51.5559, GNorm = 0.5835, lr_0 = 5.0802e-04
Loss = 4.3963e-04, PNorm = 51.5640, GNorm = 0.5024, lr_0 = 5.0662e-04
Validation rmse = 0.440411
Epoch 31
Loss = 3.9481e-04, PNorm = 51.5706, GNorm = 0.9189, lr_0 = 5.0522e-04
Loss = 3.8408e-04, PNorm = 51.5806, GNorm = 0.2165, lr_0 = 5.0383e-04
Loss = 3.2707e-04, PNorm = 51.5858, GNorm = 0.3834, lr_0 = 5.0244e-04
Loss = 3.7139e-04, PNorm = 51.5958, GNorm = 0.6421, lr_0 = 5.0105e-04
Loss = 3.9029e-04, PNorm = 51.5987, GNorm = 0.5951, lr_0 = 4.9967e-04
Loss = 4.1693e-04, PNorm = 51.6051, GNorm = 0.3278, lr_0 = 4.9829e-04
Loss = 4.7228e-04, PNorm = 51.6112, GNorm = 0.7952, lr_0 = 4.9691e-04
Loss = 5.9749e-04, PNorm = 51.6195, GNorm = 0.3023, lr_0 = 4.9554e-04
Loss = 4.5207e-04, PNorm = 51.6276, GNorm = 0.9258, lr_0 = 4.9417e-04
Validation rmse = 0.396094
Epoch 32
Loss = 4.3319e-04, PNorm = 51.6327, GNorm = 2.0228, lr_0 = 4.9281e-04
Loss = 3.6411e-04, PNorm = 51.6471, GNorm = 0.2720, lr_0 = 4.9145e-04
Loss = 3.9161e-04, PNorm = 51.6540, GNorm = 0.4407, lr_0 = 4.9009e-04
Loss = 4.2296e-04, PNorm = 51.6609, GNorm = 0.2057, lr_0 = 4.8874e-04
Loss = 3.5324e-04, PNorm = 51.6703, GNorm = 0.2860, lr_0 = 4.8739e-04
Loss = 2.9104e-04, PNorm = 51.6742, GNorm = 0.4590, lr_0 = 4.8604e-04
Loss = 3.6552e-04, PNorm = 51.6804, GNorm = 0.3479, lr_0 = 4.8470e-04
Loss = 4.2511e-04, PNorm = 51.6906, GNorm = 0.4631, lr_0 = 4.8336e-04
Validation rmse = 0.379127
Epoch 33
Loss = 3.4125e-04, PNorm = 51.6995, GNorm = 0.3448, lr_0 = 4.8203e-04
Loss = 2.5686e-04, PNorm = 51.7035, GNorm = 0.3515, lr_0 = 4.8070e-04
Loss = 3.1007e-04, PNorm = 51.7112, GNorm = 0.2972, lr_0 = 4.7937e-04
Loss = 3.6354e-04, PNorm = 51.7154, GNorm = 0.4789, lr_0 = 4.7805e-04
Loss = 4.4168e-04, PNorm = 51.7245, GNorm = 0.3417, lr_0 = 4.7673e-04
Loss = 3.0842e-04, PNorm = 51.7318, GNorm = 0.4345, lr_0 = 4.7541e-04
Loss = 3.2956e-04, PNorm = 51.7379, GNorm = 0.6818, lr_0 = 4.7410e-04
Loss = 2.6050e-04, PNorm = 51.7424, GNorm = 0.5143, lr_0 = 4.7279e-04
Loss = 3.3580e-04, PNorm = 51.7504, GNorm = 0.7323, lr_0 = 4.7149e-04
Validation rmse = 0.384779
Epoch 34
Loss = 2.8227e-04, PNorm = 51.7498, GNorm = 0.5156, lr_0 = 4.7019e-04
Loss = 2.4430e-04, PNorm = 51.7535, GNorm = 0.4026, lr_0 = 4.6889e-04
Loss = 3.2580e-04, PNorm = 51.7573, GNorm = 0.7900, lr_0 = 4.6759e-04
Loss = 4.2900e-04, PNorm = 51.7672, GNorm = 0.5539, lr_0 = 4.6630e-04
Loss = 3.3966e-04, PNorm = 51.7751, GNorm = 0.5419, lr_0 = 4.6502e-04
Loss = 4.1345e-04, PNorm = 51.7833, GNorm = 0.3453, lr_0 = 4.6373e-04
Loss = 4.4991e-04, PNorm = 51.7893, GNorm = 0.4163, lr_0 = 4.6245e-04
Loss = 3.3491e-04, PNorm = 51.7918, GNorm = 0.9376, lr_0 = 4.6117e-04
Validation rmse = 0.381447
Epoch 35
Loss = 1.9505e-04, PNorm = 51.8000, GNorm = 0.2147, lr_0 = 4.5990e-04
Loss = 4.2793e-04, PNorm = 51.8046, GNorm = 0.4478, lr_0 = 4.5863e-04
Loss = 3.1078e-04, PNorm = 51.8097, GNorm = 0.5957, lr_0 = 4.5737e-04
Loss = 2.9921e-04, PNorm = 51.8144, GNorm = 0.4459, lr_0 = 4.5610e-04
Loss = 3.2134e-04, PNorm = 51.8198, GNorm = 0.1893, lr_0 = 4.5484e-04
Loss = 3.5176e-04, PNorm = 51.8279, GNorm = 0.4573, lr_0 = 4.5359e-04
Loss = 2.8091e-04, PNorm = 51.8358, GNorm = 0.5215, lr_0 = 4.5234e-04
Loss = 3.0863e-04, PNorm = 51.8398, GNorm = 0.2113, lr_0 = 4.5109e-04
Loss = 3.2835e-04, PNorm = 51.8454, GNorm = 0.1735, lr_0 = 4.4984e-04
Validation rmse = 0.374144
Epoch 36
Loss = 3.4170e-04, PNorm = 51.8474, GNorm = 0.1762, lr_0 = 4.4860e-04
Loss = 2.8619e-04, PNorm = 51.8544, GNorm = 0.4146, lr_0 = 4.4736e-04
Loss = 2.6560e-04, PNorm = 51.8608, GNorm = 0.2445, lr_0 = 4.4613e-04
Loss = 2.8573e-04, PNorm = 51.8681, GNorm = 0.1597, lr_0 = 4.4490e-04
Loss = 3.6379e-04, PNorm = 51.8679, GNorm = 0.3396, lr_0 = 4.4367e-04
Loss = 3.4358e-04, PNorm = 51.8747, GNorm = 0.2860, lr_0 = 4.4244e-04
Loss = 4.4851e-04, PNorm = 51.8865, GNorm = 0.4332, lr_0 = 4.4122e-04
Loss = 3.0598e-04, PNorm = 51.8953, GNorm = 0.3063, lr_0 = 4.4000e-04
Validation rmse = 0.371625
Epoch 37
Loss = 3.4597e-04, PNorm = 51.9038, GNorm = 0.9507, lr_0 = 4.3879e-04
Loss = 2.5572e-04, PNorm = 51.9114, GNorm = 0.3030, lr_0 = 4.3758e-04
Loss = 4.3777e-04, PNorm = 51.9174, GNorm = 0.2625, lr_0 = 4.3637e-04
Loss = 3.3504e-04, PNorm = 51.9227, GNorm = 0.9933, lr_0 = 4.3517e-04
Loss = 3.5959e-04, PNorm = 51.9320, GNorm = 0.4861, lr_0 = 4.3397e-04
Loss = 4.2311e-04, PNorm = 51.9431, GNorm = 0.3681, lr_0 = 4.3277e-04
Loss = 4.1090e-04, PNorm = 51.9416, GNorm = 0.2305, lr_0 = 4.3157e-04
Loss = 3.2794e-04, PNorm = 51.9500, GNorm = 0.5241, lr_0 = 4.3038e-04
Loss = 2.6322e-04, PNorm = 51.9574, GNorm = 0.1933, lr_0 = 4.2919e-04
Validation rmse = 0.360530
Epoch 38
Loss = 2.4628e-04, PNorm = 51.9608, GNorm = 0.6599, lr_0 = 4.2801e-04
Loss = 3.0562e-04, PNorm = 51.9665, GNorm = 0.2401, lr_0 = 4.2683e-04
Loss = 2.6079e-04, PNorm = 51.9713, GNorm = 0.5100, lr_0 = 4.2565e-04
Loss = 2.3730e-04, PNorm = 51.9773, GNorm = 0.6209, lr_0 = 4.2447e-04
Loss = 3.5336e-04, PNorm = 51.9833, GNorm = 0.4789, lr_0 = 4.2330e-04
Loss = 3.4548e-04, PNorm = 51.9924, GNorm = 0.5419, lr_0 = 4.2213e-04
Loss = 2.7868e-04, PNorm = 52.0004, GNorm = 0.6225, lr_0 = 4.2097e-04
Loss = 3.1813e-04, PNorm = 52.0051, GNorm = 0.1454, lr_0 = 4.1981e-04
Validation rmse = 0.378010
Epoch 39
Loss = 2.4632e-04, PNorm = 52.0094, GNorm = 0.1244, lr_0 = 4.1865e-04
Loss = 2.7922e-04, PNorm = 52.0124, GNorm = 0.2889, lr_0 = 4.1749e-04
Loss = 2.8116e-04, PNorm = 52.0167, GNorm = 0.3715, lr_0 = 4.1634e-04
Loss = 2.7355e-04, PNorm = 52.0211, GNorm = 0.3806, lr_0 = 4.1519e-04
Loss = 3.5386e-04, PNorm = 52.0283, GNorm = 0.1998, lr_0 = 4.1404e-04
Loss = 4.5873e-04, PNorm = 52.0346, GNorm = 4.2838, lr_0 = 4.1290e-04
Loss = 5.6656e-04, PNorm = 52.0418, GNorm = 0.6141, lr_0 = 4.1176e-04
Loss = 3.1668e-04, PNorm = 52.0476, GNorm = 0.4625, lr_0 = 4.1062e-04
Loss = 3.1641e-04, PNorm = 52.0560, GNorm = 0.6627, lr_0 = 4.0949e-04
Validation rmse = 0.407682
Epoch 40
Loss = 2.7812e-04, PNorm = 52.0596, GNorm = 0.1655, lr_0 = 4.0836e-04
Loss = 2.4423e-04, PNorm = 52.0663, GNorm = 0.4196, lr_0 = 4.0723e-04
Loss = 3.3486e-04, PNorm = 52.0753, GNorm = 0.5354, lr_0 = 4.0611e-04
Loss = 3.1542e-04, PNorm = 52.0804, GNorm = 0.2836, lr_0 = 4.0499e-04
Loss = 3.0048e-04, PNorm = 52.0870, GNorm = 0.2393, lr_0 = 4.0387e-04
Loss = 3.5212e-04, PNorm = 52.0946, GNorm = 0.7782, lr_0 = 4.0276e-04
Loss = 2.9428e-04, PNorm = 52.0990, GNorm = 0.2119, lr_0 = 4.0164e-04
Loss = 2.7351e-04, PNorm = 52.1022, GNorm = 0.6667, lr_0 = 4.0054e-04
Validation rmse = 0.353195
Epoch 41
Loss = 2.4129e-04, PNorm = 52.1060, GNorm = 0.3247, lr_0 = 3.9943e-04
Loss = 2.4049e-04, PNorm = 52.1124, GNorm = 0.2717, lr_0 = 3.9833e-04
Loss = 2.3434e-04, PNorm = 52.1160, GNorm = 0.1660, lr_0 = 3.9723e-04
Loss = 2.3508e-04, PNorm = 52.1196, GNorm = 0.1822, lr_0 = 3.9613e-04
Loss = 2.9372e-04, PNorm = 52.1271, GNorm = 0.6175, lr_0 = 3.9504e-04
Loss = 2.3660e-04, PNorm = 52.1329, GNorm = 0.1508, lr_0 = 3.9395e-04
Loss = 2.4244e-04, PNorm = 52.1406, GNorm = 0.3435, lr_0 = 3.9286e-04
Loss = 3.3364e-04, PNorm = 52.1441, GNorm = 0.2223, lr_0 = 3.9178e-04
Loss = 2.8134e-04, PNorm = 52.1488, GNorm = 0.4580, lr_0 = 3.9069e-04
Validation rmse = 0.349300
Epoch 42
Loss = 2.8894e-04, PNorm = 52.1502, GNorm = 0.4330, lr_0 = 3.8962e-04
Loss = 2.5937e-04, PNorm = 52.1609, GNorm = 0.5839, lr_0 = 3.8854e-04
Loss = 3.4035e-04, PNorm = 52.1659, GNorm = 0.3446, lr_0 = 3.8747e-04
Loss = 3.3861e-04, PNorm = 52.1690, GNorm = 0.2360, lr_0 = 3.8640e-04
Loss = 2.7432e-04, PNorm = 52.1776, GNorm = 0.5493, lr_0 = 3.8533e-04
Loss = 3.0630e-04, PNorm = 52.1827, GNorm = 0.1420, lr_0 = 3.8427e-04
Loss = 3.0974e-04, PNorm = 52.1911, GNorm = 0.4437, lr_0 = 3.8321e-04
Loss = 2.5651e-04, PNorm = 52.1940, GNorm = 0.5279, lr_0 = 3.8215e-04
Validation rmse = 0.362001
Epoch 43
Loss = 2.2374e-04, PNorm = 52.1982, GNorm = 0.2883, lr_0 = 3.8109e-04
Loss = 2.4456e-04, PNorm = 52.2020, GNorm = 0.2015, lr_0 = 3.8004e-04
Loss = 4.5462e-04, PNorm = 52.2104, GNorm = 0.4617, lr_0 = 3.7899e-04
Loss = 3.6750e-04, PNorm = 52.2141, GNorm = 0.3824, lr_0 = 3.7795e-04
Loss = 3.1666e-04, PNorm = 52.2219, GNorm = 0.4219, lr_0 = 3.7690e-04
Loss = 2.9739e-04, PNorm = 52.2290, GNorm = 0.2048, lr_0 = 3.7586e-04
Loss = 5.1944e-04, PNorm = 52.2343, GNorm = 0.2796, lr_0 = 3.7483e-04
Loss = 2.8097e-04, PNorm = 52.2401, GNorm = 0.2214, lr_0 = 3.7379e-04
Loss = 3.2780e-04, PNorm = 52.2470, GNorm = 0.5729, lr_0 = 3.7276e-04
Validation rmse = 0.363368
Epoch 44
Loss = 2.5815e-04, PNorm = 52.2510, GNorm = 0.9245, lr_0 = 3.7173e-04
Loss = 3.2342e-04, PNorm = 52.2574, GNorm = 0.3617, lr_0 = 3.7070e-04
Loss = 2.3289e-04, PNorm = 52.2597, GNorm = 0.8114, lr_0 = 3.6968e-04
Loss = 2.7520e-04, PNorm = 52.2659, GNorm = 0.4860, lr_0 = 3.6866e-04
Loss = 2.5377e-04, PNorm = 52.2680, GNorm = 0.1827, lr_0 = 3.6764e-04
Loss = 3.5154e-04, PNorm = 52.2706, GNorm = 0.4278, lr_0 = 3.6663e-04
Loss = 4.0245e-04, PNorm = 52.2806, GNorm = 0.8206, lr_0 = 3.6562e-04
Loss = 4.1479e-04, PNorm = 52.2872, GNorm = 0.5326, lr_0 = 3.6461e-04
Validation rmse = 0.402960
Epoch 45
Loss = 2.7366e-04, PNorm = 52.2977, GNorm = 0.2564, lr_0 = 3.6360e-04
Loss = 2.9566e-04, PNorm = 52.3026, GNorm = 1.1333, lr_0 = 3.6260e-04
Loss = 3.5706e-04, PNorm = 52.3141, GNorm = 0.8778, lr_0 = 3.6160e-04
Loss = 3.4482e-04, PNorm = 52.3212, GNorm = 0.4370, lr_0 = 3.6060e-04
Loss = 3.5725e-04, PNorm = 52.3253, GNorm = 0.3134, lr_0 = 3.5960e-04
Loss = 2.7143e-04, PNorm = 52.3338, GNorm = 0.2800, lr_0 = 3.5861e-04
Loss = 2.7854e-04, PNorm = 52.3375, GNorm = 0.2737, lr_0 = 3.5762e-04
Loss = 3.2273e-04, PNorm = 52.3447, GNorm = 0.6224, lr_0 = 3.5663e-04
Loss = 2.8653e-04, PNorm = 52.3483, GNorm = 0.4123, lr_0 = 3.5565e-04
Validation rmse = 0.392309
Epoch 46
Loss = 2.4939e-04, PNorm = 52.3509, GNorm = 0.3939, lr_0 = 3.5467e-04
Loss = 2.7747e-04, PNorm = 52.3576, GNorm = 0.2404, lr_0 = 3.5369e-04
Loss = 2.2700e-04, PNorm = 52.3587, GNorm = 0.1967, lr_0 = 3.5271e-04
Loss = 2.4682e-04, PNorm = 52.3651, GNorm = 0.2610, lr_0 = 3.5174e-04
Loss = 3.0637e-04, PNorm = 52.3698, GNorm = 0.2665, lr_0 = 3.5077e-04
Loss = 2.6758e-04, PNorm = 52.3741, GNorm = 0.4230, lr_0 = 3.4980e-04
Loss = 2.6506e-04, PNorm = 52.3816, GNorm = 0.2737, lr_0 = 3.4883e-04
Loss = 2.5440e-04, PNorm = 52.3875, GNorm = 0.2275, lr_0 = 3.4787e-04
Validation rmse = 0.366513
Epoch 47
Loss = 2.6093e-04, PNorm = 52.3901, GNorm = 0.7122, lr_0 = 3.4691e-04
Loss = 1.9533e-04, PNorm = 52.3950, GNorm = 0.2228, lr_0 = 3.4595e-04
Loss = 2.0651e-04, PNorm = 52.3973, GNorm = 0.2202, lr_0 = 3.4500e-04
Loss = 2.0214e-04, PNorm = 52.3999, GNorm = 0.6048, lr_0 = 3.4404e-04
Loss = 3.4591e-04, PNorm = 52.4038, GNorm = 0.9750, lr_0 = 3.4309e-04
Loss = 3.1421e-04, PNorm = 52.4087, GNorm = 0.1611, lr_0 = 3.4215e-04
Loss = 2.5324e-04, PNorm = 52.4137, GNorm = 0.2420, lr_0 = 3.4120e-04
Loss = 2.2121e-04, PNorm = 52.4178, GNorm = 1.4133, lr_0 = 3.4026e-04
Loss = 2.5268e-04, PNorm = 52.4202, GNorm = 0.2376, lr_0 = 3.3932e-04
Validation rmse = 0.346242
Epoch 48
Loss = 1.9959e-04, PNorm = 52.4225, GNorm = 0.1322, lr_0 = 3.3839e-04
Loss = 2.5694e-04, PNorm = 52.4276, GNorm = 0.1761, lr_0 = 3.3745e-04
Loss = 3.3838e-04, PNorm = 52.4313, GNorm = 0.5170, lr_0 = 3.3652e-04
Loss = 2.4860e-04, PNorm = 52.4363, GNorm = 0.3809, lr_0 = 3.3559e-04
Loss = 3.5840e-04, PNorm = 52.4415, GNorm = 0.7687, lr_0 = 3.3466e-04
Loss = 3.4202e-04, PNorm = 52.4490, GNorm = 1.3058, lr_0 = 3.3374e-04
Loss = 3.0120e-04, PNorm = 52.4571, GNorm = 0.2560, lr_0 = 3.3282e-04
Loss = 2.8229e-04, PNorm = 52.4646, GNorm = 0.4117, lr_0 = 3.3190e-04
Validation rmse = 0.353667
Epoch 49
Loss = 2.4802e-04, PNorm = 52.4708, GNorm = 0.3284, lr_0 = 3.3098e-04
Loss = 2.4338e-04, PNorm = 52.4732, GNorm = 0.2039, lr_0 = 3.3007e-04
Loss = 2.7582e-04, PNorm = 52.4818, GNorm = 0.1975, lr_0 = 3.2916e-04
Loss = 2.1173e-04, PNorm = 52.4844, GNorm = 0.2041, lr_0 = 3.2825e-04
Loss = 3.0093e-04, PNorm = 52.4940, GNorm = 0.2909, lr_0 = 3.2735e-04
Loss = 2.9393e-04, PNorm = 52.4940, GNorm = 0.4749, lr_0 = 3.2644e-04
Loss = 2.1397e-04, PNorm = 52.4997, GNorm = 0.2498, lr_0 = 3.2554e-04
Loss = 2.3623e-04, PNorm = 52.5003, GNorm = 1.0029, lr_0 = 3.2464e-04
Loss = 3.1140e-04, PNorm = 52.5063, GNorm = 0.3389, lr_0 = 3.2375e-04
Validation rmse = 0.399398
Epoch 50
Loss = 2.7975e-04, PNorm = 52.5104, GNorm = 0.4819, lr_0 = 3.2285e-04
Loss = 2.9540e-04, PNorm = 52.5152, GNorm = 0.6157, lr_0 = 3.2196e-04
Loss = 2.6161e-04, PNorm = 52.5203, GNorm = 0.4681, lr_0 = 3.2107e-04
Loss = 2.4214e-04, PNorm = 52.5249, GNorm = 0.2553, lr_0 = 3.2019e-04
Loss = 2.3588e-04, PNorm = 52.5293, GNorm = 0.1617, lr_0 = 3.1930e-04
Loss = 1.7917e-04, PNorm = 52.5321, GNorm = 0.1671, lr_0 = 3.1842e-04
Loss = 2.9328e-04, PNorm = 52.5381, GNorm = 0.3052, lr_0 = 3.1754e-04
Loss = 1.8246e-04, PNorm = 52.5425, GNorm = 0.0955, lr_0 = 3.1667e-04
Validation rmse = 0.388176
Epoch 51
Loss = 2.5842e-04, PNorm = 52.5463, GNorm = 0.3394, lr_0 = 3.1579e-04
Loss = 2.6271e-04, PNorm = 52.5453, GNorm = 0.5530, lr_0 = 3.1492e-04
Loss = 2.1128e-04, PNorm = 52.5507, GNorm = 0.3885, lr_0 = 3.1405e-04
Loss = 2.0964e-04, PNorm = 52.5520, GNorm = 0.2361, lr_0 = 3.1318e-04
Loss = 2.6249e-04, PNorm = 52.5562, GNorm = 0.4733, lr_0 = 3.1232e-04
Loss = 2.7464e-04, PNorm = 52.5606, GNorm = 0.5008, lr_0 = 3.1146e-04
Loss = 3.0744e-04, PNorm = 52.5660, GNorm = 0.8080, lr_0 = 3.1060e-04
Loss = 2.4138e-04, PNorm = 52.5730, GNorm = 0.4170, lr_0 = 3.0974e-04
Loss = 2.0507e-04, PNorm = 52.5772, GNorm = 0.2388, lr_0 = 3.0888e-04
Validation rmse = 0.379551
Epoch 52
Loss = 2.6590e-04, PNorm = 52.5801, GNorm = 0.2723, lr_0 = 3.0803e-04
Loss = 1.8322e-04, PNorm = 52.5839, GNorm = 0.1923, lr_0 = 3.0718e-04
Loss = 1.9352e-04, PNorm = 52.5890, GNorm = 0.2400, lr_0 = 3.0633e-04
Loss = 2.0876e-04, PNorm = 52.5932, GNorm = 1.0761, lr_0 = 3.0549e-04
Loss = 2.4223e-04, PNorm = 52.5967, GNorm = 0.4182, lr_0 = 3.0464e-04
Loss = 2.4120e-04, PNorm = 52.6011, GNorm = 0.2210, lr_0 = 3.0380e-04
Loss = 2.5113e-04, PNorm = 52.6034, GNorm = 0.4525, lr_0 = 3.0297e-04
Loss = 2.1558e-04, PNorm = 52.6082, GNorm = 0.2657, lr_0 = 3.0213e-04
Validation rmse = 0.352837
Epoch 53
Loss = 2.1470e-04, PNorm = 52.6114, GNorm = 0.1814, lr_0 = 3.0129e-04
Loss = 1.8625e-04, PNorm = 52.6154, GNorm = 0.2681, lr_0 = 3.0046e-04
Loss = 2.3016e-04, PNorm = 52.6205, GNorm = 0.1919, lr_0 = 2.9963e-04
Loss = 3.6920e-04, PNorm = 52.6266, GNorm = 0.2812, lr_0 = 2.9881e-04
Loss = 2.5392e-04, PNorm = 52.6324, GNorm = 0.3503, lr_0 = 2.9798e-04
Loss = 1.9607e-04, PNorm = 52.6377, GNorm = 0.2016, lr_0 = 2.9716e-04
Loss = 2.4748e-04, PNorm = 52.6399, GNorm = 0.5644, lr_0 = 2.9634e-04
Loss = 2.0250e-04, PNorm = 52.6434, GNorm = 0.2205, lr_0 = 2.9552e-04
Loss = 2.5012e-04, PNorm = 52.6491, GNorm = 0.3594, lr_0 = 2.9471e-04
Validation rmse = 0.347985
Epoch 54
Loss = 2.1358e-04, PNorm = 52.6521, GNorm = 0.2786, lr_0 = 2.9389e-04
Loss = 2.7479e-04, PNorm = 52.6550, GNorm = 0.3862, lr_0 = 2.9308e-04
Loss = 2.1913e-04, PNorm = 52.6596, GNorm = 0.3531, lr_0 = 2.9227e-04
Loss = 2.8821e-04, PNorm = 52.6644, GNorm = 0.4013, lr_0 = 2.9146e-04
Loss = 2.9138e-04, PNorm = 52.6713, GNorm = 1.1347, lr_0 = 2.9066e-04
Loss = 2.1215e-04, PNorm = 52.6711, GNorm = 0.3687, lr_0 = 2.8986e-04
Loss = 2.2309e-04, PNorm = 52.6729, GNorm = 0.7197, lr_0 = 2.8906e-04
Loss = 2.4799e-04, PNorm = 52.6813, GNorm = 0.4032, lr_0 = 2.8826e-04
Validation rmse = 0.363705
Epoch 55
Loss = 2.0377e-04, PNorm = 52.6869, GNorm = 0.1672, lr_0 = 2.8746e-04
Loss = 2.2331e-04, PNorm = 52.6914, GNorm = 0.3758, lr_0 = 2.8667e-04
Loss = 2.5905e-04, PNorm = 52.6922, GNorm = 1.0972, lr_0 = 2.8588e-04
Loss = 2.3258e-04, PNorm = 52.6965, GNorm = 0.1737, lr_0 = 2.8509e-04
Loss = 1.8667e-04, PNorm = 52.6989, GNorm = 0.3059, lr_0 = 2.8430e-04
Loss = 2.0307e-04, PNorm = 52.7025, GNorm = 0.1513, lr_0 = 2.8352e-04
Loss = 2.4376e-04, PNorm = 52.7061, GNorm = 0.4373, lr_0 = 2.8274e-04
Loss = 2.3416e-04, PNorm = 52.7094, GNorm = 0.4297, lr_0 = 2.8196e-04
Loss = 2.2699e-04, PNorm = 52.7133, GNorm = 0.2267, lr_0 = 2.8118e-04
Validation rmse = 0.400504
Epoch 56
Loss = 1.8224e-04, PNorm = 52.7161, GNorm = 0.6087, lr_0 = 2.8040e-04
Loss = 3.7511e-04, PNorm = 52.7155, GNorm = 0.7299, lr_0 = 2.7963e-04
Loss = 4.1901e-04, PNorm = 52.7253, GNorm = 0.8943, lr_0 = 2.7885e-04
Loss = 3.6163e-04, PNorm = 52.7312, GNorm = 0.7572, lr_0 = 2.7809e-04
Loss = 2.3417e-04, PNorm = 52.7366, GNorm = 0.3188, lr_0 = 2.7732e-04
Loss = 2.4124e-04, PNorm = 52.7426, GNorm = 0.5770, lr_0 = 2.7655e-04
Loss = 1.9561e-04, PNorm = 52.7490, GNorm = 0.2230, lr_0 = 2.7579e-04
Loss = 2.0386e-04, PNorm = 52.7526, GNorm = 0.2053, lr_0 = 2.7503e-04
Validation rmse = 0.379147
Epoch 57
Loss = 2.4182e-04, PNorm = 52.7528, GNorm = 0.4539, lr_0 = 2.7427e-04
Loss = 1.9431e-04, PNorm = 52.7565, GNorm = 0.1618, lr_0 = 2.7351e-04
Loss = 1.9828e-04, PNorm = 52.7602, GNorm = 0.3003, lr_0 = 2.7276e-04
Loss = 2.6353e-04, PNorm = 52.7623, GNorm = 0.2245, lr_0 = 2.7200e-04
Loss = 1.8261e-04, PNorm = 52.7681, GNorm = 0.2886, lr_0 = 2.7125e-04
Loss = 1.8966e-04, PNorm = 52.7709, GNorm = 0.5848, lr_0 = 2.7050e-04
Loss = 1.9827e-04, PNorm = 52.7757, GNorm = 0.6658, lr_0 = 2.6976e-04
Loss = 1.7736e-04, PNorm = 52.7760, GNorm = 0.1648, lr_0 = 2.6901e-04
Loss = 2.2356e-04, PNorm = 52.7820, GNorm = 0.2872, lr_0 = 2.6827e-04
Validation rmse = 0.364157
Epoch 58
Loss = 2.2011e-04, PNorm = 52.7832, GNorm = 0.4039, lr_0 = 2.6753e-04
Loss = 2.0753e-04, PNorm = 52.7865, GNorm = 0.3500, lr_0 = 2.6679e-04
Loss = 2.3863e-04, PNorm = 52.7948, GNorm = 0.6244, lr_0 = 2.6605e-04
Loss = 2.0023e-04, PNorm = 52.7963, GNorm = 0.7724, lr_0 = 2.6532e-04
Loss = 2.0166e-04, PNorm = 52.7984, GNorm = 0.1166, lr_0 = 2.6459e-04
Loss = 2.5627e-04, PNorm = 52.8024, GNorm = 0.4300, lr_0 = 2.6386e-04
Loss = 2.4502e-04, PNorm = 52.8018, GNorm = 0.7781, lr_0 = 2.6313e-04
Loss = 2.6805e-04, PNorm = 52.8102, GNorm = 0.2615, lr_0 = 2.6240e-04
Validation rmse = 0.368635
Epoch 59
Loss = 1.7138e-04, PNorm = 52.8115, GNorm = 0.4517, lr_0 = 2.6168e-04
Loss = 1.7889e-04, PNorm = 52.8153, GNorm = 0.4827, lr_0 = 2.6096e-04
Loss = 1.8556e-04, PNorm = 52.8177, GNorm = 0.2317, lr_0 = 2.6024e-04
Loss = 1.8335e-04, PNorm = 52.8226, GNorm = 0.3819, lr_0 = 2.5952e-04
Loss = 1.8740e-04, PNorm = 52.8256, GNorm = 0.3676, lr_0 = 2.5880e-04
Loss = 2.3609e-04, PNorm = 52.8307, GNorm = 0.2177, lr_0 = 2.5809e-04
Loss = 3.0326e-04, PNorm = 52.8338, GNorm = 1.2752, lr_0 = 2.5737e-04
Loss = 2.0856e-04, PNorm = 52.8395, GNorm = 0.3862, lr_0 = 2.5666e-04
Loss = 1.8802e-04, PNorm = 52.8374, GNorm = 0.1353, lr_0 = 2.5595e-04
Validation rmse = 0.369476
Epoch 60
Loss = 2.6649e-04, PNorm = 52.8426, GNorm = 0.4471, lr_0 = 2.5525e-04
Loss = 1.8975e-04, PNorm = 52.8460, GNorm = 0.2760, lr_0 = 2.5454e-04
Loss = 2.1962e-04, PNorm = 52.8511, GNorm = 0.2228, lr_0 = 2.5384e-04
Loss = 2.3027e-04, PNorm = 52.8560, GNorm = 0.3063, lr_0 = 2.5314e-04
Loss = 1.9033e-04, PNorm = 52.8604, GNorm = 0.2099, lr_0 = 2.5244e-04
Loss = 2.5138e-04, PNorm = 52.8652, GNorm = 0.5246, lr_0 = 2.5174e-04
Loss = 2.0277e-04, PNorm = 52.8666, GNorm = 0.1545, lr_0 = 2.5105e-04
Loss = 2.1181e-04, PNorm = 52.8686, GNorm = 0.1989, lr_0 = 2.5036e-04
Validation rmse = 0.369947
Epoch 61
Loss = 1.8399e-04, PNorm = 52.8694, GNorm = 0.1428, lr_0 = 2.4967e-04
Loss = 1.9060e-04, PNorm = 52.8746, GNorm = 0.2892, lr_0 = 2.4898e-04
Loss = 1.3929e-04, PNorm = 52.8749, GNorm = 0.1824, lr_0 = 2.4829e-04
Loss = 2.1035e-04, PNorm = 52.8781, GNorm = 0.5596, lr_0 = 2.4760e-04
Loss = 2.2211e-04, PNorm = 52.8805, GNorm = 0.2382, lr_0 = 2.4692e-04
Loss = 2.1466e-04, PNorm = 52.8854, GNorm = 0.3550, lr_0 = 2.4624e-04
Loss = 1.8790e-04, PNorm = 52.8888, GNorm = 0.5370, lr_0 = 2.4556e-04
Loss = 1.7943e-04, PNorm = 52.8934, GNorm = 0.2895, lr_0 = 2.4488e-04
Loss = 1.6260e-04, PNorm = 52.8974, GNorm = 0.1995, lr_0 = 2.4421e-04
Validation rmse = 0.346045
Epoch 62
Loss = 1.4935e-04, PNorm = 52.9009, GNorm = 0.2054, lr_0 = 2.4353e-04
Loss = 2.0472e-04, PNorm = 52.9029, GNorm = 0.2126, lr_0 = 2.4286e-04
Loss = 2.2873e-04, PNorm = 52.9039, GNorm = 0.3402, lr_0 = 2.4219e-04
Loss = 2.0327e-04, PNorm = 52.9076, GNorm = 0.1954, lr_0 = 2.4152e-04
Loss = 2.3620e-04, PNorm = 52.9108, GNorm = 0.2919, lr_0 = 2.4085e-04
Loss = 2.2716e-04, PNorm = 52.9147, GNorm = 0.3470, lr_0 = 2.4019e-04
Loss = 2.5220e-04, PNorm = 52.9196, GNorm = 1.3591, lr_0 = 2.3953e-04
Loss = 2.5341e-04, PNorm = 52.9252, GNorm = 0.5613, lr_0 = 2.3886e-04
Validation rmse = 0.371523
Epoch 63
Loss = 1.7053e-04, PNorm = 52.9287, GNorm = 0.5007, lr_0 = 2.3820e-04
Loss = 2.0637e-04, PNorm = 52.9304, GNorm = 0.7346, lr_0 = 2.3755e-04
Loss = 1.9407e-04, PNorm = 52.9332, GNorm = 0.1832, lr_0 = 2.3689e-04
Loss = 2.2664e-04, PNorm = 52.9352, GNorm = 0.2856, lr_0 = 2.3624e-04
Loss = 2.0976e-04, PNorm = 52.9389, GNorm = 0.9608, lr_0 = 2.3559e-04
Loss = 2.9035e-04, PNorm = 52.9415, GNorm = 0.6485, lr_0 = 2.3494e-04
Loss = 1.9847e-04, PNorm = 52.9479, GNorm = 0.4311, lr_0 = 2.3429e-04
Loss = 2.4909e-04, PNorm = 52.9498, GNorm = 0.2250, lr_0 = 2.3364e-04
Loss = 2.8198e-04, PNorm = 52.9526, GNorm = 0.9745, lr_0 = 2.3300e-04
Validation rmse = 0.410597
Epoch 64
Loss = 2.2158e-04, PNorm = 52.9585, GNorm = 0.4741, lr_0 = 2.3235e-04
Loss = 2.0313e-04, PNorm = 52.9614, GNorm = 0.4823, lr_0 = 2.3171e-04
Loss = 1.9396e-04, PNorm = 52.9650, GNorm = 0.1388, lr_0 = 2.3107e-04
Loss = 1.4538e-04, PNorm = 52.9689, GNorm = 0.2509, lr_0 = 2.3043e-04
Loss = 1.8942e-04, PNorm = 52.9722, GNorm = 0.2531, lr_0 = 2.2980e-04
Loss = 2.0132e-04, PNorm = 52.9731, GNorm = 0.3213, lr_0 = 2.2916e-04
Loss = 1.7342e-04, PNorm = 52.9776, GNorm = 0.1886, lr_0 = 2.2853e-04
Loss = 2.0625e-04, PNorm = 52.9795, GNorm = 0.2253, lr_0 = 2.2790e-04
Validation rmse = 0.351619
Epoch 65
Loss = 2.2611e-04, PNorm = 52.9856, GNorm = 0.3949, lr_0 = 2.2727e-04
Loss = 1.9040e-04, PNorm = 52.9872, GNorm = 0.2214, lr_0 = 2.2664e-04
Loss = 1.9693e-04, PNorm = 52.9905, GNorm = 0.2541, lr_0 = 2.2602e-04
Loss = 2.0305e-04, PNorm = 52.9932, GNorm = 0.5202, lr_0 = 2.2539e-04
Loss = 1.7850e-04, PNorm = 52.9976, GNorm = 0.2988, lr_0 = 2.2477e-04
Loss = 2.2323e-04, PNorm = 53.0017, GNorm = 0.5870, lr_0 = 2.2415e-04
Loss = 1.8882e-04, PNorm = 53.0052, GNorm = 0.1255, lr_0 = 2.2353e-04
Loss = 2.0999e-04, PNorm = 53.0063, GNorm = 0.6451, lr_0 = 2.2291e-04
Loss = 2.2015e-04, PNorm = 53.0089, GNorm = 0.1790, lr_0 = 2.2230e-04
Validation rmse = 0.343536
Epoch 66
Loss = 1.6283e-04, PNorm = 53.0105, GNorm = 0.3728, lr_0 = 2.2169e-04
Loss = 1.8646e-04, PNorm = 53.0119, GNorm = 0.5379, lr_0 = 2.2107e-04
Loss = 1.8387e-04, PNorm = 53.0147, GNorm = 0.1433, lr_0 = 2.2046e-04
Loss = 1.9384e-04, PNorm = 53.0201, GNorm = 0.1917, lr_0 = 2.1986e-04
Loss = 1.6352e-04, PNorm = 53.0234, GNorm = 0.2943, lr_0 = 2.1925e-04
Loss = 1.6212e-04, PNorm = 53.0252, GNorm = 0.3654, lr_0 = 2.1864e-04
Loss = 2.3229e-04, PNorm = 53.0289, GNorm = 0.4771, lr_0 = 2.1804e-04
Loss = 1.8621e-04, PNorm = 53.0315, GNorm = 0.3143, lr_0 = 2.1744e-04
Validation rmse = 0.373189
Epoch 67
Loss = 2.6935e-04, PNorm = 53.0332, GNorm = 0.3698, lr_0 = 2.1684e-04
Loss = 2.6298e-04, PNorm = 53.0405, GNorm = 0.2264, lr_0 = 2.1624e-04
Loss = 2.2337e-04, PNorm = 53.0427, GNorm = 0.5033, lr_0 = 2.1564e-04
Loss = 1.8951e-04, PNorm = 53.0491, GNorm = 0.5191, lr_0 = 2.1505e-04
Loss = 1.6530e-04, PNorm = 53.0507, GNorm = 0.1087, lr_0 = 2.1445e-04
Loss = 1.8600e-04, PNorm = 53.0536, GNorm = 0.1929, lr_0 = 2.1386e-04
Loss = 2.2230e-04, PNorm = 53.0554, GNorm = 0.5026, lr_0 = 2.1327e-04
Loss = 2.2708e-04, PNorm = 53.0598, GNorm = 0.2835, lr_0 = 2.1268e-04
Loss = 2.5885e-04, PNorm = 53.0603, GNorm = 0.5390, lr_0 = 2.1210e-04
Validation rmse = 0.380177
Epoch 68
Loss = 1.8610e-04, PNorm = 53.0660, GNorm = 0.2372, lr_0 = 2.1151e-04
Loss = 1.7543e-04, PNorm = 53.0682, GNorm = 0.3395, lr_0 = 2.1093e-04
Loss = 1.8748e-04, PNorm = 53.0724, GNorm = 0.2623, lr_0 = 2.1034e-04
Loss = 2.3274e-04, PNorm = 53.0743, GNorm = 0.1223, lr_0 = 2.0976e-04
Loss = 1.4503e-04, PNorm = 53.0780, GNorm = 0.1742, lr_0 = 2.0918e-04
Loss = 2.2664e-04, PNorm = 53.0785, GNorm = 0.5688, lr_0 = 2.0861e-04
Loss = 2.9269e-04, PNorm = 53.0821, GNorm = 1.0143, lr_0 = 2.0803e-04
Loss = 2.4676e-04, PNorm = 53.0888, GNorm = 0.4607, lr_0 = 2.0746e-04
Validation rmse = 0.379243
Epoch 69
Loss = 2.4416e-04, PNorm = 53.0898, GNorm = 0.3027, lr_0 = 2.0688e-04
Loss = 2.6052e-04, PNorm = 53.0942, GNorm = 0.2290, lr_0 = 2.0631e-04
Loss = 1.9647e-04, PNorm = 53.0980, GNorm = 0.2564, lr_0 = 2.0574e-04
Loss = 1.9993e-04, PNorm = 53.1040, GNorm = 0.1795, lr_0 = 2.0518e-04
Loss = 1.4261e-04, PNorm = 53.1056, GNorm = 0.2498, lr_0 = 2.0461e-04
Loss = 1.9372e-04, PNorm = 53.1057, GNorm = 0.3818, lr_0 = 2.0404e-04
Loss = 1.5158e-04, PNorm = 53.1076, GNorm = 0.1081, lr_0 = 2.0348e-04
Loss = 1.9359e-04, PNorm = 53.1093, GNorm = 0.1189, lr_0 = 2.0292e-04
Loss = 2.1665e-04, PNorm = 53.1152, GNorm = 0.6476, lr_0 = 2.0236e-04
Validation rmse = 0.358624
Epoch 70
Loss = 2.0544e-04, PNorm = 53.1201, GNorm = 0.1485, lr_0 = 2.0180e-04
Loss = 1.3592e-04, PNorm = 53.1231, GNorm = 0.2973, lr_0 = 2.0124e-04
Loss = 1.4466e-04, PNorm = 53.1249, GNorm = 0.2044, lr_0 = 2.0069e-04
Loss = 1.6115e-04, PNorm = 53.1271, GNorm = 0.2935, lr_0 = 2.0013e-04
Loss = 1.8247e-04, PNorm = 53.1299, GNorm = 0.1861, lr_0 = 1.9958e-04
Loss = 2.0990e-04, PNorm = 53.1312, GNorm = 0.1561, lr_0 = 1.9903e-04
Loss = 1.5458e-04, PNorm = 53.1357, GNorm = 0.1840, lr_0 = 1.9848e-04
Loss = 1.6900e-04, PNorm = 53.1377, GNorm = 0.2601, lr_0 = 1.9793e-04
Validation rmse = 0.362337
Epoch 71
Loss = 1.8616e-04, PNorm = 53.1426, GNorm = 0.5347, lr_0 = 1.9739e-04
Loss = 1.8317e-04, PNorm = 53.1471, GNorm = 0.1732, lr_0 = 1.9684e-04
Loss = 1.5565e-04, PNorm = 53.1504, GNorm = 0.2000, lr_0 = 1.9630e-04
Loss = 1.6615e-04, PNorm = 53.1527, GNorm = 0.3421, lr_0 = 1.9576e-04
Loss = 1.5208e-04, PNorm = 53.1556, GNorm = 0.2221, lr_0 = 1.9522e-04
Loss = 1.9454e-04, PNorm = 53.1578, GNorm = 0.1050, lr_0 = 1.9468e-04
Loss = 1.8646e-04, PNorm = 53.1603, GNorm = 0.3808, lr_0 = 1.9414e-04
Loss = 1.9269e-04, PNorm = 53.1629, GNorm = 0.2460, lr_0 = 1.9360e-04
Loss = 1.4696e-04, PNorm = 53.1673, GNorm = 0.1294, lr_0 = 1.9307e-04
Validation rmse = 0.360843
Epoch 72
Loss = 1.5521e-04, PNorm = 53.1706, GNorm = 0.1339, lr_0 = 1.9254e-04
Loss = 1.5980e-04, PNorm = 53.1717, GNorm = 0.1579, lr_0 = 1.9201e-04
Loss = 1.7314e-04, PNorm = 53.1719, GNorm = 0.2903, lr_0 = 1.9148e-04
Loss = 1.8979e-04, PNorm = 53.1756, GNorm = 0.1459, lr_0 = 1.9095e-04
Loss = 1.8283e-04, PNorm = 53.1787, GNorm = 0.1567, lr_0 = 1.9042e-04
Loss = 1.8986e-04, PNorm = 53.1782, GNorm = 0.0800, lr_0 = 1.8989e-04
Loss = 2.6436e-04, PNorm = 53.1825, GNorm = 0.5185, lr_0 = 1.8937e-04
Loss = 1.7452e-04, PNorm = 53.1840, GNorm = 0.3139, lr_0 = 1.8885e-04
Validation rmse = 0.368155
Epoch 73
Loss = 2.0739e-04, PNorm = 53.1891, GNorm = 0.2370, lr_0 = 1.8833e-04
Loss = 1.6721e-04, PNorm = 53.1897, GNorm = 0.2547, lr_0 = 1.8781e-04
Loss = 1.9593e-04, PNorm = 53.1939, GNorm = 0.3583, lr_0 = 1.8729e-04
Loss = 2.2997e-04, PNorm = 53.2008, GNorm = 0.2090, lr_0 = 1.8677e-04
Loss = 2.9166e-04, PNorm = 53.2006, GNorm = 0.1733, lr_0 = 1.8626e-04
Loss = 1.8334e-04, PNorm = 53.2065, GNorm = 0.2489, lr_0 = 1.8574e-04
Loss = 1.6572e-04, PNorm = 53.2078, GNorm = 0.1494, lr_0 = 1.8523e-04
Loss = 1.5228e-04, PNorm = 53.2091, GNorm = 0.2419, lr_0 = 1.8472e-04
Loss = 2.3723e-04, PNorm = 53.2131, GNorm = 0.4692, lr_0 = 1.8421e-04
Validation rmse = 0.409878
Epoch 74
Loss = 1.9574e-04, PNorm = 53.2180, GNorm = 0.1911, lr_0 = 1.8370e-04
Loss = 1.4920e-04, PNorm = 53.2206, GNorm = 0.1729, lr_0 = 1.8319e-04
Loss = 2.2104e-04, PNorm = 53.2227, GNorm = 0.1955, lr_0 = 1.8269e-04
Loss = 1.5671e-04, PNorm = 53.2271, GNorm = 0.2648, lr_0 = 1.8218e-04
Loss = 1.6485e-04, PNorm = 53.2289, GNorm = 0.2499, lr_0 = 1.8168e-04
Loss = 2.2476e-04, PNorm = 53.2332, GNorm = 0.1594, lr_0 = 1.8118e-04
Loss = 2.4523e-04, PNorm = 53.2333, GNorm = 0.6754, lr_0 = 1.8068e-04
Loss = 1.7578e-04, PNorm = 53.2366, GNorm = 0.2022, lr_0 = 1.8018e-04
Validation rmse = 0.381550
Epoch 75
Loss = 1.6463e-04, PNorm = 53.2388, GNorm = 0.2080, lr_0 = 1.7968e-04
Loss = 1.9287e-04, PNorm = 53.2418, GNorm = 0.2847, lr_0 = 1.7918e-04
Loss = 1.6886e-04, PNorm = 53.2423, GNorm = 0.2057, lr_0 = 1.7869e-04
Loss = 1.8714e-04, PNorm = 53.2437, GNorm = 0.2324, lr_0 = 1.7820e-04
Loss = 1.9319e-04, PNorm = 53.2476, GNorm = 0.1266, lr_0 = 1.7771e-04
Loss = 1.2091e-04, PNorm = 53.2487, GNorm = 0.1525, lr_0 = 1.7721e-04
Loss = 1.5976e-04, PNorm = 53.2512, GNorm = 0.5303, lr_0 = 1.7673e-04
Loss = 1.4171e-04, PNorm = 53.2533, GNorm = 0.1767, lr_0 = 1.7624e-04
Loss = 2.3812e-04, PNorm = 53.2557, GNorm = 0.1758, lr_0 = 1.7575e-04
Validation rmse = 0.360183
Epoch 76
Loss = 1.4650e-04, PNorm = 53.2578, GNorm = 0.1701, lr_0 = 1.7527e-04
Loss = 1.6020e-04, PNorm = 53.2569, GNorm = 0.5173, lr_0 = 1.7478e-04
Loss = 1.5352e-04, PNorm = 53.2599, GNorm = 0.1149, lr_0 = 1.7430e-04
Loss = 1.6695e-04, PNorm = 53.2590, GNorm = 0.0841, lr_0 = 1.7382e-04
Loss = 2.0124e-04, PNorm = 53.2615, GNorm = 0.4283, lr_0 = 1.7334e-04
Loss = 1.4716e-04, PNorm = 53.2646, GNorm = 0.3124, lr_0 = 1.7286e-04
Loss = 1.4894e-04, PNorm = 53.2664, GNorm = 0.3496, lr_0 = 1.7238e-04
Loss = 2.1881e-04, PNorm = 53.2684, GNorm = 0.4864, lr_0 = 1.7191e-04
Validation rmse = 0.352179
Epoch 77
Loss = 1.1895e-04, PNorm = 53.2700, GNorm = 0.1764, lr_0 = 1.7143e-04
Loss = 1.6712e-04, PNorm = 53.2714, GNorm = 0.3027, lr_0 = 1.7096e-04
Loss = 2.4550e-04, PNorm = 53.2750, GNorm = 0.7395, lr_0 = 1.7049e-04
Loss = 1.6533e-04, PNorm = 53.2783, GNorm = 0.3930, lr_0 = 1.7002e-04
Loss = 1.6850e-04, PNorm = 53.2805, GNorm = 0.1007, lr_0 = 1.6955e-04
Loss = 1.5805e-04, PNorm = 53.2846, GNorm = 0.1650, lr_0 = 1.6908e-04
Loss = 1.5718e-04, PNorm = 53.2850, GNorm = 0.3456, lr_0 = 1.6861e-04
Loss = 1.4596e-04, PNorm = 53.2883, GNorm = 0.4203, lr_0 = 1.6815e-04
Loss = 1.4320e-04, PNorm = 53.2907, GNorm = 0.3927, lr_0 = 1.6768e-04
Validation rmse = 0.367778
Epoch 78
Loss = 1.4817e-04, PNorm = 53.2950, GNorm = 0.1399, lr_0 = 1.6722e-04
Loss = 1.7237e-04, PNorm = 53.2976, GNorm = 0.5228, lr_0 = 1.6676e-04
Loss = 1.6765e-04, PNorm = 53.2991, GNorm = 0.2571, lr_0 = 1.6630e-04
Loss = 1.3967e-04, PNorm = 53.3017, GNorm = 0.3287, lr_0 = 1.6584e-04
Loss = 2.4562e-04, PNorm = 53.3022, GNorm = 0.3895, lr_0 = 1.6538e-04
Loss = 3.1646e-04, PNorm = 53.3087, GNorm = 0.1250, lr_0 = 1.6493e-04
Loss = 2.1063e-04, PNorm = 53.3115, GNorm = 0.5001, lr_0 = 1.6447e-04
Loss = 1.7738e-04, PNorm = 53.3156, GNorm = 0.2430, lr_0 = 1.6402e-04
Validation rmse = 0.355276
Epoch 79
Loss = 1.6639e-04, PNorm = 53.3163, GNorm = 0.6023, lr_0 = 1.6356e-04
Loss = 1.7782e-04, PNorm = 53.3185, GNorm = 0.1220, lr_0 = 1.6311e-04
Loss = 1.5043e-04, PNorm = 53.3211, GNorm = 0.2590, lr_0 = 1.6266e-04
Loss = 1.2752e-04, PNorm = 53.3219, GNorm = 0.2897, lr_0 = 1.6221e-04
Loss = 1.4830e-04, PNorm = 53.3220, GNorm = 0.1339, lr_0 = 1.6176e-04
Loss = 1.6812e-04, PNorm = 53.3240, GNorm = 0.2684, lr_0 = 1.6132e-04
Loss = 1.6695e-04, PNorm = 53.3258, GNorm = 0.1129, lr_0 = 1.6087e-04
Loss = 1.8508e-04, PNorm = 53.3294, GNorm = 0.1635, lr_0 = 1.6043e-04
Loss = 1.6394e-04, PNorm = 53.3311, GNorm = 0.2340, lr_0 = 1.5999e-04
Validation rmse = 0.348630
Epoch 80
Loss = 1.5113e-04, PNorm = 53.3337, GNorm = 0.1330, lr_0 = 1.5954e-04
Loss = 1.5077e-04, PNorm = 53.3349, GNorm = 0.2359, lr_0 = 1.5910e-04
Loss = 1.4617e-04, PNorm = 53.3394, GNorm = 0.2537, lr_0 = 1.5866e-04
Loss = 1.4390e-04, PNorm = 53.3405, GNorm = 0.4590, lr_0 = 1.5823e-04
Loss = 1.4452e-04, PNorm = 53.3437, GNorm = 0.1876, lr_0 = 1.5779e-04
Loss = 1.9326e-04, PNorm = 53.3449, GNorm = 0.3341, lr_0 = 1.5735e-04
Loss = 1.8114e-04, PNorm = 53.3475, GNorm = 0.1567, lr_0 = 1.5692e-04
Loss = 1.8386e-04, PNorm = 53.3493, GNorm = 0.2409, lr_0 = 1.5649e-04
Validation rmse = 0.355686
Epoch 81
Loss = 1.5310e-04, PNorm = 53.3520, GNorm = 0.5415, lr_0 = 1.5605e-04
Loss = 1.4509e-04, PNorm = 53.3544, GNorm = 0.1798, lr_0 = 1.5562e-04
Loss = 1.5404e-04, PNorm = 53.3561, GNorm = 0.2017, lr_0 = 1.5519e-04
Loss = 1.2283e-04, PNorm = 53.3568, GNorm = 0.1059, lr_0 = 1.5477e-04
Loss = 1.8189e-04, PNorm = 53.3585, GNorm = 1.5020, lr_0 = 1.5434e-04
Loss = 2.0223e-04, PNorm = 53.3608, GNorm = 0.6429, lr_0 = 1.5391e-04
Loss = 1.6108e-04, PNorm = 53.3654, GNorm = 0.1490, lr_0 = 1.5349e-04
Loss = 1.3302e-04, PNorm = 53.3685, GNorm = 0.3774, lr_0 = 1.5306e-04
Loss = 1.5251e-04, PNorm = 53.3697, GNorm = 0.1213, lr_0 = 1.5264e-04
Validation rmse = 0.362608
Epoch 82
Loss = 1.8926e-04, PNorm = 53.3713, GNorm = 0.1521, lr_0 = 1.5222e-04
Loss = 1.6896e-04, PNorm = 53.3738, GNorm = 0.1463, lr_0 = 1.5180e-04
Loss = 1.6211e-04, PNorm = 53.3763, GNorm = 0.5570, lr_0 = 1.5138e-04
Loss = 1.9602e-04, PNorm = 53.3779, GNorm = 0.2744, lr_0 = 1.5096e-04
Loss = 1.9365e-04, PNorm = 53.3800, GNorm = 0.1681, lr_0 = 1.5055e-04
Loss = 1.3750e-04, PNorm = 53.3810, GNorm = 0.1490, lr_0 = 1.5013e-04
Loss = 1.5409e-04, PNorm = 53.3829, GNorm = 0.2269, lr_0 = 1.4972e-04
Loss = 1.5448e-04, PNorm = 53.3837, GNorm = 0.1513, lr_0 = 1.4930e-04
Validation rmse = 0.355350
Epoch 83
Loss = 1.5344e-04, PNorm = 53.3872, GNorm = 0.1761, lr_0 = 1.4889e-04
Loss = 1.6865e-04, PNorm = 53.3889, GNorm = 0.7419, lr_0 = 1.4848e-04
Loss = 1.7793e-04, PNorm = 53.3899, GNorm = 0.3971, lr_0 = 1.4807e-04
Loss = 1.7354e-04, PNorm = 53.3927, GNorm = 0.1186, lr_0 = 1.4766e-04
Loss = 2.0907e-04, PNorm = 53.3937, GNorm = 0.7179, lr_0 = 1.4725e-04
Loss = 1.6434e-04, PNorm = 53.3972, GNorm = 0.1797, lr_0 = 1.4685e-04
Loss = 1.4104e-04, PNorm = 53.3995, GNorm = 0.1928, lr_0 = 1.4644e-04
Loss = 1.4927e-04, PNorm = 53.4030, GNorm = 0.3966, lr_0 = 1.4604e-04
Loss = 1.4776e-04, PNorm = 53.4046, GNorm = 0.2041, lr_0 = 1.4563e-04
Validation rmse = 0.371493
Epoch 84
Loss = 1.4806e-04, PNorm = 53.4069, GNorm = 0.2795, lr_0 = 1.4523e-04
Loss = 1.3488e-04, PNorm = 53.4099, GNorm = 0.4466, lr_0 = 1.4483e-04
Loss = 1.5947e-04, PNorm = 53.4120, GNorm = 0.4427, lr_0 = 1.4443e-04
Loss = 1.5949e-04, PNorm = 53.4134, GNorm = 0.4163, lr_0 = 1.4403e-04
Loss = 1.5488e-04, PNorm = 53.4149, GNorm = 0.2371, lr_0 = 1.4364e-04
Loss = 2.2052e-04, PNorm = 53.4170, GNorm = 0.2355, lr_0 = 1.4324e-04
Loss = 1.4991e-04, PNorm = 53.4172, GNorm = 0.1375, lr_0 = 1.4284e-04
Loss = 1.8448e-04, PNorm = 53.4200, GNorm = 0.1124, lr_0 = 1.4245e-04
Validation rmse = 0.369134
Epoch 85
Loss = 1.3943e-04, PNorm = 53.4201, GNorm = 0.0897, lr_0 = 1.4206e-04
Loss = 1.4219e-04, PNorm = 53.4220, GNorm = 0.6805, lr_0 = 1.4166e-04
Loss = 1.0253e-04, PNorm = 53.4243, GNorm = 0.1339, lr_0 = 1.4127e-04
Loss = 1.7372e-04, PNorm = 53.4237, GNorm = 0.4862, lr_0 = 1.4088e-04
Loss = 1.7378e-04, PNorm = 53.4253, GNorm = 0.2184, lr_0 = 1.4049e-04
Loss = 1.6573e-04, PNorm = 53.4262, GNorm = 0.5729, lr_0 = 1.4011e-04
Loss = 1.6155e-04, PNorm = 53.4314, GNorm = 0.1414, lr_0 = 1.3972e-04
Loss = 1.9378e-04, PNorm = 53.4344, GNorm = 0.4281, lr_0 = 1.3933e-04
Loss = 1.4820e-04, PNorm = 53.4386, GNorm = 0.1046, lr_0 = 1.3895e-04
Validation rmse = 0.356859
Epoch 86
Loss = 1.7346e-04, PNorm = 53.4393, GNorm = 0.2456, lr_0 = 1.3857e-04
Loss = 1.2505e-04, PNorm = 53.4403, GNorm = 0.2951, lr_0 = 1.3818e-04
Loss = 1.2527e-04, PNorm = 53.4410, GNorm = 0.1245, lr_0 = 1.3780e-04
Loss = 1.1860e-04, PNorm = 53.4422, GNorm = 0.1915, lr_0 = 1.3742e-04
Loss = 1.3120e-04, PNorm = 53.4434, GNorm = 0.1505, lr_0 = 1.3704e-04
Loss = 1.4850e-04, PNorm = 53.4459, GNorm = 0.2675, lr_0 = 1.3666e-04
Loss = 1.4701e-04, PNorm = 53.4477, GNorm = 0.1576, lr_0 = 1.3629e-04
Loss = 1.2949e-04, PNorm = 53.4492, GNorm = 0.1356, lr_0 = 1.3591e-04
Validation rmse = 0.352430
Epoch 87
Loss = 1.1108e-04, PNorm = 53.4505, GNorm = 0.3437, lr_0 = 1.3554e-04
Loss = 1.6439e-04, PNorm = 53.4543, GNorm = 0.2581, lr_0 = 1.3516e-04
Loss = 1.2148e-04, PNorm = 53.4543, GNorm = 0.2829, lr_0 = 1.3479e-04
Loss = 1.1441e-04, PNorm = 53.4557, GNorm = 0.2874, lr_0 = 1.3442e-04
Loss = 1.1959e-04, PNorm = 53.4567, GNorm = 0.1834, lr_0 = 1.3405e-04
Loss = 1.5016e-04, PNorm = 53.4594, GNorm = 0.1665, lr_0 = 1.3368e-04
Loss = 1.8936e-04, PNorm = 53.4604, GNorm = 0.1967, lr_0 = 1.3331e-04
Loss = 1.6184e-04, PNorm = 53.4649, GNorm = 0.4591, lr_0 = 1.3294e-04
Loss = 1.3587e-04, PNorm = 53.4652, GNorm = 0.1648, lr_0 = 1.3257e-04
Validation rmse = 0.365031
Epoch 88
Loss = 1.5135e-04, PNorm = 53.4693, GNorm = 0.5036, lr_0 = 1.3221e-04
Loss = 2.4245e-04, PNorm = 53.4707, GNorm = 0.4722, lr_0 = 1.3184e-04
Loss = 2.7084e-04, PNorm = 53.4746, GNorm = 0.6972, lr_0 = 1.3148e-04
Loss = 1.7390e-04, PNorm = 53.4765, GNorm = 0.2852, lr_0 = 1.3111e-04
Loss = 1.8793e-04, PNorm = 53.4792, GNorm = 0.1683, lr_0 = 1.3075e-04
Loss = 1.7937e-04, PNorm = 53.4811, GNorm = 0.1911, lr_0 = 1.3039e-04
Loss = 1.6644e-04, PNorm = 53.4817, GNorm = 0.3271, lr_0 = 1.3003e-04
Loss = 1.3344e-04, PNorm = 53.4821, GNorm = 0.4038, lr_0 = 1.2967e-04
Validation rmse = 0.361915
Epoch 89
Loss = 1.4983e-04, PNorm = 53.4816, GNorm = 0.1284, lr_0 = 1.2931e-04
Loss = 1.7735e-04, PNorm = 53.4848, GNorm = 0.5171, lr_0 = 1.2896e-04
Loss = 1.7961e-04, PNorm = 53.4876, GNorm = 0.1745, lr_0 = 1.2860e-04
Loss = 1.2375e-04, PNorm = 53.4884, GNorm = 0.1351, lr_0 = 1.2825e-04
Loss = 1.6086e-04, PNorm = 53.4904, GNorm = 0.1073, lr_0 = 1.2789e-04
Loss = 1.3902e-04, PNorm = 53.4912, GNorm = 0.4841, lr_0 = 1.2754e-04
Loss = 1.9310e-04, PNorm = 53.4945, GNorm = 0.6148, lr_0 = 1.2719e-04
Loss = 1.5842e-04, PNorm = 53.4959, GNorm = 0.1225, lr_0 = 1.2684e-04
Loss = 1.3078e-04, PNorm = 53.4974, GNorm = 0.9461, lr_0 = 1.2649e-04
Validation rmse = 0.358602
Epoch 90
Loss = 1.1723e-04, PNorm = 53.4990, GNorm = 0.1261, lr_0 = 1.2614e-04
Loss = 1.3377e-04, PNorm = 53.5006, GNorm = 0.1087, lr_0 = 1.2579e-04
Loss = 1.4726e-04, PNorm = 53.5023, GNorm = 0.3235, lr_0 = 1.2544e-04
Loss = 1.8393e-04, PNorm = 53.5053, GNorm = 0.2261, lr_0 = 1.2509e-04
Loss = 1.6446e-04, PNorm = 53.5077, GNorm = 0.1982, lr_0 = 1.2475e-04
Loss = 1.4891e-04, PNorm = 53.5097, GNorm = 0.1029, lr_0 = 1.2441e-04
Loss = 1.2202e-04, PNorm = 53.5107, GNorm = 0.1541, lr_0 = 1.2406e-04
Loss = 1.5669e-04, PNorm = 53.5130, GNorm = 0.3791, lr_0 = 1.2372e-04
Validation rmse = 0.359363
Epoch 91
Loss = 1.5333e-04, PNorm = 53.5125, GNorm = 0.2340, lr_0 = 1.2338e-04
Loss = 1.4050e-04, PNorm = 53.5134, GNorm = 0.2732, lr_0 = 1.2304e-04
Loss = 1.2842e-04, PNorm = 53.5148, GNorm = 0.1612, lr_0 = 1.2270e-04
Loss = 1.2578e-04, PNorm = 53.5160, GNorm = 0.1891, lr_0 = 1.2236e-04
Loss = 1.0021e-04, PNorm = 53.5173, GNorm = 0.1311, lr_0 = 1.2202e-04
Loss = 1.4268e-04, PNorm = 53.5214, GNorm = 0.2241, lr_0 = 1.2168e-04
Loss = 1.4560e-04, PNorm = 53.5222, GNorm = 0.1918, lr_0 = 1.2135e-04
Loss = 1.5211e-04, PNorm = 53.5234, GNorm = 0.1525, lr_0 = 1.2101e-04
Loss = 1.4867e-04, PNorm = 53.5240, GNorm = 0.1380, lr_0 = 1.2068e-04
Validation rmse = 0.353938
Epoch 92
Loss = 1.4878e-04, PNorm = 53.5255, GNorm = 0.2112, lr_0 = 1.2035e-04
Loss = 1.3651e-04, PNorm = 53.5271, GNorm = 0.2116, lr_0 = 1.2001e-04
Loss = 1.4034e-04, PNorm = 53.5278, GNorm = 0.3373, lr_0 = 1.1968e-04
Loss = 1.1783e-04, PNorm = 53.5297, GNorm = 0.1643, lr_0 = 1.1935e-04
Loss = 1.4418e-04, PNorm = 53.5289, GNorm = 0.2666, lr_0 = 1.1902e-04
Loss = 1.3582e-04, PNorm = 53.5323, GNorm = 0.1715, lr_0 = 1.1869e-04
Loss = 1.2084e-04, PNorm = 53.5328, GNorm = 0.3944, lr_0 = 1.1837e-04
Loss = 1.5883e-04, PNorm = 53.5370, GNorm = 0.0783, lr_0 = 1.1804e-04
Validation rmse = 0.349112
Epoch 93
Loss = 1.1736e-04, PNorm = 53.5386, GNorm = 0.2628, lr_0 = 1.1771e-04
Loss = 1.6348e-04, PNorm = 53.5386, GNorm = 0.3519, lr_0 = 1.1739e-04
Loss = 1.2859e-04, PNorm = 53.5399, GNorm = 0.1669, lr_0 = 1.1707e-04
Loss = 1.6586e-04, PNorm = 53.5418, GNorm = 0.6701, lr_0 = 1.1674e-04
Loss = 1.2887e-04, PNorm = 53.5433, GNorm = 0.1021, lr_0 = 1.1642e-04
Loss = 1.1998e-04, PNorm = 53.5445, GNorm = 0.1150, lr_0 = 1.1610e-04
Loss = 1.2358e-04, PNorm = 53.5455, GNorm = 0.2127, lr_0 = 1.1578e-04
Loss = 1.5338e-04, PNorm = 53.5451, GNorm = 0.1984, lr_0 = 1.1546e-04
Loss = 1.0738e-04, PNorm = 53.5447, GNorm = 0.1898, lr_0 = 1.1514e-04
Validation rmse = 0.345374
Epoch 94
Loss = 1.3557e-04, PNorm = 53.5462, GNorm = 0.2547, lr_0 = 1.1482e-04
Loss = 1.1111e-04, PNorm = 53.5459, GNorm = 0.0972, lr_0 = 1.1450e-04
Loss = 1.3335e-04, PNorm = 53.5477, GNorm = 0.3728, lr_0 = 1.1419e-04
Loss = 1.3026e-04, PNorm = 53.5492, GNorm = 0.1454, lr_0 = 1.1387e-04
Loss = 2.0594e-04, PNorm = 53.5505, GNorm = 0.2704, lr_0 = 1.1356e-04
Loss = 1.7636e-04, PNorm = 53.5531, GNorm = 0.2335, lr_0 = 1.1325e-04
Loss = 1.4544e-04, PNorm = 53.5556, GNorm = 0.2397, lr_0 = 1.1293e-04
Loss = 1.2593e-04, PNorm = 53.5573, GNorm = 0.4296, lr_0 = 1.1262e-04
Validation rmse = 0.356151
Epoch 95
Loss = 1.9165e-04, PNorm = 53.5562, GNorm = 0.1379, lr_0 = 1.1231e-04
Loss = 1.1957e-04, PNorm = 53.5571, GNorm = 0.2529, lr_0 = 1.1200e-04
Loss = 1.2519e-04, PNorm = 53.5586, GNorm = 0.3080, lr_0 = 1.1169e-04
Loss = 1.7755e-04, PNorm = 53.5597, GNorm = 0.3583, lr_0 = 1.1138e-04
Loss = 1.2279e-04, PNorm = 53.5611, GNorm = 0.3228, lr_0 = 1.1108e-04
Loss = 1.3412e-04, PNorm = 53.5637, GNorm = 0.1141, lr_0 = 1.1077e-04
Loss = 1.4669e-04, PNorm = 53.5649, GNorm = 0.4841, lr_0 = 1.1046e-04
Loss = 1.1842e-04, PNorm = 53.5654, GNorm = 0.1201, lr_0 = 1.1016e-04
Loss = 1.2909e-04, PNorm = 53.5670, GNorm = 0.3466, lr_0 = 1.0985e-04
Validation rmse = 0.353990
Epoch 96
Loss = 1.0683e-04, PNorm = 53.5684, GNorm = 0.1130, lr_0 = 1.0955e-04
Loss = 1.3763e-04, PNorm = 53.5692, GNorm = 0.2043, lr_0 = 1.0925e-04
Loss = 1.0713e-04, PNorm = 53.5696, GNorm = 0.1626, lr_0 = 1.0895e-04
Loss = 1.4570e-04, PNorm = 53.5703, GNorm = 0.2414, lr_0 = 1.0865e-04
Loss = 1.2703e-04, PNorm = 53.5727, GNorm = 0.1746, lr_0 = 1.0835e-04
Loss = 1.1525e-04, PNorm = 53.5745, GNorm = 0.2304, lr_0 = 1.0805e-04
Loss = 1.6255e-04, PNorm = 53.5776, GNorm = 0.1817, lr_0 = 1.0775e-04
Loss = 1.7698e-04, PNorm = 53.5779, GNorm = 0.3843, lr_0 = 1.0745e-04
Validation rmse = 0.343193
Epoch 97
Loss = 2.1490e-04, PNorm = 53.5810, GNorm = 0.3822, lr_0 = 1.0715e-04
Loss = 1.7489e-04, PNorm = 53.5834, GNorm = 0.4973, lr_0 = 1.0686e-04
Loss = 1.4454e-04, PNorm = 53.5855, GNorm = 0.3627, lr_0 = 1.0656e-04
Loss = 1.2442e-04, PNorm = 53.5857, GNorm = 0.0934, lr_0 = 1.0627e-04
Loss = 1.3007e-04, PNorm = 53.5875, GNorm = 0.1818, lr_0 = 1.0598e-04
Loss = 1.2556e-04, PNorm = 53.5879, GNorm = 0.3583, lr_0 = 1.0568e-04
Loss = 1.2177e-04, PNorm = 53.5893, GNorm = 0.1023, lr_0 = 1.0539e-04
Loss = 1.3477e-04, PNorm = 53.5901, GNorm = 0.2463, lr_0 = 1.0510e-04
Loss = 1.1568e-04, PNorm = 53.5907, GNorm = 0.1392, lr_0 = 1.0481e-04
Validation rmse = 0.344309
Epoch 98
Loss = 1.0225e-04, PNorm = 53.5912, GNorm = 0.2144, lr_0 = 1.0452e-04
Loss = 1.1760e-04, PNorm = 53.5928, GNorm = 0.1084, lr_0 = 1.0423e-04
Loss = 1.2502e-04, PNorm = 53.5947, GNorm = 0.4004, lr_0 = 1.0395e-04
Loss = 9.9919e-05, PNorm = 53.5959, GNorm = 0.1149, lr_0 = 1.0366e-04
Loss = 1.3265e-04, PNorm = 53.5969, GNorm = 0.2191, lr_0 = 1.0337e-04
Loss = 1.1512e-04, PNorm = 53.5980, GNorm = 0.1288, lr_0 = 1.0309e-04
Loss = 1.1664e-04, PNorm = 53.5990, GNorm = 0.1355, lr_0 = 1.0280e-04
Loss = 1.4679e-04, PNorm = 53.6000, GNorm = 0.2259, lr_0 = 1.0252e-04
Validation rmse = 0.347375
Epoch 99
Loss = 1.0928e-04, PNorm = 53.6008, GNorm = 0.1968, lr_0 = 1.0224e-04
Loss = 1.3014e-04, PNorm = 53.6027, GNorm = 0.2755, lr_0 = 1.0195e-04
Loss = 1.3724e-04, PNorm = 53.6035, GNorm = 0.1760, lr_0 = 1.0167e-04
Loss = 1.7891e-04, PNorm = 53.6045, GNorm = 0.1293, lr_0 = 1.0139e-04
Loss = 1.2353e-04, PNorm = 53.6053, GNorm = 0.2634, lr_0 = 1.0111e-04
Loss = 1.3401e-04, PNorm = 53.6056, GNorm = 0.3165, lr_0 = 1.0083e-04
Loss = 1.3631e-04, PNorm = 53.6080, GNorm = 0.2380, lr_0 = 1.0055e-04
Loss = 1.1939e-04, PNorm = 53.6092, GNorm = 0.1147, lr_0 = 1.0028e-04
Loss = 1.2889e-04, PNorm = 53.6104, GNorm = 0.1974, lr_0 = 1.0000e-04
Validation rmse = 0.338707
Model 0 best validation rmse = 0.338707 on epoch 99
Loading pretrained parameter "encoder.encoder_solute.cached_zero_vector".
Loading pretrained parameter "encoder.encoder_solute.W_i.weight".
Loading pretrained parameter "encoder.encoder_solute.W_h.weight".
Loading pretrained parameter "encoder.encoder_solute.W_o.weight".
Loading pretrained parameter "encoder.encoder_solute.W_o.bias".
Loading pretrained parameter "encoder.encoder_solvent.cached_zero_vector".
Loading pretrained parameter "encoder.encoder_solvent.W_i.weight".
Loading pretrained parameter "encoder.encoder_solvent.W_h.weight".
Loading pretrained parameter "encoder.encoder_solvent.W_o.weight".
Loading pretrained parameter "encoder.encoder_solvent.W_o.bias".
Loading pretrained parameter "ffn.1.weight".
Loading pretrained parameter "ffn.1.bias".
Loading pretrained parameter "ffn.4.weight".
Loading pretrained parameter "ffn.4.bias".
Loading pretrained parameter "ffn.7.weight".
Loading pretrained parameter "ffn.7.bias".
Model 0 test rmse = 0.342072
Ensemble test rmse = 0.342072
1-fold cross validation
Seed 0 ==> test rmse = 0.342072
Overall test rmse = 0.342072 +/- 0.000000
