Fold 0
{'activation': 'ReLU',
 'atom_messages': False,
 'batch_size': 50,
 'bias': False,
 'checkpoint_dir': None,
 'checkpoint_path': None,
 'checkpoint_paths': None,
 'config_path': None,
 'crossval_index_dir': None,
 'crossval_index_file': None,
 'cuda': False,
 'data_path': 'data/solvation/compsol_S.csv',
 'dataset_type': 'regression',
 'depth': 10,
 'detailed_results': True,
 'dropout': 0.05,
 'ensemble_size': 1,
 'epochs': 100,
 'explicit_solvent_number': 2,
 'features_generator': None,
 'features_only': False,
 'features_path': None,
 'features_scaling': True,
 'ffn_hidden_size': 300,
 'ffn_num_layers': 3,
 'final_lr': 0.0001,
 'folds_file': None,
 'gpu': None,
 'hidden_size': 300,
 'init_lr': 0.0001,
 'log_frequency': 10,
 'max_data_size': None,
 'max_lr': 0.001,
 'metric': 'rmse',
 'minimize_score': True,
 'multiclass_num_classes': 3,
 'no_cache': False,
 'num_folds': 1,
 'num_lrs': 1,
 'quiet': False,
 'save_dir': 'examples/solvation_S/fold_0',
 'save_inchi_split': False,
 'save_smiles_splits': False,
 'seed': 0,
 'separate_test_features_path': None,
 'separate_test_path': None,
 'separate_val_features_path': None,
 'separate_val_path': None,
 'show_individual_scores': False,
 'solvation': True,
 'split_sizes': [0.8, 0.1, 0.1],
 'split_type': 'random',
 'test': False,
 'test_fold_index': None,
 'undirected': False,
 'use_compound_names': False,
 'use_input_features': None,
 'val_fold_index': None,
 'warmup_epochs': 2.0}
Loading data
Number of tasks = 1
Splitting data with seed 0
Total size = 2,449 | train size = 1,959 | val size = 245 | test size = 245
Fitting scaler
Building model 0
MoleculeModel(
  (encoder): MPN_solvation(
    (encoder_solute): MPNEncoder(
      (dropout_layer): Dropout(p=0.05, inplace=False)
      (act_func): ReLU()
      (W_i): Linear(in_features=117, out_features=300, bias=False)
      (W_h): Linear(in_features=300, out_features=300, bias=False)
      (W_o): Linear(in_features=403, out_features=300, bias=True)
    )
    (encoder_solvent): MPNEncoder(
      (dropout_layer): Dropout(p=0.05, inplace=False)
      (act_func): ReLU()
      (W_i): Linear(in_features=117, out_features=300, bias=False)
      (W_h): Linear(in_features=300, out_features=300, bias=False)
      (W_o): Linear(in_features=403, out_features=300, bias=True)
    )
  )
  (ffn): Sequential(
    (0): Dropout(p=0.05, inplace=False)
    (1): Linear(in_features=600, out_features=300, bias=True)
    (2): ReLU()
    (3): Dropout(p=0.05, inplace=False)
    (4): Linear(in_features=300, out_features=300, bias=True)
    (5): ReLU()
    (6): Dropout(p=0.05, inplace=False)
    (7): Linear(in_features=300, out_features=1, bias=True)
  )
)
Number of parameters = 763,501
Epoch 0
Loss = 2.1772e-02, PNorm = 48.2265, GNorm = 5.1344, lr_0 = 2.1538e-04
Loss = 1.7827e-02, PNorm = 48.2316, GNorm = 2.5747, lr_0 = 3.3077e-04
Loss = 1.5100e-02, PNorm = 48.2415, GNorm = 4.6802, lr_0 = 4.4615e-04
Validation rmse = 0.003739
Epoch 1
Loss = 1.2449e-02, PNorm = 48.2595, GNorm = 2.0298, lr_0 = 5.6154e-04
Loss = 1.4007e-02, PNorm = 48.2882, GNorm = 7.6590, lr_0 = 6.7692e-04
Loss = 1.0326e-02, PNorm = 48.3184, GNorm = 3.0174, lr_0 = 7.9231e-04
Loss = 1.2707e-02, PNorm = 48.3611, GNorm = 2.6263, lr_0 = 9.0769e-04
Validation rmse = 0.003630
Epoch 2
Loss = 1.3677e-02, PNorm = 48.4073, GNorm = 1.8227, lr_0 = 9.9880e-04
Loss = 1.3725e-02, PNorm = 48.4452, GNorm = 1.9249, lr_0 = 9.9280e-04
Loss = 1.2603e-02, PNorm = 48.4885, GNorm = 1.9150, lr_0 = 9.8683e-04
Loss = 9.5787e-03, PNorm = 48.5199, GNorm = 2.1558, lr_0 = 9.8091e-04
Validation rmse = 0.003371
Epoch 3
Loss = 7.5168e-03, PNorm = 48.5492, GNorm = 2.5426, lr_0 = 9.7501e-04
Loss = 9.7520e-03, PNorm = 48.5747, GNorm = 1.3974, lr_0 = 9.6916e-04
Loss = 1.3550e-02, PNorm = 48.6099, GNorm = 1.9472, lr_0 = 9.6334e-04
Loss = 9.7866e-03, PNorm = 48.6337, GNorm = 1.1523, lr_0 = 9.5755e-04
Validation rmse = 0.003325
Epoch 4
Loss = 1.1642e-02, PNorm = 48.6627, GNorm = 2.4360, lr_0 = 9.5180e-04
Loss = 8.7388e-03, PNorm = 48.6895, GNorm = 3.3650, lr_0 = 9.4608e-04
Loss = 9.2232e-03, PNorm = 48.7247, GNorm = 3.3247, lr_0 = 9.4040e-04
Loss = 1.2576e-02, PNorm = 48.7528, GNorm = 2.3652, lr_0 = 9.3475e-04
Validation rmse = 0.003355
Epoch 5
Loss = 1.4661e-02, PNorm = 48.7830, GNorm = 3.9135, lr_0 = 9.2914e-04
Loss = 8.0006e-03, PNorm = 48.8124, GNorm = 1.2761, lr_0 = 9.2356e-04
Loss = 8.6481e-03, PNorm = 48.8528, GNorm = 1.5960, lr_0 = 9.1801e-04
Loss = 1.0560e-02, PNorm = 48.8855, GNorm = 2.9495, lr_0 = 9.1249e-04
Validation rmse = 0.003392
Epoch 6
Loss = 7.3736e-03, PNorm = 48.9109, GNorm = 1.6234, lr_0 = 9.0701e-04
Loss = 7.7373e-03, PNorm = 48.9464, GNorm = 4.1784, lr_0 = 9.0157e-04
Loss = 1.0586e-02, PNorm = 48.9742, GNorm = 1.3027, lr_0 = 8.9615e-04
Loss = 9.5305e-03, PNorm = 49.0170, GNorm = 1.6607, lr_0 = 8.9077e-04
Validation rmse = 0.003449
Epoch 7
Loss = 1.1042e-02, PNorm = 49.0584, GNorm = 1.9338, lr_0 = 8.8542e-04
Loss = 1.2101e-02, PNorm = 49.0981, GNorm = 1.3752, lr_0 = 8.8010e-04
Loss = 8.9761e-03, PNorm = 49.1349, GNorm = 0.7355, lr_0 = 8.7481e-04
Loss = 6.5469e-03, PNorm = 49.1764, GNorm = 1.0778, lr_0 = 8.6956e-04
Validation rmse = 0.003438
Epoch 8
Loss = 7.1957e-03, PNorm = 49.2133, GNorm = 1.8609, lr_0 = 8.6434e-04
Loss = 8.7407e-03, PNorm = 49.2444, GNorm = 1.8274, lr_0 = 8.5914e-04
Loss = 1.0540e-02, PNorm = 49.2732, GNorm = 1.2212, lr_0 = 8.5398e-04
Loss = 9.6010e-03, PNorm = 49.3027, GNorm = 1.5910, lr_0 = 8.4885e-04
Validation rmse = 0.003393
Epoch 9
Loss = 7.2392e-03, PNorm = 49.3436, GNorm = 1.2951, lr_0 = 8.4376e-04
Loss = 8.6480e-03, PNorm = 49.3806, GNorm = 1.1909, lr_0 = 8.3869e-04
Loss = 1.0807e-02, PNorm = 49.4110, GNorm = 1.5247, lr_0 = 8.3365e-04
Loss = 7.1131e-03, PNorm = 49.4424, GNorm = 1.3044, lr_0 = 8.2864e-04
Validation rmse = 0.003489
Epoch 10
Loss = 1.1255e-02, PNorm = 49.4814, GNorm = 2.0957, lr_0 = 8.2367e-04
Loss = 6.3156e-03, PNorm = 49.5179, GNorm = 1.5692, lr_0 = 8.1872e-04
Loss = 7.4214e-03, PNorm = 49.5548, GNorm = 0.9796, lr_0 = 8.1380e-04
Validation rmse = 0.003370
Epoch 11
Loss = 5.2375e-03, PNorm = 49.5897, GNorm = 1.2091, lr_0 = 8.0891e-04
Loss = 6.4887e-03, PNorm = 49.6258, GNorm = 1.4085, lr_0 = 8.0405e-04
Loss = 7.7549e-03, PNorm = 49.6634, GNorm = 2.5246, lr_0 = 7.9922e-04
Loss = 8.8944e-03, PNorm = 49.6979, GNorm = 2.0483, lr_0 = 7.9442e-04
Validation rmse = 0.003327
Epoch 12
Loss = 7.1741e-03, PNorm = 49.7228, GNorm = 0.7770, lr_0 = 7.8965e-04
Loss = 7.7831e-03, PNorm = 49.7645, GNorm = 1.4473, lr_0 = 7.8491e-04
Loss = 8.8126e-03, PNorm = 49.8125, GNorm = 2.9082, lr_0 = 7.8019e-04
Loss = 9.0427e-03, PNorm = 49.8547, GNorm = 1.2514, lr_0 = 7.7551e-04
Validation rmse = 0.003366
Epoch 13
Loss = 6.7574e-03, PNorm = 49.9045, GNorm = 0.8751, lr_0 = 7.7085e-04
Loss = 7.7823e-03, PNorm = 49.9478, GNorm = 1.2933, lr_0 = 7.6622e-04
Loss = 6.7206e-03, PNorm = 49.9898, GNorm = 0.8573, lr_0 = 7.6162e-04
Loss = 8.4992e-03, PNorm = 50.0230, GNorm = 1.5711, lr_0 = 7.5704e-04
Validation rmse = 0.003341
Epoch 14
Loss = 5.6353e-03, PNorm = 50.0556, GNorm = 0.7640, lr_0 = 7.5250e-04
Loss = 7.3254e-03, PNorm = 50.0856, GNorm = 2.2757, lr_0 = 7.4798e-04
Loss = 7.5388e-03, PNorm = 50.1332, GNorm = 1.7003, lr_0 = 7.4348e-04
Loss = 7.4358e-03, PNorm = 50.1634, GNorm = 1.5250, lr_0 = 7.3902e-04
Validation rmse = 0.003302
Epoch 15
Loss = 5.9843e-03, PNorm = 50.2053, GNorm = 1.5516, lr_0 = 7.3458e-04
Loss = 6.6104e-03, PNorm = 50.2375, GNorm = 1.2695, lr_0 = 7.3017e-04
Loss = 7.4597e-03, PNorm = 50.2714, GNorm = 1.6410, lr_0 = 7.2578e-04
Loss = 6.6235e-03, PNorm = 50.3075, GNorm = 1.1352, lr_0 = 7.2142e-04
Validation rmse = 0.003515
Epoch 16
Loss = 5.6726e-03, PNorm = 50.3471, GNorm = 2.1447, lr_0 = 7.1709e-04
Loss = 5.3254e-03, PNorm = 50.3938, GNorm = 1.4340, lr_0 = 7.1278e-04
Loss = 8.2222e-03, PNorm = 50.4281, GNorm = 1.8411, lr_0 = 7.0850e-04
Loss = 7.0697e-03, PNorm = 50.4597, GNorm = 1.0137, lr_0 = 7.0424e-04
Validation rmse = 0.003476
Epoch 17
Loss = 9.7078e-03, PNorm = 50.5072, GNorm = 2.1869, lr_0 = 7.0001e-04
Loss = 6.1695e-03, PNorm = 50.5518, GNorm = 1.6665, lr_0 = 6.9581e-04
Loss = 4.5313e-03, PNorm = 50.5959, GNorm = 1.0810, lr_0 = 6.9163e-04
Loss = 5.7800e-03, PNorm = 50.6306, GNorm = 0.9806, lr_0 = 6.8748e-04
Validation rmse = 0.003230
Epoch 18
Loss = 6.1155e-03, PNorm = 50.6649, GNorm = 1.8911, lr_0 = 6.8335e-04
Loss = 5.1179e-03, PNorm = 50.7015, GNorm = 1.2242, lr_0 = 6.7924e-04
Loss = 5.3498e-03, PNorm = 50.7405, GNorm = 1.0813, lr_0 = 6.7516e-04
Loss = 6.8600e-03, PNorm = 50.7804, GNorm = 1.3533, lr_0 = 6.7111e-04
Validation rmse = 0.003204
Epoch 19
Loss = 4.9130e-03, PNorm = 50.8166, GNorm = 1.3662, lr_0 = 6.6708e-04
Loss = 5.0176e-03, PNorm = 50.8531, GNorm = 1.0129, lr_0 = 6.6307e-04
Loss = 6.4161e-03, PNorm = 50.8874, GNorm = 1.6100, lr_0 = 6.5909e-04
Loss = 7.4777e-03, PNorm = 50.9200, GNorm = 2.1461, lr_0 = 6.5513e-04
Validation rmse = 0.003309
Epoch 20
Loss = 5.0081e-03, PNorm = 50.9650, GNorm = 1.4084, lr_0 = 6.5119e-04
Loss = 5.4004e-03, PNorm = 51.0054, GNorm = 1.3162, lr_0 = 6.4728e-04
Loss = 6.2493e-03, PNorm = 51.0437, GNorm = 2.6482, lr_0 = 6.4339e-04
Validation rmse = 0.003404
Epoch 21
Loss = 4.1929e-03, PNorm = 51.0786, GNorm = 2.0019, lr_0 = 6.3953e-04
Loss = 5.5164e-03, PNorm = 51.1208, GNorm = 1.8632, lr_0 = 6.3569e-04
Loss = 4.2812e-03, PNorm = 51.1640, GNorm = 1.1206, lr_0 = 6.3187e-04
Loss = 6.1775e-03, PNorm = 51.1982, GNorm = 1.2117, lr_0 = 6.2808e-04
Validation rmse = 0.003335
Epoch 22
Loss = 2.5925e-03, PNorm = 51.2391, GNorm = 0.8403, lr_0 = 6.2430e-04
Loss = 4.8611e-03, PNorm = 51.2692, GNorm = 2.5235, lr_0 = 6.2055e-04
Loss = 5.0557e-03, PNorm = 51.3116, GNorm = 2.3251, lr_0 = 6.1683e-04
Loss = 7.0724e-03, PNorm = 51.3535, GNorm = 0.9079, lr_0 = 6.1312e-04
Validation rmse = 0.003173
Epoch 23
Loss = 3.1430e-03, PNorm = 51.3932, GNorm = 1.0286, lr_0 = 6.0944e-04
Loss = 3.7984e-03, PNorm = 51.4313, GNorm = 0.7354, lr_0 = 6.0578e-04
Loss = 4.2579e-03, PNorm = 51.4540, GNorm = 0.8347, lr_0 = 6.0214e-04
Loss = 5.1317e-03, PNorm = 51.4840, GNorm = 1.2739, lr_0 = 5.9852e-04
Validation rmse = 0.003187
Epoch 24
Loss = 4.1485e-03, PNorm = 51.5237, GNorm = 1.8204, lr_0 = 5.9493e-04
Loss = 4.3920e-03, PNorm = 51.5569, GNorm = 1.0052, lr_0 = 5.9135e-04
Loss = 3.9623e-03, PNorm = 51.5919, GNorm = 1.1279, lr_0 = 5.8780e-04
Loss = 5.5006e-03, PNorm = 51.6254, GNorm = 2.1842, lr_0 = 5.8427e-04
Validation rmse = 0.003120
Epoch 25
Loss = 3.1625e-03, PNorm = 51.6521, GNorm = 1.5431, lr_0 = 5.8076e-04
Loss = 3.8700e-03, PNorm = 51.6851, GNorm = 0.8230, lr_0 = 5.7727e-04
Loss = 4.1810e-03, PNorm = 51.7137, GNorm = 1.5836, lr_0 = 5.7381e-04
Loss = 4.8683e-03, PNorm = 51.7451, GNorm = 0.7473, lr_0 = 5.7036e-04
Validation rmse = 0.003300
Epoch 26
Loss = 4.4248e-03, PNorm = 51.7756, GNorm = 1.5224, lr_0 = 5.6693e-04
Loss = 4.0053e-03, PNorm = 51.8147, GNorm = 0.8920, lr_0 = 5.6353e-04
Loss = 3.3328e-03, PNorm = 51.8407, GNorm = 1.2430, lr_0 = 5.6014e-04
Loss = 4.8339e-03, PNorm = 51.8703, GNorm = 1.9819, lr_0 = 5.5678e-04
Validation rmse = 0.003178
Epoch 27
Loss = 5.2384e-03, PNorm = 51.9058, GNorm = 1.2368, lr_0 = 5.5343e-04
Loss = 3.4367e-03, PNorm = 51.9451, GNorm = 1.3289, lr_0 = 5.5011e-04
Loss = 3.4341e-03, PNorm = 51.9755, GNorm = 0.7807, lr_0 = 5.4681e-04
Loss = 3.9788e-03, PNorm = 52.0008, GNorm = 1.1194, lr_0 = 5.4352e-04
Validation rmse = 0.003180
Epoch 28
Loss = 3.0640e-03, PNorm = 52.0259, GNorm = 1.2616, lr_0 = 5.4026e-04
Loss = 3.1946e-03, PNorm = 52.0476, GNorm = 1.0392, lr_0 = 5.3701e-04
Loss = 3.5105e-03, PNorm = 52.0763, GNorm = 1.3331, lr_0 = 5.3379e-04
Loss = 4.4949e-03, PNorm = 52.1077, GNorm = 0.7443, lr_0 = 5.3058e-04
Validation rmse = 0.003329
Epoch 29
Loss = 3.1172e-03, PNorm = 52.1363, GNorm = 0.9188, lr_0 = 5.2739e-04
Loss = 3.6156e-03, PNorm = 52.1601, GNorm = 0.9903, lr_0 = 5.2423e-04
Loss = 3.5749e-03, PNorm = 52.1914, GNorm = 1.1755, lr_0 = 5.2108e-04
Loss = 3.9117e-03, PNorm = 52.2225, GNorm = 1.7397, lr_0 = 5.1795e-04
Validation rmse = 0.003293
Epoch 30
Loss = 2.6160e-03, PNorm = 52.2480, GNorm = 1.1568, lr_0 = 5.1484e-04
Loss = 3.9710e-03, PNorm = 52.2786, GNorm = 1.4291, lr_0 = 5.1174e-04
Loss = 3.8359e-03, PNorm = 52.3076, GNorm = 1.1207, lr_0 = 5.0867e-04
Validation rmse = 0.003321
Epoch 31
Loss = 2.0629e-03, PNorm = 52.3337, GNorm = 1.0149, lr_0 = 5.0562e-04
Loss = 2.7370e-03, PNorm = 52.3583, GNorm = 1.1766, lr_0 = 5.0258e-04
Loss = 2.7822e-03, PNorm = 52.3817, GNorm = 0.7589, lr_0 = 4.9956e-04
Loss = 2.7136e-03, PNorm = 52.4040, GNorm = 0.7567, lr_0 = 4.9656e-04
Validation rmse = 0.003286
Epoch 32
Loss = 2.8662e-03, PNorm = 52.4252, GNorm = 0.8675, lr_0 = 4.9358e-04
Loss = 2.6855e-03, PNorm = 52.4465, GNorm = 0.7643, lr_0 = 4.9061e-04
Loss = 3.3507e-03, PNorm = 52.4726, GNorm = 0.8957, lr_0 = 4.8766e-04
Loss = 3.6220e-03, PNorm = 52.5040, GNorm = 2.1945, lr_0 = 4.8474e-04
Validation rmse = 0.003193
Epoch 33
Loss = 2.9805e-03, PNorm = 52.5351, GNorm = 0.8067, lr_0 = 4.8182e-04
Loss = 3.3996e-03, PNorm = 52.5585, GNorm = 1.5268, lr_0 = 4.7893e-04
Loss = 3.1650e-03, PNorm = 52.5891, GNorm = 1.0225, lr_0 = 4.7605e-04
Loss = 3.1067e-03, PNorm = 52.6154, GNorm = 0.6927, lr_0 = 4.7319e-04
Validation rmse = 0.003183
Epoch 34
Loss = 3.0480e-03, PNorm = 52.6370, GNorm = 0.7273, lr_0 = 4.7035e-04
Loss = 2.5902e-03, PNorm = 52.6558, GNorm = 0.6159, lr_0 = 4.6753e-04
Loss = 2.6873e-03, PNorm = 52.6740, GNorm = 1.0068, lr_0 = 4.6472e-04
Loss = 2.3556e-03, PNorm = 52.6910, GNorm = 0.6924, lr_0 = 4.6193e-04
Validation rmse = 0.003253
Epoch 35
Loss = 2.1516e-03, PNorm = 52.7083, GNorm = 0.8775, lr_0 = 4.5915e-04
Loss = 3.1445e-03, PNorm = 52.7326, GNorm = 0.9168, lr_0 = 4.5639e-04
Loss = 2.2907e-03, PNorm = 52.7565, GNorm = 0.9253, lr_0 = 4.5365e-04
Loss = 2.6832e-03, PNorm = 52.7731, GNorm = 1.1536, lr_0 = 4.5093e-04
Validation rmse = 0.003223
Epoch 36
Loss = 1.8680e-03, PNorm = 52.7940, GNorm = 1.0793, lr_0 = 4.4822e-04
Loss = 1.9077e-03, PNorm = 52.8111, GNorm = 0.6629, lr_0 = 4.4553e-04
Loss = 2.7150e-03, PNorm = 52.8261, GNorm = 2.1592, lr_0 = 4.4285e-04
Loss = 2.6873e-03, PNorm = 52.8449, GNorm = 0.8239, lr_0 = 4.4019e-04
Validation rmse = 0.003289
Epoch 37
Loss = 2.2350e-03, PNorm = 52.8611, GNorm = 1.6008, lr_0 = 4.3755e-04
Loss = 1.9650e-03, PNorm = 52.8826, GNorm = 0.7214, lr_0 = 4.3492e-04
Loss = 2.3118e-03, PNorm = 52.8989, GNorm = 0.8136, lr_0 = 4.3231e-04
Loss = 2.6998e-03, PNorm = 52.9127, GNorm = 0.9849, lr_0 = 4.2971e-04
Validation rmse = 0.003239
Epoch 38
Loss = 2.4283e-03, PNorm = 52.9273, GNorm = 0.7147, lr_0 = 4.2713e-04
Loss = 2.7199e-03, PNorm = 52.9459, GNorm = 1.0625, lr_0 = 4.2456e-04
Loss = 1.8259e-03, PNorm = 52.9627, GNorm = 0.9369, lr_0 = 4.2201e-04
Loss = 2.0877e-03, PNorm = 52.9729, GNorm = 0.8500, lr_0 = 4.1948e-04
Validation rmse = 0.003250
Epoch 39
Loss = 1.5031e-03, PNorm = 52.9843, GNorm = 0.5173, lr_0 = 4.1696e-04
Loss = 2.2838e-03, PNorm = 52.9995, GNorm = 0.8111, lr_0 = 4.1446e-04
Loss = 2.1206e-03, PNorm = 53.0183, GNorm = 1.0491, lr_0 = 4.1197e-04
Loss = 2.6252e-03, PNorm = 53.0355, GNorm = 1.2297, lr_0 = 4.0949e-04
Validation rmse = 0.003181
Epoch 40
Loss = 1.9152e-03, PNorm = 53.0513, GNorm = 0.7749, lr_0 = 4.0703e-04
Loss = 1.8156e-03, PNorm = 53.0674, GNorm = 0.8400, lr_0 = 4.0459e-04
Loss = 2.2479e-03, PNorm = 53.0832, GNorm = 0.6551, lr_0 = 4.0216e-04
Validation rmse = 0.003263
Epoch 41
Loss = 1.2021e-03, PNorm = 53.0971, GNorm = 0.5854, lr_0 = 3.9974e-04
Loss = 2.0571e-03, PNorm = 53.1099, GNorm = 0.9462, lr_0 = 3.9734e-04
Loss = 1.9955e-03, PNorm = 53.1215, GNorm = 0.7563, lr_0 = 3.9495e-04
Loss = 2.0075e-03, PNorm = 53.1363, GNorm = 0.7361, lr_0 = 3.9258e-04
Validation rmse = 0.003312
Epoch 42
Loss = 2.0200e-03, PNorm = 53.1507, GNorm = 0.8682, lr_0 = 3.9022e-04
Loss = 2.1314e-03, PNorm = 53.1674, GNorm = 0.7533, lr_0 = 3.8788e-04
Loss = 1.7806e-03, PNorm = 53.1823, GNorm = 0.7183, lr_0 = 3.8555e-04
Loss = 1.9059e-03, PNorm = 53.1952, GNorm = 1.0881, lr_0 = 3.8323e-04
Validation rmse = 0.003241
Epoch 43
Loss = 1.7377e-03, PNorm = 53.2057, GNorm = 0.9831, lr_0 = 3.8093e-04
Loss = 2.1551e-03, PNorm = 53.2201, GNorm = 1.9997, lr_0 = 3.7864e-04
Loss = 2.1354e-03, PNorm = 53.2353, GNorm = 1.1563, lr_0 = 3.7637e-04
Loss = 2.4692e-03, PNorm = 53.2500, GNorm = 0.9480, lr_0 = 3.7411e-04
Validation rmse = 0.003289
Epoch 44
Loss = 2.2747e-03, PNorm = 53.2599, GNorm = 0.6823, lr_0 = 3.7186e-04
Loss = 1.8974e-03, PNorm = 53.2741, GNorm = 1.0331, lr_0 = 3.6963e-04
Loss = 1.8687e-03, PNorm = 53.2872, GNorm = 0.7663, lr_0 = 3.6741e-04
Loss = 2.4009e-03, PNorm = 53.3031, GNorm = 0.5655, lr_0 = 3.6520e-04
Validation rmse = 0.003264
Epoch 45
Loss = 1.2661e-03, PNorm = 53.3140, GNorm = 0.6992, lr_0 = 3.6301e-04
Loss = 1.7590e-03, PNorm = 53.3278, GNorm = 1.0952, lr_0 = 3.6083e-04
Loss = 1.9207e-03, PNorm = 53.3405, GNorm = 1.1396, lr_0 = 3.5866e-04
Loss = 1.5822e-03, PNorm = 53.3493, GNorm = 1.0902, lr_0 = 3.5651e-04
Validation rmse = 0.003224
Epoch 46
Loss = 1.5329e-03, PNorm = 53.3612, GNorm = 0.7081, lr_0 = 3.5436e-04
Loss = 1.4871e-03, PNorm = 53.3726, GNorm = 0.7087, lr_0 = 3.5224e-04
Loss = 2.0677e-03, PNorm = 53.3832, GNorm = 1.3163, lr_0 = 3.5012e-04
Loss = 2.0495e-03, PNorm = 53.3956, GNorm = 1.0883, lr_0 = 3.4802e-04
Validation rmse = 0.003231
Epoch 47
Loss = 2.0015e-03, PNorm = 53.4070, GNorm = 0.8035, lr_0 = 3.4593e-04
Loss = 1.4779e-03, PNorm = 53.4195, GNorm = 0.9292, lr_0 = 3.4385e-04
Loss = 1.7831e-03, PNorm = 53.4312, GNorm = 0.7139, lr_0 = 3.4178e-04
Loss = 1.8745e-03, PNorm = 53.4445, GNorm = 1.0803, lr_0 = 3.3973e-04
Validation rmse = 0.003305
Epoch 48
Loss = 1.7165e-03, PNorm = 53.4581, GNorm = 0.5574, lr_0 = 3.3769e-04
Loss = 1.7187e-03, PNorm = 53.4704, GNorm = 0.7502, lr_0 = 3.3566e-04
Loss = 1.5400e-03, PNorm = 53.4791, GNorm = 1.2676, lr_0 = 3.3365e-04
Loss = 1.5748e-03, PNorm = 53.4879, GNorm = 0.6648, lr_0 = 3.3164e-04
Validation rmse = 0.003210
Epoch 49
Loss = 1.6224e-03, PNorm = 53.4946, GNorm = 1.0617, lr_0 = 3.2965e-04
Loss = 1.3677e-03, PNorm = 53.5035, GNorm = 0.9585, lr_0 = 3.2767e-04
Loss = 1.5212e-03, PNorm = 53.5134, GNorm = 0.4437, lr_0 = 3.2570e-04
Loss = 1.8648e-03, PNorm = 53.5254, GNorm = 0.9678, lr_0 = 3.2375e-04
Validation rmse = 0.003284
Epoch 50
Loss = 1.4747e-03, PNorm = 53.5379, GNorm = 0.9781, lr_0 = 3.2180e-04
Loss = 1.5572e-03, PNorm = 53.5488, GNorm = 0.7269, lr_0 = 3.1987e-04
Loss = 1.6680e-03, PNorm = 53.5554, GNorm = 0.8580, lr_0 = 3.1795e-04
Validation rmse = 0.003229
Epoch 51
Loss = 1.0139e-03, PNorm = 53.5615, GNorm = 0.8265, lr_0 = 3.1604e-04
Loss = 1.4424e-03, PNorm = 53.5697, GNorm = 0.3938, lr_0 = 3.1414e-04
Loss = 1.9343e-03, PNorm = 53.5818, GNorm = 1.2190, lr_0 = 3.1225e-04
Loss = 1.3233e-03, PNorm = 53.5919, GNorm = 0.5714, lr_0 = 3.1038e-04
Validation rmse = 0.003286
Epoch 52
Loss = 1.1738e-03, PNorm = 53.6009, GNorm = 1.2991, lr_0 = 3.0851e-04
Loss = 1.4803e-03, PNorm = 53.6082, GNorm = 0.8675, lr_0 = 3.0666e-04
Loss = 1.5358e-03, PNorm = 53.6177, GNorm = 0.8696, lr_0 = 3.0482e-04
Loss = 1.3355e-03, PNorm = 53.6281, GNorm = 0.6770, lr_0 = 3.0299e-04
Validation rmse = 0.003256
Epoch 53
Loss = 2.2264e-03, PNorm = 53.6388, GNorm = 0.7269, lr_0 = 3.0117e-04
Loss = 1.3058e-03, PNorm = 53.6492, GNorm = 0.9172, lr_0 = 2.9936e-04
Loss = 1.0795e-03, PNorm = 53.6589, GNorm = 1.0980, lr_0 = 2.9756e-04
Loss = 1.5031e-03, PNorm = 53.6646, GNorm = 1.3586, lr_0 = 2.9577e-04
Validation rmse = 0.003200
Epoch 54
Loss = 1.5756e-03, PNorm = 53.6735, GNorm = 1.4684, lr_0 = 2.9400e-04
Loss = 1.3910e-03, PNorm = 53.6825, GNorm = 1.0741, lr_0 = 2.9223e-04
Loss = 1.4452e-03, PNorm = 53.6911, GNorm = 0.6589, lr_0 = 2.9047e-04
Loss = 1.1645e-03, PNorm = 53.6987, GNorm = 1.0276, lr_0 = 2.8873e-04
Validation rmse = 0.003205
Epoch 55
Loss = 1.1483e-03, PNorm = 53.7061, GNorm = 1.1319, lr_0 = 2.8700e-04
Loss = 1.3662e-03, PNorm = 53.7107, GNorm = 0.6298, lr_0 = 2.8527e-04
Loss = 1.3022e-03, PNorm = 53.7185, GNorm = 0.8487, lr_0 = 2.8356e-04
Loss = 1.6278e-03, PNorm = 53.7274, GNorm = 0.7677, lr_0 = 2.8186e-04
Validation rmse = 0.003254
Epoch 56
Loss = 1.4481e-03, PNorm = 53.7363, GNorm = 0.6264, lr_0 = 2.8016e-04
Loss = 1.1553e-03, PNorm = 53.7444, GNorm = 0.5747, lr_0 = 2.7848e-04
Loss = 1.2905e-03, PNorm = 53.7527, GNorm = 0.9056, lr_0 = 2.7681e-04
Loss = 1.4619e-03, PNorm = 53.7572, GNorm = 0.6883, lr_0 = 2.7514e-04
Validation rmse = 0.003246
Epoch 57
Loss = 1.1408e-03, PNorm = 53.7630, GNorm = 0.5243, lr_0 = 2.7349e-04
Loss = 1.1967e-03, PNorm = 53.7738, GNorm = 0.5255, lr_0 = 2.7185e-04
Loss = 1.2784e-03, PNorm = 53.7837, GNorm = 1.0576, lr_0 = 2.7022e-04
Loss = 1.3170e-03, PNorm = 53.7930, GNorm = 0.5831, lr_0 = 2.6859e-04
Validation rmse = 0.003288
Epoch 58
Loss = 1.2751e-03, PNorm = 53.7979, GNorm = 0.9381, lr_0 = 2.6698e-04
Loss = 1.4334e-03, PNorm = 53.8023, GNorm = 0.6590, lr_0 = 2.6538e-04
Loss = 1.1961e-03, PNorm = 53.8100, GNorm = 0.9829, lr_0 = 2.6378e-04
Loss = 1.3074e-03, PNorm = 53.8164, GNorm = 0.7343, lr_0 = 2.6220e-04
Validation rmse = 0.003260
Epoch 59
Loss = 1.4283e-03, PNorm = 53.8243, GNorm = 0.5990, lr_0 = 2.6062e-04
Loss = 1.1549e-03, PNorm = 53.8288, GNorm = 0.5943, lr_0 = 2.5906e-04
Loss = 1.3584e-03, PNorm = 53.8351, GNorm = 0.5069, lr_0 = 2.5750e-04
Loss = 1.2155e-03, PNorm = 53.8405, GNorm = 0.7343, lr_0 = 2.5595e-04
Validation rmse = 0.003228
Epoch 60
Loss = 1.4833e-03, PNorm = 53.8453, GNorm = 0.8004, lr_0 = 2.5442e-04
Loss = 1.1977e-03, PNorm = 53.8501, GNorm = 0.5225, lr_0 = 2.5289e-04
Loss = 1.1708e-03, PNorm = 53.8581, GNorm = 1.1211, lr_0 = 2.5137e-04
Validation rmse = 0.003241
Epoch 61
Loss = 8.7018e-04, PNorm = 53.8693, GNorm = 0.6220, lr_0 = 2.4986e-04
Loss = 1.2747e-03, PNorm = 53.8801, GNorm = 0.8565, lr_0 = 2.4836e-04
Loss = 1.3990e-03, PNorm = 53.8892, GNorm = 0.8027, lr_0 = 2.4687e-04
Loss = 1.0803e-03, PNorm = 53.8935, GNorm = 1.3079, lr_0 = 2.4539e-04
Validation rmse = 0.003305
Epoch 62
Loss = 1.3239e-03, PNorm = 53.9010, GNorm = 1.0929, lr_0 = 2.4391e-04
Loss = 1.2060e-03, PNorm = 53.9090, GNorm = 0.4706, lr_0 = 2.4245e-04
Loss = 1.1680e-03, PNorm = 53.9172, GNorm = 0.6306, lr_0 = 2.4099e-04
Loss = 1.1647e-03, PNorm = 53.9231, GNorm = 0.4293, lr_0 = 2.3954e-04
Validation rmse = 0.003258
Epoch 63
Loss = 9.2838e-04, PNorm = 53.9289, GNorm = 0.5699, lr_0 = 2.3810e-04
Loss = 1.1338e-03, PNorm = 53.9346, GNorm = 0.9732, lr_0 = 2.3667e-04
Loss = 1.3948e-03, PNorm = 53.9396, GNorm = 0.4773, lr_0 = 2.3525e-04
Loss = 1.1489e-03, PNorm = 53.9437, GNorm = 1.0438, lr_0 = 2.3384e-04
Validation rmse = 0.003247
Epoch 64
Loss = 1.2104e-03, PNorm = 53.9530, GNorm = 0.9707, lr_0 = 2.3243e-04
Loss = 8.8334e-04, PNorm = 53.9606, GNorm = 0.7576, lr_0 = 2.3104e-04
Loss = 1.5096e-03, PNorm = 53.9684, GNorm = 0.4987, lr_0 = 2.2965e-04
Loss = 1.0411e-03, PNorm = 53.9737, GNorm = 0.4064, lr_0 = 2.2827e-04
Validation rmse = 0.003266
Epoch 65
Loss = 9.2024e-04, PNorm = 53.9782, GNorm = 0.5828, lr_0 = 2.2690e-04
Loss = 9.7706e-04, PNorm = 53.9834, GNorm = 1.1645, lr_0 = 2.2554e-04
Loss = 1.5534e-03, PNorm = 53.9902, GNorm = 0.5346, lr_0 = 2.2418e-04
Loss = 1.2796e-03, PNorm = 53.9976, GNorm = 0.7931, lr_0 = 2.2284e-04
Validation rmse = 0.003336
Epoch 66
Loss = 9.3338e-04, PNorm = 54.0044, GNorm = 0.5436, lr_0 = 2.2150e-04
Loss = 1.3332e-03, PNorm = 54.0127, GNorm = 0.9568, lr_0 = 2.2017e-04
Loss = 9.2680e-04, PNorm = 54.0187, GNorm = 0.8067, lr_0 = 2.1884e-04
Loss = 9.6174e-04, PNorm = 54.0252, GNorm = 0.7402, lr_0 = 2.1753e-04
Validation rmse = 0.003250
Epoch 67
Loss = 8.3915e-04, PNorm = 54.0326, GNorm = 0.5850, lr_0 = 2.1622e-04
Loss = 1.0794e-03, PNorm = 54.0361, GNorm = 0.4622, lr_0 = 2.1492e-04
Loss = 9.9072e-04, PNorm = 54.0385, GNorm = 0.6490, lr_0 = 2.1363e-04
Loss = 1.0158e-03, PNorm = 54.0425, GNorm = 0.7379, lr_0 = 2.1235e-04
Validation rmse = 0.003301
Epoch 68
Loss = 1.1308e-03, PNorm = 54.0478, GNorm = 0.5982, lr_0 = 2.1108e-04
Loss = 1.0799e-03, PNorm = 54.0537, GNorm = 0.8383, lr_0 = 2.0981e-04
Loss = 1.1237e-03, PNorm = 54.0572, GNorm = 0.9304, lr_0 = 2.0855e-04
Loss = 9.3320e-04, PNorm = 54.0617, GNorm = 0.5501, lr_0 = 2.0729e-04
Validation rmse = 0.003309
Epoch 69
Loss = 9.5469e-04, PNorm = 54.0687, GNorm = 0.6134, lr_0 = 2.0605e-04
Loss = 8.2943e-04, PNorm = 54.0737, GNorm = 0.7885, lr_0 = 2.0481e-04
Loss = 1.2778e-03, PNorm = 54.0794, GNorm = 0.6391, lr_0 = 2.0358e-04
Loss = 1.0977e-03, PNorm = 54.0866, GNorm = 0.5534, lr_0 = 2.0236e-04
Validation rmse = 0.003320
Epoch 70
Loss = 9.3053e-04, PNorm = 54.0886, GNorm = 0.4632, lr_0 = 2.0114e-04
Loss = 8.7204e-04, PNorm = 54.0922, GNorm = 0.4260, lr_0 = 1.9994e-04
Loss = 9.1801e-04, PNorm = 54.0961, GNorm = 0.4881, lr_0 = 1.9873e-04
Validation rmse = 0.003316
Epoch 71
Loss = 1.6186e-03, PNorm = 54.0997, GNorm = 1.0504, lr_0 = 1.9754e-04
Loss = 1.1134e-03, PNorm = 54.1037, GNorm = 0.5794, lr_0 = 1.9635e-04
Loss = 9.7068e-04, PNorm = 54.1094, GNorm = 0.4452, lr_0 = 1.9517e-04
Loss = 9.1845e-04, PNorm = 54.1143, GNorm = 0.3742, lr_0 = 1.9400e-04
Validation rmse = 0.003276
Epoch 72
Loss = 8.0781e-04, PNorm = 54.1180, GNorm = 0.8125, lr_0 = 1.9284e-04
Loss = 1.0456e-03, PNorm = 54.1220, GNorm = 0.5038, lr_0 = 1.9168e-04
Loss = 9.1335e-04, PNorm = 54.1278, GNorm = 0.5402, lr_0 = 1.9053e-04
Loss = 8.9935e-04, PNorm = 54.1315, GNorm = 1.0676, lr_0 = 1.8938e-04
Validation rmse = 0.003277
Epoch 73
Loss = 9.4417e-04, PNorm = 54.1340, GNorm = 0.8122, lr_0 = 1.8825e-04
Loss = 8.9202e-04, PNorm = 54.1385, GNorm = 0.3809, lr_0 = 1.8712e-04
Loss = 1.0324e-03, PNorm = 54.1421, GNorm = 0.4876, lr_0 = 1.8599e-04
Loss = 1.1811e-03, PNorm = 54.1489, GNorm = 0.6166, lr_0 = 1.8487e-04
Validation rmse = 0.003337
Epoch 74
Loss = 8.2555e-04, PNorm = 54.1531, GNorm = 0.5042, lr_0 = 1.8376e-04
Loss = 1.0729e-03, PNorm = 54.1577, GNorm = 0.3389, lr_0 = 1.8266e-04
Loss = 9.6976e-04, PNorm = 54.1629, GNorm = 0.8687, lr_0 = 1.8156e-04
Loss = 1.0491e-03, PNorm = 54.1675, GNorm = 0.5599, lr_0 = 1.8047e-04
Validation rmse = 0.003285
Epoch 75
Loss = 7.9489e-04, PNorm = 54.1710, GNorm = 0.3488, lr_0 = 1.7939e-04
Loss = 8.0820e-04, PNorm = 54.1740, GNorm = 0.6642, lr_0 = 1.7831e-04
Loss = 1.0374e-03, PNorm = 54.1802, GNorm = 0.7132, lr_0 = 1.7724e-04
Loss = 1.1739e-03, PNorm = 54.1856, GNorm = 0.6197, lr_0 = 1.7618e-04
Validation rmse = 0.003311
Epoch 76
Loss = 9.1419e-04, PNorm = 54.1886, GNorm = 0.7122, lr_0 = 1.7512e-04
Loss = 8.2063e-04, PNorm = 54.1915, GNorm = 0.4402, lr_0 = 1.7407e-04
Loss = 1.2016e-03, PNorm = 54.1973, GNorm = 0.9182, lr_0 = 1.7302e-04
Loss = 8.8758e-04, PNorm = 54.2040, GNorm = 0.5419, lr_0 = 1.7198e-04
Validation rmse = 0.003281
Epoch 77
Loss = 8.1901e-04, PNorm = 54.2079, GNorm = 0.5120, lr_0 = 1.7095e-04
Loss = 9.8427e-04, PNorm = 54.2102, GNorm = 0.7372, lr_0 = 1.6992e-04
Loss = 8.7400e-04, PNorm = 54.2128, GNorm = 0.6461, lr_0 = 1.6890e-04
Loss = 8.2511e-04, PNorm = 54.2170, GNorm = 0.3937, lr_0 = 1.6789e-04
Validation rmse = 0.003293
Epoch 78
Loss = 9.7375e-04, PNorm = 54.2187, GNorm = 0.6778, lr_0 = 1.6688e-04
Loss = 7.4865e-04, PNorm = 54.2213, GNorm = 0.5037, lr_0 = 1.6587e-04
Loss = 8.8019e-04, PNorm = 54.2259, GNorm = 0.4485, lr_0 = 1.6488e-04
Loss = 1.0824e-03, PNorm = 54.2302, GNorm = 1.2030, lr_0 = 1.6389e-04
Validation rmse = 0.003284
Epoch 79
Loss = 8.3579e-04, PNorm = 54.2363, GNorm = 0.3290, lr_0 = 1.6290e-04
Loss = 1.0954e-03, PNorm = 54.2410, GNorm = 0.7006, lr_0 = 1.6193e-04
Loss = 8.4370e-04, PNorm = 54.2441, GNorm = 0.4058, lr_0 = 1.6095e-04
Loss = 8.9865e-04, PNorm = 54.2475, GNorm = 0.5174, lr_0 = 1.5999e-04
Validation rmse = 0.003285
Epoch 80
Loss = 8.2355e-04, PNorm = 54.2518, GNorm = 0.6584, lr_0 = 1.5902e-04
Loss = 6.8961e-04, PNorm = 54.2548, GNorm = 0.3941, lr_0 = 1.5807e-04
Loss = 1.0748e-03, PNorm = 54.2582, GNorm = 0.8160, lr_0 = 1.5712e-04
Validation rmse = 0.003294
Epoch 81
Loss = 1.5534e-03, PNorm = 54.2607, GNorm = 0.5835, lr_0 = 1.5618e-04
Loss = 7.5083e-04, PNorm = 54.2663, GNorm = 0.4051, lr_0 = 1.5524e-04
Loss = 7.1266e-04, PNorm = 54.2692, GNorm = 0.6908, lr_0 = 1.5431e-04
Loss = 8.8603e-04, PNorm = 54.2729, GNorm = 0.4429, lr_0 = 1.5338e-04
Validation rmse = 0.003303
Epoch 82
Loss = 4.0705e-04, PNorm = 54.2772, GNorm = 0.3450, lr_0 = 1.5246e-04
Loss = 7.4258e-04, PNorm = 54.2794, GNorm = 0.5666, lr_0 = 1.5154e-04
Loss = 1.1702e-03, PNorm = 54.2859, GNorm = 0.6161, lr_0 = 1.5063e-04
Loss = 8.6164e-04, PNorm = 54.2906, GNorm = 0.9323, lr_0 = 1.4973e-04
Validation rmse = 0.003302
Epoch 83
Loss = 1.0057e-03, PNorm = 54.2954, GNorm = 0.3685, lr_0 = 1.4883e-04
Loss = 8.8594e-04, PNorm = 54.2979, GNorm = 0.5596, lr_0 = 1.4793e-04
Loss = 7.7612e-04, PNorm = 54.3005, GNorm = 0.6200, lr_0 = 1.4705e-04
Loss = 8.6765e-04, PNorm = 54.3027, GNorm = 0.4420, lr_0 = 1.4616e-04
Validation rmse = 0.003314
Epoch 84
Loss = 7.2379e-04, PNorm = 54.3059, GNorm = 0.4292, lr_0 = 1.4528e-04
Loss = 1.0288e-03, PNorm = 54.3085, GNorm = 0.6879, lr_0 = 1.4441e-04
Loss = 6.8376e-04, PNorm = 54.3123, GNorm = 0.2867, lr_0 = 1.4354e-04
Loss = 7.4421e-04, PNorm = 54.3155, GNorm = 0.5662, lr_0 = 1.4268e-04
Validation rmse = 0.003302
Epoch 85
Loss = 1.1018e-03, PNorm = 54.3197, GNorm = 0.4714, lr_0 = 1.4183e-04
Loss = 8.3536e-04, PNorm = 54.3247, GNorm = 1.2029, lr_0 = 1.4097e-04
Loss = 7.6788e-04, PNorm = 54.3286, GNorm = 0.9311, lr_0 = 1.4013e-04
Loss = 8.8041e-04, PNorm = 54.3315, GNorm = 1.2496, lr_0 = 1.3928e-04
Validation rmse = 0.003306
Epoch 86
Loss = 6.2329e-04, PNorm = 54.3358, GNorm = 0.5341, lr_0 = 1.3845e-04
Loss = 7.5091e-04, PNorm = 54.3372, GNorm = 0.7254, lr_0 = 1.3762e-04
Loss = 8.3390e-04, PNorm = 54.3380, GNorm = 0.6090, lr_0 = 1.3679e-04
Loss = 7.8359e-04, PNorm = 54.3402, GNorm = 0.3637, lr_0 = 1.3597e-04
Validation rmse = 0.003298
Epoch 87
Loss = 7.0781e-04, PNorm = 54.3440, GNorm = 0.3795, lr_0 = 1.3515e-04
Loss = 8.8782e-04, PNorm = 54.3456, GNorm = 0.4817, lr_0 = 1.3434e-04
Loss = 9.2131e-04, PNorm = 54.3493, GNorm = 0.6140, lr_0 = 1.3353e-04
Loss = 8.1502e-04, PNorm = 54.3515, GNorm = 0.5631, lr_0 = 1.3273e-04
Validation rmse = 0.003292
Epoch 88
Loss = 8.7439e-04, PNorm = 54.3540, GNorm = 0.6756, lr_0 = 1.3193e-04
Loss = 8.4944e-04, PNorm = 54.3586, GNorm = 0.5469, lr_0 = 1.3114e-04
Loss = 8.7744e-04, PNorm = 54.3626, GNorm = 0.5363, lr_0 = 1.3035e-04
Loss = 6.7533e-04, PNorm = 54.3645, GNorm = 0.5649, lr_0 = 1.2957e-04
Validation rmse = 0.003324
Epoch 89
Loss = 8.0176e-04, PNorm = 54.3675, GNorm = 0.7261, lr_0 = 1.2879e-04
Loss = 9.3370e-04, PNorm = 54.3702, GNorm = 0.4002, lr_0 = 1.2802e-04
Loss = 6.7544e-04, PNorm = 54.3721, GNorm = 0.6534, lr_0 = 1.2725e-04
Loss = 8.3753e-04, PNorm = 54.3768, GNorm = 0.6744, lr_0 = 1.2649e-04
Validation rmse = 0.003315
Epoch 90
Loss = 6.5205e-04, PNorm = 54.3797, GNorm = 0.3812, lr_0 = 1.2573e-04
Loss = 8.1329e-04, PNorm = 54.3826, GNorm = 0.3823, lr_0 = 1.2497e-04
Loss = 8.9602e-04, PNorm = 54.3865, GNorm = 0.5328, lr_0 = 1.2422e-04
Validation rmse = 0.003344
Epoch 91
Loss = 6.0240e-04, PNorm = 54.3897, GNorm = 0.4692, lr_0 = 1.2347e-04
Loss = 7.9024e-04, PNorm = 54.3940, GNorm = 0.6687, lr_0 = 1.2273e-04
Loss = 7.7758e-04, PNorm = 54.3975, GNorm = 0.4798, lr_0 = 1.2200e-04
Loss = 7.3084e-04, PNorm = 54.3989, GNorm = 0.4199, lr_0 = 1.2126e-04
Validation rmse = 0.003357
Epoch 92
Loss = 9.4434e-04, PNorm = 54.4011, GNorm = 1.1417, lr_0 = 1.2053e-04
Loss = 7.5985e-04, PNorm = 54.4036, GNorm = 0.4267, lr_0 = 1.1981e-04
Loss = 7.7031e-04, PNorm = 54.4046, GNorm = 1.3758, lr_0 = 1.1909e-04
Loss = 8.0198e-04, PNorm = 54.4047, GNorm = 0.5826, lr_0 = 1.1838e-04
Validation rmse = 0.003335
Epoch 93
Loss = 7.8562e-04, PNorm = 54.4064, GNorm = 0.5097, lr_0 = 1.1766e-04
Loss = 7.6585e-04, PNorm = 54.4089, GNorm = 0.4365, lr_0 = 1.1696e-04
Loss = 6.6784e-04, PNorm = 54.4109, GNorm = 0.4227, lr_0 = 1.1625e-04
Loss = 6.9138e-04, PNorm = 54.4125, GNorm = 0.3554, lr_0 = 1.1556e-04
Validation rmse = 0.003278
Epoch 94
Loss = 1.0164e-03, PNorm = 54.4150, GNorm = 0.7201, lr_0 = 1.1486e-04
Loss = 7.8862e-04, PNorm = 54.4196, GNorm = 0.4071, lr_0 = 1.1417e-04
Loss = 5.2673e-04, PNorm = 54.4226, GNorm = 0.7322, lr_0 = 1.1349e-04
Loss = 6.5988e-04, PNorm = 54.4245, GNorm = 0.4227, lr_0 = 1.1281e-04
Validation rmse = 0.003287
Epoch 95
Loss = 8.2436e-04, PNorm = 54.4284, GNorm = 0.6282, lr_0 = 1.1213e-04
Loss = 7.0677e-04, PNorm = 54.4321, GNorm = 0.5984, lr_0 = 1.1145e-04
Loss = 6.7874e-04, PNorm = 54.4344, GNorm = 0.3728, lr_0 = 1.1078e-04
Loss = 7.7802e-04, PNorm = 54.4370, GNorm = 0.3861, lr_0 = 1.1012e-04
Validation rmse = 0.003331
Epoch 96
Loss = 6.9116e-04, PNorm = 54.4398, GNorm = 0.3881, lr_0 = 1.0946e-04
Loss = 7.1697e-04, PNorm = 54.4435, GNorm = 0.6247, lr_0 = 1.0880e-04
Loss = 8.1900e-04, PNorm = 54.4462, GNorm = 0.4536, lr_0 = 1.0815e-04
Loss = 8.6476e-04, PNorm = 54.4478, GNorm = 0.6814, lr_0 = 1.0750e-04
Validation rmse = 0.003284
Epoch 97
Loss = 7.3186e-04, PNorm = 54.4495, GNorm = 0.8217, lr_0 = 1.0685e-04
Loss = 6.1297e-04, PNorm = 54.4507, GNorm = 0.3639, lr_0 = 1.0621e-04
Loss = 6.9157e-04, PNorm = 54.4517, GNorm = 0.4987, lr_0 = 1.0557e-04
Loss = 8.0023e-04, PNorm = 54.4546, GNorm = 0.5682, lr_0 = 1.0494e-04
Validation rmse = 0.003287
Epoch 98
Loss = 5.6035e-04, PNorm = 54.4564, GNorm = 0.7122, lr_0 = 1.0431e-04
Loss = 7.3123e-04, PNorm = 54.4587, GNorm = 0.7680, lr_0 = 1.0368e-04
Loss = 6.0772e-04, PNorm = 54.4605, GNorm = 0.4139, lr_0 = 1.0306e-04
Loss = 7.2174e-04, PNorm = 54.4637, GNorm = 0.3867, lr_0 = 1.0244e-04
Validation rmse = 0.003302
Epoch 99
Loss = 6.4677e-04, PNorm = 54.4657, GNorm = 0.4433, lr_0 = 1.0182e-04
Loss = 6.3574e-04, PNorm = 54.4676, GNorm = 0.4300, lr_0 = 1.0121e-04
Loss = 7.3126e-04, PNorm = 54.4695, GNorm = 0.7326, lr_0 = 1.0060e-04
Loss = 8.6545e-04, PNorm = 54.4724, GNorm = 0.6547, lr_0 = 1.0000e-04
Validation rmse = 0.003299
Model 0 best validation rmse = 0.003120 on epoch 24
Loading pretrained parameter "encoder.encoder_solute.cached_zero_vector".
Loading pretrained parameter "encoder.encoder_solute.W_i.weight".
Loading pretrained parameter "encoder.encoder_solute.W_h.weight".
Loading pretrained parameter "encoder.encoder_solute.W_o.weight".
Loading pretrained parameter "encoder.encoder_solute.W_o.bias".
Loading pretrained parameter "encoder.encoder_solvent.cached_zero_vector".
Loading pretrained parameter "encoder.encoder_solvent.W_i.weight".
Loading pretrained parameter "encoder.encoder_solvent.W_h.weight".
Loading pretrained parameter "encoder.encoder_solvent.W_o.weight".
Loading pretrained parameter "encoder.encoder_solvent.W_o.bias".
Loading pretrained parameter "ffn.1.weight".
Loading pretrained parameter "ffn.1.bias".
Loading pretrained parameter "ffn.4.weight".
Loading pretrained parameter "ffn.4.bias".
Loading pretrained parameter "ffn.7.weight".
Loading pretrained parameter "ffn.7.bias".
Model 0 test rmse = 0.003018
Ensemble test rmse = 0.003018
1-fold cross validation
Seed 0 ==> test rmse = 0.003018
Overall test rmse = 0.003018 +/- 0.000000
